ERROR - 2025-02-09 00:00:04 --> [ERROR] Undefined variable $data FCPATH/plugins/Accounting/index.php:243
ERROR - 2025-02-09 00:00:09 --> [ERROR] Undefined variable $data FCPATH/plugins/Accounting/index.php:243
ERROR - 2025-02-09 00:06:03 --> [ERROR] Undefined variable $data FCPATH/plugins/Accounting/index.php:243
ERROR - 2025-02-09 00:06:06 --> [ERROR] Undefined variable $data FCPATH/plugins/Accounting/index.php:243
ERROR - 2025-02-09 00:12:03 --> [ERROR] Undefined variable $data FCPATH/plugins/Accounting/index.php:243
ERROR - 2025-02-09 00:12:07 --> [ERROR] Undefined variable $data FCPATH/plugins/Accounting/index.php:243
ERROR - 2025-02-09 00:18:03 --> [ERROR] Undefined variable $data FCPATH/plugins/Accounting/index.php:243
ERROR - 2025-02-09 00:18:06 --> [ERROR] Undefined variable $data FCPATH/plugins/Accounting/index.php:243
ERROR - 2025-02-09 00:24:03 --> [ERROR] Undefined variable $data FCPATH/plugins/Accounting/index.php:243
ERROR - 2025-02-09 00:24:07 --> [ERROR] Undefined variable $data FCPATH/plugins/Accounting/index.php:243
ERROR - 2025-02-09 00:29:04 --> [ERROR] Undefined variable $data FCPATH/plugins/Accounting/index.php:243
ERROR - 2025-02-09 00:29:07 --> [ERROR] Undefined variable $data FCPATH/plugins/Accounting/index.php:243
ERROR - 2025-02-09 00:35:03 --> [ERROR] Undefined variable $data FCPATH/plugins/Accounting/index.php:243
ERROR - 2025-02-09 00:35:07 --> [ERROR] Undefined variable $data FCPATH/plugins/Accounting/index.php:269
ERROR - 2025-02-09 00:35:08 --> [ERROR] Undefined variable $data FCPATH/plugins/Accounting/index.php:243
ERROR - 2025-02-09 00:41:03 --> [ERROR] Undefined variable $data FCPATH/plugins/Accounting/index.php:243
ERROR - 2025-02-09 00:41:07 --> [ERROR] Undefined variable $data FCPATH/plugins/Accounting/index.php:243
ERROR - 2025-02-09 00:47:03 --> [ERROR] Undefined variable $data FCPATH/plugins/Accounting/index.php:243
ERROR - 2025-02-09 00:47:07 --> [ERROR] Undefined variable $data FCPATH/plugins/Accounting/index.php:243
ERROR - 2025-02-09 00:53:03 --> [ERROR] Undefined variable $data FCPATH/plugins/Accounting/index.php:243
ERROR - 2025-02-09 00:53:07 --> [ERROR] Undefined variable $data FCPATH/plugins/Accounting/index.php:243
ERROR - 2025-02-09 00:59:04 --> [ERROR] Undefined variable $data FCPATH/plugins/Accounting/index.php:243
ERROR - 2025-02-09 00:59:07 --> [ERROR] Undefined variable $data FCPATH/plugins/Accounting/index.php:269
ERROR - 2025-02-09 00:59:08 --> [ERROR] Undefined variable $data FCPATH/plugins/Accounting/index.php:243
ERROR - 2025-02-09 01:05:03 --> [ERROR] Undefined variable $data FCPATH/plugins/Accounting/index.php:243
ERROR - 2025-02-09 01:05:06 --> [ERROR] Undefined variable $data FCPATH/plugins/Accounting/index.php:243
ERROR - 2025-02-09 01:11:03 --> [ERROR] Undefined variable $data FCPATH/plugins/Accounting/index.php:243
ERROR - 2025-02-09 01:11:06 --> [ERROR] Undefined variable $data FCPATH/plugins/Accounting/index.php:243
ERROR - 2025-02-09 01:17:04 --> [ERROR] Undefined variable $data FCPATH/plugins/Accounting/index.php:243
ERROR - 2025-02-09 01:17:07 --> [ERROR] Undefined variable $data FCPATH/plugins/Accounting/index.php:243
ERROR - 2025-02-09 01:23:03 --> [ERROR] Undefined variable $data FCPATH/plugins/Accounting/index.php:243
ERROR - 2025-02-09 01:23:07 --> [ERROR] Undefined variable $data FCPATH/plugins/Accounting/index.php:243
ERROR - 2025-02-09 01:28:04 --> [ERROR] Undefined variable $data FCPATH/plugins/Accounting/index.php:243
ERROR - 2025-02-09 01:28:08 --> [ERROR] Undefined variable $data FCPATH/plugins/Accounting/index.php:243
ERROR - 2025-02-09 01:34:03 --> [ERROR] Undefined variable $data FCPATH/plugins/Accounting/index.php:243
ERROR - 2025-02-09 01:34:06 --> [ERROR] Undefined variable $data FCPATH/plugins/Accounting/index.php:243
ERROR - 2025-02-09 01:40:03 --> [ERROR] Undefined variable $data FCPATH/plugins/Accounting/index.php:243
ERROR - 2025-02-09 01:40:06 --> [ERROR] Undefined variable $data FCPATH/plugins/Accounting/index.php:243
ERROR - 2025-02-09 01:46:03 --> [ERROR] Undefined variable $data FCPATH/plugins/Accounting/index.php:243
ERROR - 2025-02-09 01:46:07 --> [ERROR] Undefined variable $data FCPATH/plugins/Accounting/index.php:243
ERROR - 2025-02-09 01:52:05 --> [ERROR] Undefined variable $data FCPATH/plugins/Accounting/index.php:243
ERROR - 2025-02-09 01:52:09 --> [ERROR] Undefined variable $data FCPATH/plugins/Accounting/index.php:243
ERROR - 2025-02-09 01:58:03 --> [ERROR] Undefined variable $data FCPATH/plugins/Accounting/index.php:243
ERROR - 2025-02-09 01:58:07 --> [ERROR] Undefined variable $data FCPATH/plugins/Accounting/index.php:243
ERROR - 2025-02-09 02:04:04 --> [ERROR] Undefined variable $data FCPATH/plugins/Accounting/index.php:243
ERROR - 2025-02-09 02:04:07 --> [ERROR] Undefined variable $data FCPATH/plugins/Accounting/index.php:269
ERROR - 2025-02-09 02:04:08 --> [ERROR] Undefined variable $data FCPATH/plugins/Accounting/index.php:243
ERROR - 2025-02-09 02:10:02 --> [ERROR] Undefined variable $data FCPATH/plugins/Accounting/index.php:243
ERROR - 2025-02-09 02:10:05 --> [ERROR] Undefined variable $data FCPATH/plugins/Accounting/index.php:243
ERROR - 2025-02-09 02:16:04 --> [ERROR] Undefined variable $data FCPATH/plugins/Accounting/index.php:243
ERROR - 2025-02-09 02:16:09 --> [ERROR] Undefined variable $data FCPATH/plugins/Accounting/index.php:243
ERROR - 2025-02-09 02:22:04 --> [ERROR] Undefined variable $data FCPATH/plugins/Accounting/index.php:243
ERROR - 2025-02-09 02:22:08 --> [ERROR] Undefined variable $data FCPATH/plugins/Accounting/index.php:243
ERROR - 2025-02-09 02:28:03 --> [ERROR] Undefined variable $data FCPATH/plugins/Accounting/index.php:243
ERROR - 2025-02-09 02:28:06 --> [ERROR] Undefined variable $data FCPATH/plugins/Accounting/index.php:243
ERROR - 2025-02-09 02:33:03 --> [ERROR] Undefined variable $data FCPATH/plugins/Accounting/index.php:243
ERROR - 2025-02-09 02:33:07 --> [ERROR] Undefined variable $data FCPATH/plugins/Accounting/index.php:243
ERROR - 2025-02-09 02:39:03 --> [ERROR] Undefined variable $data FCPATH/plugins/Accounting/index.php:243
ERROR - 2025-02-09 02:39:06 --> [ERROR] Undefined variable $data FCPATH/plugins/Accounting/index.php:243
ERROR - 2025-02-09 02:45:03 --> [ERROR] Undefined variable $data FCPATH/plugins/Accounting/index.php:243
ERROR - 2025-02-09 02:45:07 --> [ERROR] Undefined variable $data FCPATH/plugins/Accounting/index.php:243
ERROR - 2025-02-09 02:51:03 --> [ERROR] Undefined variable $data FCPATH/plugins/Accounting/index.php:243
ERROR - 2025-02-09 02:51:07 --> [ERROR] Undefined variable $data FCPATH/plugins/Accounting/index.php:243
ERROR - 2025-02-09 02:57:03 --> [ERROR] Undefined variable $data FCPATH/plugins/Accounting/index.php:243
ERROR - 2025-02-09 02:57:07 --> [ERROR] Undefined variable $data FCPATH/plugins/Accounting/index.php:243
ERROR - 2025-02-09 03:02:04 --> [ERROR] Undefined variable $data FCPATH/plugins/Accounting/index.php:243
ERROR - 2025-02-09 03:02:08 --> [ERROR] Undefined variable $data FCPATH/plugins/Accounting/index.php:243
ERROR - 2025-02-09 03:08:03 --> [ERROR] Undefined variable $data FCPATH/plugins/Accounting/index.php:243
ERROR - 2025-02-09 03:08:07 --> [ERROR] Undefined variable $data FCPATH/plugins/Accounting/index.php:243
ERROR - 2025-02-09 03:14:03 --> [ERROR] Undefined variable $data FCPATH/plugins/Accounting/index.php:243
ERROR - 2025-02-09 03:14:07 --> [ERROR] Undefined variable $data FCPATH/plugins/Accounting/index.php:269
ERROR - 2025-02-09 03:14:08 --> [ERROR] Undefined variable $data FCPATH/plugins/Accounting/index.php:243
ERROR - 2025-02-09 03:20:02 --> [ERROR] Undefined variable $data FCPATH/plugins/Accounting/index.php:243
ERROR - 2025-02-09 03:20:06 --> [ERROR] Undefined variable $data FCPATH/plugins/Accounting/index.php:243
ERROR - 2025-02-09 03:26:04 --> [ERROR] Undefined variable $data FCPATH/plugins/Accounting/index.php:243
ERROR - 2025-02-09 03:26:07 --> [ERROR] Undefined variable $data FCPATH/plugins/Accounting/index.php:243
ERROR - 2025-02-09 03:32:03 --> [ERROR] Undefined variable $data FCPATH/plugins/Accounting/index.php:243
ERROR - 2025-02-09 03:32:07 --> [ERROR] Undefined variable $data FCPATH/plugins/Accounting/index.php:243
ERROR - 2025-02-09 03:37:04 --> [ERROR] Undefined variable $data FCPATH/plugins/Accounting/index.php:243
ERROR - 2025-02-09 03:37:09 --> [ERROR] Undefined variable $data FCPATH/plugins/Accounting/index.php:243
ERROR - 2025-02-09 03:43:03 --> [ERROR] Undefined variable $data FCPATH/plugins/Accounting/index.php:243
ERROR - 2025-02-09 03:43:07 --> [ERROR] Undefined variable $data FCPATH/plugins/Accounting/index.php:243
ERROR - 2025-02-09 03:49:03 --> [ERROR] Undefined variable $data FCPATH/plugins/Accounting/index.php:243
ERROR - 2025-02-09 03:49:07 --> [ERROR] Undefined variable $data FCPATH/plugins/Accounting/index.php:243
ERROR - 2025-02-09 03:55:03 --> [ERROR] Undefined variable $data FCPATH/plugins/Accounting/index.php:243
ERROR - 2025-02-09 03:55:07 --> [ERROR] Undefined variable $data FCPATH/plugins/Accounting/index.php:243
ERROR - 2025-02-09 04:00:04 --> [ERROR] Undefined variable $data FCPATH/plugins/Accounting/index.php:243
ERROR - 2025-02-09 04:00:08 --> [ERROR] Undefined variable $data FCPATH/plugins/Accounting/index.php:243
ERROR - 2025-02-09 04:06:03 --> [ERROR] Undefined variable $data FCPATH/plugins/Accounting/index.php:243
ERROR - 2025-02-09 04:06:06 --> [ERROR] Undefined variable $data FCPATH/plugins/Accounting/index.php:243
ERROR - 2025-02-09 04:11:03 --> [ERROR] Undefined variable $data FCPATH/plugins/Accounting/index.php:243
ERROR - 2025-02-09 04:11:06 --> [ERROR] Undefined variable $data FCPATH/plugins/Accounting/index.php:243
ERROR - 2025-02-09 04:16:09 --> [ERROR] Undefined variable $data FCPATH/plugins/Accounting/index.php:269
ERROR - 2025-02-09 04:16:10 --> [ERROR] Undefined variable $data FCPATH/plugins/Accounting/index.php:269
ERROR - 2025-02-09 04:17:02 --> [ERROR] Undefined variable $data FCPATH/plugins/Accounting/index.php:243
ERROR - 2025-02-09 04:17:06 --> [ERROR] Undefined variable $data FCPATH/plugins/Accounting/index.php:243
ERROR - 2025-02-09 04:23:03 --> [ERROR] Undefined variable $data FCPATH/plugins/Accounting/index.php:243
ERROR - 2025-02-09 04:23:08 --> [ERROR] Undefined variable $data FCPATH/plugins/Accounting/index.php:269
ERROR - 2025-02-09 04:23:10 --> [ERROR] Undefined variable $data FCPATH/plugins/Accounting/index.php:243
ERROR - 2025-02-09 04:24:13 --> [ERROR] Undefined variable $data FCPATH/plugins/Accounting/index.php:243
ERROR - 2025-02-09 04:29:04 --> [ERROR] Undefined variable $data FCPATH/plugins/Accounting/index.php:243
ERROR - 2025-02-09 04:29:08 --> [ERROR] Undefined variable $data FCPATH/plugins/Accounting/index.php:243
ERROR - 2025-02-09 04:35:04 --> [ERROR] Undefined variable $data FCPATH/plugins/Accounting/index.php:243
ERROR - 2025-02-09 04:35:08 --> [ERROR] Undefined variable $data FCPATH/plugins/Accounting/index.php:243
ERROR - 2025-02-09 04:41:03 --> [ERROR] Undefined variable $data FCPATH/plugins/Accounting/index.php:243
ERROR - 2025-02-09 04:41:13 --> [ERROR] Undefined variable $data FCPATH/plugins/Accounting/index.php:243
ERROR - 2025-02-09 04:47:03 --> [ERROR] Undefined variable $data FCPATH/plugins/Accounting/index.php:243
ERROR - 2025-02-09 04:47:06 --> [ERROR] Undefined variable $data FCPATH/plugins/Accounting/index.php:243
ERROR - 2025-02-09 04:52:04 --> [ERROR] Undefined variable $data FCPATH/plugins/Accounting/index.php:243
ERROR - 2025-02-09 04:52:07 --> [ERROR] Undefined variable $data FCPATH/plugins/Accounting/index.php:243
ERROR - 2025-02-09 04:58:02 --> [ERROR] Undefined variable $data FCPATH/plugins/Accounting/index.php:243
ERROR - 2025-02-09 04:58:14 --> [ERROR] Undefined variable $data FCPATH/plugins/Accounting/index.php:243
ERROR - 2025-02-09 05:04:03 --> [ERROR] Undefined variable $data FCPATH/plugins/Accounting/index.php:243
ERROR - 2025-02-09 05:04:07 --> [ERROR] Undefined variable $data FCPATH/plugins/Accounting/index.php:243
ERROR - 2025-02-09 05:10:03 --> [ERROR] Undefined variable $data FCPATH/plugins/Accounting/index.php:243
ERROR - 2025-02-09 05:10:08 --> [ERROR] Undefined variable $data FCPATH/plugins/Accounting/index.php:243
ERROR - 2025-02-09 05:16:03 --> [ERROR] Undefined variable $data FCPATH/plugins/Accounting/index.php:243
ERROR - 2025-02-09 05:16:07 --> [ERROR] Undefined variable $data FCPATH/plugins/Accounting/index.php:243
ERROR - 2025-02-09 05:22:03 --> [ERROR] Undefined variable $data FCPATH/plugins/Accounting/index.php:243
ERROR - 2025-02-09 05:22:07 --> [ERROR] Undefined variable $data FCPATH/plugins/Accounting/index.php:243
ERROR - 2025-02-09 05:27:03 --> [ERROR] Undefined variable $data FCPATH/plugins/Accounting/index.php:243
ERROR - 2025-02-09 05:27:07 --> [ERROR] Undefined variable $data FCPATH/plugins/Accounting/index.php:243
ERROR - 2025-02-09 05:33:07 --> [ERROR] Undefined variable $data FCPATH/plugins/Accounting/index.php:243
ERROR - 2025-02-09 05:33:13 --> [ERROR] Undefined variable $data FCPATH/plugins/Accounting/index.php:243
ERROR - 2025-02-09 05:39:04 --> [ERROR] Undefined variable $data FCPATH/plugins/Accounting/index.php:243
ERROR - 2025-02-09 05:39:09 --> [ERROR] Undefined variable $data FCPATH/plugins/Accounting/index.php:243
ERROR - 2025-02-09 05:45:02 --> [ERROR] Undefined variable $data FCPATH/plugins/Accounting/index.php:243
ERROR - 2025-02-09 05:45:06 --> [ERROR] Undefined variable $data FCPATH/plugins/Accounting/index.php:243
ERROR - 2025-02-09 05:51:03 --> [ERROR] Undefined variable $data FCPATH/plugins/Accounting/index.php:243
ERROR - 2025-02-09 05:51:07 --> [ERROR] Undefined variable $data FCPATH/plugins/Accounting/index.php:243
ERROR - 2025-02-09 05:56:03 --> [ERROR] Undefined variable $data FCPATH/plugins/Accounting/index.php:243
ERROR - 2025-02-09 05:56:07 --> [ERROR] Undefined variable $data FCPATH/plugins/Accounting/index.php:243
ERROR - 2025-02-09 06:02:03 --> [ERROR] Undefined variable $data FCPATH/plugins/Accounting/index.php:243
ERROR - 2025-02-09 06:02:07 --> [ERROR] Undefined variable $data FCPATH/plugins/Accounting/index.php:243
ERROR - 2025-02-09 06:07:03 --> [ERROR] Undefined variable $data FCPATH/plugins/Accounting/index.php:243
ERROR - 2025-02-09 06:07:07 --> [ERROR] Undefined variable $data FCPATH/plugins/Accounting/index.php:243
ERROR - 2025-02-09 06:13:03 --> [ERROR] Undefined variable $data FCPATH/plugins/Accounting/index.php:243
ERROR - 2025-02-09 06:13:07 --> [ERROR] Undefined variable $data FCPATH/plugins/Accounting/index.php:243
ERROR - 2025-02-09 06:19:03 --> [ERROR] Undefined variable $data FCPATH/plugins/Accounting/index.php:243
ERROR - 2025-02-09 06:19:07 --> [ERROR] Undefined variable $data FCPATH/plugins/Accounting/index.php:243
ERROR - 2025-02-09 06:25:03 --> [ERROR] Undefined variable $data FCPATH/plugins/Accounting/index.php:243
ERROR - 2025-02-09 06:25:06 --> [ERROR] Undefined variable $data FCPATH/plugins/Accounting/index.php:243
ERROR - 2025-02-09 06:31:03 --> [ERROR] Undefined variable $data FCPATH/plugins/Accounting/index.php:243
ERROR - 2025-02-09 06:31:06 --> [ERROR] Undefined variable $data FCPATH/plugins/Accounting/index.php:243
ERROR - 2025-02-09 06:37:03 --> [ERROR] Undefined variable $data FCPATH/plugins/Accounting/index.php:243
ERROR - 2025-02-09 06:37:07 --> [ERROR] Undefined variable $data FCPATH/plugins/Accounting/index.php:243
ERROR - 2025-02-09 06:43:03 --> [ERROR] Undefined variable $data FCPATH/plugins/Accounting/index.php:243
ERROR - 2025-02-09 06:43:06 --> [ERROR] Undefined variable $data FCPATH/plugins/Accounting/index.php:243
ERROR - 2025-02-09 06:49:03 --> [ERROR] Undefined variable $data FCPATH/plugins/Accounting/index.php:243
ERROR - 2025-02-09 06:49:07 --> [ERROR] Undefined variable $data FCPATH/plugins/Accounting/index.php:269
ERROR - 2025-02-09 06:49:08 --> [ERROR] Undefined variable $data FCPATH/plugins/Accounting/index.php:243
ERROR - 2025-02-09 06:55:03 --> [ERROR] Undefined variable $data FCPATH/plugins/Accounting/index.php:243
ERROR - 2025-02-09 06:55:07 --> [ERROR] Undefined variable $data FCPATH/plugins/Accounting/index.php:243
ERROR - 2025-02-09 07:01:04 --> [ERROR] Undefined variable $data FCPATH/plugins/Accounting/index.php:243
ERROR - 2025-02-09 07:01:07 --> [ERROR] Undefined variable $data FCPATH/plugins/Accounting/index.php:243
ERROR - 2025-02-09 07:07:03 --> [ERROR] Undefined variable $data FCPATH/plugins/Accounting/index.php:243
ERROR - 2025-02-09 07:07:06 --> [ERROR] Undefined variable $data FCPATH/plugins/Accounting/index.php:243
ERROR - 2025-02-09 07:13:06 --> [ERROR] Undefined variable $data FCPATH/plugins/Accounting/index.php:243
ERROR - 2025-02-09 07:13:10 --> [ERROR] Undefined variable $data FCPATH/plugins/Accounting/index.php:243
ERROR - 2025-02-09 07:19:03 --> [ERROR] Undefined variable $data FCPATH/plugins/Accounting/index.php:243
ERROR - 2025-02-09 07:19:07 --> [ERROR] Undefined variable $data FCPATH/plugins/Accounting/index.php:243
ERROR - 2025-02-09 07:24:03 --> [ERROR] Undefined variable $data FCPATH/plugins/Accounting/index.php:243
ERROR - 2025-02-09 07:24:09 --> [ERROR] Undefined variable $data FCPATH/plugins/Accounting/index.php:243
ERROR - 2025-02-09 07:30:03 --> [ERROR] Undefined variable $data FCPATH/plugins/Accounting/index.php:243
ERROR - 2025-02-09 07:30:06 --> [ERROR] Undefined variable $data FCPATH/plugins/Accounting/index.php:243
ERROR - 2025-02-09 07:36:03 --> [ERROR] Undefined variable $data FCPATH/plugins/Accounting/index.php:243
ERROR - 2025-02-09 07:36:06 --> [ERROR] Undefined variable $data FCPATH/plugins/Accounting/index.php:243
ERROR - 2025-02-09 07:42:03 --> [ERROR] Undefined variable $data FCPATH/plugins/Accounting/index.php:243
ERROR - 2025-02-09 07:42:07 --> [ERROR] Undefined variable $data FCPATH/plugins/Accounting/index.php:243
ERROR - 2025-02-09 07:47:03 --> [ERROR] Undefined variable $data FCPATH/plugins/Accounting/index.php:243
ERROR - 2025-02-09 07:47:07 --> [ERROR] Undefined variable $data FCPATH/plugins/Accounting/index.php:243
ERROR - 2025-02-09 07:53:02 --> [ERROR] Undefined variable $data FCPATH/plugins/Accounting/index.php:243
ERROR - 2025-02-09 07:53:05 --> [ERROR] Undefined variable $data FCPATH/plugins/Accounting/index.php:243
ERROR - 2025-02-09 07:59:02 --> [ERROR] Undefined variable $data FCPATH/plugins/Accounting/index.php:243
ERROR - 2025-02-09 07:59:06 --> [ERROR] Undefined variable $data FCPATH/plugins/Accounting/index.php:243
ERROR - 2025-02-09 08:05:03 --> [ERROR] Undefined variable $data FCPATH/plugins/Accounting/index.php:243
ERROR - 2025-02-09 08:05:07 --> [ERROR] Undefined variable $data FCPATH/plugins/Accounting/index.php:243
ERROR - 2025-02-09 08:11:02 --> [ERROR] Undefined variable $data FCPATH/plugins/Accounting/index.php:243
ERROR - 2025-02-09 08:11:06 --> [ERROR] Undefined variable $data FCPATH/plugins/Accounting/index.php:243
ERROR - 2025-02-09 08:16:03 --> [ERROR] Undefined variable $data FCPATH/plugins/Accounting/index.php:243
ERROR - 2025-02-09 08:16:08 --> [ERROR] Undefined variable $data FCPATH/plugins/Accounting/index.php:243
ERROR - 2025-02-09 08:22:04 --> [ERROR] Undefined variable $data FCPATH/plugins/Accounting/index.php:243
ERROR - 2025-02-09 08:22:07 --> [ERROR] Undefined variable $data FCPATH/plugins/Accounting/index.php:243
CRITICAL - 2025-02-09 08:23:41 --> CodeIgniter\HTTP\Exceptions\HTTPException: The provided JSON format is not supported.
[Method: GET, Route: signin]
in SYSTEMPATH/Validation/Validation.php on line 515.
 1 SYSTEMPATH/Validation/Validation.php(515): CodeIgniter\HTTP\Exceptions\HTTPException::forUnsupportedJSONFormat()
 2 SYSTEMPATH/Controller.php(137): CodeIgniter\Validation\Validation->withRequest(Object(CodeIgniter\HTTP\IncomingRequest))
 3 APPPATH/Controllers/App_Controller.php(265): CodeIgniter\Controller->validate([...])
 4 APPPATH/Controllers/Signin.php(53): App\Controllers\App_Controller->validate_submitted_data([...], false, false)
 5 SYSTEMPATH/CodeIgniter.php(933): App\Controllers\Signin->index()
 6 SYSTEMPATH/CodeIgniter.php(509): CodeIgniter\CodeIgniter->runController(Object(App\Controllers\Signin))
 7 SYSTEMPATH/CodeIgniter.php(355): CodeIgniter\CodeIgniter->handleRequest(null, Object(Config\Cache), false)
 8 SYSTEMPATH/Boot.php(325): CodeIgniter\CodeIgniter->run()
 9 SYSTEMPATH/Boot.php(67): CodeIgniter\Boot::runCodeIgniter(Object(CodeIgniter\CodeIgniter))
10 FCPATH/index.php(149): CodeIgniter\Boot::bootWeb(Object(Config\Paths))
ERROR - 2025-02-09 08:23:45 --> [ERROR] Undefined variable $data FCPATH/plugins/Accounting/index.php:269
CRITICAL - 2025-02-09 08:23:45 --> TypeError: str_contains(): Argument #1 ($haystack) must be of type string, null given
[Method: POST, Route: signin/send_reset_password_mail]
in SYSTEMPATH/Email/Email.php on line 753.
 1 SYSTEMPATH/Email/Email.php(753): str_contains(null, ',')
 2 SYSTEMPATH/Email/Email.php(556): CodeIgniter\Email\Email->stringToArray(null)
 3 APPPATH/Helpers/general_helper.php(540): CodeIgniter\Email\Email->setTo(null)
 4 APPPATH/Controllers/Signin.php(343): send_app_mail(null, '', '<div style="background-color: #eeeeef; padding: 50px 0; "><div style="max-width:640px; margin:0 auto; "><div style="color: #fff; text-align: center; background-color:#33333e; padding: 30px; border-top-left-radius: 3px; border-top-right-radius: 3px; margin: 0;"><h1>Reset Password</h1>
 </div>
 <div style="padding: 20px; background-color: rgb(255, 255, 255); color:#555;">                    <p style="font-size: 14px;"> Hello Jesus Alberto Aguilera  ,<br><br>A password reset request has been created for your account.&nbsp;</p>
                    <p style="font-size: 14px;"> To initiate the password reset process, please click on the following link:</p>
                    <p style="font-size: 14px;"><a href="https://app.monaros.co/sistema/index.php/signin/new_password/HPWxwXPcHK" target="_blank">Reset Password</a></p>
                    <p style="font-size: 14px;"></p>
                    <p style=""><span style="font-size: 14px; line-height: 20px;"><br></span></p>
<p style=""><span style="font-size: 14px; line-height: 20px;">If you\'ve received this mail in error, it\'s likely that another user entered your email address by mistake while trying to reset a password.</span><br></p>
<p style=""><span style="font-size: 14px; line-height: 20px;">If you didn\'t initiate the request, you don\'t need to take any further action and can safely disregard this email.</span><br></p>
<p style="font-size: 14px;"><br></p>
<p style="font-size: 14px;">Powered By: &lt;a href=&quot;http://fairsketch.com/&quot; target=&quot;_blank&quot;&gt;fairsketch &lt;/a&gt;</p>
                </div>
            </div>
        </div>')
 5 SYSTEMPATH/CodeIgniter.php(933): App\Controllers\Signin->send_reset_password_mail()
 6 SYSTEMPATH/CodeIgniter.php(509): CodeIgniter\CodeIgniter->runController(Object(App\Controllers\Signin))
 7 SYSTEMPATH/CodeIgniter.php(355): CodeIgniter\CodeIgniter->handleRequest(null, Object(Config\Cache), false)
 8 SYSTEMPATH/Boot.php(325): CodeIgniter\CodeIgniter->run()
 9 SYSTEMPATH/Boot.php(67): CodeIgniter\Boot::runCodeIgniter(Object(CodeIgniter\CodeIgniter))
10 FCPATH/index.php(149): CodeIgniter\Boot::bootWeb(Object(Config\Paths))
ERROR - 2025-02-09 08:23:47 --> [ERROR] Undefined variable $data FCPATH/plugins/Accounting/index.php:269
ERROR - 2025-02-09 08:23:47 --> [ERROR] Undefined variable $data FCPATH/plugins/Accounting/index.php:269
ERROR - 2025-02-09 08:23:52 --> Email: sendWithSmtp throwed ErrorException: fsockopen(): Unable to connect to ssl://app.monaros.co:465 (Connection timed out) in /home2/appnaros/public_html/sistema/system/Email/Email.php:1896
Stack trace:
#0 [internal function]: CodeIgniter\Debug\Exceptions->errorHandler(2, 'fsockopen(): Un...', '/home2/appnaros...', 1896)
#1 /home2/appnaros/public_html/sistema/system/Email/Email.php(1896): fsockopen('ssl://app.monar...', 465, NULL, NULL, 5)
#2 /home2/appnaros/public_html/sistema/system/Email/Email.php(1809): CodeIgniter\Email\Email->SMTPConnect()
#3 /home2/appnaros/public_html/sistema/system/Email/Email.php(1694): CodeIgniter\Email\Email->sendWithSmtp()
#4 /home2/appnaros/public_html/sistema/system/Email/Email.php(1589): CodeIgniter\Email\Email->spoolEmail()
#5 /home2/appnaros/public_html/sistema/app/Helpers/general_helper.php(578): CodeIgniter\Email\Email->send()
#6 /home2/appnaros/public_html/sistema/app/Controllers/Signup.php(274): send_app_mail('gossameruehoriz...', 'Welcome!', '<div style="bac...')
#7 /home2/appnaros/public_html/sistema/system/CodeIgniter.php(933): App\Controllers\Signup->create_account()
#8 /home2/appnaros/public_html/sistema/system/CodeIgniter.php(509): CodeIgniter\CodeIgniter->runController(Object(App\Controllers\Signup))
#9 /home2/appnaros/public_html/sistema/system/CodeIgniter.php(355): CodeIgniter\CodeIgniter->handleRequest(NULL, Object(Config\Cache), false)
#10 /home2/appnaros/public_html/sistema/system/Boot.php(325): CodeIgniter\CodeIgniter->run()
#11 /home2/appnaros/public_html/sistema/system/Boot.php(67): CodeIgniter\Boot::runCodeIgniter(Object(CodeIgniter\CodeIgniter))
#12 /home2/appnaros/public_html/sistema/index.php(149): CodeIgniter\Boot::bootWeb(Object(Config\Paths))
#13 {main}
ERROR - 2025-02-09 08:23:52 --> Email: Unable to send email using SMTP. Your server might not be configured to send mail using this method.
ERROR - 2025-02-09 08:23:52 --> 
WARNING - 2025-02-09 08:23:54 --> [DEPRECATED] password_hash(): Passing null to parameter #1 ($password) of type string is deprecated in APPPATH/Controllers/Signup.php on line 101.
 1 APPPATH/Controllers/Signup.php(101): password_hash(Object(SensitiveParameterValue), '2y')
 2 SYSTEMPATH/CodeIgniter.php(933): App\Controllers\Signup->create_account()
 3 SYSTEMPATH/CodeIgniter.php(509): CodeIgniter\CodeIgniter->runController(Object(App\Controllers\Signup))
 4 SYSTEMPATH/CodeIgniter.php(355): CodeIgniter\CodeIgniter->handleRequest(null, Object(Config\Cache), false)
 5 SYSTEMPATH/Boot.php(325): CodeIgniter\CodeIgniter->run()
 6 SYSTEMPATH/Boot.php(67): CodeIgniter\Boot::runCodeIgniter(Object(CodeIgniter\CodeIgniter))
 7 FCPATH/index.php(149): CodeIgniter\Boot::bootWeb(Object(Config\Paths))
ERROR - 2025-02-09 08:28:03 --> [ERROR] Undefined variable $data FCPATH/plugins/Accounting/index.php:243
ERROR - 2025-02-09 08:28:07 --> [ERROR] Undefined variable $data FCPATH/plugins/Accounting/index.php:243
ERROR - 2025-02-09 08:34:03 --> [ERROR] Undefined variable $data FCPATH/plugins/Accounting/index.php:243
ERROR - 2025-02-09 08:34:07 --> [ERROR] Undefined variable $data FCPATH/plugins/Accounting/index.php:243
ERROR - 2025-02-09 08:40:03 --> [ERROR] Undefined variable $data FCPATH/plugins/Accounting/index.php:243
ERROR - 2025-02-09 08:40:07 --> [ERROR] Undefined variable $data FCPATH/plugins/Accounting/index.php:243
ERROR - 2025-02-09 08:45:03 --> [ERROR] Undefined variable $data FCPATH/plugins/Accounting/index.php:243
ERROR - 2025-02-09 08:45:07 --> [ERROR] Undefined variable $data FCPATH/plugins/Accounting/index.php:243
ERROR - 2025-02-09 08:51:03 --> [ERROR] Undefined variable $data FCPATH/plugins/Accounting/index.php:243
ERROR - 2025-02-09 08:51:06 --> [ERROR] Undefined variable $data FCPATH/plugins/Accounting/index.php:243
ERROR - 2025-02-09 08:57:03 --> [ERROR] Undefined variable $data FCPATH/plugins/Accounting/index.php:243
ERROR - 2025-02-09 08:57:07 --> [ERROR] Undefined variable $data FCPATH/plugins/Accounting/index.php:243
ERROR - 2025-02-09 09:03:03 --> [ERROR] Undefined variable $data FCPATH/plugins/Accounting/index.php:243
ERROR - 2025-02-09 09:03:07 --> [ERROR] Undefined variable $data FCPATH/plugins/Accounting/index.php:243
ERROR - 2025-02-09 09:09:04 --> [ERROR] Undefined variable $data FCPATH/plugins/Accounting/index.php:243
ERROR - 2025-02-09 09:09:07 --> [ERROR] Undefined variable $data FCPATH/plugins/Accounting/index.php:243
ERROR - 2025-02-09 09:15:03 --> [ERROR] Undefined variable $data FCPATH/plugins/Accounting/index.php:243
ERROR - 2025-02-09 09:15:06 --> [ERROR] Undefined variable $data FCPATH/plugins/Accounting/index.php:243
CRITICAL - 2025-02-09 09:20:31 --> CodeIgniter\HTTP\Exceptions\HTTPException: The provided JSON format is not supported.
[Method: GET, Route: signin]
in SYSTEMPATH/Validation/Validation.php on line 515.
 1 SYSTEMPATH/Validation/Validation.php(515): CodeIgniter\HTTP\Exceptions\HTTPException::forUnsupportedJSONFormat()
 2 SYSTEMPATH/Controller.php(137): CodeIgniter\Validation\Validation->withRequest(Object(CodeIgniter\HTTP\IncomingRequest))
 3 APPPATH/Controllers/App_Controller.php(265): CodeIgniter\Controller->validate([...])
 4 APPPATH/Controllers/Signin.php(53): App\Controllers\App_Controller->validate_submitted_data([...], false, false)
 5 SYSTEMPATH/CodeIgniter.php(933): App\Controllers\Signin->index()
 6 SYSTEMPATH/CodeIgniter.php(509): CodeIgniter\CodeIgniter->runController(Object(App\Controllers\Signin))
 7 SYSTEMPATH/CodeIgniter.php(355): CodeIgniter\CodeIgniter->handleRequest(null, Object(Config\Cache), false)
 8 SYSTEMPATH/Boot.php(325): CodeIgniter\CodeIgniter->run()
 9 SYSTEMPATH/Boot.php(67): CodeIgniter\Boot::runCodeIgniter(Object(CodeIgniter\CodeIgniter))
10 FCPATH/index.php(149): CodeIgniter\Boot::bootWeb(Object(Config\Paths))
ERROR - 2025-02-09 09:20:36 --> [ERROR] Undefined variable $data FCPATH/plugins/Accounting/index.php:269
CRITICAL - 2025-02-09 09:20:36 --> TypeError: str_contains(): Argument #1 ($haystack) must be of type string, null given
[Method: POST, Route: signin/send_reset_password_mail]
in SYSTEMPATH/Email/Email.php on line 753.
 1 SYSTEMPATH/Email/Email.php(753): str_contains(null, ',')
 2 SYSTEMPATH/Email/Email.php(556): CodeIgniter\Email\Email->stringToArray(null)
 3 APPPATH/Helpers/general_helper.php(540): CodeIgniter\Email\Email->setTo(null)
 4 APPPATH/Controllers/Signin.php(343): send_app_mail(null, '', '<div style="background-color: #eeeeef; padding: 50px 0; "><div style="max-width:640px; margin:0 auto; "><div style="color: #fff; text-align: center; background-color:#33333e; padding: 30px; border-top-left-radius: 3px; border-top-right-radius: 3px; margin: 0;"><h1>Reset Password</h1>
 </div>
 <div style="padding: 20px; background-color: rgb(255, 255, 255); color:#555;">                    <p style="font-size: 14px;"> Hello Jesus Alberto Aguilera  ,<br><br>A password reset request has been created for your account.&nbsp;</p>
                    <p style="font-size: 14px;"> To initiate the password reset process, please click on the following link:</p>
                    <p style="font-size: 14px;"><a href="https://app.monaros.co/sistema/index.php/signin/new_password/bfyggZLGfA" target="_blank">Reset Password</a></p>
                    <p style="font-size: 14px;"></p>
                    <p style=""><span style="font-size: 14px; line-height: 20px;"><br></span></p>
<p style=""><span style="font-size: 14px; line-height: 20px;">If you\'ve received this mail in error, it\'s likely that another user entered your email address by mistake while trying to reset a password.</span><br></p>
<p style=""><span style="font-size: 14px; line-height: 20px;">If you didn\'t initiate the request, you don\'t need to take any further action and can safely disregard this email.</span><br></p>
<p style="font-size: 14px;"><br></p>
<p style="font-size: 14px;">Powered By: &lt;a href=&quot;http://fairsketch.com/&quot; target=&quot;_blank&quot;&gt;fairsketch &lt;/a&gt;</p>
                </div>
            </div>
        </div>')
 5 SYSTEMPATH/CodeIgniter.php(933): App\Controllers\Signin->send_reset_password_mail()
 6 SYSTEMPATH/CodeIgniter.php(509): CodeIgniter\CodeIgniter->runController(Object(App\Controllers\Signin))
 7 SYSTEMPATH/CodeIgniter.php(355): CodeIgniter\CodeIgniter->handleRequest(null, Object(Config\Cache), false)
 8 SYSTEMPATH/Boot.php(325): CodeIgniter\CodeIgniter->run()
 9 SYSTEMPATH/Boot.php(67): CodeIgniter\Boot::runCodeIgniter(Object(CodeIgniter\CodeIgniter))
10 FCPATH/index.php(149): CodeIgniter\Boot::bootWeb(Object(Config\Paths))
ERROR - 2025-02-09 09:20:39 --> [ERROR] Undefined variable $data FCPATH/plugins/Accounting/index.php:269
ERROR - 2025-02-09 09:20:39 --> [ERROR] Undefined variable $data FCPATH/plugins/Accounting/index.php:269
ERROR - 2025-02-09 09:20:44 --> Email: sendWithSmtp throwed ErrorException: fsockopen(): Unable to connect to ssl://app.monaros.co:465 (Connection timed out) in /home2/appnaros/public_html/sistema/system/Email/Email.php:1896
Stack trace:
#0 [internal function]: CodeIgniter\Debug\Exceptions->errorHandler(2, 'fsockopen(): Un...', '/home2/appnaros...', 1896)
#1 /home2/appnaros/public_html/sistema/system/Email/Email.php(1896): fsockopen('ssl://app.monar...', 465, NULL, NULL, 5)
#2 /home2/appnaros/public_html/sistema/system/Email/Email.php(1809): CodeIgniter\Email\Email->SMTPConnect()
#3 /home2/appnaros/public_html/sistema/system/Email/Email.php(1694): CodeIgniter\Email\Email->sendWithSmtp()
#4 /home2/appnaros/public_html/sistema/system/Email/Email.php(1589): CodeIgniter\Email\Email->spoolEmail()
#5 /home2/appnaros/public_html/sistema/app/Helpers/general_helper.php(578): CodeIgniter\Email\Email->send()
#6 /home2/appnaros/public_html/sistema/app/Controllers/Signup.php(274): send_app_mail('eaeclipseoy56ir...', 'Welcome!', '<div style="bac...')
#7 /home2/appnaros/public_html/sistema/system/CodeIgniter.php(933): App\Controllers\Signup->create_account()
#8 /home2/appnaros/public_html/sistema/system/CodeIgniter.php(509): CodeIgniter\CodeIgniter->runController(Object(App\Controllers\Signup))
#9 /home2/appnaros/public_html/sistema/system/CodeIgniter.php(355): CodeIgniter\CodeIgniter->handleRequest(NULL, Object(Config\Cache), false)
#10 /home2/appnaros/public_html/sistema/system/Boot.php(325): CodeIgniter\CodeIgniter->run()
#11 /home2/appnaros/public_html/sistema/system/Boot.php(67): CodeIgniter\Boot::runCodeIgniter(Object(CodeIgniter\CodeIgniter))
#12 /home2/appnaros/public_html/sistema/index.php(149): CodeIgniter\Boot::bootWeb(Object(Config\Paths))
#13 {main}
ERROR - 2025-02-09 09:20:44 --> Email: Unable to send email using SMTP. Your server might not be configured to send mail using this method.
ERROR - 2025-02-09 09:20:44 --> 
WARNING - 2025-02-09 09:20:46 --> [DEPRECATED] password_hash(): Passing null to parameter #1 ($password) of type string is deprecated in APPPATH/Controllers/Signup.php on line 101.
 1 APPPATH/Controllers/Signup.php(101): password_hash(Object(SensitiveParameterValue), '2y')
 2 SYSTEMPATH/CodeIgniter.php(933): App\Controllers\Signup->create_account()
 3 SYSTEMPATH/CodeIgniter.php(509): CodeIgniter\CodeIgniter->runController(Object(App\Controllers\Signup))
 4 SYSTEMPATH/CodeIgniter.php(355): CodeIgniter\CodeIgniter->handleRequest(null, Object(Config\Cache), false)
 5 SYSTEMPATH/Boot.php(325): CodeIgniter\CodeIgniter->run()
 6 SYSTEMPATH/Boot.php(67): CodeIgniter\Boot::runCodeIgniter(Object(CodeIgniter\CodeIgniter))
 7 FCPATH/index.php(149): CodeIgniter\Boot::bootWeb(Object(Config\Paths))
ERROR - 2025-02-09 09:21:02 --> [ERROR] Undefined variable $data FCPATH/plugins/Accounting/index.php:243
ERROR - 2025-02-09 09:21:06 --> [ERROR] Undefined variable $data FCPATH/plugins/Accounting/index.php:243
ERROR - 2025-02-09 09:27:03 --> [ERROR] Undefined variable $data FCPATH/plugins/Accounting/index.php:243
ERROR - 2025-02-09 09:27:06 --> [ERROR] Undefined variable $data FCPATH/plugins/Accounting/index.php:243
ERROR - 2025-02-09 09:32:03 --> [ERROR] Undefined variable $data FCPATH/plugins/Accounting/index.php:243
ERROR - 2025-02-09 09:32:07 --> [ERROR] Undefined variable $data FCPATH/plugins/Accounting/index.php:243
ERROR - 2025-02-09 09:38:03 --> [ERROR] Undefined variable $data FCPATH/plugins/Accounting/index.php:243
ERROR - 2025-02-09 09:38:07 --> [ERROR] Undefined variable $data FCPATH/plugins/Accounting/index.php:243
ERROR - 2025-02-09 09:44:03 --> [ERROR] Undefined variable $data FCPATH/plugins/Accounting/index.php:243
ERROR - 2025-02-09 09:44:07 --> [ERROR] Undefined variable $data FCPATH/plugins/Accounting/index.php:243
ERROR - 2025-02-09 09:49:04 --> [ERROR] Undefined variable $data FCPATH/plugins/Accounting/index.php:243
ERROR - 2025-02-09 09:49:08 --> [ERROR] Undefined variable $data FCPATH/plugins/Accounting/index.php:243
ERROR - 2025-02-09 09:55:02 --> [ERROR] Undefined variable $data FCPATH/plugins/Accounting/index.php:243
ERROR - 2025-02-09 09:55:06 --> [ERROR] Undefined variable $data FCPATH/plugins/Accounting/index.php:243
ERROR - 2025-02-09 10:00:04 --> [ERROR] Undefined variable $data FCPATH/plugins/Accounting/index.php:243
ERROR - 2025-02-09 10:00:07 --> [ERROR] Undefined variable $data FCPATH/plugins/Accounting/index.php:243
ERROR - 2025-02-09 10:06:03 --> [ERROR] Undefined variable $data FCPATH/plugins/Accounting/index.php:243
ERROR - 2025-02-09 10:06:06 --> [ERROR] Undefined variable $data FCPATH/plugins/Accounting/index.php:243
ERROR - 2025-02-09 10:12:03 --> [ERROR] Undefined variable $data FCPATH/plugins/Accounting/index.php:243
ERROR - 2025-02-09 10:12:06 --> [ERROR] Undefined variable $data FCPATH/plugins/Accounting/index.php:243
ERROR - 2025-02-09 10:18:03 --> [ERROR] Undefined variable $data FCPATH/plugins/Accounting/index.php:243
ERROR - 2025-02-09 10:18:06 --> [ERROR] Undefined variable $data FCPATH/plugins/Accounting/index.php:243
ERROR - 2025-02-09 10:24:03 --> [ERROR] Undefined variable $data FCPATH/plugins/Accounting/index.php:243
ERROR - 2025-02-09 10:24:06 --> [ERROR] Undefined variable $data FCPATH/plugins/Accounting/index.php:243
ERROR - 2025-02-09 10:30:03 --> [ERROR] Undefined variable $data FCPATH/plugins/Accounting/index.php:243
ERROR - 2025-02-09 10:30:07 --> [ERROR] Undefined variable $data FCPATH/plugins/Accounting/index.php:243
ERROR - 2025-02-09 10:36:03 --> [ERROR] Undefined variable $data FCPATH/plugins/Accounting/index.php:243
ERROR - 2025-02-09 10:36:07 --> [ERROR] Undefined variable $data FCPATH/plugins/Accounting/index.php:243
ERROR - 2025-02-09 10:41:03 --> [ERROR] Undefined variable $data FCPATH/plugins/Accounting/index.php:243
ERROR - 2025-02-09 10:41:07 --> [ERROR] Undefined variable $data FCPATH/plugins/Accounting/index.php:243
ERROR - 2025-02-09 10:47:03 --> [ERROR] Undefined variable $data FCPATH/plugins/Accounting/index.php:243
ERROR - 2025-02-09 10:47:06 --> [ERROR] Undefined variable $data FCPATH/plugins/Accounting/index.php:269
ERROR - 2025-02-09 10:47:07 --> [ERROR] Undefined variable $data FCPATH/plugins/Accounting/index.php:243
ERROR - 2025-02-09 10:53:03 --> [ERROR] Undefined variable $data FCPATH/plugins/Accounting/index.php:243
ERROR - 2025-02-09 10:53:07 --> [ERROR] Undefined variable $data FCPATH/plugins/Accounting/index.php:243
ERROR - 2025-02-09 10:59:03 --> [ERROR] Undefined variable $data FCPATH/plugins/Accounting/index.php:243
ERROR - 2025-02-09 10:59:06 --> [ERROR] Undefined variable $data FCPATH/plugins/Accounting/index.php:269
ERROR - 2025-02-09 10:59:07 --> [ERROR] Undefined variable $data FCPATH/plugins/Accounting/index.php:243
ERROR - 2025-02-09 11:05:03 --> [ERROR] Undefined variable $data FCPATH/plugins/Accounting/index.php:243
ERROR - 2025-02-09 11:05:06 --> [ERROR] Undefined variable $data FCPATH/plugins/Accounting/index.php:243
ERROR - 2025-02-09 11:11:03 --> [ERROR] Undefined variable $data FCPATH/plugins/Accounting/index.php:243
ERROR - 2025-02-09 11:11:07 --> [ERROR] Undefined variable $data FCPATH/plugins/Accounting/index.php:243
ERROR - 2025-02-09 11:17:03 --> [ERROR] Undefined variable $data FCPATH/plugins/Accounting/index.php:243
ERROR - 2025-02-09 11:17:06 --> [ERROR] Undefined variable $data FCPATH/plugins/Accounting/index.php:243
ERROR - 2025-02-09 11:23:03 --> [ERROR] Undefined variable $data FCPATH/plugins/Accounting/index.php:243
ERROR - 2025-02-09 11:23:07 --> [ERROR] Undefined variable $data FCPATH/plugins/Accounting/index.php:243
ERROR - 2025-02-09 11:28:03 --> [ERROR] Undefined variable $data FCPATH/plugins/Accounting/index.php:243
ERROR - 2025-02-09 11:28:07 --> [ERROR] Undefined variable $data FCPATH/plugins/Accounting/index.php:243
ERROR - 2025-02-09 11:34:03 --> [ERROR] Undefined variable $data FCPATH/plugins/Accounting/index.php:243
ERROR - 2025-02-09 11:34:06 --> [ERROR] Undefined variable $data FCPATH/plugins/Accounting/index.php:243
ERROR - 2025-02-09 11:40:02 --> [ERROR] Undefined variable $data FCPATH/plugins/Accounting/index.php:243
ERROR - 2025-02-09 11:40:06 --> [ERROR] Undefined variable $data FCPATH/plugins/Accounting/index.php:243
ERROR - 2025-02-09 11:46:03 --> [ERROR] Undefined variable $data FCPATH/plugins/Accounting/index.php:243
ERROR - 2025-02-09 11:46:06 --> [ERROR] Undefined variable $data FCPATH/plugins/Accounting/index.php:243
ERROR - 2025-02-09 11:52:03 --> [ERROR] Undefined variable $data FCPATH/plugins/Accounting/index.php:243
ERROR - 2025-02-09 11:52:06 --> [ERROR] Undefined variable $data FCPATH/plugins/Accounting/index.php:243
ERROR - 2025-02-09 11:57:04 --> [ERROR] Undefined variable $data FCPATH/plugins/Accounting/index.php:243
ERROR - 2025-02-09 11:57:08 --> [ERROR] Undefined variable $data FCPATH/plugins/Accounting/index.php:243
ERROR - 2025-02-09 12:03:03 --> [ERROR] Undefined variable $data FCPATH/plugins/Accounting/index.php:243
ERROR - 2025-02-09 12:03:06 --> [ERROR] Undefined variable $data FCPATH/plugins/Accounting/index.php:243
ERROR - 2025-02-09 12:09:03 --> [ERROR] Undefined variable $data FCPATH/plugins/Accounting/index.php:243
ERROR - 2025-02-09 12:09:07 --> [ERROR] Undefined variable $data FCPATH/plugins/Accounting/index.php:243
ERROR - 2025-02-09 12:15:03 --> [ERROR] Undefined variable $data FCPATH/plugins/Accounting/index.php:243
ERROR - 2025-02-09 12:15:07 --> [ERROR] Undefined variable $data FCPATH/plugins/Accounting/index.php:269
ERROR - 2025-02-09 12:15:08 --> [ERROR] Undefined variable $data FCPATH/plugins/Accounting/index.php:269
ERROR - 2025-02-09 12:15:09 --> [ERROR] Undefined variable $data FCPATH/plugins/Accounting/index.php:243
ERROR - 2025-02-09 12:20:03 --> [ERROR] Undefined variable $data FCPATH/plugins/Accounting/index.php:243
ERROR - 2025-02-09 12:20:07 --> [ERROR] Undefined variable $data FCPATH/plugins/Accounting/index.php:243
ERROR - 2025-02-09 12:26:04 --> [ERROR] Undefined variable $data FCPATH/plugins/Accounting/index.php:243
ERROR - 2025-02-09 12:26:07 --> [ERROR] Undefined variable $data FCPATH/plugins/Accounting/index.php:243
ERROR - 2025-02-09 12:32:03 --> [ERROR] Undefined variable $data FCPATH/plugins/Accounting/index.php:243
ERROR - 2025-02-09 12:32:06 --> [ERROR] Undefined variable $data FCPATH/plugins/Accounting/index.php:243
ERROR - 2025-02-09 12:38:03 --> [ERROR] Undefined variable $data FCPATH/plugins/Accounting/index.php:243
ERROR - 2025-02-09 12:38:07 --> [ERROR] Undefined variable $data FCPATH/plugins/Accounting/index.php:243
ERROR - 2025-02-09 12:44:03 --> [ERROR] Undefined variable $data FCPATH/plugins/Accounting/index.php:243
ERROR - 2025-02-09 12:44:08 --> [ERROR] Undefined variable $data FCPATH/plugins/Accounting/index.php:243
ERROR - 2025-02-09 12:49:03 --> [ERROR] Undefined variable $data FCPATH/plugins/Accounting/index.php:243
ERROR - 2025-02-09 12:49:07 --> [ERROR] Undefined variable $data FCPATH/plugins/Accounting/index.php:243
ERROR - 2025-02-09 12:55:03 --> [ERROR] Undefined variable $data FCPATH/plugins/Accounting/index.php:243
ERROR - 2025-02-09 12:55:06 --> [ERROR] Undefined variable $data FCPATH/plugins/Accounting/index.php:243
ERROR - 2025-02-09 13:00:06 --> [ERROR] Undefined variable $data FCPATH/plugins/Accounting/index.php:243
ERROR - 2025-02-09 13:00:09 --> [ERROR] Undefined variable $data FCPATH/plugins/Accounting/index.php:243
ERROR - 2025-02-09 13:06:03 --> [ERROR] Undefined variable $data FCPATH/plugins/Accounting/index.php:243
ERROR - 2025-02-09 13:06:06 --> [ERROR] Undefined variable $data FCPATH/plugins/Accounting/index.php:243
ERROR - 2025-02-09 13:12:03 --> [ERROR] Undefined variable $data FCPATH/plugins/Accounting/index.php:243
ERROR - 2025-02-09 13:12:07 --> [ERROR] Undefined variable $data FCPATH/plugins/Accounting/index.php:243
ERROR - 2025-02-09 13:18:04 --> [ERROR] Undefined variable $data FCPATH/plugins/Accounting/index.php:243
ERROR - 2025-02-09 13:18:09 --> [ERROR] Undefined variable $data FCPATH/plugins/Accounting/index.php:243
ERROR - 2025-02-09 13:23:03 --> [ERROR] Undefined variable $data FCPATH/plugins/Accounting/index.php:243
ERROR - 2025-02-09 13:23:07 --> [ERROR] Undefined variable $data FCPATH/plugins/Accounting/index.php:269
ERROR - 2025-02-09 13:23:08 --> [ERROR] Undefined variable $data FCPATH/plugins/Accounting/index.php:243
ERROR - 2025-02-09 13:29:04 --> [ERROR] Undefined variable $data FCPATH/plugins/Accounting/index.php:243
ERROR - 2025-02-09 13:29:07 --> [ERROR] Undefined variable $data FCPATH/plugins/Accounting/index.php:243
ERROR - 2025-02-09 13:35:02 --> [ERROR] Undefined variable $data FCPATH/plugins/Accounting/index.php:243
ERROR - 2025-02-09 13:35:06 --> [ERROR] Undefined variable $data FCPATH/plugins/Accounting/index.php:243
ERROR - 2025-02-09 13:41:03 --> [ERROR] Undefined variable $data FCPATH/plugins/Accounting/index.php:243
ERROR - 2025-02-09 13:41:06 --> [ERROR] Undefined variable $data FCPATH/plugins/Accounting/index.php:243
ERROR - 2025-02-09 13:46:04 --> [ERROR] Undefined variable $data FCPATH/plugins/Accounting/index.php:243
ERROR - 2025-02-09 13:46:10 --> [ERROR] Undefined variable $data FCPATH/plugins/Accounting/index.php:243
ERROR - 2025-02-09 13:52:03 --> [ERROR] Undefined variable $data FCPATH/plugins/Accounting/index.php:243
ERROR - 2025-02-09 13:52:06 --> [ERROR] Undefined variable $data FCPATH/plugins/Accounting/index.php:243
ERROR - 2025-02-09 13:58:03 --> [ERROR] Undefined variable $data FCPATH/plugins/Accounting/index.php:243
ERROR - 2025-02-09 13:58:07 --> [ERROR] Undefined variable $data FCPATH/plugins/Accounting/index.php:243
ERROR - 2025-02-09 14:04:03 --> [ERROR] Undefined variable $data FCPATH/plugins/Accounting/index.php:243
ERROR - 2025-02-09 14:04:07 --> [ERROR] Undefined variable $data FCPATH/plugins/Accounting/index.php:243
ERROR - 2025-02-09 14:10:03 --> [ERROR] Undefined variable $data FCPATH/plugins/Accounting/index.php:243
ERROR - 2025-02-09 14:10:07 --> [ERROR] Undefined variable $data FCPATH/plugins/Accounting/index.php:243
ERROR - 2025-02-09 14:16:03 --> [ERROR] Undefined variable $data FCPATH/plugins/Accounting/index.php:243
ERROR - 2025-02-09 14:16:07 --> [ERROR] Undefined variable $data FCPATH/plugins/Accounting/index.php:243
ERROR - 2025-02-09 14:22:03 --> [ERROR] Undefined variable $data FCPATH/plugins/Accounting/index.php:243
ERROR - 2025-02-09 14:22:07 --> [ERROR] Undefined variable $data FCPATH/plugins/Accounting/index.php:269
ERROR - 2025-02-09 14:22:08 --> [ERROR] Undefined variable $data FCPATH/plugins/Accounting/index.php:243
ERROR - 2025-02-09 14:27:04 --> [ERROR] Undefined variable $data FCPATH/plugins/Accounting/index.php:243
ERROR - 2025-02-09 14:27:07 --> [ERROR] Undefined variable $data FCPATH/plugins/Accounting/index.php:243
ERROR - 2025-02-09 14:33:02 --> [ERROR] Undefined variable $data FCPATH/plugins/Accounting/index.php:243
ERROR - 2025-02-09 14:33:06 --> [ERROR] Undefined variable $data FCPATH/plugins/Accounting/index.php:243
ERROR - 2025-02-09 14:39:03 --> [ERROR] Undefined variable $data FCPATH/plugins/Accounting/index.php:243
ERROR - 2025-02-09 14:39:06 --> [ERROR] Undefined variable $data FCPATH/plugins/Accounting/index.php:243
ERROR - 2025-02-09 14:45:03 --> [ERROR] Undefined variable $data FCPATH/plugins/Accounting/index.php:243
ERROR - 2025-02-09 14:45:07 --> [ERROR] Undefined variable $data FCPATH/plugins/Accounting/index.php:243
ERROR - 2025-02-09 14:51:03 --> [ERROR] Undefined variable $data FCPATH/plugins/Accounting/index.php:243
ERROR - 2025-02-09 14:51:07 --> [ERROR] Undefined variable $data FCPATH/plugins/Accounting/index.php:243
ERROR - 2025-02-09 14:57:03 --> [ERROR] Undefined variable $data FCPATH/plugins/Accounting/index.php:243
ERROR - 2025-02-09 14:57:07 --> [ERROR] Undefined variable $data FCPATH/plugins/Accounting/index.php:243
ERROR - 2025-02-09 15:02:03 --> [ERROR] Undefined variable $data FCPATH/plugins/Accounting/index.php:243
ERROR - 2025-02-09 15:02:07 --> [ERROR] Undefined variable $data FCPATH/plugins/Accounting/index.php:243
ERROR - 2025-02-09 15:08:04 --> [ERROR] Undefined variable $data FCPATH/plugins/Accounting/index.php:243
ERROR - 2025-02-09 15:08:08 --> [ERROR] Undefined variable $data FCPATH/plugins/Accounting/index.php:243
ERROR - 2025-02-09 15:14:03 --> [ERROR] Undefined variable $data FCPATH/plugins/Accounting/index.php:243
ERROR - 2025-02-09 15:14:06 --> [ERROR] Undefined variable $data FCPATH/plugins/Accounting/index.php:243
ERROR - 2025-02-09 15:20:03 --> [ERROR] Undefined variable $data FCPATH/plugins/Accounting/index.php:243
ERROR - 2025-02-09 15:20:07 --> [ERROR] Undefined variable $data FCPATH/plugins/Accounting/index.php:243
ERROR - 2025-02-09 15:26:02 --> [ERROR] Undefined variable $data FCPATH/plugins/Accounting/index.php:243
ERROR - 2025-02-09 15:26:06 --> [ERROR] Undefined variable $data FCPATH/plugins/Accounting/index.php:243
ERROR - 2025-02-09 15:32:03 --> [ERROR] Undefined variable $data FCPATH/plugins/Accounting/index.php:243
ERROR - 2025-02-09 15:32:07 --> [ERROR] Undefined variable $data FCPATH/plugins/Accounting/index.php:269
ERROR - 2025-02-09 15:32:07 --> [ERROR] Undefined variable $data FCPATH/plugins/Accounting/index.php:269
ERROR - 2025-02-09 15:32:08 --> [ERROR] Undefined variable $data FCPATH/plugins/Accounting/index.php:269
ERROR - 2025-02-09 15:32:09 --> [ERROR] Undefined variable $data FCPATH/plugins/Accounting/index.php:269
ERROR - 2025-02-09 15:32:10 --> [ERROR] Undefined variable $data FCPATH/plugins/Accounting/index.php:269
ERROR - 2025-02-09 15:32:11 --> [ERROR] Undefined variable $data FCPATH/plugins/Accounting/index.php:243
ERROR - 2025-02-09 15:37:03 --> [ERROR] Undefined variable $data FCPATH/plugins/Accounting/index.php:243
ERROR - 2025-02-09 15:37:08 --> [ERROR] Undefined variable $data FCPATH/plugins/Accounting/index.php:243
ERROR - 2025-02-09 15:43:03 --> [ERROR] Undefined variable $data FCPATH/plugins/Accounting/index.php:243
ERROR - 2025-02-09 15:43:06 --> [ERROR] Undefined variable $data FCPATH/plugins/Accounting/index.php:243
ERROR - 2025-02-09 15:49:03 --> [ERROR] Undefined variable $data FCPATH/plugins/Accounting/index.php:243
ERROR - 2025-02-09 15:49:06 --> [ERROR] Undefined variable $data FCPATH/plugins/Accounting/index.php:243
ERROR - 2025-02-09 15:55:03 --> [ERROR] Undefined variable $data FCPATH/plugins/Accounting/index.php:243
ERROR - 2025-02-09 15:55:06 --> [ERROR] Undefined variable $data FCPATH/plugins/Accounting/index.php:243
ERROR - 2025-02-09 16:00:04 --> [ERROR] Undefined variable $data FCPATH/plugins/Accounting/index.php:243
ERROR - 2025-02-09 16:00:08 --> [ERROR] Undefined variable $data FCPATH/plugins/Accounting/index.php:243
ERROR - 2025-02-09 16:06:03 --> [ERROR] Undefined variable $data FCPATH/plugins/Accounting/index.php:243
ERROR - 2025-02-09 16:06:06 --> [ERROR] Undefined variable $data FCPATH/plugins/Accounting/index.php:269
ERROR - 2025-02-09 16:06:07 --> [ERROR] Undefined variable $data FCPATH/plugins/Accounting/index.php:243
ERROR - 2025-02-09 16:12:03 --> [ERROR] Undefined variable $data FCPATH/plugins/Accounting/index.php:243
ERROR - 2025-02-09 16:12:06 --> [ERROR] Undefined variable $data FCPATH/plugins/Accounting/index.php:243
ERROR - 2025-02-09 16:18:03 --> [ERROR] Undefined variable $data FCPATH/plugins/Accounting/index.php:243
ERROR - 2025-02-09 16:18:06 --> [ERROR] Undefined variable $data FCPATH/plugins/Accounting/index.php:269
ERROR - 2025-02-09 16:18:07 --> [ERROR] Undefined variable $data FCPATH/plugins/Accounting/index.php:243
ERROR - 2025-02-09 16:24:03 --> [ERROR] Undefined variable $data FCPATH/plugins/Accounting/index.php:243
ERROR - 2025-02-09 16:24:07 --> [ERROR] Undefined variable $data FCPATH/plugins/Accounting/index.php:243
ERROR - 2025-02-09 16:29:03 --> [ERROR] Undefined variable $data FCPATH/plugins/Accounting/index.php:243
ERROR - 2025-02-09 16:29:07 --> [ERROR] Undefined variable $data FCPATH/plugins/Accounting/index.php:243
ERROR - 2025-02-09 16:35:03 --> [ERROR] Undefined variable $data FCPATH/plugins/Accounting/index.php:243
ERROR - 2025-02-09 16:35:06 --> [ERROR] Undefined variable $data FCPATH/plugins/Accounting/index.php:243
ERROR - 2025-02-09 16:41:03 --> [ERROR] Undefined variable $data FCPATH/plugins/Accounting/index.php:243
ERROR - 2025-02-09 16:41:06 --> [ERROR] Undefined variable $data FCPATH/plugins/Accounting/index.php:243
ERROR - 2025-02-09 16:47:03 --> [ERROR] Undefined variable $data FCPATH/plugins/Accounting/index.php:243
ERROR - 2025-02-09 16:47:08 --> [ERROR] Undefined variable $data FCPATH/plugins/Accounting/index.php:243
ERROR - 2025-02-09 16:53:03 --> [ERROR] Undefined variable $data FCPATH/plugins/Accounting/index.php:243
ERROR - 2025-02-09 16:53:07 --> [ERROR] Undefined variable $data FCPATH/plugins/Accounting/index.php:243
ERROR - 2025-02-09 16:58:03 --> [ERROR] Undefined variable $data FCPATH/plugins/Accounting/index.php:243
ERROR - 2025-02-09 16:58:07 --> [ERROR] Undefined variable $data FCPATH/plugins/Accounting/index.php:243
ERROR - 2025-02-09 17:04:03 --> [ERROR] Undefined variable $data FCPATH/plugins/Accounting/index.php:243
ERROR - 2025-02-09 17:04:07 --> [ERROR] Undefined variable $data FCPATH/plugins/Accounting/index.php:243
ERROR - 2025-02-09 17:09:03 --> [ERROR] Undefined variable $data FCPATH/plugins/Accounting/index.php:243
ERROR - 2025-02-09 17:09:07 --> [ERROR] Undefined variable $data FCPATH/plugins/Accounting/index.php:243
ERROR - 2025-02-09 17:15:03 --> [ERROR] Undefined variable $data FCPATH/plugins/Accounting/index.php:243
ERROR - 2025-02-09 17:15:07 --> [ERROR] Undefined variable $data FCPATH/plugins/Accounting/index.php:243
ERROR - 2025-02-09 17:21:03 --> [ERROR] Undefined variable $data FCPATH/plugins/Accounting/index.php:243
ERROR - 2025-02-09 17:21:06 --> [ERROR] Undefined variable $data FCPATH/plugins/Accounting/index.php:243
ERROR - 2025-02-09 17:27:03 --> [ERROR] Undefined variable $data FCPATH/plugins/Accounting/index.php:243
ERROR - 2025-02-09 17:27:07 --> [ERROR] Undefined variable $data FCPATH/plugins/Accounting/index.php:243
ERROR - 2025-02-09 17:32:03 --> [ERROR] Undefined variable $data FCPATH/plugins/Accounting/index.php:243
ERROR - 2025-02-09 17:32:07 --> [ERROR] Undefined variable $data FCPATH/plugins/Accounting/index.php:243
ERROR - 2025-02-09 17:38:04 --> [ERROR] Undefined variable $data FCPATH/plugins/Accounting/index.php:243
ERROR - 2025-02-09 17:38:08 --> [ERROR] Undefined variable $data FCPATH/plugins/Accounting/index.php:243
ERROR - 2025-02-09 17:43:04 --> [ERROR] Undefined variable $data FCPATH/plugins/Accounting/index.php:243
ERROR - 2025-02-09 17:43:08 --> [ERROR] Undefined variable $data FCPATH/plugins/Accounting/index.php:243
ERROR - 2025-02-09 17:49:03 --> [ERROR] Undefined variable $data FCPATH/plugins/Accounting/index.php:243
ERROR - 2025-02-09 17:49:07 --> [ERROR] Undefined variable $data FCPATH/plugins/Accounting/index.php:243
ERROR - 2025-02-09 17:55:03 --> [ERROR] Undefined variable $data FCPATH/plugins/Accounting/index.php:243
ERROR - 2025-02-09 17:55:06 --> [ERROR] Undefined variable $data FCPATH/plugins/Accounting/index.php:243
ERROR - 2025-02-09 18:00:04 --> [ERROR] Undefined variable $data FCPATH/plugins/Accounting/index.php:243
ERROR - 2025-02-09 18:00:07 --> [ERROR] Undefined variable $data FCPATH/plugins/Accounting/index.php:243
ERROR - 2025-02-09 18:06:03 --> [ERROR] Undefined variable $data FCPATH/plugins/Accounting/index.php:243
ERROR - 2025-02-09 18:06:07 --> [ERROR] Undefined variable $data FCPATH/plugins/Accounting/index.php:269
ERROR - 2025-02-09 18:06:08 --> [ERROR] Undefined variable $data FCPATH/plugins/Accounting/index.php:243
ERROR - 2025-02-09 18:12:03 --> [ERROR] Undefined variable $data FCPATH/plugins/Accounting/index.php:243
ERROR - 2025-02-09 18:12:08 --> [ERROR] Undefined variable $data FCPATH/plugins/Accounting/index.php:243
ERROR - 2025-02-09 18:18:03 --> [ERROR] Undefined variable $data FCPATH/plugins/Accounting/index.php:243
ERROR - 2025-02-09 18:18:07 --> [ERROR] Undefined variable $data FCPATH/plugins/Accounting/index.php:243
ERROR - 2025-02-09 18:24:03 --> [ERROR] Undefined variable $data FCPATH/plugins/Accounting/index.php:243
ERROR - 2025-02-09 18:24:07 --> [ERROR] Undefined variable $data FCPATH/plugins/Accounting/index.php:243
ERROR - 2025-02-09 18:30:04 --> [ERROR] Undefined variable $data FCPATH/plugins/Accounting/index.php:243
ERROR - 2025-02-09 18:30:07 --> [ERROR] Undefined variable $data FCPATH/plugins/Accounting/index.php:269
ERROR - 2025-02-09 18:30:08 --> [ERROR] Undefined variable $data FCPATH/plugins/Accounting/index.php:243
ERROR - 2025-02-09 18:36:04 --> [ERROR] Undefined variable $data FCPATH/plugins/Accounting/index.php:243
ERROR - 2025-02-09 18:36:07 --> [ERROR] Undefined variable $data FCPATH/plugins/Accounting/index.php:243
ERROR - 2025-02-09 18:42:02 --> [ERROR] Undefined variable $data FCPATH/plugins/Accounting/index.php:243
ERROR - 2025-02-09 18:42:06 --> [ERROR] Undefined variable $data FCPATH/plugins/Accounting/index.php:243
ERROR - 2025-02-09 18:48:03 --> [ERROR] Undefined variable $data FCPATH/plugins/Accounting/index.php:243
ERROR - 2025-02-09 18:48:06 --> [ERROR] Undefined variable $data FCPATH/plugins/Accounting/index.php:243
ERROR - 2025-02-09 18:54:03 --> [ERROR] Undefined variable $data FCPATH/plugins/Accounting/index.php:243
ERROR - 2025-02-09 18:54:06 --> [ERROR] Undefined variable $data FCPATH/plugins/Accounting/index.php:243
CRITICAL - 2025-02-09 18:58:51 --> CodeIgniter\HTTP\Exceptions\HTTPException: The provided JSON format is not supported.
[Method: GET, Route: signin]
in SYSTEMPATH/Validation/Validation.php on line 515.
 1 SYSTEMPATH/Validation/Validation.php(515): CodeIgniter\HTTP\Exceptions\HTTPException::forUnsupportedJSONFormat()
 2 SYSTEMPATH/Controller.php(137): CodeIgniter\Validation\Validation->withRequest(Object(CodeIgniter\HTTP\IncomingRequest))
 3 APPPATH/Controllers/App_Controller.php(265): CodeIgniter\Controller->validate([...])
 4 APPPATH/Controllers/Signin.php(53): App\Controllers\App_Controller->validate_submitted_data([...], false, false)
 5 SYSTEMPATH/CodeIgniter.php(933): App\Controllers\Signin->index()
 6 SYSTEMPATH/CodeIgniter.php(509): CodeIgniter\CodeIgniter->runController(Object(App\Controllers\Signin))
 7 SYSTEMPATH/CodeIgniter.php(355): CodeIgniter\CodeIgniter->handleRequest(null, Object(Config\Cache), false)
 8 SYSTEMPATH/Boot.php(325): CodeIgniter\CodeIgniter->run()
 9 SYSTEMPATH/Boot.php(67): CodeIgniter\Boot::runCodeIgniter(Object(CodeIgniter\CodeIgniter))
10 FCPATH/index.php(149): CodeIgniter\Boot::bootWeb(Object(Config\Paths))
ERROR - 2025-02-09 18:58:56 --> [ERROR] Undefined variable $data FCPATH/plugins/Accounting/index.php:269
CRITICAL - 2025-02-09 18:58:56 --> TypeError: str_contains(): Argument #1 ($haystack) must be of type string, null given
[Method: POST, Route: signin/send_reset_password_mail]
in SYSTEMPATH/Email/Email.php on line 753.
 1 SYSTEMPATH/Email/Email.php(753): str_contains(null, ',')
 2 SYSTEMPATH/Email/Email.php(556): CodeIgniter\Email\Email->stringToArray(null)
 3 APPPATH/Helpers/general_helper.php(540): CodeIgniter\Email\Email->setTo(null)
 4 APPPATH/Controllers/Signin.php(343): send_app_mail(null, '', '<div style="background-color: #eeeeef; padding: 50px 0; "><div style="max-width:640px; margin:0 auto; "><div style="color: #fff; text-align: center; background-color:#33333e; padding: 30px; border-top-left-radius: 3px; border-top-right-radius: 3px; margin: 0;"><h1>Reset Password</h1>
 </div>
 <div style="padding: 20px; background-color: rgb(255, 255, 255); color:#555;">                    <p style="font-size: 14px;"> Hello Jesus Alberto Aguilera  ,<br><br>A password reset request has been created for your account.&nbsp;</p>
                    <p style="font-size: 14px;"> To initiate the password reset process, please click on the following link:</p>
                    <p style="font-size: 14px;"><a href="https://app.monaros.co/sistema/index.php/signin/new_password/UUQRhzXSqA" target="_blank">Reset Password</a></p>
                    <p style="font-size: 14px;"></p>
                    <p style=""><span style="font-size: 14px; line-height: 20px;"><br></span></p>
<p style=""><span style="font-size: 14px; line-height: 20px;">If you\'ve received this mail in error, it\'s likely that another user entered your email address by mistake while trying to reset a password.</span><br></p>
<p style=""><span style="font-size: 14px; line-height: 20px;">If you didn\'t initiate the request, you don\'t need to take any further action and can safely disregard this email.</span><br></p>
<p style="font-size: 14px;"><br></p>
<p style="font-size: 14px;">Powered By: &lt;a href=&quot;http://fairsketch.com/&quot; target=&quot;_blank&quot;&gt;fairsketch &lt;/a&gt;</p>
                </div>
            </div>
        </div>')
 5 SYSTEMPATH/CodeIgniter.php(933): App\Controllers\Signin->send_reset_password_mail()
 6 SYSTEMPATH/CodeIgniter.php(509): CodeIgniter\CodeIgniter->runController(Object(App\Controllers\Signin))
 7 SYSTEMPATH/CodeIgniter.php(355): CodeIgniter\CodeIgniter->handleRequest(null, Object(Config\Cache), false)
 8 SYSTEMPATH/Boot.php(325): CodeIgniter\CodeIgniter->run()
 9 SYSTEMPATH/Boot.php(67): CodeIgniter\Boot::runCodeIgniter(Object(CodeIgniter\CodeIgniter))
10 FCPATH/index.php(149): CodeIgniter\Boot::bootWeb(Object(Config\Paths))
ERROR - 2025-02-09 18:58:58 --> [ERROR] Undefined variable $data FCPATH/plugins/Accounting/index.php:269
ERROR - 2025-02-09 18:58:58 --> [ERROR] Undefined variable $data FCPATH/plugins/Accounting/index.php:269
ERROR - 2025-02-09 18:59:03 --> Email: sendWithSmtp throwed ErrorException: fsockopen(): Unable to connect to ssl://app.monaros.co:465 (Connection timed out) in /home2/appnaros/public_html/sistema/system/Email/Email.php:1896
Stack trace:
#0 [internal function]: CodeIgniter\Debug\Exceptions->errorHandler(2, 'fsockopen(): Un...', '/home2/appnaros...', 1896)
#1 /home2/appnaros/public_html/sistema/system/Email/Email.php(1896): fsockopen('ssl://app.monar...', 465, NULL, NULL, 5)
#2 /home2/appnaros/public_html/sistema/system/Email/Email.php(1809): CodeIgniter\Email\Email->SMTPConnect()
#3 /home2/appnaros/public_html/sistema/system/Email/Email.php(1694): CodeIgniter\Email\Email->sendWithSmtp()
#4 /home2/appnaros/public_html/sistema/system/Email/Email.php(1589): CodeIgniter\Email\Email->spoolEmail()
#5 /home2/appnaros/public_html/sistema/app/Helpers/general_helper.php(578): CodeIgniter\Email\Email->send()
#6 /home2/appnaros/public_html/sistema/app/Controllers/Signup.php(274): send_app_mail('uacrescentou50s...', 'Welcome!', '<div style="bac...')
#7 /home2/appnaros/public_html/sistema/system/CodeIgniter.php(933): App\Controllers\Signup->create_account()
#8 /home2/appnaros/public_html/sistema/system/CodeIgniter.php(509): CodeIgniter\CodeIgniter->runController(Object(App\Controllers\Signup))
#9 /home2/appnaros/public_html/sistema/system/CodeIgniter.php(355): CodeIgniter\CodeIgniter->handleRequest(NULL, Object(Config\Cache), false)
#10 /home2/appnaros/public_html/sistema/system/Boot.php(325): CodeIgniter\CodeIgniter->run()
#11 /home2/appnaros/public_html/sistema/system/Boot.php(67): CodeIgniter\Boot::runCodeIgniter(Object(CodeIgniter\CodeIgniter))
#12 /home2/appnaros/public_html/sistema/index.php(149): CodeIgniter\Boot::bootWeb(Object(Config\Paths))
#13 {main}
ERROR - 2025-02-09 18:59:03 --> Email: Unable to send email using SMTP. Your server might not be configured to send mail using this method.
ERROR - 2025-02-09 18:59:03 --> 
ERROR - 2025-02-09 18:59:03 --> [ERROR] Undefined variable $data FCPATH/plugins/Accounting/index.php:243
WARNING - 2025-02-09 18:59:06 --> [DEPRECATED] password_hash(): Passing null to parameter #1 ($password) of type string is deprecated in APPPATH/Controllers/Signup.php on line 101.
 1 APPPATH/Controllers/Signup.php(101): password_hash(Object(SensitiveParameterValue), '2y')
 2 SYSTEMPATH/CodeIgniter.php(933): App\Controllers\Signup->create_account()
 3 SYSTEMPATH/CodeIgniter.php(509): CodeIgniter\CodeIgniter->runController(Object(App\Controllers\Signup))
 4 SYSTEMPATH/CodeIgniter.php(355): CodeIgniter\CodeIgniter->handleRequest(null, Object(Config\Cache), false)
 5 SYSTEMPATH/Boot.php(325): CodeIgniter\CodeIgniter->run()
 6 SYSTEMPATH/Boot.php(67): CodeIgniter\Boot::runCodeIgniter(Object(CodeIgniter\CodeIgniter))
 7 FCPATH/index.php(149): CodeIgniter\Boot::bootWeb(Object(Config\Paths))
ERROR - 2025-02-09 18:59:07 --> [ERROR] Undefined variable $data FCPATH/plugins/Accounting/index.php:243
ERROR - 2025-02-09 19:05:03 --> [ERROR] Undefined variable $data FCPATH/plugins/Accounting/index.php:243
ERROR - 2025-02-09 19:05:06 --> [ERROR] Undefined variable $data FCPATH/plugins/Accounting/index.php:243
ERROR - 2025-02-09 19:10:03 --> [ERROR] Undefined variable $data FCPATH/plugins/Accounting/index.php:243
ERROR - 2025-02-09 19:10:06 --> [ERROR] Undefined variable $data FCPATH/plugins/Accounting/index.php:269
ERROR - 2025-02-09 19:10:07 --> [ERROR] Undefined variable $data FCPATH/plugins/Accounting/index.php:243
ERROR - 2025-02-09 19:16:03 --> [ERROR] Undefined variable $data FCPATH/plugins/Accounting/index.php:243
ERROR - 2025-02-09 19:16:06 --> [ERROR] Undefined variable $data FCPATH/plugins/Accounting/index.php:243
ERROR - 2025-02-09 19:22:03 --> [ERROR] Undefined variable $data FCPATH/plugins/Accounting/index.php:243
ERROR - 2025-02-09 19:22:06 --> [ERROR] Undefined variable $data FCPATH/plugins/Accounting/index.php:243
ERROR - 2025-02-09 19:28:03 --> [ERROR] Undefined variable $data FCPATH/plugins/Accounting/index.php:243
ERROR - 2025-02-09 19:28:07 --> [ERROR] Undefined variable $data FCPATH/plugins/Accounting/index.php:243
ERROR - 2025-02-09 19:34:03 --> [ERROR] Undefined variable $data FCPATH/plugins/Accounting/index.php:243
ERROR - 2025-02-09 19:34:07 --> [ERROR] Undefined variable $data FCPATH/plugins/Accounting/index.php:243
ERROR - 2025-02-09 19:39:03 --> [ERROR] Undefined variable $data FCPATH/plugins/Accounting/index.php:243
ERROR - 2025-02-09 19:39:07 --> [ERROR] Undefined variable $data FCPATH/plugins/Accounting/index.php:243
ERROR - 2025-02-09 19:45:03 --> [ERROR] Undefined variable $data FCPATH/plugins/Accounting/index.php:243
ERROR - 2025-02-09 19:45:06 --> [ERROR] Undefined variable $data FCPATH/plugins/Accounting/index.php:269
ERROR - 2025-02-09 19:45:07 --> [ERROR] Undefined variable $data FCPATH/plugins/Accounting/index.php:243
ERROR - 2025-02-09 19:51:02 --> [ERROR] Undefined variable $data FCPATH/plugins/Accounting/index.php:243
ERROR - 2025-02-09 19:51:06 --> [ERROR] Undefined variable $data FCPATH/plugins/Accounting/index.php:243
ERROR - 2025-02-09 19:57:03 --> [ERROR] Undefined variable $data FCPATH/plugins/Accounting/index.php:243
ERROR - 2025-02-09 19:57:06 --> [ERROR] Undefined variable $data FCPATH/plugins/Accounting/index.php:243
ERROR - 2025-02-09 20:03:03 --> [ERROR] Undefined variable $data FCPATH/plugins/Accounting/index.php:243
ERROR - 2025-02-09 20:03:07 --> [ERROR] Undefined variable $data FCPATH/plugins/Accounting/index.php:243
ERROR - 2025-02-09 20:09:03 --> [ERROR] Undefined variable $data FCPATH/plugins/Accounting/index.php:243
ERROR - 2025-02-09 20:09:06 --> [ERROR] Undefined variable $data FCPATH/plugins/Accounting/index.php:243
ERROR - 2025-02-09 20:15:03 --> [ERROR] Undefined variable $data FCPATH/plugins/Accounting/index.php:243
ERROR - 2025-02-09 20:15:06 --> [ERROR] Undefined variable $data FCPATH/plugins/Accounting/index.php:243
ERROR - 2025-02-09 20:21:03 --> [ERROR] Undefined variable $data FCPATH/plugins/Accounting/index.php:243
ERROR - 2025-02-09 20:21:06 --> [ERROR] Undefined variable $data FCPATH/plugins/Accounting/index.php:243
ERROR - 2025-02-09 20:27:04 --> [ERROR] Undefined variable $data FCPATH/plugins/Accounting/index.php:243
ERROR - 2025-02-09 20:27:07 --> [ERROR] Undefined variable $data FCPATH/plugins/Accounting/index.php:243
ERROR - 2025-02-09 20:33:03 --> [ERROR] Undefined variable $data FCPATH/plugins/Accounting/index.php:243
ERROR - 2025-02-09 20:33:07 --> [ERROR] Undefined variable $data FCPATH/plugins/Accounting/index.php:243
ERROR - 2025-02-09 20:39:02 --> [ERROR] Undefined variable $data FCPATH/plugins/Accounting/index.php:243
ERROR - 2025-02-09 20:39:06 --> [ERROR] Undefined variable $data FCPATH/plugins/Accounting/index.php:243
ERROR - 2025-02-09 20:45:03 --> [ERROR] Undefined variable $data FCPATH/plugins/Accounting/index.php:243
ERROR - 2025-02-09 20:45:07 --> [ERROR] Undefined variable $data FCPATH/plugins/Accounting/index.php:243
ERROR - 2025-02-09 20:51:03 --> [ERROR] Undefined variable $data FCPATH/plugins/Accounting/index.php:243
ERROR - 2025-02-09 20:51:06 --> [ERROR] Undefined variable $data FCPATH/plugins/Accounting/index.php:243
ERROR - 2025-02-09 20:57:03 --> [ERROR] Undefined variable $data FCPATH/plugins/Accounting/index.php:243
ERROR - 2025-02-09 20:57:09 --> [ERROR] Undefined variable $data FCPATH/plugins/Accounting/index.php:243
ERROR - 2025-02-09 21:03:02 --> [ERROR] Undefined variable $data FCPATH/plugins/Accounting/index.php:243
ERROR - 2025-02-09 21:03:07 --> [ERROR] Undefined variable $data FCPATH/plugins/Accounting/index.php:243
ERROR - 2025-02-09 21:09:03 --> [ERROR] Undefined variable $data FCPATH/plugins/Accounting/index.php:243
ERROR - 2025-02-09 21:09:07 --> [ERROR] Undefined variable $data FCPATH/plugins/Accounting/index.php:243
ERROR - 2025-02-09 21:15:03 --> [ERROR] Undefined variable $data FCPATH/plugins/Accounting/index.php:243
ERROR - 2025-02-09 21:15:07 --> [ERROR] Undefined variable $data FCPATH/plugins/Accounting/index.php:243
ERROR - 2025-02-09 21:21:03 --> [ERROR] Undefined variable $data FCPATH/plugins/Accounting/index.php:243
ERROR - 2025-02-09 21:21:07 --> [ERROR] Undefined variable $data FCPATH/plugins/Accounting/index.php:243
ERROR - 2025-02-09 21:26:03 --> [ERROR] Undefined variable $data FCPATH/plugins/Accounting/index.php:243
ERROR - 2025-02-09 21:26:06 --> [ERROR] Undefined variable $data FCPATH/plugins/Accounting/index.php:243
ERROR - 2025-02-09 21:32:02 --> [ERROR] Undefined variable $data FCPATH/plugins/Accounting/index.php:243
ERROR - 2025-02-09 21:32:06 --> [ERROR] Undefined variable $data FCPATH/plugins/Accounting/index.php:243
ERROR - 2025-02-09 21:38:03 --> [ERROR] Undefined variable $data FCPATH/plugins/Accounting/index.php:243
ERROR - 2025-02-09 21:38:07 --> [ERROR] Undefined variable $data FCPATH/plugins/Accounting/index.php:243
ERROR - 2025-02-09 21:44:03 --> [ERROR] Undefined variable $data FCPATH/plugins/Accounting/index.php:243
ERROR - 2025-02-09 21:44:07 --> [ERROR] Undefined variable $data FCPATH/plugins/Accounting/index.php:243
ERROR - 2025-02-09 21:50:03 --> [ERROR] Undefined variable $data FCPATH/plugins/Accounting/index.php:243
ERROR - 2025-02-09 21:50:07 --> [ERROR] Undefined variable $data FCPATH/plugins/Accounting/index.php:243
ERROR - 2025-02-09 21:55:03 --> [ERROR] Undefined variable $data FCPATH/plugins/Accounting/index.php:243
ERROR - 2025-02-09 21:55:06 --> [ERROR] Undefined variable $data FCPATH/plugins/Accounting/index.php:269
ERROR - 2025-02-09 21:55:07 --> [ERROR] Undefined variable $data FCPATH/plugins/Accounting/index.php:243
ERROR - 2025-02-09 22:01:03 --> [ERROR] Undefined variable $data FCPATH/plugins/Accounting/index.php:243
ERROR - 2025-02-09 22:01:07 --> [ERROR] Undefined variable $data FCPATH/plugins/Accounting/index.php:243
ERROR - 2025-02-09 22:07:03 --> [ERROR] Undefined variable $data FCPATH/plugins/Accounting/index.php:243
ERROR - 2025-02-09 22:07:07 --> [ERROR] Undefined variable $data FCPATH/plugins/Accounting/index.php:243
ERROR - 2025-02-09 22:13:03 --> [ERROR] Undefined variable $data FCPATH/plugins/Accounting/index.php:243
ERROR - 2025-02-09 22:13:07 --> [ERROR] Undefined variable $data FCPATH/plugins/Accounting/index.php:243
ERROR - 2025-02-09 22:18:03 --> [ERROR] Undefined variable $data FCPATH/plugins/Accounting/index.php:243
ERROR - 2025-02-09 22:18:07 --> [ERROR] Undefined variable $data FCPATH/plugins/Accounting/index.php:243
ERROR - 2025-02-09 22:24:03 --> [ERROR] Undefined variable $data FCPATH/plugins/Accounting/index.php:243
ERROR - 2025-02-09 22:24:06 --> [ERROR] Undefined variable $data FCPATH/plugins/Accounting/index.php:243
ERROR - 2025-02-09 22:30:03 --> [ERROR] Undefined variable $data FCPATH/plugins/Accounting/index.php:243
ERROR - 2025-02-09 22:30:07 --> [ERROR] Undefined variable $data FCPATH/plugins/Accounting/index.php:243
ERROR - 2025-02-09 22:36:03 --> [ERROR] Undefined variable $data FCPATH/plugins/Accounting/index.php:243
ERROR - 2025-02-09 22:36:07 --> [ERROR] Undefined variable $data FCPATH/plugins/Accounting/index.php:243
ERROR - 2025-02-09 22:42:03 --> [ERROR] Undefined variable $data FCPATH/plugins/Accounting/index.php:243
ERROR - 2025-02-09 22:42:10 --> [ERROR] Undefined variable $data FCPATH/plugins/Accounting/index.php:243
ERROR - 2025-02-09 22:47:03 --> [ERROR] Undefined variable $data FCPATH/plugins/Accounting/index.php:243
ERROR - 2025-02-09 22:47:06 --> [ERROR] Undefined variable $data FCPATH/plugins/Accounting/index.php:243
ERROR - 2025-02-09 22:53:03 --> [ERROR] Undefined variable $data FCPATH/plugins/Accounting/index.php:243
ERROR - 2025-02-09 22:53:06 --> [ERROR] Undefined variable $data FCPATH/plugins/Accounting/index.php:243
ERROR - 2025-02-09 22:59:03 --> [ERROR] Undefined variable $data FCPATH/plugins/Accounting/index.php:243
ERROR - 2025-02-09 22:59:06 --> [ERROR] Undefined variable $data FCPATH/plugins/Accounting/index.php:243
ERROR - 2025-02-09 23:05:03 --> [ERROR] Undefined variable $data FCPATH/plugins/Accounting/index.php:243
ERROR - 2025-02-09 23:05:06 --> [ERROR] Undefined variable $data FCPATH/plugins/Accounting/index.php:243
ERROR - 2025-02-09 23:10:03 --> [ERROR] Undefined variable $data FCPATH/plugins/Accounting/index.php:243
ERROR - 2025-02-09 23:10:06 --> [ERROR] Undefined variable $data FCPATH/plugins/Accounting/index.php:243
ERROR - 2025-02-09 23:16:03 --> [ERROR] Undefined variable $data FCPATH/plugins/Accounting/index.php:243
ERROR - 2025-02-09 23:16:06 --> [ERROR] Undefined variable $data FCPATH/plugins/Accounting/index.php:243
ERROR - 2025-02-09 23:22:03 --> [ERROR] Undefined variable $data FCPATH/plugins/Accounting/index.php:243
ERROR - 2025-02-09 23:22:08 --> [ERROR] Undefined variable $data FCPATH/plugins/Accounting/index.php:243
ERROR - 2025-02-09 23:28:02 --> [ERROR] Undefined variable $data FCPATH/plugins/Accounting/index.php:243
ERROR - 2025-02-09 23:28:06 --> [ERROR] Undefined variable $data FCPATH/plugins/Accounting/index.php:243
ERROR - 2025-02-09 23:34:03 --> [ERROR] Undefined variable $data FCPATH/plugins/Accounting/index.php:243
ERROR - 2025-02-09 23:34:06 --> [ERROR] Undefined variable $data FCPATH/plugins/Accounting/index.php:243
ERROR - 2025-02-09 23:40:04 --> [ERROR] Undefined variable $data FCPATH/plugins/Accounting/index.php:243
ERROR - 2025-02-09 23:40:07 --> [ERROR] Undefined variable $data FCPATH/plugins/Accounting/index.php:243
ERROR - 2025-02-09 23:46:03 --> [ERROR] Undefined variable $data FCPATH/plugins/Accounting/index.php:243
ERROR - 2025-02-09 23:46:07 --> [ERROR] Undefined variable $data FCPATH/plugins/Accounting/index.php:243
ERROR - 2025-02-09 23:52:03 --> [ERROR] Undefined variable $data FCPATH/plugins/Accounting/index.php:243
ERROR - 2025-02-09 23:52:06 --> [ERROR] Undefined variable $data FCPATH/plugins/Accounting/index.php:243
ERROR - 2025-02-09 23:58:03 --> [ERROR] Undefined variable $data FCPATH/plugins/Accounting/index.php:243
ERROR - 2025-02-09 23:58:06 --> [ERROR] Undefined variable $data FCPATH/plugins/Accounting/index.php:243
