ERROR - 2025-11-11 13:03:31 --> Email: sendWithSmtp throwed ErrorException: fsockopen(): Unable to connect to ssl://app.monaros.co:465 (Connection timed out) in /var/www/erp/si002/system/Email/Email.php:1901
Stack trace:
#0 [internal function]: CodeIgniter\Debug\Exceptions->errorHandler()
#1 /var/www/erp/si002/system/Email/Email.php(1901): fsockopen()
#2 /var/www/erp/si002/system/Email/Email.php(1809): CodeIgniter\Email\Email->SMTPConnect()
#3 /var/www/erp/si002/system/Email/Email.php(1694): CodeIgniter\Email\Email->sendWithSmtp()
#4 /var/www/erp/si002/system/Email/Email.php(1589): CodeIgniter\Email\Email->spoolEmail()
#5 /var/www/erp/si002/app/Helpers/general_helper.php(578): CodeIgniter\Email\Email->send()
#6 /var/www/erp/si002/app/Helpers/notifications_helper.php(1045): send_app_mail()
#7 /var/www/erp/si002/app/Models/Notifications_model.php(612): send_notification_emails()
#8 /var/www/erp/si002/app/Controllers/Notification_processor.php(132): App\Models\Notifications_model->create_notification()
#9 /var/www/erp/si002/system/CodeIgniter.php(933): App\Controllers\Notification_processor->create_notification()
#10 /var/www/erp/si002/system/CodeIgniter.php(509): CodeIgniter\CodeIgniter->runController()
#11 /var/www/erp/si002/system/CodeIgniter.php(355): CodeIgniter\CodeIgniter->handleRequest()
#12 /var/www/erp/si002/system/Boot.php(325): CodeIgniter\CodeIgniter->run()
#13 /var/www/erp/si002/system/Boot.php(67): CodeIgniter\Boot::runCodeIgniter()
#14 /var/www/erp/si002/index.php(140): CodeIgniter\Boot::bootWeb()
#15 {main}
ERROR - 2025-11-11 13:03:31 --> Email: Unable to send email using SMTP. Your server might not be configured to send mail using this method.
ERROR - 2025-11-11 13:03:31 --> 
ERROR - 2025-11-11 13:03:36 --> Email: sendWithSmtp throwed ErrorException: fsockopen(): Unable to connect to ssl://app.monaros.co:465 (Connection timed out) in /var/www/erp/si002/system/Email/Email.php:1901
Stack trace:
#0 [internal function]: CodeIgniter\Debug\Exceptions->errorHandler()
#1 /var/www/erp/si002/system/Email/Email.php(1901): fsockopen()
#2 /var/www/erp/si002/system/Email/Email.php(1809): CodeIgniter\Email\Email->SMTPConnect()
#3 /var/www/erp/si002/system/Email/Email.php(1694): CodeIgniter\Email\Email->sendWithSmtp()
#4 /var/www/erp/si002/system/Email/Email.php(1589): CodeIgniter\Email\Email->spoolEmail()
#5 /var/www/erp/si002/app/Helpers/general_helper.php(578): CodeIgniter\Email\Email->send()
#6 /var/www/erp/si002/app/Helpers/notifications_helper.php(1045): send_app_mail()
#7 /var/www/erp/si002/app/Models/Notifications_model.php(612): send_notification_emails()
#8 /var/www/erp/si002/app/Controllers/Notification_processor.php(132): App\Models\Notifications_model->create_notification()
#9 /var/www/erp/si002/system/CodeIgniter.php(933): App\Controllers\Notification_processor->create_notification()
#10 /var/www/erp/si002/system/CodeIgniter.php(509): CodeIgniter\CodeIgniter->runController()
#11 /var/www/erp/si002/system/CodeIgniter.php(355): CodeIgniter\CodeIgniter->handleRequest()
#12 /var/www/erp/si002/system/Boot.php(325): CodeIgniter\CodeIgniter->run()
#13 /var/www/erp/si002/system/Boot.php(67): CodeIgniter\Boot::runCodeIgniter()
#14 /var/www/erp/si002/index.php(140): CodeIgniter\Boot::bootWeb()
#15 {main}
ERROR - 2025-11-11 13:03:36 --> Email: Unable to send email using SMTP. Your server might not be configured to send mail using this method.
ERROR - 2025-11-11 13:03:36 --> 
ERROR - 2025-11-11 13:03:53 --> Email: sendWithSmtp throwed ErrorException: fsockopen(): Unable to connect to ssl://app.monaros.co:465 (Connection timed out) in /var/www/erp/si002/system/Email/Email.php:1901
Stack trace:
#0 [internal function]: CodeIgniter\Debug\Exceptions->errorHandler()
#1 /var/www/erp/si002/system/Email/Email.php(1901): fsockopen()
#2 /var/www/erp/si002/system/Email/Email.php(1809): CodeIgniter\Email\Email->SMTPConnect()
#3 /var/www/erp/si002/system/Email/Email.php(1694): CodeIgniter\Email\Email->sendWithSmtp()
#4 /var/www/erp/si002/system/Email/Email.php(1589): CodeIgniter\Email\Email->spoolEmail()
#5 /var/www/erp/si002/app/Helpers/general_helper.php(578): CodeIgniter\Email\Email->send()
#6 /var/www/erp/si002/app/Helpers/notifications_helper.php(1045): send_app_mail()
#7 /var/www/erp/si002/app/Models/Notifications_model.php(612): send_notification_emails()
#8 /var/www/erp/si002/app/Controllers/Notification_processor.php(132): App\Models\Notifications_model->create_notification()
#9 /var/www/erp/si002/system/CodeIgniter.php(933): App\Controllers\Notification_processor->create_notification()
#10 /var/www/erp/si002/system/CodeIgniter.php(509): CodeIgniter\CodeIgniter->runController()
#11 /var/www/erp/si002/system/CodeIgniter.php(355): CodeIgniter\CodeIgniter->handleRequest()
#12 /var/www/erp/si002/system/Boot.php(325): CodeIgniter\CodeIgniter->run()
#13 /var/www/erp/si002/system/Boot.php(67): CodeIgniter\Boot::runCodeIgniter()
#14 /var/www/erp/si002/index.php(140): CodeIgniter\Boot::bootWeb()
#15 {main}
ERROR - 2025-11-11 13:03:53 --> Email: Unable to send email using SMTP. Your server might not be configured to send mail using this method.
ERROR - 2025-11-11 13:03:53 --> 
ERROR - 2025-11-11 13:03:58 --> Email: sendWithSmtp throwed ErrorException: fsockopen(): Unable to connect to ssl://app.monaros.co:465 (Connection timed out) in /var/www/erp/si002/system/Email/Email.php:1901
Stack trace:
#0 [internal function]: CodeIgniter\Debug\Exceptions->errorHandler()
#1 /var/www/erp/si002/system/Email/Email.php(1901): fsockopen()
#2 /var/www/erp/si002/system/Email/Email.php(1809): CodeIgniter\Email\Email->SMTPConnect()
#3 /var/www/erp/si002/system/Email/Email.php(1694): CodeIgniter\Email\Email->sendWithSmtp()
#4 /var/www/erp/si002/system/Email/Email.php(1589): CodeIgniter\Email\Email->spoolEmail()
#5 /var/www/erp/si002/app/Helpers/general_helper.php(578): CodeIgniter\Email\Email->send()
#6 /var/www/erp/si002/app/Helpers/notifications_helper.php(1045): send_app_mail()
#7 /var/www/erp/si002/app/Models/Notifications_model.php(612): send_notification_emails()
#8 /var/www/erp/si002/app/Controllers/Notification_processor.php(132): App\Models\Notifications_model->create_notification()
#9 /var/www/erp/si002/system/CodeIgniter.php(933): App\Controllers\Notification_processor->create_notification()
#10 /var/www/erp/si002/system/CodeIgniter.php(509): CodeIgniter\CodeIgniter->runController()
#11 /var/www/erp/si002/system/CodeIgniter.php(355): CodeIgniter\CodeIgniter->handleRequest()
#12 /var/www/erp/si002/system/Boot.php(325): CodeIgniter\CodeIgniter->run()
#13 /var/www/erp/si002/system/Boot.php(67): CodeIgniter\Boot::runCodeIgniter()
#14 /var/www/erp/si002/index.php(140): CodeIgniter\Boot::bootWeb()
#15 {main}
ERROR - 2025-11-11 13:03:58 --> Email: Unable to send email using SMTP. Your server might not be configured to send mail using this method.
ERROR - 2025-11-11 13:03:58 --> 
ERROR - 2025-11-11 13:04:03 --> Email: sendWithSmtp throwed ErrorException: fsockopen(): Unable to connect to ssl://app.monaros.co:465 (Connection timed out) in /var/www/erp/si002/system/Email/Email.php:1901
Stack trace:
#0 [internal function]: CodeIgniter\Debug\Exceptions->errorHandler()
#1 /var/www/erp/si002/system/Email/Email.php(1901): fsockopen()
#2 /var/www/erp/si002/system/Email/Email.php(1809): CodeIgniter\Email\Email->SMTPConnect()
#3 /var/www/erp/si002/system/Email/Email.php(1694): CodeIgniter\Email\Email->sendWithSmtp()
#4 /var/www/erp/si002/system/Email/Email.php(1589): CodeIgniter\Email\Email->spoolEmail()
#5 /var/www/erp/si002/app/Helpers/general_helper.php(578): CodeIgniter\Email\Email->send()
#6 /var/www/erp/si002/app/Helpers/notifications_helper.php(1045): send_app_mail()
#7 /var/www/erp/si002/app/Models/Notifications_model.php(612): send_notification_emails()
#8 /var/www/erp/si002/app/Controllers/Notification_processor.php(132): App\Models\Notifications_model->create_notification()
#9 /var/www/erp/si002/system/CodeIgniter.php(933): App\Controllers\Notification_processor->create_notification()
#10 /var/www/erp/si002/system/CodeIgniter.php(509): CodeIgniter\CodeIgniter->runController()
#11 /var/www/erp/si002/system/CodeIgniter.php(355): CodeIgniter\CodeIgniter->handleRequest()
#12 /var/www/erp/si002/system/Boot.php(325): CodeIgniter\CodeIgniter->run()
#13 /var/www/erp/si002/system/Boot.php(67): CodeIgniter\Boot::runCodeIgniter()
#14 /var/www/erp/si002/index.php(140): CodeIgniter\Boot::bootWeb()
#15 {main}
ERROR - 2025-11-11 13:04:03 --> Email: Unable to send email using SMTP. Your server might not be configured to send mail using this method.
ERROR - 2025-11-11 13:04:03 --> 
ERROR - 2025-11-11 13:04:09 --> Email: sendWithSmtp throwed ErrorException: fsockopen(): Unable to connect to ssl://app.monaros.co:465 (Connection timed out) in /var/www/erp/si002/system/Email/Email.php:1901
Stack trace:
#0 [internal function]: CodeIgniter\Debug\Exceptions->errorHandler()
#1 /var/www/erp/si002/system/Email/Email.php(1901): fsockopen()
#2 /var/www/erp/si002/system/Email/Email.php(1809): CodeIgniter\Email\Email->SMTPConnect()
#3 /var/www/erp/si002/system/Email/Email.php(1694): CodeIgniter\Email\Email->sendWithSmtp()
#4 /var/www/erp/si002/system/Email/Email.php(1589): CodeIgniter\Email\Email->spoolEmail()
#5 /var/www/erp/si002/app/Helpers/general_helper.php(578): CodeIgniter\Email\Email->send()
#6 /var/www/erp/si002/app/Helpers/notifications_helper.php(1045): send_app_mail()
#7 /var/www/erp/si002/app/Models/Notifications_model.php(612): send_notification_emails()
#8 /var/www/erp/si002/app/Controllers/Notification_processor.php(132): App\Models\Notifications_model->create_notification()
#9 /var/www/erp/si002/system/CodeIgniter.php(933): App\Controllers\Notification_processor->create_notification()
#10 /var/www/erp/si002/system/CodeIgniter.php(509): CodeIgniter\CodeIgniter->runController()
#11 /var/www/erp/si002/system/CodeIgniter.php(355): CodeIgniter\CodeIgniter->handleRequest()
#12 /var/www/erp/si002/system/Boot.php(325): CodeIgniter\CodeIgniter->run()
#13 /var/www/erp/si002/system/Boot.php(67): CodeIgniter\Boot::runCodeIgniter()
#14 /var/www/erp/si002/index.php(140): CodeIgniter\Boot::bootWeb()
#15 {main}
ERROR - 2025-11-11 13:04:09 --> Email: Unable to send email using SMTP. Your server might not be configured to send mail using this method.
ERROR - 2025-11-11 13:04:09 --> 
WARNING - 2025-11-11 13:05:17 --> [DEPRECATED] explode(): Passing null to parameter #2 ($string) of type string is deprecated in APPPATH/Controllers/Public_routes.php on line 560.
 1 APPPATH/Controllers/Public_routes.php(560): explode('--::--', null)
 2 SYSTEMPATH/CodeIgniter.php(933): App\Controllers\Public_routes->search_ticket_by_cod('BA001')
 3 SYSTEMPATH/CodeIgniter.php(509): CodeIgniter\CodeIgniter->runController(Object(App\Controllers\Public_routes))
 4 SYSTEMPATH/CodeIgniter.php(355): CodeIgniter\CodeIgniter->handleRequest(null, Object(Config\Cache), false)
 5 SYSTEMPATH/Boot.php(325): CodeIgniter\CodeIgniter->run()
 6 SYSTEMPATH/Boot.php(67): CodeIgniter\Boot::runCodeIgniter(Object(CodeIgniter\CodeIgniter))
 7 FCPATH/index.php(140): CodeIgniter\Boot::bootWeb(Object(Config\Paths))
WARNING - 2025-11-11 13:05:17 --> [DEPRECATED] explode(): Passing null to parameter #2 ($string) of type string is deprecated in APPPATH/Controllers/Public_routes.php on line 560.
 1 APPPATH/Controllers/Public_routes.php(560): explode('--::--', null)
 2 SYSTEMPATH/CodeIgniter.php(933): App\Controllers\Public_routes->search_ticket_by_cod('BA001')
 3 SYSTEMPATH/CodeIgniter.php(509): CodeIgniter\CodeIgniter->runController(Object(App\Controllers\Public_routes))
 4 SYSTEMPATH/CodeIgniter.php(355): CodeIgniter\CodeIgniter->handleRequest(null, Object(Config\Cache), false)
 5 SYSTEMPATH/Boot.php(325): CodeIgniter\CodeIgniter->run()
 6 SYSTEMPATH/Boot.php(67): CodeIgniter\Boot::runCodeIgniter(Object(CodeIgniter\CodeIgniter))
 7 FCPATH/index.php(140): CodeIgniter\Boot::bootWeb(Object(Config\Paths))
WARNING - 2025-11-11 13:05:17 --> [DEPRECATED] explode(): Passing null to parameter #2 ($string) of type string is deprecated in APPPATH/Controllers/Public_routes.php on line 560.
 1 APPPATH/Controllers/Public_routes.php(560): explode('--::--', null)
 2 SYSTEMPATH/CodeIgniter.php(933): App\Controllers\Public_routes->search_ticket_by_cod('BA001')
 3 SYSTEMPATH/CodeIgniter.php(509): CodeIgniter\CodeIgniter->runController(Object(App\Controllers\Public_routes))
 4 SYSTEMPATH/CodeIgniter.php(355): CodeIgniter\CodeIgniter->handleRequest(null, Object(Config\Cache), false)
 5 SYSTEMPATH/Boot.php(325): CodeIgniter\CodeIgniter->run()
 6 SYSTEMPATH/Boot.php(67): CodeIgniter\Boot::runCodeIgniter(Object(CodeIgniter\CodeIgniter))
 7 FCPATH/index.php(140): CodeIgniter\Boot::bootWeb(Object(Config\Paths))
WARNING - 2025-11-11 13:05:17 --> [DEPRECATED] explode(): Passing null to parameter #2 ($string) of type string is deprecated in APPPATH/Controllers/Public_routes.php on line 560.
 1 APPPATH/Controllers/Public_routes.php(560): explode('--::--', null)
 2 SYSTEMPATH/CodeIgniter.php(933): App\Controllers\Public_routes->search_ticket_by_cod('BA001')
 3 SYSTEMPATH/CodeIgniter.php(509): CodeIgniter\CodeIgniter->runController(Object(App\Controllers\Public_routes))
 4 SYSTEMPATH/CodeIgniter.php(355): CodeIgniter\CodeIgniter->handleRequest(null, Object(Config\Cache), false)
 5 SYSTEMPATH/Boot.php(325): CodeIgniter\CodeIgniter->run()
 6 SYSTEMPATH/Boot.php(67): CodeIgniter\Boot::runCodeIgniter(Object(CodeIgniter\CodeIgniter))
 7 FCPATH/index.php(140): CodeIgniter\Boot::bootWeb(Object(Config\Paths))
WARNING - 2025-11-11 13:05:17 --> [DEPRECATED] explode(): Passing null to parameter #2 ($string) of type string is deprecated in APPPATH/Controllers/Public_routes.php on line 560.
 1 APPPATH/Controllers/Public_routes.php(560): explode('--::--', null)
 2 SYSTEMPATH/CodeIgniter.php(933): App\Controllers\Public_routes->search_ticket_by_cod('BA001')
 3 SYSTEMPATH/CodeIgniter.php(509): CodeIgniter\CodeIgniter->runController(Object(App\Controllers\Public_routes))
 4 SYSTEMPATH/CodeIgniter.php(355): CodeIgniter\CodeIgniter->handleRequest(null, Object(Config\Cache), false)
 5 SYSTEMPATH/Boot.php(325): CodeIgniter\CodeIgniter->run()
 6 SYSTEMPATH/Boot.php(67): CodeIgniter\Boot::runCodeIgniter(Object(CodeIgniter\CodeIgniter))
 7 FCPATH/index.php(140): CodeIgniter\Boot::bootWeb(Object(Config\Paths))
WARNING - 2025-11-11 13:05:17 --> [DEPRECATED] explode(): Passing null to parameter #2 ($string) of type string is deprecated in APPPATH/Controllers/Public_routes.php on line 560.
 1 APPPATH/Controllers/Public_routes.php(560): explode('--::--', null)
 2 SYSTEMPATH/CodeIgniter.php(933): App\Controllers\Public_routes->search_ticket_by_cod('BA001')
 3 SYSTEMPATH/CodeIgniter.php(509): CodeIgniter\CodeIgniter->runController(Object(App\Controllers\Public_routes))
 4 SYSTEMPATH/CodeIgniter.php(355): CodeIgniter\CodeIgniter->handleRequest(null, Object(Config\Cache), false)
 5 SYSTEMPATH/Boot.php(325): CodeIgniter\CodeIgniter->run()
 6 SYSTEMPATH/Boot.php(67): CodeIgniter\Boot::runCodeIgniter(Object(CodeIgniter\CodeIgniter))
 7 FCPATH/index.php(140): CodeIgniter\Boot::bootWeb(Object(Config\Paths))
WARNING - 2025-11-11 13:05:17 --> [DEPRECATED] explode(): Passing null to parameter #2 ($string) of type string is deprecated in APPPATH/Controllers/Public_routes.php on line 560.
 1 APPPATH/Controllers/Public_routes.php(560): explode('--::--', null)
 2 SYSTEMPATH/CodeIgniter.php(933): App\Controllers\Public_routes->search_ticket_by_cod('BA001')
 3 SYSTEMPATH/CodeIgniter.php(509): CodeIgniter\CodeIgniter->runController(Object(App\Controllers\Public_routes))
 4 SYSTEMPATH/CodeIgniter.php(355): CodeIgniter\CodeIgniter->handleRequest(null, Object(Config\Cache), false)
 5 SYSTEMPATH/Boot.php(325): CodeIgniter\CodeIgniter->run()
 6 SYSTEMPATH/Boot.php(67): CodeIgniter\Boot::runCodeIgniter(Object(CodeIgniter\CodeIgniter))
 7 FCPATH/index.php(140): CodeIgniter\Boot::bootWeb(Object(Config\Paths))
WARNING - 2025-11-11 13:05:17 --> [DEPRECATED] explode(): Passing null to parameter #2 ($string) of type string is deprecated in APPPATH/Controllers/Public_routes.php on line 560.
 1 APPPATH/Controllers/Public_routes.php(560): explode('--::--', null)
 2 SYSTEMPATH/CodeIgniter.php(933): App\Controllers\Public_routes->search_ticket_by_cod('BA001')
 3 SYSTEMPATH/CodeIgniter.php(509): CodeIgniter\CodeIgniter->runController(Object(App\Controllers\Public_routes))
 4 SYSTEMPATH/CodeIgniter.php(355): CodeIgniter\CodeIgniter->handleRequest(null, Object(Config\Cache), false)
 5 SYSTEMPATH/Boot.php(325): CodeIgniter\CodeIgniter->run()
 6 SYSTEMPATH/Boot.php(67): CodeIgniter\Boot::runCodeIgniter(Object(CodeIgniter\CodeIgniter))
 7 FCPATH/index.php(140): CodeIgniter\Boot::bootWeb(Object(Config\Paths))
WARNING - 2025-11-11 13:05:17 --> [DEPRECATED] explode(): Passing null to parameter #2 ($string) of type string is deprecated in APPPATH/Controllers/Public_routes.php on line 560.
 1 APPPATH/Controllers/Public_routes.php(560): explode('--::--', null)
 2 SYSTEMPATH/CodeIgniter.php(933): App\Controllers\Public_routes->search_ticket_by_cod('BA001')
 3 SYSTEMPATH/CodeIgniter.php(509): CodeIgniter\CodeIgniter->runController(Object(App\Controllers\Public_routes))
 4 SYSTEMPATH/CodeIgniter.php(355): CodeIgniter\CodeIgniter->handleRequest(null, Object(Config\Cache), false)
 5 SYSTEMPATH/Boot.php(325): CodeIgniter\CodeIgniter->run()
 6 SYSTEMPATH/Boot.php(67): CodeIgniter\Boot::runCodeIgniter(Object(CodeIgniter\CodeIgniter))
 7 FCPATH/index.php(140): CodeIgniter\Boot::bootWeb(Object(Config\Paths))
WARNING - 2025-11-11 13:05:17 --> [DEPRECATED] explode(): Passing null to parameter #2 ($string) of type string is deprecated in APPPATH/Controllers/Public_routes.php on line 560.
 1 APPPATH/Controllers/Public_routes.php(560): explode('--::--', null)
 2 SYSTEMPATH/CodeIgniter.php(933): App\Controllers\Public_routes->search_ticket_by_cod('BA001')
 3 SYSTEMPATH/CodeIgniter.php(509): CodeIgniter\CodeIgniter->runController(Object(App\Controllers\Public_routes))
 4 SYSTEMPATH/CodeIgniter.php(355): CodeIgniter\CodeIgniter->handleRequest(null, Object(Config\Cache), false)
 5 SYSTEMPATH/Boot.php(325): CodeIgniter\CodeIgniter->run()
 6 SYSTEMPATH/Boot.php(67): CodeIgniter\Boot::runCodeIgniter(Object(CodeIgniter\CodeIgniter))
 7 FCPATH/index.php(140): CodeIgniter\Boot::bootWeb(Object(Config\Paths))
WARNING - 2025-11-11 13:05:17 --> [DEPRECATED] explode(): Passing null to parameter #2 ($string) of type string is deprecated in APPPATH/Controllers/Public_routes.php on line 560.
 1 APPPATH/Controllers/Public_routes.php(560): explode('--::--', null)
 2 SYSTEMPATH/CodeIgniter.php(933): App\Controllers\Public_routes->search_ticket_by_cod('BA001')
 3 SYSTEMPATH/CodeIgniter.php(509): CodeIgniter\CodeIgniter->runController(Object(App\Controllers\Public_routes))
 4 SYSTEMPATH/CodeIgniter.php(355): CodeIgniter\CodeIgniter->handleRequest(null, Object(Config\Cache), false)
 5 SYSTEMPATH/Boot.php(325): CodeIgniter\CodeIgniter->run()
 6 SYSTEMPATH/Boot.php(67): CodeIgniter\Boot::runCodeIgniter(Object(CodeIgniter\CodeIgniter))
 7 FCPATH/index.php(140): CodeIgniter\Boot::bootWeb(Object(Config\Paths))
WARNING - 2025-11-11 13:05:17 --> [DEPRECATED] explode(): Passing null to parameter #2 ($string) of type string is deprecated in APPPATH/Controllers/Public_routes.php on line 560.
 1 APPPATH/Controllers/Public_routes.php(560): explode('--::--', null)
 2 SYSTEMPATH/CodeIgniter.php(933): App\Controllers\Public_routes->search_ticket_by_cod('BA001')
 3 SYSTEMPATH/CodeIgniter.php(509): CodeIgniter\CodeIgniter->runController(Object(App\Controllers\Public_routes))
 4 SYSTEMPATH/CodeIgniter.php(355): CodeIgniter\CodeIgniter->handleRequest(null, Object(Config\Cache), false)
 5 SYSTEMPATH/Boot.php(325): CodeIgniter\CodeIgniter->run()
 6 SYSTEMPATH/Boot.php(67): CodeIgniter\Boot::runCodeIgniter(Object(CodeIgniter\CodeIgniter))
 7 FCPATH/index.php(140): CodeIgniter\Boot::bootWeb(Object(Config\Paths))
WARNING - 2025-11-11 13:05:17 --> [DEPRECATED] explode(): Passing null to parameter #2 ($string) of type string is deprecated in APPPATH/Controllers/Public_routes.php on line 560.
 1 APPPATH/Controllers/Public_routes.php(560): explode('--::--', null)
 2 SYSTEMPATH/CodeIgniter.php(933): App\Controllers\Public_routes->search_ticket_by_cod('BA001')
 3 SYSTEMPATH/CodeIgniter.php(509): CodeIgniter\CodeIgniter->runController(Object(App\Controllers\Public_routes))
 4 SYSTEMPATH/CodeIgniter.php(355): CodeIgniter\CodeIgniter->handleRequest(null, Object(Config\Cache), false)
 5 SYSTEMPATH/Boot.php(325): CodeIgniter\CodeIgniter->run()
 6 SYSTEMPATH/Boot.php(67): CodeIgniter\Boot::runCodeIgniter(Object(CodeIgniter\CodeIgniter))
 7 FCPATH/index.php(140): CodeIgniter\Boot::bootWeb(Object(Config\Paths))
WARNING - 2025-11-11 13:05:17 --> [DEPRECATED] explode(): Passing null to parameter #2 ($string) of type string is deprecated in APPPATH/Controllers/Public_routes.php on line 560.
 1 APPPATH/Controllers/Public_routes.php(560): explode('--::--', null)
 2 SYSTEMPATH/CodeIgniter.php(933): App\Controllers\Public_routes->search_ticket_by_cod('BA001')
 3 SYSTEMPATH/CodeIgniter.php(509): CodeIgniter\CodeIgniter->runController(Object(App\Controllers\Public_routes))
 4 SYSTEMPATH/CodeIgniter.php(355): CodeIgniter\CodeIgniter->handleRequest(null, Object(Config\Cache), false)
 5 SYSTEMPATH/Boot.php(325): CodeIgniter\CodeIgniter->run()
 6 SYSTEMPATH/Boot.php(67): CodeIgniter\Boot::runCodeIgniter(Object(CodeIgniter\CodeIgniter))
 7 FCPATH/index.php(140): CodeIgniter\Boot::bootWeb(Object(Config\Paths))
WARNING - 2025-11-11 13:05:17 --> [DEPRECATED] explode(): Passing null to parameter #2 ($string) of type string is deprecated in APPPATH/Controllers/Public_routes.php on line 560.
 1 APPPATH/Controllers/Public_routes.php(560): explode('--::--', null)
 2 SYSTEMPATH/CodeIgniter.php(933): App\Controllers\Public_routes->search_ticket_by_cod('BA001')
 3 SYSTEMPATH/CodeIgniter.php(509): CodeIgniter\CodeIgniter->runController(Object(App\Controllers\Public_routes))
 4 SYSTEMPATH/CodeIgniter.php(355): CodeIgniter\CodeIgniter->handleRequest(null, Object(Config\Cache), false)
 5 SYSTEMPATH/Boot.php(325): CodeIgniter\CodeIgniter->run()
 6 SYSTEMPATH/Boot.php(67): CodeIgniter\Boot::runCodeIgniter(Object(CodeIgniter\CodeIgniter))
 7 FCPATH/index.php(140): CodeIgniter\Boot::bootWeb(Object(Config\Paths))
WARNING - 2025-11-11 13:05:17 --> [DEPRECATED] explode(): Passing null to parameter #2 ($string) of type string is deprecated in APPPATH/Controllers/Public_routes.php on line 560.
 1 APPPATH/Controllers/Public_routes.php(560): explode('--::--', null)
 2 SYSTEMPATH/CodeIgniter.php(933): App\Controllers\Public_routes->search_ticket_by_cod('BA001')
 3 SYSTEMPATH/CodeIgniter.php(509): CodeIgniter\CodeIgniter->runController(Object(App\Controllers\Public_routes))
 4 SYSTEMPATH/CodeIgniter.php(355): CodeIgniter\CodeIgniter->handleRequest(null, Object(Config\Cache), false)
 5 SYSTEMPATH/Boot.php(325): CodeIgniter\CodeIgniter->run()
 6 SYSTEMPATH/Boot.php(67): CodeIgniter\Boot::runCodeIgniter(Object(CodeIgniter\CodeIgniter))
 7 FCPATH/index.php(140): CodeIgniter\Boot::bootWeb(Object(Config\Paths))
WARNING - 2025-11-11 13:05:17 --> [DEPRECATED] explode(): Passing null to parameter #2 ($string) of type string is deprecated in APPPATH/Controllers/Public_routes.php on line 560.
 1 APPPATH/Controllers/Public_routes.php(560): explode('--::--', null)
 2 SYSTEMPATH/CodeIgniter.php(933): App\Controllers\Public_routes->search_ticket_by_cod('BA001')
 3 SYSTEMPATH/CodeIgniter.php(509): CodeIgniter\CodeIgniter->runController(Object(App\Controllers\Public_routes))
 4 SYSTEMPATH/CodeIgniter.php(355): CodeIgniter\CodeIgniter->handleRequest(null, Object(Config\Cache), false)
 5 SYSTEMPATH/Boot.php(325): CodeIgniter\CodeIgniter->run()
 6 SYSTEMPATH/Boot.php(67): CodeIgniter\Boot::runCodeIgniter(Object(CodeIgniter\CodeIgniter))
 7 FCPATH/index.php(140): CodeIgniter\Boot::bootWeb(Object(Config\Paths))
WARNING - 2025-11-11 13:05:17 --> [DEPRECATED] explode(): Passing null to parameter #2 ($string) of type string is deprecated in APPPATH/Controllers/Public_routes.php on line 560.
 1 APPPATH/Controllers/Public_routes.php(560): explode('--::--', null)
 2 SYSTEMPATH/CodeIgniter.php(933): App\Controllers\Public_routes->search_ticket_by_cod('BA001')
 3 SYSTEMPATH/CodeIgniter.php(509): CodeIgniter\CodeIgniter->runController(Object(App\Controllers\Public_routes))
 4 SYSTEMPATH/CodeIgniter.php(355): CodeIgniter\CodeIgniter->handleRequest(null, Object(Config\Cache), false)
 5 SYSTEMPATH/Boot.php(325): CodeIgniter\CodeIgniter->run()
 6 SYSTEMPATH/Boot.php(67): CodeIgniter\Boot::runCodeIgniter(Object(CodeIgniter\CodeIgniter))
 7 FCPATH/index.php(140): CodeIgniter\Boot::bootWeb(Object(Config\Paths))
WARNING - 2025-11-11 13:05:17 --> [DEPRECATED] explode(): Passing null to parameter #2 ($string) of type string is deprecated in APPPATH/Controllers/Public_routes.php on line 560.
 1 APPPATH/Controllers/Public_routes.php(560): explode('--::--', null)
 2 SYSTEMPATH/CodeIgniter.php(933): App\Controllers\Public_routes->search_ticket_by_cod('BA001')
 3 SYSTEMPATH/CodeIgniter.php(509): CodeIgniter\CodeIgniter->runController(Object(App\Controllers\Public_routes))
 4 SYSTEMPATH/CodeIgniter.php(355): CodeIgniter\CodeIgniter->handleRequest(null, Object(Config\Cache), false)
 5 SYSTEMPATH/Boot.php(325): CodeIgniter\CodeIgniter->run()
 6 SYSTEMPATH/Boot.php(67): CodeIgniter\Boot::runCodeIgniter(Object(CodeIgniter\CodeIgniter))
 7 FCPATH/index.php(140): CodeIgniter\Boot::bootWeb(Object(Config\Paths))
WARNING - 2025-11-11 13:05:17 --> [DEPRECATED] explode(): Passing null to parameter #2 ($string) of type string is deprecated in APPPATH/Controllers/Public_routes.php on line 560.
 1 APPPATH/Controllers/Public_routes.php(560): explode('--::--', null)
 2 SYSTEMPATH/CodeIgniter.php(933): App\Controllers\Public_routes->search_ticket_by_cod('BA001')
 3 SYSTEMPATH/CodeIgniter.php(509): CodeIgniter\CodeIgniter->runController(Object(App\Controllers\Public_routes))
 4 SYSTEMPATH/CodeIgniter.php(355): CodeIgniter\CodeIgniter->handleRequest(null, Object(Config\Cache), false)
 5 SYSTEMPATH/Boot.php(325): CodeIgniter\CodeIgniter->run()
 6 SYSTEMPATH/Boot.php(67): CodeIgniter\Boot::runCodeIgniter(Object(CodeIgniter\CodeIgniter))
 7 FCPATH/index.php(140): CodeIgniter\Boot::bootWeb(Object(Config\Paths))
WARNING - 2025-11-11 13:05:17 --> [DEPRECATED] explode(): Passing null to parameter #2 ($string) of type string is deprecated in APPPATH/Controllers/Public_routes.php on line 560.
 1 APPPATH/Controllers/Public_routes.php(560): explode('--::--', null)
 2 SYSTEMPATH/CodeIgniter.php(933): App\Controllers\Public_routes->search_ticket_by_cod('BA001')
 3 SYSTEMPATH/CodeIgniter.php(509): CodeIgniter\CodeIgniter->runController(Object(App\Controllers\Public_routes))
 4 SYSTEMPATH/CodeIgniter.php(355): CodeIgniter\CodeIgniter->handleRequest(null, Object(Config\Cache), false)
 5 SYSTEMPATH/Boot.php(325): CodeIgniter\CodeIgniter->run()
 6 SYSTEMPATH/Boot.php(67): CodeIgniter\Boot::runCodeIgniter(Object(CodeIgniter\CodeIgniter))
 7 FCPATH/index.php(140): CodeIgniter\Boot::bootWeb(Object(Config\Paths))
WARNING - 2025-11-11 13:05:17 --> [DEPRECATED] explode(): Passing null to parameter #2 ($string) of type string is deprecated in APPPATH/Controllers/Public_routes.php on line 560.
 1 APPPATH/Controllers/Public_routes.php(560): explode('--::--', null)
 2 SYSTEMPATH/CodeIgniter.php(933): App\Controllers\Public_routes->search_ticket_by_cod('BA001')
 3 SYSTEMPATH/CodeIgniter.php(509): CodeIgniter\CodeIgniter->runController(Object(App\Controllers\Public_routes))
 4 SYSTEMPATH/CodeIgniter.php(355): CodeIgniter\CodeIgniter->handleRequest(null, Object(Config\Cache), false)
 5 SYSTEMPATH/Boot.php(325): CodeIgniter\CodeIgniter->run()
 6 SYSTEMPATH/Boot.php(67): CodeIgniter\Boot::runCodeIgniter(Object(CodeIgniter\CodeIgniter))
 7 FCPATH/index.php(140): CodeIgniter\Boot::bootWeb(Object(Config\Paths))
WARNING - 2025-11-11 13:05:17 --> [DEPRECATED] explode(): Passing null to parameter #2 ($string) of type string is deprecated in APPPATH/Controllers/Public_routes.php on line 560.
 1 APPPATH/Controllers/Public_routes.php(560): explode('--::--', null)
 2 SYSTEMPATH/CodeIgniter.php(933): App\Controllers\Public_routes->search_ticket_by_cod('BA001')
 3 SYSTEMPATH/CodeIgniter.php(509): CodeIgniter\CodeIgniter->runController(Object(App\Controllers\Public_routes))
 4 SYSTEMPATH/CodeIgniter.php(355): CodeIgniter\CodeIgniter->handleRequest(null, Object(Config\Cache), false)
 5 SYSTEMPATH/Boot.php(325): CodeIgniter\CodeIgniter->run()
 6 SYSTEMPATH/Boot.php(67): CodeIgniter\Boot::runCodeIgniter(Object(CodeIgniter\CodeIgniter))
 7 FCPATH/index.php(140): CodeIgniter\Boot::bootWeb(Object(Config\Paths))
WARNING - 2025-11-11 13:05:17 --> [DEPRECATED] explode(): Passing null to parameter #2 ($string) of type string is deprecated in APPPATH/Controllers/Public_routes.php on line 560.
 1 APPPATH/Controllers/Public_routes.php(560): explode('--::--', null)
 2 SYSTEMPATH/CodeIgniter.php(933): App\Controllers\Public_routes->search_ticket_by_cod('BA001')
 3 SYSTEMPATH/CodeIgniter.php(509): CodeIgniter\CodeIgniter->runController(Object(App\Controllers\Public_routes))
 4 SYSTEMPATH/CodeIgniter.php(355): CodeIgniter\CodeIgniter->handleRequest(null, Object(Config\Cache), false)
 5 SYSTEMPATH/Boot.php(325): CodeIgniter\CodeIgniter->run()
 6 SYSTEMPATH/Boot.php(67): CodeIgniter\Boot::runCodeIgniter(Object(CodeIgniter\CodeIgniter))
 7 FCPATH/index.php(140): CodeIgniter\Boot::bootWeb(Object(Config\Paths))
WARNING - 2025-11-11 13:05:17 --> [DEPRECATED] explode(): Passing null to parameter #2 ($string) of type string is deprecated in APPPATH/Controllers/Public_routes.php on line 560.
 1 APPPATH/Controllers/Public_routes.php(560): explode('--::--', null)
 2 SYSTEMPATH/CodeIgniter.php(933): App\Controllers\Public_routes->search_ticket_by_cod('BA001')
 3 SYSTEMPATH/CodeIgniter.php(509): CodeIgniter\CodeIgniter->runController(Object(App\Controllers\Public_routes))
 4 SYSTEMPATH/CodeIgniter.php(355): CodeIgniter\CodeIgniter->handleRequest(null, Object(Config\Cache), false)
 5 SYSTEMPATH/Boot.php(325): CodeIgniter\CodeIgniter->run()
 6 SYSTEMPATH/Boot.php(67): CodeIgniter\Boot::runCodeIgniter(Object(CodeIgniter\CodeIgniter))
 7 FCPATH/index.php(140): CodeIgniter\Boot::bootWeb(Object(Config\Paths))
WARNING - 2025-11-11 13:05:17 --> [DEPRECATED] explode(): Passing null to parameter #2 ($string) of type string is deprecated in APPPATH/Controllers/Public_routes.php on line 560.
 1 APPPATH/Controllers/Public_routes.php(560): explode('--::--', null)
 2 SYSTEMPATH/CodeIgniter.php(933): App\Controllers\Public_routes->search_ticket_by_cod('BA001')
 3 SYSTEMPATH/CodeIgniter.php(509): CodeIgniter\CodeIgniter->runController(Object(App\Controllers\Public_routes))
 4 SYSTEMPATH/CodeIgniter.php(355): CodeIgniter\CodeIgniter->handleRequest(null, Object(Config\Cache), false)
 5 SYSTEMPATH/Boot.php(325): CodeIgniter\CodeIgniter->run()
 6 SYSTEMPATH/Boot.php(67): CodeIgniter\Boot::runCodeIgniter(Object(CodeIgniter\CodeIgniter))
 7 FCPATH/index.php(140): CodeIgniter\Boot::bootWeb(Object(Config\Paths))
WARNING - 2025-11-11 13:05:17 --> [DEPRECATED] explode(): Passing null to parameter #2 ($string) of type string is deprecated in APPPATH/Controllers/Public_routes.php on line 560.
 1 APPPATH/Controllers/Public_routes.php(560): explode('--::--', null)
 2 SYSTEMPATH/CodeIgniter.php(933): App\Controllers\Public_routes->search_ticket_by_cod('BA001')
 3 SYSTEMPATH/CodeIgniter.php(509): CodeIgniter\CodeIgniter->runController(Object(App\Controllers\Public_routes))
 4 SYSTEMPATH/CodeIgniter.php(355): CodeIgniter\CodeIgniter->handleRequest(null, Object(Config\Cache), false)
 5 SYSTEMPATH/Boot.php(325): CodeIgniter\CodeIgniter->run()
 6 SYSTEMPATH/Boot.php(67): CodeIgniter\Boot::runCodeIgniter(Object(CodeIgniter\CodeIgniter))
 7 FCPATH/index.php(140): CodeIgniter\Boot::bootWeb(Object(Config\Paths))
WARNING - 2025-11-11 13:05:17 --> [DEPRECATED] explode(): Passing null to parameter #2 ($string) of type string is deprecated in APPPATH/Controllers/Public_routes.php on line 560.
 1 APPPATH/Controllers/Public_routes.php(560): explode('--::--', null)
 2 SYSTEMPATH/CodeIgniter.php(933): App\Controllers\Public_routes->search_ticket_by_cod('BA001')
 3 SYSTEMPATH/CodeIgniter.php(509): CodeIgniter\CodeIgniter->runController(Object(App\Controllers\Public_routes))
 4 SYSTEMPATH/CodeIgniter.php(355): CodeIgniter\CodeIgniter->handleRequest(null, Object(Config\Cache), false)
 5 SYSTEMPATH/Boot.php(325): CodeIgniter\CodeIgniter->run()
 6 SYSTEMPATH/Boot.php(67): CodeIgniter\Boot::runCodeIgniter(Object(CodeIgniter\CodeIgniter))
 7 FCPATH/index.php(140): CodeIgniter\Boot::bootWeb(Object(Config\Paths))
WARNING - 2025-11-11 13:05:17 --> [DEPRECATED] explode(): Passing null to parameter #2 ($string) of type string is deprecated in APPPATH/Controllers/Public_routes.php on line 560.
 1 APPPATH/Controllers/Public_routes.php(560): explode('--::--', null)
 2 SYSTEMPATH/CodeIgniter.php(933): App\Controllers\Public_routes->search_ticket_by_cod('BA001')
 3 SYSTEMPATH/CodeIgniter.php(509): CodeIgniter\CodeIgniter->runController(Object(App\Controllers\Public_routes))
 4 SYSTEMPATH/CodeIgniter.php(355): CodeIgniter\CodeIgniter->handleRequest(null, Object(Config\Cache), false)
 5 SYSTEMPATH/Boot.php(325): CodeIgniter\CodeIgniter->run()
 6 SYSTEMPATH/Boot.php(67): CodeIgniter\Boot::runCodeIgniter(Object(CodeIgniter\CodeIgniter))
 7 FCPATH/index.php(140): CodeIgniter\Boot::bootWeb(Object(Config\Paths))
WARNING - 2025-11-11 13:05:17 --> [DEPRECATED] explode(): Passing null to parameter #2 ($string) of type string is deprecated in APPPATH/Controllers/Public_routes.php on line 560.
 1 APPPATH/Controllers/Public_routes.php(560): explode('--::--', null)
 2 SYSTEMPATH/CodeIgniter.php(933): App\Controllers\Public_routes->search_ticket_by_cod('BA001')
 3 SYSTEMPATH/CodeIgniter.php(509): CodeIgniter\CodeIgniter->runController(Object(App\Controllers\Public_routes))
 4 SYSTEMPATH/CodeIgniter.php(355): CodeIgniter\CodeIgniter->handleRequest(null, Object(Config\Cache), false)
 5 SYSTEMPATH/Boot.php(325): CodeIgniter\CodeIgniter->run()
 6 SYSTEMPATH/Boot.php(67): CodeIgniter\Boot::runCodeIgniter(Object(CodeIgniter\CodeIgniter))
 7 FCPATH/index.php(140): CodeIgniter\Boot::bootWeb(Object(Config\Paths))
WARNING - 2025-11-11 13:05:17 --> [DEPRECATED] explode(): Passing null to parameter #2 ($string) of type string is deprecated in APPPATH/Controllers/Public_routes.php on line 560.
 1 APPPATH/Controllers/Public_routes.php(560): explode('--::--', null)
 2 SYSTEMPATH/CodeIgniter.php(933): App\Controllers\Public_routes->search_ticket_by_cod('BA001')
 3 SYSTEMPATH/CodeIgniter.php(509): CodeIgniter\CodeIgniter->runController(Object(App\Controllers\Public_routes))
 4 SYSTEMPATH/CodeIgniter.php(355): CodeIgniter\CodeIgniter->handleRequest(null, Object(Config\Cache), false)
 5 SYSTEMPATH/Boot.php(325): CodeIgniter\CodeIgniter->run()
 6 SYSTEMPATH/Boot.php(67): CodeIgniter\Boot::runCodeIgniter(Object(CodeIgniter\CodeIgniter))
 7 FCPATH/index.php(140): CodeIgniter\Boot::bootWeb(Object(Config\Paths))
WARNING - 2025-11-11 13:05:17 --> [DEPRECATED] explode(): Passing null to parameter #2 ($string) of type string is deprecated in APPPATH/Controllers/Public_routes.php on line 560.
 1 APPPATH/Controllers/Public_routes.php(560): explode('--::--', null)
 2 SYSTEMPATH/CodeIgniter.php(933): App\Controllers\Public_routes->search_ticket_by_cod('BA001')
 3 SYSTEMPATH/CodeIgniter.php(509): CodeIgniter\CodeIgniter->runController(Object(App\Controllers\Public_routes))
 4 SYSTEMPATH/CodeIgniter.php(355): CodeIgniter\CodeIgniter->handleRequest(null, Object(Config\Cache), false)
 5 SYSTEMPATH/Boot.php(325): CodeIgniter\CodeIgniter->run()
 6 SYSTEMPATH/Boot.php(67): CodeIgniter\Boot::runCodeIgniter(Object(CodeIgniter\CodeIgniter))
 7 FCPATH/index.php(140): CodeIgniter\Boot::bootWeb(Object(Config\Paths))
WARNING - 2025-11-11 13:05:17 --> [DEPRECATED] explode(): Passing null to parameter #2 ($string) of type string is deprecated in APPPATH/Controllers/Public_routes.php on line 560.
 1 APPPATH/Controllers/Public_routes.php(560): explode('--::--', null)
 2 SYSTEMPATH/CodeIgniter.php(933): App\Controllers\Public_routes->search_ticket_by_cod('BA001')
 3 SYSTEMPATH/CodeIgniter.php(509): CodeIgniter\CodeIgniter->runController(Object(App\Controllers\Public_routes))
 4 SYSTEMPATH/CodeIgniter.php(355): CodeIgniter\CodeIgniter->handleRequest(null, Object(Config\Cache), false)
 5 SYSTEMPATH/Boot.php(325): CodeIgniter\CodeIgniter->run()
 6 SYSTEMPATH/Boot.php(67): CodeIgniter\Boot::runCodeIgniter(Object(CodeIgniter\CodeIgniter))
 7 FCPATH/index.php(140): CodeIgniter\Boot::bootWeb(Object(Config\Paths))
WARNING - 2025-11-11 13:05:17 --> [DEPRECATED] explode(): Passing null to parameter #2 ($string) of type string is deprecated in APPPATH/Controllers/Public_routes.php on line 560.
 1 APPPATH/Controllers/Public_routes.php(560): explode('--::--', null)
 2 SYSTEMPATH/CodeIgniter.php(933): App\Controllers\Public_routes->search_ticket_by_cod('BA001')
 3 SYSTEMPATH/CodeIgniter.php(509): CodeIgniter\CodeIgniter->runController(Object(App\Controllers\Public_routes))
 4 SYSTEMPATH/CodeIgniter.php(355): CodeIgniter\CodeIgniter->handleRequest(null, Object(Config\Cache), false)
 5 SYSTEMPATH/Boot.php(325): CodeIgniter\CodeIgniter->run()
 6 SYSTEMPATH/Boot.php(67): CodeIgniter\Boot::runCodeIgniter(Object(CodeIgniter\CodeIgniter))
 7 FCPATH/index.php(140): CodeIgniter\Boot::bootWeb(Object(Config\Paths))
WARNING - 2025-11-11 13:05:17 --> [DEPRECATED] explode(): Passing null to parameter #2 ($string) of type string is deprecated in APPPATH/Controllers/Public_routes.php on line 560.
 1 APPPATH/Controllers/Public_routes.php(560): explode('--::--', null)
 2 SYSTEMPATH/CodeIgniter.php(933): App\Controllers\Public_routes->search_ticket_by_cod('BA001')
 3 SYSTEMPATH/CodeIgniter.php(509): CodeIgniter\CodeIgniter->runController(Object(App\Controllers\Public_routes))
 4 SYSTEMPATH/CodeIgniter.php(355): CodeIgniter\CodeIgniter->handleRequest(null, Object(Config\Cache), false)
 5 SYSTEMPATH/Boot.php(325): CodeIgniter\CodeIgniter->run()
 6 SYSTEMPATH/Boot.php(67): CodeIgniter\Boot::runCodeIgniter(Object(CodeIgniter\CodeIgniter))
 7 FCPATH/index.php(140): CodeIgniter\Boot::bootWeb(Object(Config\Paths))
WARNING - 2025-11-11 13:05:17 --> [DEPRECATED] explode(): Passing null to parameter #2 ($string) of type string is deprecated in APPPATH/Controllers/Public_routes.php on line 560.
 1 APPPATH/Controllers/Public_routes.php(560): explode('--::--', null)
 2 SYSTEMPATH/CodeIgniter.php(933): App\Controllers\Public_routes->search_ticket_by_cod('BA001')
 3 SYSTEMPATH/CodeIgniter.php(509): CodeIgniter\CodeIgniter->runController(Object(App\Controllers\Public_routes))
 4 SYSTEMPATH/CodeIgniter.php(355): CodeIgniter\CodeIgniter->handleRequest(null, Object(Config\Cache), false)
 5 SYSTEMPATH/Boot.php(325): CodeIgniter\CodeIgniter->run()
 6 SYSTEMPATH/Boot.php(67): CodeIgniter\Boot::runCodeIgniter(Object(CodeIgniter\CodeIgniter))
 7 FCPATH/index.php(140): CodeIgniter\Boot::bootWeb(Object(Config\Paths))
WARNING - 2025-11-11 13:08:15 --> [DEPRECATED] unserialize(): Passing null to parameter #1 ($data) of type string is deprecated in APPPATH/Views/attendance/clock_widget.php on line 19.
 1 APPPATH/Views/attendance/clock_widget.php(19): unserialize(null)
 2 SYSTEMPATH/View/View.php(234): include('/var/www/erp/si002/app/Views/attendance/clock_widget.php')
 3 SYSTEMPATH/View/View.php(237): CodeIgniter\View\View->CodeIgniter\View\{closure}()
 4 SYSTEMPATH/Common.php(1171): CodeIgniter\View\View->render('attendance/clock_widget', [], true)
 5 APPPATH/Libraries/Template.php(38): view('attendance/clock_widget', [...])
 6 APPPATH/Helpers/widget_helper.php(18): App\Libraries\Template->view('attendance/clock_widget', [...])
 7 APPPATH/Controllers/Dashboard.php(1063): clock_widget()
 8 APPPATH/Controllers/Dashboard.php(1054): App\Controllers\Dashboard->_get_widgets_for_staffs('clock_in_out', [...])
 9 APPPATH/Controllers/Dashboard.php(1031): App\Controllers\Dashboard->_make_dashboard_widgets('clock_in_out')
10 APPPATH/Controllers/Dashboard.php(399): App\Controllers\Dashboard->make_dashboard([...])
11 APPPATH/Controllers/Dashboard.php(33): App\Controllers\Dashboard->view('4')
12 SYSTEMPATH/CodeIgniter.php(933): App\Controllers\Dashboard->index()
13 SYSTEMPATH/CodeIgniter.php(509): CodeIgniter\CodeIgniter->runController(Object(App\Controllers\Dashboard))
14 SYSTEMPATH/CodeIgniter.php(355): CodeIgniter\CodeIgniter->handleRequest(null, Object(Config\Cache), false)
15 SYSTEMPATH/Boot.php(325): CodeIgniter\CodeIgniter->run()
16 SYSTEMPATH/Boot.php(67): CodeIgniter\Boot::runCodeIgniter(Object(CodeIgniter\CodeIgniter))
17 FCPATH/index.php(140): CodeIgniter\Boot::bootWeb(Object(Config\Paths))
WARNING - 2025-11-11 13:18:20 --> [DEPRECATED] unserialize(): Passing null to parameter #1 ($data) of type string is deprecated in APPPATH/Views/attendance/clock_widget.php on line 19.
 1 APPPATH/Views/attendance/clock_widget.php(19): unserialize(null)
 2 SYSTEMPATH/View/View.php(234): include('/var/www/erp/si002/app/Views/attendance/clock_widget.php')
 3 SYSTEMPATH/View/View.php(237): CodeIgniter\View\View->CodeIgniter\View\{closure}()
 4 SYSTEMPATH/Common.php(1171): CodeIgniter\View\View->render('attendance/clock_widget', [], true)
 5 APPPATH/Libraries/Template.php(38): view('attendance/clock_widget', [...])
 6 APPPATH/Helpers/widget_helper.php(18): App\Libraries\Template->view('attendance/clock_widget', [...])
 7 APPPATH/Controllers/Dashboard.php(1063): clock_widget()
 8 APPPATH/Controllers/Dashboard.php(1054): App\Controllers\Dashboard->_get_widgets_for_staffs('clock_in_out', [...])
 9 APPPATH/Controllers/Dashboard.php(1031): App\Controllers\Dashboard->_make_dashboard_widgets('clock_in_out')
10 APPPATH/Controllers/Dashboard.php(399): App\Controllers\Dashboard->make_dashboard([...])
11 APPPATH/Controllers/Dashboard.php(33): App\Controllers\Dashboard->view('4')
12 SYSTEMPATH/CodeIgniter.php(933): App\Controllers\Dashboard->index()
13 SYSTEMPATH/CodeIgniter.php(509): CodeIgniter\CodeIgniter->runController(Object(App\Controllers\Dashboard))
14 SYSTEMPATH/CodeIgniter.php(355): CodeIgniter\CodeIgniter->handleRequest(null, Object(Config\Cache), false)
15 SYSTEMPATH/Boot.php(325): CodeIgniter\CodeIgniter->run()
16 SYSTEMPATH/Boot.php(67): CodeIgniter\Boot::runCodeIgniter(Object(CodeIgniter\CodeIgniter))
17 FCPATH/index.php(140): CodeIgniter\Boot::bootWeb(Object(Config\Paths))
