WARNING - 2025-09-20 01:19:54 --> [DEPRECATED] DateTime::__construct(): Passing null to parameter #1 ($datetime) of type string is deprecated in APPPATH/Views/clients/serviciosActivos/index.php on line 35.
 1 APPPATH/Views/clients/serviciosActivos/index.php(35): DateTime->__construct(null)
 2 APPPATH/Views/clients/serviciosActivos/index.php(60): conseguirFechaVencimeinto('29', null)
 3 SYSTEMPATH/View/View.php(234): include('/var/www/erp/si002/app/Views/clients/serviciosActivos/index.php')
 4 SYSTEMPATH/View/View.php(237): CodeIgniter\View\View->CodeIgniter\View\{closure}()
 5 SYSTEMPATH/Common.php(1171): CodeIgniter\View\View->render('clients/serviciosActivos/index', [], true)
 6 APPPATH/Libraries/Template.php(38): view('clients/serviciosActivos/index', [...])
 7 APPPATH/Controllers/Clients.php(2285): App\Libraries\Template->view('clients/serviciosActivos/index', [...])
 8 SYSTEMPATH/CodeIgniter.php(933): App\Controllers\Clients->serviciosActivos('2233')
 9 SYSTEMPATH/CodeIgniter.php(509): CodeIgniter\CodeIgniter->runController(Object(App\Controllers\Clients))
10 SYSTEMPATH/CodeIgniter.php(355): CodeIgniter\CodeIgniter->handleRequest(null, Object(Config\Cache), false)
11 SYSTEMPATH/Boot.php(325): CodeIgniter\CodeIgniter->run()
12 SYSTEMPATH/Boot.php(67): CodeIgniter\Boot::runCodeIgniter(Object(CodeIgniter\CodeIgniter))
13 FCPATH/index.php(140): CodeIgniter\Boot::bootWeb(Object(Config\Paths))
CRITICAL - 2025-09-20 01:20:22 --> ErrorException: Attempt to read property "id" on null
[Method: GET, Route: public_routes/search_ticket_by_phone/573105079701]
in APPPATH/Controllers/Public_routes.php on line 541.
 1 APPPATH/Controllers/Public_routes.php(541): CodeIgniter\Debug\Exceptions->errorHandler()
 2 SYSTEMPATH/CodeIgniter.php(933): App\Controllers\Public_routes->search_ticket_by_phone()
 3 SYSTEMPATH/CodeIgniter.php(509): CodeIgniter\CodeIgniter->runController()
 4 SYSTEMPATH/CodeIgniter.php(355): CodeIgniter\CodeIgniter->handleRequest()
 5 SYSTEMPATH/Boot.php(325): CodeIgniter\CodeIgniter->run()
 6 SYSTEMPATH/Boot.php(67): CodeIgniter\Boot::runCodeIgniter()
 7 FCPATH/index.php(140): CodeIgniter\Boot::bootWeb()
CRITICAL - 2025-09-20 01:21:06 --> ErrorException: Attempt to read property "id" on null
[Method: GET, Route: public_routes/search_ticket_by_phone/573105079701]
in APPPATH/Controllers/Public_routes.php on line 541.
 1 APPPATH/Controllers/Public_routes.php(541): CodeIgniter\Debug\Exceptions->errorHandler()
 2 SYSTEMPATH/CodeIgniter.php(933): App\Controllers\Public_routes->search_ticket_by_phone()
 3 SYSTEMPATH/CodeIgniter.php(509): CodeIgniter\CodeIgniter->runController()
 4 SYSTEMPATH/CodeIgniter.php(355): CodeIgniter\CodeIgniter->handleRequest()
 5 SYSTEMPATH/Boot.php(325): CodeIgniter\CodeIgniter->run()
 6 SYSTEMPATH/Boot.php(67): CodeIgniter\Boot::runCodeIgniter()
 7 FCPATH/index.php(140): CodeIgniter\Boot::bootWeb()
WARNING - 2025-09-20 01:58:25 --> [DEPRECATED] explode(): Passing null to parameter #2 ($string) of type string is deprecated in APPPATH/Controllers/Public_routes.php on line 543.
 1 APPPATH/Controllers/Public_routes.php(543): explode('--::--', null)
 2 SYSTEMPATH/CodeIgniter.php(933): App\Controllers\Public_routes->search_ticket_by_phone('57310 5079701')
 3 SYSTEMPATH/CodeIgniter.php(509): CodeIgniter\CodeIgniter->runController(Object(App\Controllers\Public_routes))
 4 SYSTEMPATH/CodeIgniter.php(355): CodeIgniter\CodeIgniter->handleRequest(null, Object(Config\Cache), false)
 5 SYSTEMPATH/Boot.php(325): CodeIgniter\CodeIgniter->run()
 6 SYSTEMPATH/Boot.php(67): CodeIgniter\Boot::runCodeIgniter(Object(CodeIgniter\CodeIgniter))
 7 FCPATH/index.php(140): CodeIgniter\Boot::bootWeb(Object(Config\Paths))
WARNING - 2025-09-20 01:58:25 --> [DEPRECATED] explode(): Passing null to parameter #2 ($string) of type string is deprecated in APPPATH/Controllers/Public_routes.php on line 543.
 1 APPPATH/Controllers/Public_routes.php(543): explode('--::--', null)
 2 SYSTEMPATH/CodeIgniter.php(933): App\Controllers\Public_routes->search_ticket_by_phone('57310 5079701')
 3 SYSTEMPATH/CodeIgniter.php(509): CodeIgniter\CodeIgniter->runController(Object(App\Controllers\Public_routes))
 4 SYSTEMPATH/CodeIgniter.php(355): CodeIgniter\CodeIgniter->handleRequest(null, Object(Config\Cache), false)
 5 SYSTEMPATH/Boot.php(325): CodeIgniter\CodeIgniter->run()
 6 SYSTEMPATH/Boot.php(67): CodeIgniter\Boot::runCodeIgniter(Object(CodeIgniter\CodeIgniter))
 7 FCPATH/index.php(140): CodeIgniter\Boot::bootWeb(Object(Config\Paths))
WARNING - 2025-09-20 01:58:25 --> [DEPRECATED] explode(): Passing null to parameter #2 ($string) of type string is deprecated in APPPATH/Controllers/Public_routes.php on line 543.
 1 APPPATH/Controllers/Public_routes.php(543): explode('--::--', null)
 2 SYSTEMPATH/CodeIgniter.php(933): App\Controllers\Public_routes->search_ticket_by_phone('57310 5079701')
 3 SYSTEMPATH/CodeIgniter.php(509): CodeIgniter\CodeIgniter->runController(Object(App\Controllers\Public_routes))
 4 SYSTEMPATH/CodeIgniter.php(355): CodeIgniter\CodeIgniter->handleRequest(null, Object(Config\Cache), false)
 5 SYSTEMPATH/Boot.php(325): CodeIgniter\CodeIgniter->run()
 6 SYSTEMPATH/Boot.php(67): CodeIgniter\Boot::runCodeIgniter(Object(CodeIgniter\CodeIgniter))
 7 FCPATH/index.php(140): CodeIgniter\Boot::bootWeb(Object(Config\Paths))
WARNING - 2025-09-20 01:58:25 --> [DEPRECATED] explode(): Passing null to parameter #2 ($string) of type string is deprecated in APPPATH/Controllers/Public_routes.php on line 543.
 1 APPPATH/Controllers/Public_routes.php(543): explode('--::--', null)
 2 SYSTEMPATH/CodeIgniter.php(933): App\Controllers\Public_routes->search_ticket_by_phone('57310 5079701')
 3 SYSTEMPATH/CodeIgniter.php(509): CodeIgniter\CodeIgniter->runController(Object(App\Controllers\Public_routes))
 4 SYSTEMPATH/CodeIgniter.php(355): CodeIgniter\CodeIgniter->handleRequest(null, Object(Config\Cache), false)
 5 SYSTEMPATH/Boot.php(325): CodeIgniter\CodeIgniter->run()
 6 SYSTEMPATH/Boot.php(67): CodeIgniter\Boot::runCodeIgniter(Object(CodeIgniter\CodeIgniter))
 7 FCPATH/index.php(140): CodeIgniter\Boot::bootWeb(Object(Config\Paths))
WARNING - 2025-09-20 01:58:25 --> [DEPRECATED] explode(): Passing null to parameter #2 ($string) of type string is deprecated in APPPATH/Controllers/Public_routes.php on line 543.
 1 APPPATH/Controllers/Public_routes.php(543): explode('--::--', null)
 2 SYSTEMPATH/CodeIgniter.php(933): App\Controllers\Public_routes->search_ticket_by_phone('57310 5079701')
 3 SYSTEMPATH/CodeIgniter.php(509): CodeIgniter\CodeIgniter->runController(Object(App\Controllers\Public_routes))
 4 SYSTEMPATH/CodeIgniter.php(355): CodeIgniter\CodeIgniter->handleRequest(null, Object(Config\Cache), false)
 5 SYSTEMPATH/Boot.php(325): CodeIgniter\CodeIgniter->run()
 6 SYSTEMPATH/Boot.php(67): CodeIgniter\Boot::runCodeIgniter(Object(CodeIgniter\CodeIgniter))
 7 FCPATH/index.php(140): CodeIgniter\Boot::bootWeb(Object(Config\Paths))
WARNING - 2025-09-20 01:58:25 --> [DEPRECATED] explode(): Passing null to parameter #2 ($string) of type string is deprecated in APPPATH/Controllers/Public_routes.php on line 543.
 1 APPPATH/Controllers/Public_routes.php(543): explode('--::--', null)
 2 SYSTEMPATH/CodeIgniter.php(933): App\Controllers\Public_routes->search_ticket_by_phone('57310 5079701')
 3 SYSTEMPATH/CodeIgniter.php(509): CodeIgniter\CodeIgniter->runController(Object(App\Controllers\Public_routes))
 4 SYSTEMPATH/CodeIgniter.php(355): CodeIgniter\CodeIgniter->handleRequest(null, Object(Config\Cache), false)
 5 SYSTEMPATH/Boot.php(325): CodeIgniter\CodeIgniter->run()
 6 SYSTEMPATH/Boot.php(67): CodeIgniter\Boot::runCodeIgniter(Object(CodeIgniter\CodeIgniter))
 7 FCPATH/index.php(140): CodeIgniter\Boot::bootWeb(Object(Config\Paths))
WARNING - 2025-09-20 01:58:25 --> [DEPRECATED] explode(): Passing null to parameter #2 ($string) of type string is deprecated in APPPATH/Controllers/Public_routes.php on line 543.
 1 APPPATH/Controllers/Public_routes.php(543): explode('--::--', null)
 2 SYSTEMPATH/CodeIgniter.php(933): App\Controllers\Public_routes->search_ticket_by_phone('57310 5079701')
 3 SYSTEMPATH/CodeIgniter.php(509): CodeIgniter\CodeIgniter->runController(Object(App\Controllers\Public_routes))
 4 SYSTEMPATH/CodeIgniter.php(355): CodeIgniter\CodeIgniter->handleRequest(null, Object(Config\Cache), false)
 5 SYSTEMPATH/Boot.php(325): CodeIgniter\CodeIgniter->run()
 6 SYSTEMPATH/Boot.php(67): CodeIgniter\Boot::runCodeIgniter(Object(CodeIgniter\CodeIgniter))
 7 FCPATH/index.php(140): CodeIgniter\Boot::bootWeb(Object(Config\Paths))
WARNING - 2025-09-20 01:58:25 --> [DEPRECATED] explode(): Passing null to parameter #2 ($string) of type string is deprecated in APPPATH/Controllers/Public_routes.php on line 543.
 1 APPPATH/Controllers/Public_routes.php(543): explode('--::--', null)
 2 SYSTEMPATH/CodeIgniter.php(933): App\Controllers\Public_routes->search_ticket_by_phone('57310 5079701')
 3 SYSTEMPATH/CodeIgniter.php(509): CodeIgniter\CodeIgniter->runController(Object(App\Controllers\Public_routes))
 4 SYSTEMPATH/CodeIgniter.php(355): CodeIgniter\CodeIgniter->handleRequest(null, Object(Config\Cache), false)
 5 SYSTEMPATH/Boot.php(325): CodeIgniter\CodeIgniter->run()
 6 SYSTEMPATH/Boot.php(67): CodeIgniter\Boot::runCodeIgniter(Object(CodeIgniter\CodeIgniter))
 7 FCPATH/index.php(140): CodeIgniter\Boot::bootWeb(Object(Config\Paths))
WARNING - 2025-09-20 01:58:25 --> [DEPRECATED] explode(): Passing null to parameter #2 ($string) of type string is deprecated in APPPATH/Controllers/Public_routes.php on line 543.
 1 APPPATH/Controllers/Public_routes.php(543): explode('--::--', null)
 2 SYSTEMPATH/CodeIgniter.php(933): App\Controllers\Public_routes->search_ticket_by_phone('57310 5079701')
 3 SYSTEMPATH/CodeIgniter.php(509): CodeIgniter\CodeIgniter->runController(Object(App\Controllers\Public_routes))
 4 SYSTEMPATH/CodeIgniter.php(355): CodeIgniter\CodeIgniter->handleRequest(null, Object(Config\Cache), false)
 5 SYSTEMPATH/Boot.php(325): CodeIgniter\CodeIgniter->run()
 6 SYSTEMPATH/Boot.php(67): CodeIgniter\Boot::runCodeIgniter(Object(CodeIgniter\CodeIgniter))
 7 FCPATH/index.php(140): CodeIgniter\Boot::bootWeb(Object(Config\Paths))
WARNING - 2025-09-20 01:58:25 --> [DEPRECATED] explode(): Passing null to parameter #2 ($string) of type string is deprecated in APPPATH/Controllers/Public_routes.php on line 543.
 1 APPPATH/Controllers/Public_routes.php(543): explode('--::--', null)
 2 SYSTEMPATH/CodeIgniter.php(933): App\Controllers\Public_routes->search_ticket_by_phone('57310 5079701')
 3 SYSTEMPATH/CodeIgniter.php(509): CodeIgniter\CodeIgniter->runController(Object(App\Controllers\Public_routes))
 4 SYSTEMPATH/CodeIgniter.php(355): CodeIgniter\CodeIgniter->handleRequest(null, Object(Config\Cache), false)
 5 SYSTEMPATH/Boot.php(325): CodeIgniter\CodeIgniter->run()
 6 SYSTEMPATH/Boot.php(67): CodeIgniter\Boot::runCodeIgniter(Object(CodeIgniter\CodeIgniter))
 7 FCPATH/index.php(140): CodeIgniter\Boot::bootWeb(Object(Config\Paths))
WARNING - 2025-09-20 01:58:25 --> [DEPRECATED] explode(): Passing null to parameter #2 ($string) of type string is deprecated in APPPATH/Controllers/Public_routes.php on line 543.
 1 APPPATH/Controllers/Public_routes.php(543): explode('--::--', null)
 2 SYSTEMPATH/CodeIgniter.php(933): App\Controllers\Public_routes->search_ticket_by_phone('57310 5079701')
 3 SYSTEMPATH/CodeIgniter.php(509): CodeIgniter\CodeIgniter->runController(Object(App\Controllers\Public_routes))
 4 SYSTEMPATH/CodeIgniter.php(355): CodeIgniter\CodeIgniter->handleRequest(null, Object(Config\Cache), false)
 5 SYSTEMPATH/Boot.php(325): CodeIgniter\CodeIgniter->run()
 6 SYSTEMPATH/Boot.php(67): CodeIgniter\Boot::runCodeIgniter(Object(CodeIgniter\CodeIgniter))
 7 FCPATH/index.php(140): CodeIgniter\Boot::bootWeb(Object(Config\Paths))
WARNING - 2025-09-20 01:58:25 --> [DEPRECATED] explode(): Passing null to parameter #2 ($string) of type string is deprecated in APPPATH/Controllers/Public_routes.php on line 543.
 1 APPPATH/Controllers/Public_routes.php(543): explode('--::--', null)
 2 SYSTEMPATH/CodeIgniter.php(933): App\Controllers\Public_routes->search_ticket_by_phone('57310 5079701')
 3 SYSTEMPATH/CodeIgniter.php(509): CodeIgniter\CodeIgniter->runController(Object(App\Controllers\Public_routes))
 4 SYSTEMPATH/CodeIgniter.php(355): CodeIgniter\CodeIgniter->handleRequest(null, Object(Config\Cache), false)
 5 SYSTEMPATH/Boot.php(325): CodeIgniter\CodeIgniter->run()
 6 SYSTEMPATH/Boot.php(67): CodeIgniter\Boot::runCodeIgniter(Object(CodeIgniter\CodeIgniter))
 7 FCPATH/index.php(140): CodeIgniter\Boot::bootWeb(Object(Config\Paths))
CRITICAL - 2025-09-20 09:19:29 --> ErrorException: Attempt to read property "id" on null
[Method: POST, Route: public_routes/create_ticket_and_task]
in APPPATH/Controllers/Public_routes.php on line 761.
 1 APPPATH/Controllers/Public_routes.php(761): CodeIgniter\Debug\Exceptions->errorHandler()
 2 SYSTEMPATH/CodeIgniter.php(933): App\Controllers\Public_routes->create_ticket_and_task()
 3 SYSTEMPATH/CodeIgniter.php(509): CodeIgniter\CodeIgniter->runController()
 4 SYSTEMPATH/CodeIgniter.php(355): CodeIgniter\CodeIgniter->handleRequest()
 5 SYSTEMPATH/Boot.php(325): CodeIgniter\CodeIgniter->run()
 6 SYSTEMPATH/Boot.php(67): CodeIgniter\Boot::runCodeIgniter()
 7 FCPATH/index.php(140): CodeIgniter\Boot::bootWeb()
CRITICAL - 2025-09-20 09:58:36 --> ErrorException: Attempt to read property "id" on null
[Method: POST, Route: public_routes/create_ticket_and_task]
in APPPATH/Controllers/Public_routes.php on line 761.
 1 APPPATH/Controllers/Public_routes.php(761): CodeIgniter\Debug\Exceptions->errorHandler()
 2 SYSTEMPATH/CodeIgniter.php(933): App\Controllers\Public_routes->create_ticket_and_task()
 3 SYSTEMPATH/CodeIgniter.php(509): CodeIgniter\CodeIgniter->runController()
 4 SYSTEMPATH/CodeIgniter.php(355): CodeIgniter\CodeIgniter->handleRequest()
 5 SYSTEMPATH/Boot.php(325): CodeIgniter\CodeIgniter->run()
 6 SYSTEMPATH/Boot.php(67): CodeIgniter\Boot::runCodeIgniter()
 7 FCPATH/index.php(140): CodeIgniter\Boot::bootWeb()
CRITICAL - 2025-09-20 10:00:23 --> ErrorException: Attempt to read property "id" on null
[Method: POST, Route: public_routes/create_ticket_and_task]
in APPPATH/Controllers/Public_routes.php on line 761.
 1 APPPATH/Controllers/Public_routes.php(761): CodeIgniter\Debug\Exceptions->errorHandler()
 2 SYSTEMPATH/CodeIgniter.php(933): App\Controllers\Public_routes->create_ticket_and_task()
 3 SYSTEMPATH/CodeIgniter.php(509): CodeIgniter\CodeIgniter->runController()
 4 SYSTEMPATH/CodeIgniter.php(355): CodeIgniter\CodeIgniter->handleRequest()
 5 SYSTEMPATH/Boot.php(325): CodeIgniter\CodeIgniter->run()
 6 SYSTEMPATH/Boot.php(67): CodeIgniter\Boot::runCodeIgniter()
 7 FCPATH/index.php(140): CodeIgniter\Boot::bootWeb()
