ERROR - 2025-05-01 00:03:02 --> [ERROR] Undefined variable $data FCPATH/plugins/Accounting/index.php:243
ERROR - 2025-05-01 00:03:03 --> [ERROR] Undefined variable $data FCPATH/plugins/Accounting/index.php:269
ERROR - 2025-05-01 00:03:04 --> [ERROR] Undefined variable $data FCPATH/plugins/Accounting/index.php:243
WARNING - 2025-05-01 00:06:24 --> [DEPRECATED] Optional parameter $id declared before required parameter $is_reminder is implicitly treated as a required parameter in APPPATH/Controllers/Events.php on line 344.
 1 SYSTEMPATH/Autoloader/Autoloader.php(317): include_once('/home3/appnaros/public_html/sistema/system/Debug/Exceptions.php')
 2 SYSTEMPATH/Autoloader/Autoloader.php(296): CodeIgniter\Autoloader\Autoloader->includeFile('/home3/appnaros/public_html/sistema/app/Controllers/Events.php')
 3 SYSTEMPATH/Autoloader/Autoloader.php(272): CodeIgniter\Autoloader\Autoloader->loadInNamespace('App\\Controllers\\Events')
 4 [internal function]: CodeIgniter\Autoloader\Autoloader->loadClass('App\\Controllers\\Events')
 5 SYSTEMPATH/CodeIgniter.php(887): class_exists('\\App\\Controllers\\Events', true)
 6 SYSTEMPATH/CodeIgniter.php(496): CodeIgniter\CodeIgniter->startController()
 7 SYSTEMPATH/CodeIgniter.php(355): CodeIgniter\CodeIgniter->handleRequest(null, Object(Config\Cache), false)
 8 SYSTEMPATH/Boot.php(325): CodeIgniter\CodeIgniter->run()
 9 SYSTEMPATH/Boot.php(67): CodeIgniter\Boot::runCodeIgniter(Object(CodeIgniter\CodeIgniter))
10 FCPATH/index.php(149): CodeIgniter\Boot::bootWeb(Object(Config\Paths))
WARNING - 2025-05-01 00:06:38 --> [DEPRECATED] Optional parameter $id declared before required parameter $is_reminder is implicitly treated as a required parameter in APPPATH/Controllers/Events.php on line 344.
 1 SYSTEMPATH/Autoloader/Autoloader.php(317): include_once('/home3/appnaros/public_html/sistema/system/Debug/Exceptions.php')
 2 SYSTEMPATH/Autoloader/Autoloader.php(296): CodeIgniter\Autoloader\Autoloader->includeFile('/home3/appnaros/public_html/sistema/app/Controllers/Events.php')
 3 SYSTEMPATH/Autoloader/Autoloader.php(272): CodeIgniter\Autoloader\Autoloader->loadInNamespace('App\\Controllers\\Events')
 4 [internal function]: CodeIgniter\Autoloader\Autoloader->loadClass('App\\Controllers\\Events')
 5 SYSTEMPATH/CodeIgniter.php(887): class_exists('\\App\\Controllers\\Events', true)
 6 SYSTEMPATH/CodeIgniter.php(496): CodeIgniter\CodeIgniter->startController()
 7 SYSTEMPATH/CodeIgniter.php(355): CodeIgniter\CodeIgniter->handleRequest(null, Object(Config\Cache), false)
 8 SYSTEMPATH/Boot.php(325): CodeIgniter\CodeIgniter->run()
 9 SYSTEMPATH/Boot.php(67): CodeIgniter\Boot::runCodeIgniter(Object(CodeIgniter\CodeIgniter))
10 FCPATH/index.php(149): CodeIgniter\Boot::bootWeb(Object(Config\Paths))
WARNING - 2025-05-01 00:06:40 --> [DEPRECATED] Optional parameter $id declared before required parameter $is_reminder is implicitly treated as a required parameter in APPPATH/Controllers/Events.php on line 344.
 1 SYSTEMPATH/Autoloader/Autoloader.php(317): include_once('/home3/appnaros/public_html/sistema/system/Debug/Exceptions.php')
 2 SYSTEMPATH/Autoloader/Autoloader.php(296): CodeIgniter\Autoloader\Autoloader->includeFile('/home3/appnaros/public_html/sistema/app/Controllers/Events.php')
 3 SYSTEMPATH/Autoloader/Autoloader.php(272): CodeIgniter\Autoloader\Autoloader->loadInNamespace('App\\Controllers\\Events')
 4 [internal function]: CodeIgniter\Autoloader\Autoloader->loadClass('App\\Controllers\\Events')
 5 SYSTEMPATH/CodeIgniter.php(887): class_exists('\\App\\Controllers\\Events', true)
 6 SYSTEMPATH/CodeIgniter.php(496): CodeIgniter\CodeIgniter->startController()
 7 SYSTEMPATH/CodeIgniter.php(355): CodeIgniter\CodeIgniter->handleRequest(null, Object(Config\Cache), false)
 8 SYSTEMPATH/Boot.php(325): CodeIgniter\CodeIgniter->run()
 9 SYSTEMPATH/Boot.php(67): CodeIgniter\Boot::runCodeIgniter(Object(CodeIgniter\CodeIgniter))
10 FCPATH/index.php(149): CodeIgniter\Boot::bootWeb(Object(Config\Paths))
ERROR - 2025-05-01 00:08:02 --> [ERROR] Undefined variable $data FCPATH/plugins/Accounting/index.php:243
ERROR - 2025-05-01 00:08:04 --> [ERROR] Undefined variable $data FCPATH/plugins/Accounting/index.php:243
WARNING - 2025-05-01 00:08:40 --> [DEPRECATED] Optional parameter $id declared before required parameter $is_reminder is implicitly treated as a required parameter in APPPATH/Controllers/Events.php on line 344.
 1 SYSTEMPATH/Autoloader/Autoloader.php(317): include_once('/home3/appnaros/public_html/sistema/system/Debug/Exceptions.php')
 2 SYSTEMPATH/Autoloader/Autoloader.php(296): CodeIgniter\Autoloader\Autoloader->includeFile('/home3/appnaros/public_html/sistema/app/Controllers/Events.php')
 3 SYSTEMPATH/Autoloader/Autoloader.php(272): CodeIgniter\Autoloader\Autoloader->loadInNamespace('App\\Controllers\\Events')
 4 [internal function]: CodeIgniter\Autoloader\Autoloader->loadClass('App\\Controllers\\Events')
 5 SYSTEMPATH/CodeIgniter.php(887): class_exists('\\App\\Controllers\\Events', true)
 6 SYSTEMPATH/CodeIgniter.php(496): CodeIgniter\CodeIgniter->startController()
 7 SYSTEMPATH/CodeIgniter.php(355): CodeIgniter\CodeIgniter->handleRequest(null, Object(Config\Cache), false)
 8 SYSTEMPATH/Boot.php(325): CodeIgniter\CodeIgniter->run()
 9 SYSTEMPATH/Boot.php(67): CodeIgniter\Boot::runCodeIgniter(Object(CodeIgniter\CodeIgniter))
10 FCPATH/index.php(149): CodeIgniter\Boot::bootWeb(Object(Config\Paths))
WARNING - 2025-05-01 00:08:56 --> [DEPRECATED] Optional parameter $id declared before required parameter $is_reminder is implicitly treated as a required parameter in APPPATH/Controllers/Events.php on line 344.
 1 SYSTEMPATH/Autoloader/Autoloader.php(317): include_once('/home3/appnaros/public_html/sistema/system/Debug/Exceptions.php')
 2 SYSTEMPATH/Autoloader/Autoloader.php(296): CodeIgniter\Autoloader\Autoloader->includeFile('/home3/appnaros/public_html/sistema/app/Controllers/Events.php')
 3 SYSTEMPATH/Autoloader/Autoloader.php(272): CodeIgniter\Autoloader\Autoloader->loadInNamespace('App\\Controllers\\Events')
 4 [internal function]: CodeIgniter\Autoloader\Autoloader->loadClass('App\\Controllers\\Events')
 5 SYSTEMPATH/CodeIgniter.php(887): class_exists('\\App\\Controllers\\Events', true)
 6 SYSTEMPATH/CodeIgniter.php(496): CodeIgniter\CodeIgniter->startController()
 7 SYSTEMPATH/CodeIgniter.php(355): CodeIgniter\CodeIgniter->handleRequest(null, Object(Config\Cache), false)
 8 SYSTEMPATH/Boot.php(325): CodeIgniter\CodeIgniter->run()
 9 SYSTEMPATH/Boot.php(67): CodeIgniter\Boot::runCodeIgniter(Object(CodeIgniter\CodeIgniter))
10 FCPATH/index.php(149): CodeIgniter\Boot::bootWeb(Object(Config\Paths))
WARNING - 2025-05-01 00:09:12 --> [DEPRECATED] Optional parameter $id declared before required parameter $is_reminder is implicitly treated as a required parameter in APPPATH/Controllers/Events.php on line 344.
 1 SYSTEMPATH/Autoloader/Autoloader.php(317): include_once('/home3/appnaros/public_html/sistema/system/Debug/Exceptions.php')
 2 SYSTEMPATH/Autoloader/Autoloader.php(296): CodeIgniter\Autoloader\Autoloader->includeFile('/home3/appnaros/public_html/sistema/app/Controllers/Events.php')
 3 SYSTEMPATH/Autoloader/Autoloader.php(272): CodeIgniter\Autoloader\Autoloader->loadInNamespace('App\\Controllers\\Events')
 4 [internal function]: CodeIgniter\Autoloader\Autoloader->loadClass('App\\Controllers\\Events')
 5 SYSTEMPATH/CodeIgniter.php(887): class_exists('\\App\\Controllers\\Events', true)
 6 SYSTEMPATH/CodeIgniter.php(496): CodeIgniter\CodeIgniter->startController()
 7 SYSTEMPATH/CodeIgniter.php(355): CodeIgniter\CodeIgniter->handleRequest(null, Object(Config\Cache), false)
 8 SYSTEMPATH/Boot.php(325): CodeIgniter\CodeIgniter->run()
 9 SYSTEMPATH/Boot.php(67): CodeIgniter\Boot::runCodeIgniter(Object(CodeIgniter\CodeIgniter))
10 FCPATH/index.php(149): CodeIgniter\Boot::bootWeb(Object(Config\Paths))
ERROR - 2025-05-01 00:14:01 --> [ERROR] Undefined variable $data FCPATH/plugins/Accounting/index.php:243
ERROR - 2025-05-01 00:14:03 --> [ERROR] Undefined variable $data FCPATH/plugins/Accounting/index.php:243
ERROR - 2025-05-01 00:20:02 --> [ERROR] Undefined variable $data FCPATH/plugins/Accounting/index.php:243
ERROR - 2025-05-01 00:20:05 --> [ERROR] Undefined variable $data FCPATH/plugins/Accounting/index.php:243
ERROR - 2025-05-01 00:25:02 --> [ERROR] Undefined variable $data FCPATH/plugins/Accounting/index.php:243
ERROR - 2025-05-01 00:25:04 --> [ERROR] Undefined variable $data FCPATH/plugins/Accounting/index.php:243
ERROR - 2025-05-01 00:31:02 --> [ERROR] Undefined variable $data FCPATH/plugins/Accounting/index.php:243
ERROR - 2025-05-01 00:31:03 --> [ERROR] Undefined variable $data FCPATH/plugins/Accounting/index.php:269
ERROR - 2025-05-01 00:31:04 --> [ERROR] Undefined variable $data FCPATH/plugins/Accounting/index.php:243
ERROR - 2025-05-01 00:36:03 --> [ERROR] Undefined variable $data FCPATH/plugins/Accounting/index.php:243
ERROR - 2025-05-01 00:36:06 --> [ERROR] Undefined variable $data FCPATH/plugins/Accounting/index.php:243
ERROR - 2025-05-01 00:42:03 --> [ERROR] Undefined variable $data FCPATH/plugins/Accounting/index.php:243
ERROR - 2025-05-01 00:42:05 --> [ERROR] Undefined variable $data FCPATH/plugins/Accounting/index.php:243
ERROR - 2025-05-01 00:48:02 --> [ERROR] Undefined variable $data FCPATH/plugins/Accounting/index.php:243
ERROR - 2025-05-01 00:48:10 --> [ERROR] Undefined variable $data FCPATH/plugins/Accounting/index.php:243
ERROR - 2025-05-01 00:53:02 --> [ERROR] Undefined variable $data FCPATH/plugins/Accounting/index.php:243
ERROR - 2025-05-01 00:53:16 --> [ERROR] Undefined variable $data FCPATH/plugins/Accounting/index.php:243
ERROR - 2025-05-01 00:59:02 --> [ERROR] Undefined variable $data FCPATH/plugins/Accounting/index.php:243
ERROR - 2025-05-01 00:59:05 --> [ERROR] Undefined variable $data FCPATH/plugins/Accounting/index.php:243
ERROR - 2025-05-01 01:05:02 --> [ERROR] Undefined variable $data FCPATH/plugins/Accounting/index.php:243
ERROR - 2025-05-01 01:05:04 --> [ERROR] Undefined variable $data FCPATH/plugins/Accounting/index.php:243
ERROR - 2025-05-01 01:11:02 --> [ERROR] Undefined variable $data FCPATH/plugins/Accounting/index.php:243
ERROR - 2025-05-01 01:11:04 --> [ERROR] Undefined variable $data FCPATH/plugins/Accounting/index.php:243
ERROR - 2025-05-01 01:17:02 --> [ERROR] Undefined variable $data FCPATH/plugins/Accounting/index.php:243
ERROR - 2025-05-01 01:17:04 --> [ERROR] Undefined variable $data FCPATH/plugins/Accounting/index.php:243
ERROR - 2025-05-01 01:23:03 --> [ERROR] Undefined variable $data FCPATH/plugins/Accounting/index.php:243
ERROR - 2025-05-01 01:23:04 --> [ERROR] Undefined variable $data FCPATH/plugins/Accounting/index.php:243
ERROR - 2025-05-01 01:29:02 --> [ERROR] Undefined variable $data FCPATH/plugins/Accounting/index.php:243
ERROR - 2025-05-01 01:29:03 --> [ERROR] Undefined variable $data FCPATH/plugins/Accounting/index.php:269
ERROR - 2025-05-01 01:29:03 --> [ERROR] Undefined variable $data FCPATH/plugins/Accounting/index.php:269
ERROR - 2025-05-01 01:29:04 --> [ERROR] Undefined variable $data FCPATH/plugins/Accounting/index.php:243
ERROR - 2025-05-01 01:35:02 --> [ERROR] Undefined variable $data FCPATH/plugins/Accounting/index.php:243
ERROR - 2025-05-01 01:35:05 --> [ERROR] Undefined variable $data FCPATH/plugins/Accounting/index.php:243
ERROR - 2025-05-01 01:41:02 --> [ERROR] Undefined variable $data FCPATH/plugins/Accounting/index.php:243
ERROR - 2025-05-01 01:41:05 --> [ERROR] Undefined variable $data FCPATH/plugins/Accounting/index.php:243
ERROR - 2025-05-01 01:47:03 --> [ERROR] Undefined variable $data FCPATH/plugins/Accounting/index.php:243
ERROR - 2025-05-01 01:47:05 --> [ERROR] Undefined variable $data FCPATH/plugins/Accounting/index.php:243
ERROR - 2025-05-01 01:53:02 --> [ERROR] Undefined variable $data FCPATH/plugins/Accounting/index.php:243
ERROR - 2025-05-01 01:53:04 --> [ERROR] Undefined variable $data FCPATH/plugins/Accounting/index.php:243
ERROR - 2025-05-01 01:59:04 --> [ERROR] Undefined variable $data FCPATH/plugins/Accounting/index.php:243
ERROR - 2025-05-01 01:59:15 --> [ERROR] Undefined variable $data FCPATH/plugins/Accounting/index.php:243
ERROR - 2025-05-01 02:04:02 --> [ERROR] Undefined variable $data FCPATH/plugins/Accounting/index.php:243
ERROR - 2025-05-01 02:04:04 --> [ERROR] Undefined variable $data FCPATH/plugins/Accounting/index.php:269
ERROR - 2025-05-01 02:04:04 --> [ERROR] Undefined variable $data FCPATH/plugins/Accounting/index.php:243
ERROR - 2025-05-01 02:10:02 --> [ERROR] Undefined variable $data FCPATH/plugins/Accounting/index.php:243
ERROR - 2025-05-01 02:10:04 --> [ERROR] Undefined variable $data FCPATH/plugins/Accounting/index.php:243
ERROR - 2025-05-01 02:16:02 --> [ERROR] Undefined variable $data FCPATH/plugins/Accounting/index.php:243
ERROR - 2025-05-01 02:16:05 --> [ERROR] Undefined variable $data FCPATH/plugins/Accounting/index.php:243
ERROR - 2025-05-01 02:22:03 --> [ERROR] Undefined variable $data FCPATH/plugins/Accounting/index.php:243
ERROR - 2025-05-01 02:22:06 --> [ERROR] Undefined variable $data FCPATH/plugins/Accounting/index.php:243
ERROR - 2025-05-01 02:28:02 --> [ERROR] Undefined variable $data FCPATH/plugins/Accounting/index.php:243
ERROR - 2025-05-01 02:28:06 --> [ERROR] Undefined variable $data FCPATH/plugins/Accounting/index.php:243
ERROR - 2025-05-01 02:33:02 --> [ERROR] Undefined variable $data FCPATH/plugins/Accounting/index.php:243
ERROR - 2025-05-01 02:33:05 --> [ERROR] Undefined variable $data FCPATH/plugins/Accounting/index.php:243
ERROR - 2025-05-01 02:39:03 --> [ERROR] Undefined variable $data FCPATH/plugins/Accounting/index.php:243
ERROR - 2025-05-01 02:39:04 --> [ERROR] Undefined variable $data FCPATH/plugins/Accounting/index.php:243
ERROR - 2025-05-01 02:45:02 --> [ERROR] Undefined variable $data FCPATH/plugins/Accounting/index.php:243
ERROR - 2025-05-01 02:45:06 --> [ERROR] Undefined variable $data FCPATH/plugins/Accounting/index.php:243
ERROR - 2025-05-01 02:50:03 --> [ERROR] Undefined variable $data FCPATH/plugins/Accounting/index.php:243
ERROR - 2025-05-01 02:50:06 --> [ERROR] Undefined variable $data FCPATH/plugins/Accounting/index.php:243
ERROR - 2025-05-01 02:56:02 --> [ERROR] Undefined variable $data FCPATH/plugins/Accounting/index.php:243
ERROR - 2025-05-01 02:56:04 --> [ERROR] Undefined variable $data FCPATH/plugins/Accounting/index.php:243
ERROR - 2025-05-01 03:01:02 --> [ERROR] Undefined variable $data FCPATH/plugins/Accounting/index.php:243
ERROR - 2025-05-01 03:01:04 --> [ERROR] Undefined variable $data FCPATH/plugins/Accounting/index.php:243
ERROR - 2025-05-01 03:07:02 --> [ERROR] Undefined variable $data FCPATH/plugins/Accounting/index.php:243
ERROR - 2025-05-01 03:07:06 --> [ERROR] Undefined variable $data FCPATH/plugins/Accounting/index.php:243
ERROR - 2025-05-01 03:13:02 --> [ERROR] Undefined variable $data FCPATH/plugins/Accounting/index.php:243
ERROR - 2025-05-01 03:13:04 --> [ERROR] Undefined variable $data FCPATH/plugins/Accounting/index.php:269
ERROR - 2025-05-01 03:13:17 --> [ERROR] Undefined variable $data FCPATH/plugins/Accounting/index.php:243
ERROR - 2025-05-01 03:19:03 --> [ERROR] Undefined variable $data FCPATH/plugins/Accounting/index.php:243
ERROR - 2025-05-01 03:19:13 --> [ERROR] Undefined variable $data FCPATH/plugins/Accounting/index.php:243
ERROR - 2025-05-01 03:25:02 --> [ERROR] Undefined variable $data FCPATH/plugins/Accounting/index.php:243
ERROR - 2025-05-01 03:25:06 --> [ERROR] Undefined variable $data FCPATH/plugins/Accounting/index.php:243
ERROR - 2025-05-01 03:31:02 --> [ERROR] Undefined variable $data FCPATH/plugins/Accounting/index.php:243
ERROR - 2025-05-01 03:31:04 --> [ERROR] Undefined variable $data FCPATH/plugins/Accounting/index.php:269
ERROR - 2025-05-01 03:31:05 --> [ERROR] Undefined variable $data FCPATH/plugins/Accounting/index.php:243
ERROR - 2025-05-01 03:36:02 --> [ERROR] Undefined variable $data FCPATH/plugins/Accounting/index.php:243
ERROR - 2025-05-01 03:36:05 --> [ERROR] Undefined variable $data FCPATH/plugins/Accounting/index.php:243
ERROR - 2025-05-01 03:42:02 --> [ERROR] Undefined variable $data FCPATH/plugins/Accounting/index.php:243
ERROR - 2025-05-01 03:42:06 --> [ERROR] Undefined variable $data FCPATH/plugins/Accounting/index.php:243
ERROR - 2025-05-01 03:48:02 --> [ERROR] Undefined variable $data FCPATH/plugins/Accounting/index.php:243
ERROR - 2025-05-01 03:48:08 --> [ERROR] Undefined variable $data FCPATH/plugins/Accounting/index.php:243
ERROR - 2025-05-01 03:54:03 --> [ERROR] Undefined variable $data FCPATH/plugins/Accounting/index.php:243
ERROR - 2025-05-01 03:54:05 --> [ERROR] Undefined variable $data FCPATH/plugins/Accounting/index.php:269
ERROR - 2025-05-01 03:54:06 --> [ERROR] Undefined variable $data FCPATH/plugins/Accounting/index.php:243
ERROR - 2025-05-01 03:59:03 --> [ERROR] Undefined variable $data FCPATH/plugins/Accounting/index.php:243
ERROR - 2025-05-01 03:59:29 --> [ERROR] Undefined variable $data FCPATH/plugins/Accounting/index.php:243
ERROR - 2025-05-01 04:05:03 --> [ERROR] Undefined variable $data FCPATH/plugins/Accounting/index.php:243
ERROR - 2025-05-01 04:05:22 --> [ERROR] Undefined variable $data FCPATH/plugins/Accounting/index.php:243
ERROR - 2025-05-01 04:11:05 --> [ERROR] Undefined variable $data FCPATH/plugins/Accounting/index.php:243
ERROR - 2025-05-01 04:11:08 --> [ERROR] Undefined variable $data FCPATH/plugins/Accounting/index.php:243
ERROR - 2025-05-01 04:17:22 --> [ERROR] Undefined variable $data FCPATH/plugins/Accounting/index.php:243
ERROR - 2025-05-01 04:17:41 --> [ERROR] Undefined variable $data FCPATH/plugins/Accounting/index.php:243
ERROR - 2025-05-01 04:23:03 --> [ERROR] Undefined variable $data FCPATH/plugins/Accounting/index.php:243
ERROR - 2025-05-01 04:23:08 --> [ERROR] Undefined variable $data FCPATH/plugins/Accounting/index.php:243
ERROR - 2025-05-01 04:28:05 --> [ERROR] Undefined variable $data FCPATH/plugins/Accounting/index.php:243
ERROR - 2025-05-01 04:28:25 --> [ERROR] Undefined variable $data FCPATH/plugins/Accounting/index.php:243
ERROR - 2025-05-01 04:34:03 --> [ERROR] Undefined variable $data FCPATH/plugins/Accounting/index.php:243
ERROR - 2025-05-01 04:34:24 --> [ERROR] Undefined variable $data FCPATH/plugins/Accounting/index.php:243
ERROR - 2025-05-01 04:40:05 --> [ERROR] Undefined variable $data FCPATH/plugins/Accounting/index.php:243
ERROR - 2025-05-01 04:40:08 --> [ERROR] Undefined variable $data FCPATH/plugins/Accounting/index.php:243
ERROR - 2025-05-01 04:46:05 --> [ERROR] Undefined variable $data FCPATH/plugins/Accounting/index.php:243
ERROR - 2025-05-01 04:46:17 --> [ERROR] Undefined variable $data FCPATH/plugins/Accounting/index.php:243
ERROR - 2025-05-01 04:52:03 --> [ERROR] Undefined variable $data FCPATH/plugins/Accounting/index.php:243
ERROR - 2025-05-01 04:52:10 --> [ERROR] Undefined variable $data FCPATH/plugins/Accounting/index.php:243
ERROR - 2025-05-01 04:58:04 --> [ERROR] Undefined variable $data FCPATH/plugins/Accounting/index.php:243
ERROR - 2025-05-01 04:58:06 --> [ERROR] Undefined variable $data FCPATH/plugins/Accounting/index.php:243
ERROR - 2025-05-01 05:04:03 --> [ERROR] Undefined variable $data FCPATH/plugins/Accounting/index.php:243
ERROR - 2025-05-01 05:04:05 --> [ERROR] Undefined variable $data FCPATH/plugins/Accounting/index.php:243
ERROR - 2025-05-01 05:10:03 --> [ERROR] Undefined variable $data FCPATH/plugins/Accounting/index.php:243
ERROR - 2025-05-01 05:10:09 --> [ERROR] Undefined variable $data FCPATH/plugins/Accounting/index.php:243
ERROR - 2025-05-01 05:16:06 --> [ERROR] Undefined variable $data FCPATH/plugins/Accounting/index.php:243
ERROR - 2025-05-01 05:16:45 --> [ERROR] Undefined variable $data FCPATH/plugins/Accounting/index.php:243
ERROR - 2025-05-01 05:21:02 --> [ERROR] Undefined variable $data FCPATH/plugins/Accounting/index.php:243
ERROR - 2025-05-01 05:21:04 --> [ERROR] Undefined variable $data FCPATH/plugins/Accounting/index.php:243
ERROR - 2025-05-01 05:27:02 --> [ERROR] Undefined variable $data FCPATH/plugins/Accounting/index.php:243
ERROR - 2025-05-01 05:27:19 --> [ERROR] Undefined variable $data FCPATH/plugins/Accounting/index.php:243
ERROR - 2025-05-01 05:33:02 --> [ERROR] Undefined variable $data FCPATH/plugins/Accounting/index.php:243
ERROR - 2025-05-01 05:34:02 --> [ERROR] Undefined variable $data FCPATH/plugins/Accounting/index.php:243
ERROR - 2025-05-01 05:34:31 --> [ERROR] Undefined variable $data FCPATH/plugins/Accounting/index.php:243
ERROR - 2025-05-01 05:34:57 --> [ERROR] Undefined variable $data FCPATH/plugins/Accounting/index.php:243
ERROR - 2025-05-01 05:35:02 --> [ERROR] Undefined variable $data FCPATH/plugins/Accounting/index.php:243
ERROR - 2025-05-01 05:36:34 --> [ERROR] Undefined variable $data FCPATH/plugins/Accounting/index.php:243
ERROR - 2025-05-01 05:41:02 --> [ERROR] Undefined variable $data FCPATH/plugins/Accounting/index.php:243
ERROR - 2025-05-01 05:41:50 --> [ERROR] Undefined variable $data FCPATH/plugins/Accounting/index.php:243
ERROR - 2025-05-01 05:42:02 --> [ERROR] Undefined variable $data FCPATH/plugins/Accounting/index.php:243
ERROR - 2025-05-01 05:42:40 --> [ERROR] Undefined variable $data FCPATH/plugins/Accounting/index.php:243
ERROR - 2025-05-01 05:48:02 --> [ERROR] Undefined variable $data FCPATH/plugins/Accounting/index.php:243
ERROR - 2025-05-01 05:49:03 --> [ERROR] Undefined variable $data FCPATH/plugins/Accounting/index.php:243
ERROR - 2025-05-01 05:49:50 --> [ERROR] Undefined variable $data FCPATH/plugins/Accounting/index.php:243
ERROR - 2025-05-01 05:50:02 --> [ERROR] Undefined variable $data FCPATH/plugins/Accounting/index.php:243
ERROR - 2025-05-01 05:50:33 --> [ERROR] Undefined variable $data FCPATH/plugins/Accounting/index.php:243
ERROR - 2025-05-01 05:50:37 --> [ERROR] Undefined variable $data FCPATH/plugins/Accounting/index.php:243
ERROR - 2025-05-01 05:56:02 --> [ERROR] Undefined variable $data FCPATH/plugins/Accounting/index.php:243
ERROR - 2025-05-01 05:56:12 --> [ERROR] Undefined variable $data FCPATH/plugins/Accounting/index.php:243
ERROR - 2025-05-01 06:02:01 --> [ERROR] Undefined variable $data FCPATH/plugins/Accounting/index.php:269
ERROR - 2025-05-01 06:02:01 --> [ERROR] Undefined variable $data FCPATH/plugins/Accounting/index.php:269
ERROR - 2025-05-01 06:02:01 --> [ERROR] Undefined variable $data FCPATH/plugins/Accounting/index.php:243
ERROR - 2025-05-01 06:02:01 --> [ERROR] Undefined variable $data FCPATH/plugins/Accounting/index.php:269
ERROR - 2025-05-01 06:02:01 --> [ERROR] Undefined variable $data FCPATH/plugins/Accounting/index.php:269
ERROR - 2025-05-01 06:02:01 --> [ERROR] Undefined variable $data FCPATH/plugins/Accounting/index.php:243
ERROR - 2025-05-01 06:02:02 --> [ERROR] Undefined variable $data FCPATH/plugins/Accounting/index.php:269
ERROR - 2025-05-01 06:02:02 --> [ERROR] Undefined variable $data FCPATH/plugins/Accounting/index.php:269
ERROR - 2025-05-01 06:02:02 --> [ERROR] Undefined variable $data FCPATH/plugins/Accounting/index.php:243
ERROR - 2025-05-01 06:02:02 --> [ERROR] Undefined variable $data FCPATH/plugins/Accounting/index.php:269
ERROR - 2025-05-01 06:02:02 --> [ERROR] Undefined variable $data FCPATH/plugins/Accounting/index.php:269
ERROR - 2025-05-01 06:02:02 --> [ERROR] Undefined variable $data FCPATH/plugins/Accounting/index.php:243
ERROR - 2025-05-01 06:02:02 --> [ERROR] Undefined variable $data FCPATH/plugins/Accounting/index.php:269
ERROR - 2025-05-01 06:02:02 --> [ERROR] Undefined variable $data FCPATH/plugins/Accounting/index.php:269
ERROR - 2025-05-01 06:02:02 --> [ERROR] Undefined variable $data FCPATH/plugins/Accounting/index.php:243
ERROR - 2025-05-01 06:02:03 --> [ERROR] Undefined variable $data FCPATH/plugins/Accounting/index.php:269
ERROR - 2025-05-01 06:02:03 --> [ERROR] Undefined variable $data FCPATH/plugins/Accounting/index.php:269
ERROR - 2025-05-01 06:02:03 --> [ERROR] Undefined variable $data FCPATH/plugins/Accounting/index.php:243
ERROR - 2025-05-01 06:02:04 --> [ERROR] Undefined variable $data FCPATH/plugins/Accounting/index.php:243
ERROR - 2025-05-01 06:02:04 --> [ERROR] Undefined variable $data FCPATH/plugins/Accounting/index.php:269
ERROR - 2025-05-01 06:02:04 --> [ERROR] Undefined variable $data FCPATH/plugins/Accounting/index.php:269
ERROR - 2025-05-01 06:02:04 --> [ERROR] Undefined variable $data FCPATH/plugins/Accounting/index.php:243
ERROR - 2025-05-01 06:02:04 --> [ERROR] Undefined variable $data FCPATH/plugins/Accounting/index.php:243
ERROR - 2025-05-01 06:02:04 --> [ERROR] Undefined variable $data FCPATH/plugins/Accounting/index.php:269
ERROR - 2025-05-01 06:02:05 --> [ERROR] Undefined variable $data FCPATH/plugins/Accounting/index.php:243
ERROR - 2025-05-01 06:02:05 --> [ERROR] Undefined variable $data FCPATH/plugins/Accounting/index.php:269
ERROR - 2025-05-01 06:02:05 --> [ERROR] Undefined variable $data FCPATH/plugins/Accounting/index.php:269
ERROR - 2025-05-01 06:02:05 --> [ERROR] Undefined variable $data FCPATH/plugins/Accounting/index.php:243
ERROR - 2025-05-01 06:02:05 --> [ERROR] Undefined variable $data FCPATH/plugins/Accounting/index.php:243
ERROR - 2025-05-01 06:02:05 --> [ERROR] Undefined variable $data FCPATH/plugins/Accounting/index.php:269
ERROR - 2025-05-01 06:02:05 --> [ERROR] Undefined variable $data FCPATH/plugins/Accounting/index.php:269
ERROR - 2025-05-01 06:02:06 --> [ERROR] Undefined variable $data FCPATH/plugins/Accounting/index.php:243
ERROR - 2025-05-01 06:02:06 --> [ERROR] Undefined variable $data FCPATH/plugins/Accounting/index.php:243
ERROR - 2025-05-01 06:02:18 --> [ERROR] Undefined variable $data FCPATH/plugins/Accounting/index.php:243
ERROR - 2025-05-01 06:07:02 --> [ERROR] Undefined variable $data FCPATH/plugins/Accounting/index.php:243
ERROR - 2025-05-01 06:07:04 --> [ERROR] Undefined variable $data FCPATH/plugins/Accounting/index.php:243
ERROR - 2025-05-01 06:13:02 --> [ERROR] Undefined variable $data FCPATH/plugins/Accounting/index.php:243
ERROR - 2025-05-01 06:13:13 --> [ERROR] Undefined variable $data FCPATH/plugins/Accounting/index.php:243
ERROR - 2025-05-01 06:19:04 --> [ERROR] Undefined variable $data FCPATH/plugins/Accounting/index.php:243
ERROR - 2025-05-01 06:19:18 --> [ERROR] Undefined variable $data FCPATH/plugins/Accounting/index.php:243
ERROR - 2025-05-01 06:24:03 --> [ERROR] Undefined variable $data FCPATH/plugins/Accounting/index.php:243
ERROR - 2025-05-01 06:24:09 --> [ERROR] Undefined variable $data FCPATH/plugins/Accounting/index.php:243
ERROR - 2025-05-01 06:30:02 --> [ERROR] Undefined variable $data FCPATH/plugins/Accounting/index.php:243
ERROR - 2025-05-01 06:30:04 --> [ERROR] Undefined variable $data FCPATH/plugins/Accounting/index.php:243
ERROR - 2025-05-01 06:35:03 --> [ERROR] Undefined variable $data FCPATH/plugins/Accounting/index.php:243
ERROR - 2025-05-01 06:35:17 --> [ERROR] Undefined variable $data FCPATH/plugins/Accounting/index.php:243
ERROR - 2025-05-01 06:41:02 --> [ERROR] Undefined variable $data FCPATH/plugins/Accounting/index.php:243
ERROR - 2025-05-01 06:41:05 --> [ERROR] Undefined variable $data FCPATH/plugins/Accounting/index.php:243
ERROR - 2025-05-01 06:47:06 --> [ERROR] Undefined variable $data FCPATH/plugins/Accounting/index.php:243
ERROR - 2025-05-01 06:47:30 --> [ERROR] Undefined variable $data FCPATH/plugins/Accounting/index.php:243
ERROR - 2025-05-01 06:53:01 --> [ERROR] Undefined variable $data FCPATH/plugins/Accounting/index.php:243
ERROR - 2025-05-01 06:53:03 --> [ERROR] Undefined variable $data FCPATH/plugins/Accounting/index.php:243
ERROR - 2025-05-01 06:59:08 --> [ERROR] Undefined variable $data FCPATH/plugins/Accounting/index.php:243
ERROR - 2025-05-01 06:59:47 --> [ERROR] Undefined variable $data FCPATH/plugins/Accounting/index.php:243
ERROR - 2025-05-01 07:05:03 --> [ERROR] Undefined variable $data FCPATH/plugins/Accounting/index.php:243
ERROR - 2025-05-01 07:05:05 --> [ERROR] Undefined variable $data FCPATH/plugins/Accounting/index.php:243
ERROR - 2025-05-01 07:11:02 --> [ERROR] Undefined variable $data FCPATH/plugins/Accounting/index.php:243
ERROR - 2025-05-01 07:11:05 --> [ERROR] Undefined variable $data FCPATH/plugins/Accounting/index.php:243
ERROR - 2025-05-01 07:17:02 --> [ERROR] Undefined variable $data FCPATH/plugins/Accounting/index.php:243
ERROR - 2025-05-01 07:17:06 --> [ERROR] Undefined variable $data FCPATH/plugins/Accounting/index.php:243
ERROR - 2025-05-01 07:23:03 --> [ERROR] Undefined variable $data FCPATH/plugins/Accounting/index.php:243
ERROR - 2025-05-01 07:23:06 --> [ERROR] Undefined variable $data FCPATH/plugins/Accounting/index.php:243
ERROR - 2025-05-01 07:29:02 --> [ERROR] Undefined variable $data FCPATH/plugins/Accounting/index.php:243
ERROR - 2025-05-01 07:29:04 --> [ERROR] Undefined variable $data FCPATH/plugins/Accounting/index.php:243
ERROR - 2025-05-01 07:35:02 --> [ERROR] Undefined variable $data FCPATH/plugins/Accounting/index.php:243
ERROR - 2025-05-01 07:35:16 --> [ERROR] Undefined variable $data FCPATH/plugins/Accounting/index.php:243
ERROR - 2025-05-01 07:40:02 --> [ERROR] Undefined variable $data FCPATH/plugins/Accounting/index.php:243
ERROR - 2025-05-01 07:40:36 --> [ERROR] Undefined variable $data FCPATH/plugins/Accounting/index.php:243
ERROR - 2025-05-01 07:46:03 --> [ERROR] Undefined variable $data FCPATH/plugins/Accounting/index.php:243
ERROR - 2025-05-01 07:46:07 --> [ERROR] Undefined variable $data FCPATH/plugins/Accounting/index.php:243
ERROR - 2025-05-01 07:52:02 --> [ERROR] Undefined variable $data FCPATH/plugins/Accounting/index.php:243
ERROR - 2025-05-01 07:52:03 --> [ERROR] Undefined variable $data FCPATH/plugins/Accounting/index.php:243
ERROR - 2025-05-01 07:58:02 --> [ERROR] Undefined variable $data FCPATH/plugins/Accounting/index.php:243
ERROR - 2025-05-01 07:58:04 --> [ERROR] Undefined variable $data FCPATH/plugins/Accounting/index.php:243
ERROR - 2025-05-01 08:03:02 --> [ERROR] Undefined variable $data FCPATH/plugins/Accounting/index.php:243
ERROR - 2025-05-01 08:03:07 --> [ERROR] Undefined variable $data FCPATH/plugins/Accounting/index.php:243
ERROR - 2025-05-01 08:09:03 --> [ERROR] Undefined variable $data FCPATH/plugins/Accounting/index.php:243
ERROR - 2025-05-01 08:09:05 --> [ERROR] Undefined variable $data FCPATH/plugins/Accounting/index.php:243
ERROR - 2025-05-01 08:15:02 --> [ERROR] Undefined variable $data FCPATH/plugins/Accounting/index.php:243
ERROR - 2025-05-01 08:15:05 --> [ERROR] Undefined variable $data FCPATH/plugins/Accounting/index.php:243
ERROR - 2025-05-01 08:20:03 --> [ERROR] Undefined variable $data FCPATH/plugins/Accounting/index.php:243
ERROR - 2025-05-01 08:20:04 --> [ERROR] Undefined variable $data FCPATH/plugins/Accounting/index.php:243
ERROR - 2025-05-01 08:26:02 --> [ERROR] Undefined variable $data FCPATH/plugins/Accounting/index.php:243
ERROR - 2025-05-01 08:26:04 --> [ERROR] Undefined variable $data FCPATH/plugins/Accounting/index.php:243
ERROR - 2025-05-01 08:31:02 --> [ERROR] Undefined variable $data FCPATH/plugins/Accounting/index.php:243
ERROR - 2025-05-01 08:31:04 --> [ERROR] Undefined variable $data FCPATH/plugins/Accounting/index.php:243
ERROR - 2025-05-01 08:37:02 --> [ERROR] Undefined variable $data FCPATH/plugins/Accounting/index.php:243
ERROR - 2025-05-01 08:37:07 --> [ERROR] Undefined variable $data FCPATH/plugins/Accounting/index.php:243
ERROR - 2025-05-01 08:42:02 --> [ERROR] Undefined variable $data FCPATH/plugins/Accounting/index.php:243
ERROR - 2025-05-01 08:42:04 --> [ERROR] Undefined variable $data FCPATH/plugins/Accounting/index.php:243
ERROR - 2025-05-01 08:48:02 --> [ERROR] Undefined variable $data FCPATH/plugins/Accounting/index.php:243
ERROR - 2025-05-01 08:48:05 --> [ERROR] Undefined variable $data FCPATH/plugins/Accounting/index.php:243
ERROR - 2025-05-01 08:54:02 --> [ERROR] Undefined variable $data FCPATH/plugins/Accounting/index.php:243
ERROR - 2025-05-01 08:54:11 --> [ERROR] Undefined variable $data FCPATH/plugins/Accounting/index.php:243
ERROR - 2025-05-01 08:59:02 --> [ERROR] Undefined variable $data FCPATH/plugins/Accounting/index.php:243
ERROR - 2025-05-01 08:59:11 --> [ERROR] Undefined variable $data FCPATH/plugins/Accounting/index.php:243
ERROR - 2025-05-01 09:05:06 --> [ERROR] Undefined variable $data FCPATH/plugins/Accounting/index.php:243
ERROR - 2025-05-01 09:06:02 --> [ERROR] Undefined variable $data FCPATH/plugins/Accounting/index.php:243
ERROR - 2025-05-01 09:06:16 --> [ERROR] Undefined variable $data FCPATH/plugins/Accounting/index.php:243
ERROR - 2025-05-01 09:06:16 --> [ERROR] [E_WARNING] Authentication failed for user "desarrollo1monaros@gmail.com": imap_open(): Couldn't open stream {imap.gmail.com:993/ssl/validate-cert}
imap_alerts (0):
imap_errors (1):
- Can not authenticate to IMAP server: [CLOSED] IMAP connection broken (authenticate) FCPATH/plugins/Mailbox/ThirdParty/Imap/ddeboer-imap/vendor/ddeboer/imap/src/Server.php:87
ERROR - 2025-05-01 09:07:03 --> [ERROR] Undefined variable $data FCPATH/plugins/Accounting/index.php:243
ERROR - 2025-05-01 09:07:03 --> [ERROR] [E_WARNING] Authentication failed for user "desarrollo1monaros@gmail.com": imap_open(): Couldn't open stream {imap.gmail.com:993/ssl/validate-cert}
imap_alerts (0):
imap_errors (1):
- Can not authenticate to IMAP server: [CLOSED] IMAP connection broken (authenticate) FCPATH/plugins/Mailbox/ThirdParty/Imap/ddeboer-imap/vendor/ddeboer/imap/src/Server.php:87
ERROR - 2025-05-01 09:12:02 --> [ERROR] Undefined variable $data FCPATH/plugins/Accounting/index.php:243
ERROR - 2025-05-01 09:12:42 --> [ERROR] Undefined variable $data FCPATH/plugins/Accounting/index.php:243
ERROR - 2025-05-01 09:18:02 --> [ERROR] Undefined variable $data FCPATH/plugins/Accounting/index.php:243
ERROR - 2025-05-01 09:18:04 --> [ERROR] Undefined variable $data FCPATH/plugins/Accounting/index.php:243
ERROR - 2025-05-01 09:24:03 --> [ERROR] Undefined variable $data FCPATH/plugins/Accounting/index.php:243
ERROR - 2025-05-01 09:24:05 --> [ERROR] Undefined variable $data FCPATH/plugins/Accounting/index.php:243
ERROR - 2025-05-01 09:30:02 --> [ERROR] Undefined variable $data FCPATH/plugins/Accounting/index.php:243
ERROR - 2025-05-01 09:30:04 --> [ERROR] Undefined variable $data FCPATH/plugins/Accounting/index.php:243
ERROR - 2025-05-01 09:36:03 --> [ERROR] Undefined variable $data FCPATH/plugins/Accounting/index.php:243
ERROR - 2025-05-01 09:36:05 --> [ERROR] Undefined variable $data FCPATH/plugins/Accounting/index.php:243
ERROR - 2025-05-01 09:41:02 --> [ERROR] Undefined variable $data FCPATH/plugins/Accounting/index.php:243
ERROR - 2025-05-01 09:41:04 --> [ERROR] Undefined variable $data FCPATH/plugins/Accounting/index.php:243
ERROR - 2025-05-01 09:47:01 --> [ERROR] Undefined variable $data FCPATH/plugins/Accounting/index.php:243
ERROR - 2025-05-01 09:47:03 --> [ERROR] Undefined variable $data FCPATH/plugins/Accounting/index.php:243
ERROR - 2025-05-01 09:52:02 --> [ERROR] Undefined variable $data FCPATH/plugins/Accounting/index.php:243
ERROR - 2025-05-01 09:52:04 --> [ERROR] Undefined variable $data FCPATH/plugins/Accounting/index.php:243
ERROR - 2025-05-01 09:58:02 --> [ERROR] Undefined variable $data FCPATH/plugins/Accounting/index.php:243
ERROR - 2025-05-01 09:58:04 --> [ERROR] Undefined variable $data FCPATH/plugins/Accounting/index.php:243
ERROR - 2025-05-01 10:04:02 --> [ERROR] Undefined variable $data FCPATH/plugins/Accounting/index.php:243
ERROR - 2025-05-01 10:04:03 --> [ERROR] Undefined variable $data FCPATH/plugins/Accounting/index.php:243
ERROR - 2025-05-01 10:09:02 --> [ERROR] Undefined variable $data FCPATH/plugins/Accounting/index.php:243
ERROR - 2025-05-01 10:09:04 --> [ERROR] Undefined variable $data FCPATH/plugins/Accounting/index.php:243
ERROR - 2025-05-01 10:15:03 --> [ERROR] Undefined variable $data FCPATH/plugins/Accounting/index.php:243
ERROR - 2025-05-01 10:15:05 --> [ERROR] Undefined variable $data FCPATH/plugins/Accounting/index.php:243
ERROR - 2025-05-01 10:21:02 --> [ERROR] Undefined variable $data FCPATH/plugins/Accounting/index.php:243
ERROR - 2025-05-01 10:21:04 --> [ERROR] Undefined variable $data FCPATH/plugins/Accounting/index.php:243
ERROR - 2025-05-01 10:27:02 --> [ERROR] Undefined variable $data FCPATH/plugins/Accounting/index.php:243
ERROR - 2025-05-01 10:27:03 --> [ERROR] Undefined variable $data FCPATH/plugins/Accounting/index.php:269
ERROR - 2025-05-01 10:27:04 --> [ERROR] Undefined variable $data FCPATH/plugins/Accounting/index.php:243
ERROR - 2025-05-01 10:33:02 --> [ERROR] Undefined variable $data FCPATH/plugins/Accounting/index.php:243
ERROR - 2025-05-01 10:33:04 --> [ERROR] Undefined variable $data FCPATH/plugins/Accounting/index.php:243
ERROR - 2025-05-01 10:39:02 --> [ERROR] Undefined variable $data FCPATH/plugins/Accounting/index.php:243
ERROR - 2025-05-01 10:39:06 --> [ERROR] Undefined variable $data FCPATH/plugins/Accounting/index.php:243
ERROR - 2025-05-01 10:45:02 --> [ERROR] Undefined variable $data FCPATH/plugins/Accounting/index.php:243
ERROR - 2025-05-01 10:45:04 --> [ERROR] Undefined variable $data FCPATH/plugins/Accounting/index.php:243
ERROR - 2025-05-01 10:51:02 --> [ERROR] Undefined variable $data FCPATH/plugins/Accounting/index.php:243
ERROR - 2025-05-01 10:51:05 --> [ERROR] Undefined variable $data FCPATH/plugins/Accounting/index.php:243
ERROR - 2025-05-01 10:56:02 --> [ERROR] Undefined variable $data FCPATH/plugins/Accounting/index.php:243
ERROR - 2025-05-01 10:56:04 --> [ERROR] Undefined variable $data FCPATH/plugins/Accounting/index.php:243
ERROR - 2025-05-01 11:02:02 --> [ERROR] Undefined variable $data FCPATH/plugins/Accounting/index.php:243
ERROR - 2025-05-01 11:02:03 --> [ERROR] Undefined variable $data FCPATH/plugins/Accounting/index.php:269
ERROR - 2025-05-01 11:02:04 --> [ERROR] Undefined variable $data FCPATH/plugins/Accounting/index.php:243
ERROR - 2025-05-01 11:07:02 --> [ERROR] Undefined variable $data FCPATH/plugins/Accounting/index.php:243
ERROR - 2025-05-01 11:07:03 --> [ERROR] Undefined variable $data FCPATH/plugins/Accounting/index.php:269
ERROR - 2025-05-01 11:07:04 --> [ERROR] Undefined variable $data FCPATH/plugins/Accounting/index.php:243
ERROR - 2025-05-01 11:13:05 --> [ERROR] Undefined variable $data FCPATH/plugins/Accounting/index.php:243
ERROR - 2025-05-01 11:13:09 --> [ERROR] Undefined variable $data FCPATH/plugins/Accounting/index.php:243
ERROR - 2025-05-01 11:19:03 --> [ERROR] Undefined variable $data FCPATH/plugins/Accounting/index.php:243
ERROR - 2025-05-01 11:19:07 --> [ERROR] Undefined variable $data FCPATH/plugins/Accounting/index.php:243
ERROR - 2025-05-01 11:25:02 --> [ERROR] Undefined variable $data FCPATH/plugins/Accounting/index.php:243
ERROR - 2025-05-01 11:25:04 --> [ERROR] Undefined variable $data FCPATH/plugins/Accounting/index.php:243
ERROR - 2025-05-01 11:31:02 --> [ERROR] Undefined variable $data FCPATH/plugins/Accounting/index.php:243
ERROR - 2025-05-01 11:31:04 --> [ERROR] Undefined variable $data FCPATH/plugins/Accounting/index.php:243
ERROR - 2025-05-01 11:37:02 --> [ERROR] Undefined variable $data FCPATH/plugins/Accounting/index.php:243
ERROR - 2025-05-01 11:37:06 --> [ERROR] Undefined variable $data FCPATH/plugins/Accounting/index.php:243
ERROR - 2025-05-01 11:43:02 --> [ERROR] Undefined variable $data FCPATH/plugins/Accounting/index.php:243
ERROR - 2025-05-01 11:43:05 --> [ERROR] Undefined variable $data FCPATH/plugins/Accounting/index.php:243
ERROR - 2025-05-01 11:49:01 --> [ERROR] Undefined variable $data FCPATH/plugins/Accounting/index.php:243
ERROR - 2025-05-01 11:49:03 --> [ERROR] Undefined variable $data FCPATH/plugins/Accounting/index.php:243
ERROR - 2025-05-01 11:54:02 --> [ERROR] Undefined variable $data FCPATH/plugins/Accounting/index.php:243
ERROR - 2025-05-01 11:54:04 --> [ERROR] Undefined variable $data FCPATH/plugins/Accounting/index.php:243
ERROR - 2025-05-01 12:00:04 --> [ERROR] Undefined variable $data FCPATH/plugins/Accounting/index.php:243
ERROR - 2025-05-01 12:00:06 --> [ERROR] Undefined variable $data FCPATH/plugins/Accounting/index.php:243
ERROR - 2025-05-01 12:06:02 --> [ERROR] Undefined variable $data FCPATH/plugins/Accounting/index.php:243
ERROR - 2025-05-01 12:06:04 --> [ERROR] Undefined variable $data FCPATH/plugins/Accounting/index.php:243
ERROR - 2025-05-01 12:12:03 --> [ERROR] Undefined variable $data FCPATH/plugins/Accounting/index.php:243
ERROR - 2025-05-01 12:12:04 --> [ERROR] Undefined variable $data FCPATH/plugins/Accounting/index.php:269
ERROR - 2025-05-01 12:12:05 --> [ERROR] Undefined variable $data FCPATH/plugins/Accounting/index.php:243
ERROR - 2025-05-01 12:18:03 --> [ERROR] Undefined variable $data FCPATH/plugins/Accounting/index.php:243
ERROR - 2025-05-01 12:18:04 --> [ERROR] Undefined variable $data FCPATH/plugins/Accounting/index.php:243
ERROR - 2025-05-01 12:24:02 --> [ERROR] Undefined variable $data FCPATH/plugins/Accounting/index.php:243
ERROR - 2025-05-01 12:24:04 --> [ERROR] Undefined variable $data FCPATH/plugins/Accounting/index.php:269
ERROR - 2025-05-01 12:24:05 --> [ERROR] Undefined variable $data FCPATH/plugins/Accounting/index.php:243
ERROR - 2025-05-01 12:30:02 --> [ERROR] Undefined variable $data FCPATH/plugins/Accounting/index.php:243
ERROR - 2025-05-01 12:30:04 --> [ERROR] Undefined variable $data FCPATH/plugins/Accounting/index.php:243
ERROR - 2025-05-01 12:35:02 --> [ERROR] Undefined variable $data FCPATH/plugins/Accounting/index.php:243
ERROR - 2025-05-01 12:35:03 --> [ERROR] Undefined variable $data FCPATH/plugins/Accounting/index.php:269
ERROR - 2025-05-01 12:35:04 --> [ERROR] Undefined variable $data FCPATH/plugins/Accounting/index.php:269
ERROR - 2025-05-01 12:35:05 --> [ERROR] Undefined variable $data FCPATH/plugins/Accounting/index.php:243
ERROR - 2025-05-01 12:41:02 --> [ERROR] Undefined variable $data FCPATH/plugins/Accounting/index.php:243
ERROR - 2025-05-01 12:41:03 --> [ERROR] Undefined variable $data FCPATH/plugins/Accounting/index.php:243
ERROR - 2025-05-01 12:46:02 --> [ERROR] Undefined variable $data FCPATH/plugins/Accounting/index.php:243
ERROR - 2025-05-01 12:46:04 --> [ERROR] Undefined variable $data FCPATH/plugins/Accounting/index.php:243
ERROR - 2025-05-01 12:52:02 --> [ERROR] Undefined variable $data FCPATH/plugins/Accounting/index.php:243
ERROR - 2025-05-01 12:52:04 --> [ERROR] Undefined variable $data FCPATH/plugins/Accounting/index.php:243
ERROR - 2025-05-01 12:58:02 --> [ERROR] Undefined variable $data FCPATH/plugins/Accounting/index.php:243
ERROR - 2025-05-01 12:58:04 --> [ERROR] Undefined variable $data FCPATH/plugins/Accounting/index.php:243
ERROR - 2025-05-01 13:04:02 --> [ERROR] Undefined variable $data FCPATH/plugins/Accounting/index.php:243
ERROR - 2025-05-01 13:04:04 --> [ERROR] Undefined variable $data FCPATH/plugins/Accounting/index.php:269
ERROR - 2025-05-01 13:04:05 --> [ERROR] Undefined variable $data FCPATH/plugins/Accounting/index.php:243
ERROR - 2025-05-01 13:10:02 --> [ERROR] Undefined variable $data FCPATH/plugins/Accounting/index.php:243
ERROR - 2025-05-01 13:10:04 --> [ERROR] Undefined variable $data FCPATH/plugins/Accounting/index.php:269
ERROR - 2025-05-01 13:10:05 --> [ERROR] Undefined variable $data FCPATH/plugins/Accounting/index.php:243
ERROR - 2025-05-01 13:16:02 --> [ERROR] Undefined variable $data FCPATH/plugins/Accounting/index.php:243
ERROR - 2025-05-01 13:16:03 --> [ERROR] Undefined variable $data FCPATH/plugins/Accounting/index.php:269
ERROR - 2025-05-01 13:16:04 --> [ERROR] Undefined variable $data FCPATH/plugins/Accounting/index.php:243
ERROR - 2025-05-01 13:21:02 --> [ERROR] Undefined variable $data FCPATH/plugins/Accounting/index.php:243
ERROR - 2025-05-01 13:21:04 --> [ERROR] Undefined variable $data FCPATH/plugins/Accounting/index.php:269
ERROR - 2025-05-01 13:21:04 --> [ERROR] Undefined variable $data FCPATH/plugins/Accounting/index.php:269
ERROR - 2025-05-01 13:21:05 --> [ERROR] Undefined variable $data FCPATH/plugins/Accounting/index.php:243
ERROR - 2025-05-01 13:27:03 --> [ERROR] Undefined variable $data FCPATH/plugins/Accounting/index.php:243
ERROR - 2025-05-01 13:27:05 --> [ERROR] Undefined variable $data FCPATH/plugins/Accounting/index.php:243
ERROR - 2025-05-01 13:33:01 --> [ERROR] Undefined variable $data FCPATH/plugins/Accounting/index.php:243
ERROR - 2025-05-01 13:33:03 --> [ERROR] Undefined variable $data FCPATH/plugins/Accounting/index.php:243
ERROR - 2025-05-01 13:39:02 --> [ERROR] Undefined variable $data FCPATH/plugins/Accounting/index.php:243
ERROR - 2025-05-01 13:39:03 --> [ERROR] Undefined variable $data FCPATH/plugins/Accounting/index.php:243
ERROR - 2025-05-01 13:45:02 --> [ERROR] Undefined variable $data FCPATH/plugins/Accounting/index.php:243
ERROR - 2025-05-01 13:45:04 --> [ERROR] Undefined variable $data FCPATH/plugins/Accounting/index.php:243
ERROR - 2025-05-01 13:51:02 --> [ERROR] Undefined variable $data FCPATH/plugins/Accounting/index.php:243
ERROR - 2025-05-01 13:51:04 --> [ERROR] Undefined variable $data FCPATH/plugins/Accounting/index.php:243
ERROR - 2025-05-01 13:57:02 --> [ERROR] Undefined variable $data FCPATH/plugins/Accounting/index.php:243
ERROR - 2025-05-01 13:57:04 --> [ERROR] Undefined variable $data FCPATH/plugins/Accounting/index.php:243
ERROR - 2025-05-01 14:02:02 --> [ERROR] Undefined variable $data FCPATH/plugins/Accounting/index.php:243
ERROR - 2025-05-01 14:02:04 --> [ERROR] Undefined variable $data FCPATH/plugins/Accounting/index.php:269
ERROR - 2025-05-01 14:02:04 --> [ERROR] Undefined variable $data FCPATH/plugins/Accounting/index.php:243
ERROR - 2025-05-01 14:08:01 --> [ERROR] Undefined variable $data FCPATH/plugins/Accounting/index.php:243
ERROR - 2025-05-01 14:08:03 --> [ERROR] Undefined variable $data FCPATH/plugins/Accounting/index.php:243
ERROR - 2025-05-01 14:14:02 --> [ERROR] Undefined variable $data FCPATH/plugins/Accounting/index.php:243
ERROR - 2025-05-01 14:14:03 --> [ERROR] Undefined variable $data FCPATH/plugins/Accounting/index.php:243
ERROR - 2025-05-01 14:19:02 --> [ERROR] Undefined variable $data FCPATH/plugins/Accounting/index.php:243
ERROR - 2025-05-01 14:19:04 --> [ERROR] Undefined variable $data FCPATH/plugins/Accounting/index.php:269
ERROR - 2025-05-01 14:19:05 --> [ERROR] Undefined variable $data FCPATH/plugins/Accounting/index.php:243
ERROR - 2025-05-01 14:25:02 --> [ERROR] Undefined variable $data FCPATH/plugins/Accounting/index.php:243
ERROR - 2025-05-01 14:25:04 --> [ERROR] Undefined variable $data FCPATH/plugins/Accounting/index.php:269
ERROR - 2025-05-01 14:25:04 --> [ERROR] Undefined variable $data FCPATH/plugins/Accounting/index.php:243
ERROR - 2025-05-01 14:31:02 --> [ERROR] Undefined variable $data FCPATH/plugins/Accounting/index.php:243
ERROR - 2025-05-01 14:31:04 --> [ERROR] Undefined variable $data FCPATH/plugins/Accounting/index.php:243
ERROR - 2025-05-01 14:36:02 --> [ERROR] Undefined variable $data FCPATH/plugins/Accounting/index.php:243
ERROR - 2025-05-01 14:36:04 --> [ERROR] Undefined variable $data FCPATH/plugins/Accounting/index.php:243
ERROR - 2025-05-01 14:42:02 --> [ERROR] Undefined variable $data FCPATH/plugins/Accounting/index.php:243
ERROR - 2025-05-01 14:42:03 --> [ERROR] Undefined variable $data FCPATH/plugins/Accounting/index.php:243
ERROR - 2025-05-01 14:48:02 --> [ERROR] Undefined variable $data FCPATH/plugins/Accounting/index.php:243
ERROR - 2025-05-01 14:48:03 --> [ERROR] Undefined variable $data FCPATH/plugins/Accounting/index.php:269
ERROR - 2025-05-01 14:48:04 --> [ERROR] Undefined variable $data FCPATH/plugins/Accounting/index.php:243
ERROR - 2025-05-01 14:54:02 --> [ERROR] Undefined variable $data FCPATH/plugins/Accounting/index.php:243
ERROR - 2025-05-01 14:54:04 --> [ERROR] Undefined variable $data FCPATH/plugins/Accounting/index.php:243
ERROR - 2025-05-01 15:00:05 --> [ERROR] Undefined variable $data FCPATH/plugins/Accounting/index.php:243
ERROR - 2025-05-01 15:00:07 --> [ERROR] Undefined variable $data FCPATH/plugins/Accounting/index.php:243
ERROR - 2025-05-01 15:06:02 --> [ERROR] Undefined variable $data FCPATH/plugins/Accounting/index.php:243
ERROR - 2025-05-01 15:06:04 --> [ERROR] Undefined variable $data FCPATH/plugins/Accounting/index.php:243
ERROR - 2025-05-01 15:12:02 --> [ERROR] Undefined variable $data FCPATH/plugins/Accounting/index.php:243
ERROR - 2025-05-01 15:12:04 --> [ERROR] Undefined variable $data FCPATH/plugins/Accounting/index.php:269
ERROR - 2025-05-01 15:12:04 --> [ERROR] Undefined variable $data FCPATH/plugins/Accounting/index.php:243
ERROR - 2025-05-01 15:18:02 --> [ERROR] Undefined variable $data FCPATH/plugins/Accounting/index.php:243
ERROR - 2025-05-01 15:18:03 --> [ERROR] Undefined variable $data FCPATH/plugins/Accounting/index.php:243
ERROR - 2025-05-01 15:24:02 --> [ERROR] Undefined variable $data FCPATH/plugins/Accounting/index.php:243
ERROR - 2025-05-01 15:24:03 --> [ERROR] Undefined variable $data FCPATH/plugins/Accounting/index.php:243
ERROR - 2025-05-01 15:30:02 --> [ERROR] Undefined variable $data FCPATH/plugins/Accounting/index.php:243
ERROR - 2025-05-01 15:30:04 --> [ERROR] Undefined variable $data FCPATH/plugins/Accounting/index.php:269
ERROR - 2025-05-01 15:30:05 --> [ERROR] Undefined variable $data FCPATH/plugins/Accounting/index.php:243
ERROR - 2025-05-01 15:36:03 --> [ERROR] Undefined variable $data FCPATH/plugins/Accounting/index.php:243
ERROR - 2025-05-01 15:36:05 --> [ERROR] Undefined variable $data FCPATH/plugins/Accounting/index.php:269
ERROR - 2025-05-01 15:36:05 --> [ERROR] Undefined variable $data FCPATH/plugins/Accounting/index.php:269
ERROR - 2025-05-01 15:36:05 --> [ERROR] Undefined variable $data FCPATH/plugins/Accounting/index.php:269
ERROR - 2025-05-01 15:36:06 --> [ERROR] Undefined variable $data FCPATH/plugins/Accounting/index.php:269
ERROR - 2025-05-01 15:36:06 --> [ERROR] Undefined variable $data FCPATH/plugins/Accounting/index.php:269
ERROR - 2025-05-01 15:36:06 --> [ERROR] Undefined variable $data FCPATH/plugins/Accounting/index.php:269
ERROR - 2025-05-01 15:36:07 --> [ERROR] Undefined variable $data FCPATH/plugins/Accounting/index.php:269
ERROR - 2025-05-01 15:36:07 --> [ERROR] Undefined variable $data FCPATH/plugins/Accounting/index.php:269
ERROR - 2025-05-01 15:36:08 --> [ERROR] Undefined variable $data FCPATH/plugins/Accounting/index.php:269
ERROR - 2025-05-01 15:36:08 --> [ERROR] Undefined variable $data FCPATH/plugins/Accounting/index.php:269
ERROR - 2025-05-01 15:36:08 --> [ERROR] Undefined variable $data FCPATH/plugins/Accounting/index.php:269
ERROR - 2025-05-01 15:36:09 --> [ERROR] Undefined variable $data FCPATH/plugins/Accounting/index.php:269
ERROR - 2025-05-01 15:36:09 --> [ERROR] Undefined variable $data FCPATH/plugins/Accounting/index.php:269
ERROR - 2025-05-01 15:36:09 --> [ERROR] Undefined variable $data FCPATH/plugins/Accounting/index.php:269
ERROR - 2025-05-01 15:36:10 --> [ERROR] Undefined variable $data FCPATH/plugins/Accounting/index.php:269
ERROR - 2025-05-01 15:36:10 --> [ERROR] Undefined variable $data FCPATH/plugins/Accounting/index.php:269
ERROR - 2025-05-01 15:36:10 --> [ERROR] Undefined variable $data FCPATH/plugins/Accounting/index.php:269
ERROR - 2025-05-01 15:36:11 --> [ERROR] Undefined variable $data FCPATH/plugins/Accounting/index.php:269
ERROR - 2025-05-01 15:36:12 --> [ERROR] Undefined variable $data FCPATH/plugins/Accounting/index.php:243
ERROR - 2025-05-01 15:42:02 --> [ERROR] Undefined variable $data FCPATH/plugins/Accounting/index.php:243
ERROR - 2025-05-01 15:42:04 --> [ERROR] Undefined variable $data FCPATH/plugins/Accounting/index.php:269
ERROR - 2025-05-01 15:42:04 --> [ERROR] Undefined variable $data FCPATH/plugins/Accounting/index.php:243
ERROR - 2025-05-01 15:48:02 --> [ERROR] Undefined variable $data FCPATH/plugins/Accounting/index.php:243
ERROR - 2025-05-01 15:48:03 --> [ERROR] Undefined variable $data FCPATH/plugins/Accounting/index.php:243
ERROR - 2025-05-01 15:54:02 --> [ERROR] Undefined variable $data FCPATH/plugins/Accounting/index.php:243
ERROR - 2025-05-01 15:54:03 --> [ERROR] Undefined variable $data FCPATH/plugins/Accounting/index.php:243
ERROR - 2025-05-01 16:00:04 --> [ERROR] Undefined variable $data FCPATH/plugins/Accounting/index.php:243
ERROR - 2025-05-01 16:00:05 --> [ERROR] Undefined variable $data FCPATH/plugins/Accounting/index.php:243
ERROR - 2025-05-01 16:06:02 --> [ERROR] Undefined variable $data FCPATH/plugins/Accounting/index.php:243
ERROR - 2025-05-01 16:06:04 --> [ERROR] Undefined variable $data FCPATH/plugins/Accounting/index.php:269
ERROR - 2025-05-01 16:06:04 --> [ERROR] Undefined variable $data FCPATH/plugins/Accounting/index.php:269
ERROR - 2025-05-01 16:06:04 --> [ERROR] Undefined variable $data FCPATH/plugins/Accounting/index.php:269
ERROR - 2025-05-01 16:06:05 --> [ERROR] Undefined variable $data FCPATH/plugins/Accounting/index.php:269
ERROR - 2025-05-01 16:06:06 --> [ERROR] Undefined variable $data FCPATH/plugins/Accounting/index.php:243
ERROR - 2025-05-01 16:12:02 --> [ERROR] Undefined variable $data FCPATH/plugins/Accounting/index.php:243
ERROR - 2025-05-01 16:12:05 --> [ERROR] Undefined variable $data FCPATH/plugins/Accounting/index.php:243
ERROR - 2025-05-01 16:18:02 --> [ERROR] Undefined variable $data FCPATH/plugins/Accounting/index.php:243
ERROR - 2025-05-01 16:18:03 --> [ERROR] Undefined variable $data FCPATH/plugins/Accounting/index.php:243
ERROR - 2025-05-01 16:24:02 --> [ERROR] Undefined variable $data FCPATH/plugins/Accounting/index.php:243
ERROR - 2025-05-01 16:24:03 --> [ERROR] Undefined variable $data FCPATH/plugins/Accounting/index.php:269
ERROR - 2025-05-01 16:24:04 --> [ERROR] Undefined variable $data FCPATH/plugins/Accounting/index.php:243
ERROR - 2025-05-01 16:29:02 --> [ERROR] Undefined variable $data FCPATH/plugins/Accounting/index.php:243
ERROR - 2025-05-01 16:29:04 --> [ERROR] Undefined variable $data FCPATH/plugins/Accounting/index.php:243
ERROR - 2025-05-01 16:35:03 --> [ERROR] Undefined variable $data FCPATH/plugins/Accounting/index.php:243
ERROR - 2025-05-01 16:35:04 --> [ERROR] Undefined variable $data FCPATH/plugins/Accounting/index.php:243
ERROR - 2025-05-01 16:41:02 --> [ERROR] Undefined variable $data FCPATH/plugins/Accounting/index.php:243
ERROR - 2025-05-01 16:41:08 --> [ERROR] Undefined variable $data FCPATH/plugins/Accounting/index.php:269
ERROR - 2025-05-01 16:41:09 --> [ERROR] Undefined variable $data FCPATH/plugins/Accounting/index.php:243
ERROR - 2025-05-01 16:47:02 --> [ERROR] Undefined variable $data FCPATH/plugins/Accounting/index.php:243
ERROR - 2025-05-01 16:47:04 --> [ERROR] Undefined variable $data FCPATH/plugins/Accounting/index.php:243
ERROR - 2025-05-01 16:52:02 --> [ERROR] Undefined variable $data FCPATH/plugins/Accounting/index.php:243
ERROR - 2025-05-01 16:52:04 --> [ERROR] Undefined variable $data FCPATH/plugins/Accounting/index.php:243
ERROR - 2025-05-01 16:58:03 --> [ERROR] Undefined variable $data FCPATH/plugins/Accounting/index.php:243
ERROR - 2025-05-01 16:58:07 --> [ERROR] Undefined variable $data FCPATH/plugins/Accounting/index.php:243
ERROR - 2025-05-01 17:04:03 --> [ERROR] Undefined variable $data FCPATH/plugins/Accounting/index.php:243
ERROR - 2025-05-01 17:04:06 --> [ERROR] Undefined variable $data FCPATH/plugins/Accounting/index.php:243
ERROR - 2025-05-01 17:10:02 --> [ERROR] Undefined variable $data FCPATH/plugins/Accounting/index.php:243
ERROR - 2025-05-01 17:10:04 --> [ERROR] Undefined variable $data FCPATH/plugins/Accounting/index.php:243
ERROR - 2025-05-01 17:16:02 --> [ERROR] Undefined variable $data FCPATH/plugins/Accounting/index.php:243
ERROR - 2025-05-01 17:16:03 --> [ERROR] Undefined variable $data FCPATH/plugins/Accounting/index.php:243
ERROR - 2025-05-01 17:21:02 --> [ERROR] Undefined variable $data FCPATH/plugins/Accounting/index.php:243
ERROR - 2025-05-01 17:21:04 --> [ERROR] Undefined variable $data FCPATH/plugins/Accounting/index.php:243
ERROR - 2025-05-01 17:27:02 --> [ERROR] Undefined variable $data FCPATH/plugins/Accounting/index.php:243
ERROR - 2025-05-01 17:27:03 --> [ERROR] Undefined variable $data FCPATH/plugins/Accounting/index.php:269
ERROR - 2025-05-01 17:27:04 --> [ERROR] Undefined variable $data FCPATH/plugins/Accounting/index.php:243
ERROR - 2025-05-01 17:33:02 --> [ERROR] Undefined variable $data FCPATH/plugins/Accounting/index.php:243
ERROR - 2025-05-01 17:33:03 --> [ERROR] Undefined variable $data FCPATH/plugins/Accounting/index.php:269
ERROR - 2025-05-01 17:33:04 --> [ERROR] Undefined variable $data FCPATH/plugins/Accounting/index.php:243
ERROR - 2025-05-01 17:39:02 --> [ERROR] Undefined variable $data FCPATH/plugins/Accounting/index.php:243
ERROR - 2025-05-01 17:39:03 --> [ERROR] Undefined variable $data FCPATH/plugins/Accounting/index.php:269
ERROR - 2025-05-01 17:39:04 --> [ERROR] Undefined variable $data FCPATH/plugins/Accounting/index.php:243
ERROR - 2025-05-01 17:44:03 --> [ERROR] Undefined variable $data FCPATH/plugins/Accounting/index.php:243
ERROR - 2025-05-01 17:44:05 --> [ERROR] Undefined variable $data FCPATH/plugins/Accounting/index.php:243
ERROR - 2025-05-01 17:50:02 --> [ERROR] Undefined variable $data FCPATH/plugins/Accounting/index.php:243
ERROR - 2025-05-01 17:50:04 --> [ERROR] Undefined variable $data FCPATH/plugins/Accounting/index.php:243
ERROR - 2025-05-01 17:56:02 --> [ERROR] Undefined variable $data FCPATH/plugins/Accounting/index.php:243
ERROR - 2025-05-01 17:56:04 --> [ERROR] Undefined variable $data FCPATH/plugins/Accounting/index.php:243
ERROR - 2025-05-01 18:02:01 --> [ERROR] Undefined variable $data FCPATH/plugins/Accounting/index.php:243
ERROR - 2025-05-01 18:02:03 --> [ERROR] Undefined variable $data FCPATH/plugins/Accounting/index.php:269
ERROR - 2025-05-01 18:02:04 --> [ERROR] Undefined variable $data FCPATH/plugins/Accounting/index.php:243
ERROR - 2025-05-01 18:08:02 --> [ERROR] Undefined variable $data FCPATH/plugins/Accounting/index.php:243
ERROR - 2025-05-01 18:08:03 --> [ERROR] Undefined variable $data FCPATH/plugins/Accounting/index.php:243
ERROR - 2025-05-01 18:13:02 --> [ERROR] Undefined variable $data FCPATH/plugins/Accounting/index.php:243
ERROR - 2025-05-01 18:13:04 --> [ERROR] Undefined variable $data FCPATH/plugins/Accounting/index.php:243
ERROR - 2025-05-01 18:19:02 --> [ERROR] Undefined variable $data FCPATH/plugins/Accounting/index.php:243
ERROR - 2025-05-01 18:19:04 --> [ERROR] Undefined variable $data FCPATH/plugins/Accounting/index.php:243
ERROR - 2025-05-01 18:25:02 --> [ERROR] Undefined variable $data FCPATH/plugins/Accounting/index.php:243
ERROR - 2025-05-01 18:25:05 --> [ERROR] Undefined variable $data FCPATH/plugins/Accounting/index.php:243
ERROR - 2025-05-01 18:31:02 --> [ERROR] Undefined variable $data FCPATH/plugins/Accounting/index.php:243
ERROR - 2025-05-01 18:31:05 --> [ERROR] Undefined variable $data FCPATH/plugins/Accounting/index.php:243
ERROR - 2025-05-01 18:37:02 --> [ERROR] Undefined variable $data FCPATH/plugins/Accounting/index.php:243
ERROR - 2025-05-01 18:37:04 --> [ERROR] Undefined variable $data FCPATH/plugins/Accounting/index.php:243
ERROR - 2025-05-01 18:43:02 --> [ERROR] Undefined variable $data FCPATH/plugins/Accounting/index.php:243
ERROR - 2025-05-01 18:43:04 --> [ERROR] Undefined variable $data FCPATH/plugins/Accounting/index.php:243
ERROR - 2025-05-01 18:49:02 --> [ERROR] Undefined variable $data FCPATH/plugins/Accounting/index.php:243
ERROR - 2025-05-01 18:49:04 --> [ERROR] Undefined variable $data FCPATH/plugins/Accounting/index.php:269
ERROR - 2025-05-01 18:49:05 --> [ERROR] Undefined variable $data FCPATH/plugins/Accounting/index.php:243
ERROR - 2025-05-01 18:55:02 --> [ERROR] Undefined variable $data FCPATH/plugins/Accounting/index.php:243
ERROR - 2025-05-01 18:55:03 --> [ERROR] Undefined variable $data FCPATH/plugins/Accounting/index.php:269
ERROR - 2025-05-01 18:55:04 --> [ERROR] Undefined variable $data FCPATH/plugins/Accounting/index.php:269
ERROR - 2025-05-01 18:55:05 --> [ERROR] Undefined variable $data FCPATH/plugins/Accounting/index.php:243
ERROR - 2025-05-01 19:00:03 --> [ERROR] Undefined variable $data FCPATH/plugins/Accounting/index.php:243
ERROR - 2025-05-01 19:00:05 --> [ERROR] Undefined variable $data FCPATH/plugins/Accounting/index.php:243
ERROR - 2025-05-01 19:06:02 --> [ERROR] Undefined variable $data FCPATH/plugins/Accounting/index.php:243
ERROR - 2025-05-01 19:06:04 --> [ERROR] Undefined variable $data FCPATH/plugins/Accounting/index.php:243
ERROR - 2025-05-01 19:12:02 --> [ERROR] Undefined variable $data FCPATH/plugins/Accounting/index.php:243
ERROR - 2025-05-01 19:12:04 --> [ERROR] Undefined variable $data FCPATH/plugins/Accounting/index.php:243
ERROR - 2025-05-01 19:18:02 --> [ERROR] Undefined variable $data FCPATH/plugins/Accounting/index.php:243
ERROR - 2025-05-01 19:18:04 --> [ERROR] Undefined variable $data FCPATH/plugins/Accounting/index.php:243
ERROR - 2025-05-01 19:24:02 --> [ERROR] Undefined variable $data FCPATH/plugins/Accounting/index.php:243
ERROR - 2025-05-01 19:24:04 --> [ERROR] Undefined variable $data FCPATH/plugins/Accounting/index.php:243
ERROR - 2025-05-01 19:30:03 --> [ERROR] Undefined variable $data FCPATH/plugins/Accounting/index.php:243
ERROR - 2025-05-01 19:30:07 --> [ERROR] Undefined variable $data FCPATH/plugins/Accounting/index.php:243
ERROR - 2025-05-01 19:35:02 --> [ERROR] Undefined variable $data FCPATH/plugins/Accounting/index.php:243
ERROR - 2025-05-01 19:35:04 --> [ERROR] Undefined variable $data FCPATH/plugins/Accounting/index.php:243
ERROR - 2025-05-01 19:41:02 --> [ERROR] Undefined variable $data FCPATH/plugins/Accounting/index.php:243
ERROR - 2025-05-01 19:41:04 --> [ERROR] Undefined variable $data FCPATH/plugins/Accounting/index.php:243
ERROR - 2025-05-01 19:46:02 --> [ERROR] Undefined variable $data FCPATH/plugins/Accounting/index.php:243
ERROR - 2025-05-01 19:46:04 --> [ERROR] Undefined variable $data FCPATH/plugins/Accounting/index.php:269
ERROR - 2025-05-01 19:46:04 --> [ERROR] Undefined variable $data FCPATH/plugins/Accounting/index.php:243
ERROR - 2025-05-01 19:52:04 --> [ERROR] Undefined variable $data FCPATH/plugins/Accounting/index.php:243
ERROR - 2025-05-01 19:52:06 --> [ERROR] Undefined variable $data FCPATH/plugins/Accounting/index.php:243
ERROR - 2025-05-01 19:57:02 --> [ERROR] Undefined variable $data FCPATH/plugins/Accounting/index.php:243
ERROR - 2025-05-01 19:57:04 --> [ERROR] Undefined variable $data FCPATH/plugins/Accounting/index.php:243
ERROR - 2025-05-01 20:03:02 --> [ERROR] Undefined variable $data FCPATH/plugins/Accounting/index.php:243
ERROR - 2025-05-01 20:03:03 --> [ERROR] Undefined variable $data FCPATH/plugins/Accounting/index.php:269
ERROR - 2025-05-01 20:03:05 --> [ERROR] Undefined variable $data FCPATH/plugins/Accounting/index.php:243
ERROR - 2025-05-01 20:09:02 --> [ERROR] Undefined variable $data FCPATH/plugins/Accounting/index.php:243
ERROR - 2025-05-01 20:09:04 --> [ERROR] Undefined variable $data FCPATH/plugins/Accounting/index.php:243
ERROR - 2025-05-01 20:15:02 --> [ERROR] Undefined variable $data FCPATH/plugins/Accounting/index.php:243
ERROR - 2025-05-01 20:15:04 --> [ERROR] Undefined variable $data FCPATH/plugins/Accounting/index.php:243
ERROR - 2025-05-01 20:21:02 --> [ERROR] Undefined variable $data FCPATH/plugins/Accounting/index.php:243
ERROR - 2025-05-01 20:21:03 --> [ERROR] Undefined variable $data FCPATH/plugins/Accounting/index.php:243
ERROR - 2025-05-01 20:26:02 --> [ERROR] Undefined variable $data FCPATH/plugins/Accounting/index.php:243
ERROR - 2025-05-01 20:26:04 --> [ERROR] Undefined variable $data FCPATH/plugins/Accounting/index.php:269
ERROR - 2025-05-01 20:26:04 --> [ERROR] Undefined variable $data FCPATH/plugins/Accounting/index.php:243
ERROR - 2025-05-01 20:32:02 --> [ERROR] Undefined variable $data FCPATH/plugins/Accounting/index.php:243
ERROR - 2025-05-01 20:32:05 --> [ERROR] Undefined variable $data FCPATH/plugins/Accounting/index.php:243
ERROR - 2025-05-01 20:38:02 --> [ERROR] Undefined variable $data FCPATH/plugins/Accounting/index.php:243
ERROR - 2025-05-01 20:38:04 --> [ERROR] Undefined variable $data FCPATH/plugins/Accounting/index.php:243
ERROR - 2025-05-01 20:43:02 --> [ERROR] Undefined variable $data FCPATH/plugins/Accounting/index.php:243
ERROR - 2025-05-01 20:43:04 --> [ERROR] Undefined variable $data FCPATH/plugins/Accounting/index.php:243
ERROR - 2025-05-01 20:49:02 --> [ERROR] Undefined variable $data FCPATH/plugins/Accounting/index.php:243
ERROR - 2025-05-01 20:49:04 --> [ERROR] Undefined variable $data FCPATH/plugins/Accounting/index.php:243
ERROR - 2025-05-01 20:55:03 --> [ERROR] Undefined variable $data FCPATH/plugins/Accounting/index.php:243
ERROR - 2025-05-01 20:55:05 --> [ERROR] Undefined variable $data FCPATH/plugins/Accounting/index.php:243
ERROR - 2025-05-01 21:00:04 --> [ERROR] Undefined variable $data FCPATH/plugins/Accounting/index.php:243
ERROR - 2025-05-01 21:00:06 --> [ERROR] Undefined variable $data FCPATH/plugins/Accounting/index.php:243
ERROR - 2025-05-01 21:06:02 --> [ERROR] Undefined variable $data FCPATH/plugins/Accounting/index.php:243
ERROR - 2025-05-01 21:06:04 --> [ERROR] Undefined variable $data FCPATH/plugins/Accounting/index.php:243
ERROR - 2025-05-01 21:12:04 --> [ERROR] Undefined variable $data FCPATH/plugins/Accounting/index.php:243
ERROR - 2025-05-01 21:12:07 --> [ERROR] Undefined variable $data FCPATH/plugins/Accounting/index.php:243
ERROR - 2025-05-01 21:18:04 --> [ERROR] Undefined variable $data FCPATH/plugins/Accounting/index.php:243
ERROR - 2025-05-01 21:18:09 --> [ERROR] Undefined variable $data FCPATH/plugins/Accounting/index.php:243
ERROR - 2025-05-01 21:23:04 --> [ERROR] Undefined variable $data FCPATH/plugins/Accounting/index.php:243
ERROR - 2025-05-01 21:23:07 --> [ERROR] Undefined variable $data FCPATH/plugins/Accounting/index.php:243
WARNING - 2025-05-01 21:24:12 --> [DEPRECATED] Optional parameter $id declared before required parameter $is_reminder is implicitly treated as a required parameter in APPPATH/Controllers/Events.php on line 344.
 1 SYSTEMPATH/Autoloader/Autoloader.php(317): include_once('/home3/appnaros/public_html/sistema/system/Debug/Exceptions.php')
 2 SYSTEMPATH/Autoloader/Autoloader.php(296): CodeIgniter\Autoloader\Autoloader->includeFile('/home3/appnaros/public_html/sistema/app/Controllers/Events.php')
 3 SYSTEMPATH/Autoloader/Autoloader.php(272): CodeIgniter\Autoloader\Autoloader->loadInNamespace('App\\Controllers\\Events')
 4 [internal function]: CodeIgniter\Autoloader\Autoloader->loadClass('App\\Controllers\\Events')
 5 SYSTEMPATH/CodeIgniter.php(887): class_exists('\\App\\Controllers\\Events', true)
 6 SYSTEMPATH/CodeIgniter.php(496): CodeIgniter\CodeIgniter->startController()
 7 SYSTEMPATH/CodeIgniter.php(355): CodeIgniter\CodeIgniter->handleRequest(null, Object(Config\Cache), false)
 8 SYSTEMPATH/Boot.php(325): CodeIgniter\CodeIgniter->run()
 9 SYSTEMPATH/Boot.php(67): CodeIgniter\Boot::runCodeIgniter(Object(CodeIgniter\CodeIgniter))
10 FCPATH/index.php(149): CodeIgniter\Boot::bootWeb(Object(Config\Paths))
WARNING - 2025-05-01 21:24:22 --> [DEPRECATED] Optional parameter $id declared before required parameter $is_reminder is implicitly treated as a required parameter in APPPATH/Controllers/Events.php on line 344.
 1 SYSTEMPATH/Autoloader/Autoloader.php(317): include_once('/home3/appnaros/public_html/sistema/system/Debug/Exceptions.php')
 2 SYSTEMPATH/Autoloader/Autoloader.php(296): CodeIgniter\Autoloader\Autoloader->includeFile('/home3/appnaros/public_html/sistema/app/Controllers/Events.php')
 3 SYSTEMPATH/Autoloader/Autoloader.php(272): CodeIgniter\Autoloader\Autoloader->loadInNamespace('App\\Controllers\\Events')
 4 [internal function]: CodeIgniter\Autoloader\Autoloader->loadClass('App\\Controllers\\Events')
 5 SYSTEMPATH/CodeIgniter.php(887): class_exists('\\App\\Controllers\\Events', true)
 6 SYSTEMPATH/CodeIgniter.php(496): CodeIgniter\CodeIgniter->startController()
 7 SYSTEMPATH/CodeIgniter.php(355): CodeIgniter\CodeIgniter->handleRequest(null, Object(Config\Cache), false)
 8 SYSTEMPATH/Boot.php(325): CodeIgniter\CodeIgniter->run()
 9 SYSTEMPATH/Boot.php(67): CodeIgniter\Boot::runCodeIgniter(Object(CodeIgniter\CodeIgniter))
10 FCPATH/index.php(149): CodeIgniter\Boot::bootWeb(Object(Config\Paths))
WARNING - 2025-05-01 21:24:40 --> [DEPRECATED] Optional parameter $id declared before required parameter $is_reminder is implicitly treated as a required parameter in APPPATH/Controllers/Events.php on line 344.
 1 SYSTEMPATH/Autoloader/Autoloader.php(317): include_once('/home3/appnaros/public_html/sistema/system/Debug/Exceptions.php')
 2 SYSTEMPATH/Autoloader/Autoloader.php(296): CodeIgniter\Autoloader\Autoloader->includeFile('/home3/appnaros/public_html/sistema/app/Controllers/Events.php')
 3 SYSTEMPATH/Autoloader/Autoloader.php(272): CodeIgniter\Autoloader\Autoloader->loadInNamespace('App\\Controllers\\Events')
 4 [internal function]: CodeIgniter\Autoloader\Autoloader->loadClass('App\\Controllers\\Events')
 5 SYSTEMPATH/CodeIgniter.php(887): class_exists('\\App\\Controllers\\Events', true)
 6 SYSTEMPATH/CodeIgniter.php(496): CodeIgniter\CodeIgniter->startController()
 7 SYSTEMPATH/CodeIgniter.php(355): CodeIgniter\CodeIgniter->handleRequest(null, Object(Config\Cache), false)
 8 SYSTEMPATH/Boot.php(325): CodeIgniter\CodeIgniter->run()
 9 SYSTEMPATH/Boot.php(67): CodeIgniter\Boot::runCodeIgniter(Object(CodeIgniter\CodeIgniter))
10 FCPATH/index.php(149): CodeIgniter\Boot::bootWeb(Object(Config\Paths))
WARNING - 2025-05-01 21:25:15 --> [DEPRECATED] Optional parameter $id declared before required parameter $is_reminder is implicitly treated as a required parameter in APPPATH/Controllers/Events.php on line 344.
 1 SYSTEMPATH/Autoloader/Autoloader.php(317): include_once('/home3/appnaros/public_html/sistema/system/Debug/Exceptions.php')
 2 SYSTEMPATH/Autoloader/Autoloader.php(296): CodeIgniter\Autoloader\Autoloader->includeFile('/home3/appnaros/public_html/sistema/app/Controllers/Events.php')
 3 SYSTEMPATH/Autoloader/Autoloader.php(272): CodeIgniter\Autoloader\Autoloader->loadInNamespace('App\\Controllers\\Events')
 4 [internal function]: CodeIgniter\Autoloader\Autoloader->loadClass('App\\Controllers\\Events')
 5 SYSTEMPATH/CodeIgniter.php(887): class_exists('\\App\\Controllers\\Events', true)
 6 SYSTEMPATH/CodeIgniter.php(496): CodeIgniter\CodeIgniter->startController()
 7 SYSTEMPATH/CodeIgniter.php(355): CodeIgniter\CodeIgniter->handleRequest(null, Object(Config\Cache), false)
 8 SYSTEMPATH/Boot.php(325): CodeIgniter\CodeIgniter->run()
 9 SYSTEMPATH/Boot.php(67): CodeIgniter\Boot::runCodeIgniter(Object(CodeIgniter\CodeIgniter))
10 FCPATH/index.php(149): CodeIgniter\Boot::bootWeb(Object(Config\Paths))
ERROR - 2025-05-01 21:25:23 --> [ERROR] Undefined variable $data FCPATH/plugins/Accounting/index.php:295
ERROR - 2025-05-01 21:25:27 --> [ERROR] Undefined variable $data FCPATH/plugins/Accounting/index.php:295
ERROR - 2025-05-01 21:29:05 --> [ERROR] Undefined variable $data FCPATH/plugins/Accounting/index.php:243
ERROR - 2025-05-01 21:29:13 --> [ERROR] Undefined variable $data FCPATH/plugins/Accounting/index.php:243
ERROR - 2025-05-01 21:35:04 --> [ERROR] Undefined variable $data FCPATH/plugins/Accounting/index.php:243
ERROR - 2025-05-01 21:35:09 --> [ERROR] Undefined variable $data FCPATH/plugins/Accounting/index.php:243
ERROR - 2025-05-01 21:41:04 --> [ERROR] Undefined variable $data FCPATH/plugins/Accounting/index.php:243
ERROR - 2025-05-01 21:41:08 --> [ERROR] Undefined variable $data FCPATH/plugins/Accounting/index.php:243
ERROR - 2025-05-01 21:47:04 --> [ERROR] Undefined variable $data FCPATH/plugins/Accounting/index.php:243
ERROR - 2025-05-01 21:47:07 --> [ERROR] Undefined variable $data FCPATH/plugins/Accounting/index.php:243
ERROR - 2025-05-01 21:52:04 --> [ERROR] Undefined variable $data FCPATH/plugins/Accounting/index.php:243
ERROR - 2025-05-01 21:52:18 --> [ERROR] Undefined variable $data FCPATH/plugins/Accounting/index.php:243
ERROR - 2025-05-01 21:58:05 --> [ERROR] Undefined variable $data FCPATH/plugins/Accounting/index.php:243
ERROR - 2025-05-01 21:58:52 --> [ERROR] Undefined variable $data FCPATH/plugins/Accounting/index.php:243
ERROR - 2025-05-01 22:04:01 --> [ERROR] Undefined variable $data FCPATH/plugins/Accounting/index.php:243
ERROR - 2025-05-01 22:04:03 --> [ERROR] Undefined variable $data FCPATH/plugins/Accounting/index.php:243
ERROR - 2025-05-01 22:10:02 --> [ERROR] Undefined variable $data FCPATH/plugins/Accounting/index.php:243
ERROR - 2025-05-01 22:10:04 --> [ERROR] Undefined variable $data FCPATH/plugins/Accounting/index.php:243
ERROR - 2025-05-01 22:16:02 --> [ERROR] Undefined variable $data FCPATH/plugins/Accounting/index.php:243
ERROR - 2025-05-01 22:16:04 --> [ERROR] Undefined variable $data FCPATH/plugins/Accounting/index.php:243
ERROR - 2025-05-01 22:21:02 --> [ERROR] Undefined variable $data FCPATH/plugins/Accounting/index.php:243
ERROR - 2025-05-01 22:21:04 --> [ERROR] Undefined variable $data FCPATH/plugins/Accounting/index.php:243
ERROR - 2025-05-01 22:27:02 --> [ERROR] Undefined variable $data FCPATH/plugins/Accounting/index.php:243
ERROR - 2025-05-01 22:27:04 --> [ERROR] Undefined variable $data FCPATH/plugins/Accounting/index.php:243
ERROR - 2025-05-01 22:33:01 --> [ERROR] Undefined variable $data FCPATH/plugins/Accounting/index.php:243
ERROR - 2025-05-01 22:33:05 --> [ERROR] Undefined variable $data FCPATH/plugins/Accounting/index.php:243
ERROR - 2025-05-01 22:39:02 --> [ERROR] Undefined variable $data FCPATH/plugins/Accounting/index.php:243
ERROR - 2025-05-01 22:39:04 --> [ERROR] Undefined variable $data FCPATH/plugins/Accounting/index.php:243
ERROR - 2025-05-01 22:45:02 --> [ERROR] Undefined variable $data FCPATH/plugins/Accounting/index.php:243
ERROR - 2025-05-01 22:45:04 --> [ERROR] Undefined variable $data FCPATH/plugins/Accounting/index.php:243
ERROR - 2025-05-01 22:51:02 --> [ERROR] Undefined variable $data FCPATH/plugins/Accounting/index.php:243
ERROR - 2025-05-01 22:51:06 --> [ERROR] Undefined variable $data FCPATH/plugins/Accounting/index.php:243
ERROR - 2025-05-01 22:57:02 --> [ERROR] Undefined variable $data FCPATH/plugins/Accounting/index.php:243
ERROR - 2025-05-01 22:57:04 --> [ERROR] Undefined variable $data FCPATH/plugins/Accounting/index.php:243
ERROR - 2025-05-01 23:03:02 --> [ERROR] Undefined variable $data FCPATH/plugins/Accounting/index.php:243
ERROR - 2025-05-01 23:03:04 --> [ERROR] Undefined variable $data FCPATH/plugins/Accounting/index.php:243
ERROR - 2025-05-01 23:09:02 --> [ERROR] Undefined variable $data FCPATH/plugins/Accounting/index.php:243
ERROR - 2025-05-01 23:09:04 --> [ERROR] Undefined variable $data FCPATH/plugins/Accounting/index.php:243
ERROR - 2025-05-01 23:15:02 --> [ERROR] Undefined variable $data FCPATH/plugins/Accounting/index.php:243
ERROR - 2025-05-01 23:15:04 --> [ERROR] Undefined variable $data FCPATH/plugins/Accounting/index.php:243
ERROR - 2025-05-01 23:20:02 --> [ERROR] Undefined variable $data FCPATH/plugins/Accounting/index.php:243
ERROR - 2025-05-01 23:20:04 --> [ERROR] Undefined variable $data FCPATH/plugins/Accounting/index.php:243
ERROR - 2025-05-01 23:26:03 --> [ERROR] Undefined variable $data FCPATH/plugins/Accounting/index.php:243
ERROR - 2025-05-01 23:26:11 --> [ERROR] Undefined variable $data FCPATH/plugins/Accounting/index.php:243
ERROR - 2025-05-01 23:32:03 --> [ERROR] Undefined variable $data FCPATH/plugins/Accounting/index.php:243
ERROR - 2025-05-01 23:32:04 --> [ERROR] Undefined variable $data FCPATH/plugins/Accounting/index.php:269
ERROR - 2025-05-01 23:32:05 --> [ERROR] Undefined variable $data FCPATH/plugins/Accounting/index.php:243
ERROR - 2025-05-01 23:38:02 --> [ERROR] Undefined variable $data FCPATH/plugins/Accounting/index.php:243
ERROR - 2025-05-01 23:38:04 --> [ERROR] Undefined variable $data FCPATH/plugins/Accounting/index.php:243
ERROR - 2025-05-01 23:44:02 --> [ERROR] Undefined variable $data FCPATH/plugins/Accounting/index.php:243
ERROR - 2025-05-01 23:44:04 --> [ERROR] Undefined variable $data FCPATH/plugins/Accounting/index.php:243
ERROR - 2025-05-01 23:50:02 --> [ERROR] Undefined variable $data FCPATH/plugins/Accounting/index.php:243
ERROR - 2025-05-01 23:50:04 --> [ERROR] Undefined variable $data FCPATH/plugins/Accounting/index.php:243
ERROR - 2025-05-01 23:56:02 --> [ERROR] Undefined variable $data FCPATH/plugins/Accounting/index.php:243
ERROR - 2025-05-01 23:56:04 --> [ERROR] Undefined variable $data FCPATH/plugins/Accounting/index.php:243
