WARNING - 2025-10-13 14:10:11 --> [DEPRECATED] unserialize(): Passing null to parameter #1 ($data) of type string is deprecated in APPPATH/Views/attendance/clock_widget.php on line 19.
 1 APPPATH/Views/attendance/clock_widget.php(19): unserialize(null)
 2 SYSTEMPATH/View/View.php(234): include('/var/www/erp/si002/app/Views/attendance/clock_widget.php')
 3 SYSTEMPATH/View/View.php(237): CodeIgniter\View\View->CodeIgniter\View\{closure}()
 4 SYSTEMPATH/Common.php(1171): CodeIgniter\View\View->render('attendance/clock_widget', [], true)
 5 APPPATH/Libraries/Template.php(38): view('attendance/clock_widget', [...])
 6 APPPATH/Helpers/widget_helper.php(18): App\Libraries\Template->view('attendance/clock_widget', [...])
 7 APPPATH/Controllers/Dashboard.php(1063): clock_widget()
 8 APPPATH/Controllers/Dashboard.php(1054): App\Controllers\Dashboard->_get_widgets_for_staffs('clock_in_out', [...])
 9 APPPATH/Controllers/Dashboard.php(1031): App\Controllers\Dashboard->_make_dashboard_widgets('clock_in_out')
10 APPPATH/Controllers/Dashboard.php(399): App\Controllers\Dashboard->make_dashboard([...])
11 APPPATH/Controllers/Dashboard.php(33): App\Controllers\Dashboard->view('4')
12 SYSTEMPATH/CodeIgniter.php(933): App\Controllers\Dashboard->index('1')
13 SYSTEMPATH/CodeIgniter.php(509): CodeIgniter\CodeIgniter->runController(Object(App\Controllers\Dashboard))
14 SYSTEMPATH/CodeIgniter.php(355): CodeIgniter\CodeIgniter->handleRequest(null, Object(Config\Cache), false)
15 SYSTEMPATH/Boot.php(325): CodeIgniter\CodeIgniter->run()
16 SYSTEMPATH/Boot.php(67): CodeIgniter\Boot::runCodeIgniter(Object(CodeIgniter\CodeIgniter))
17 FCPATH/index.php(140): CodeIgniter\Boot::bootWeb(Object(Config\Paths))
WARNING - 2025-10-13 14:24:37 --> [DEPRECATED] unserialize(): Passing null to parameter #1 ($data) of type string is deprecated in APPPATH/Views/attendance/clock_widget.php on line 19.
 1 APPPATH/Views/attendance/clock_widget.php(19): unserialize(null)
 2 SYSTEMPATH/View/View.php(234): include('/var/www/erp/si002/app/Views/attendance/clock_widget.php')
 3 SYSTEMPATH/View/View.php(237): CodeIgniter\View\View->CodeIgniter\View\{closure}()
 4 SYSTEMPATH/Common.php(1171): CodeIgniter\View\View->render('attendance/clock_widget', [], true)
 5 APPPATH/Libraries/Template.php(38): view('attendance/clock_widget', [...])
 6 APPPATH/Helpers/widget_helper.php(18): App\Libraries\Template->view('attendance/clock_widget', [...])
 7 APPPATH/Controllers/Dashboard.php(1063): clock_widget()
 8 APPPATH/Controllers/Dashboard.php(1054): App\Controllers\Dashboard->_get_widgets_for_staffs('clock_in_out', [...])
 9 APPPATH/Controllers/Dashboard.php(1031): App\Controllers\Dashboard->_make_dashboard_widgets('clock_in_out')
10 APPPATH/Controllers/Dashboard.php(399): App\Controllers\Dashboard->make_dashboard([...])
11 APPPATH/Controllers/Dashboard.php(33): App\Controllers\Dashboard->view('4')
12 SYSTEMPATH/CodeIgniter.php(933): App\Controllers\Dashboard->index()
13 SYSTEMPATH/CodeIgniter.php(509): CodeIgniter\CodeIgniter->runController(Object(App\Controllers\Dashboard))
14 SYSTEMPATH/CodeIgniter.php(355): CodeIgniter\CodeIgniter->handleRequest(null, Object(Config\Cache), false)
15 SYSTEMPATH/Boot.php(325): CodeIgniter\CodeIgniter->run()
16 SYSTEMPATH/Boot.php(67): CodeIgniter\Boot::runCodeIgniter(Object(CodeIgniter\CodeIgniter))
17 FCPATH/index.php(140): CodeIgniter\Boot::bootWeb(Object(Config\Paths))
CRITICAL - 2025-10-13 15:09:49 --> ErrorException: Attempt to read property "name_" on null
[Method: GET, Route: api_evolution/logout_instance/2128]
in APPPATH/Controllers/Api_evolution.php on line 146.
 1 APPPATH/Controllers/Api_evolution.php(146): CodeIgniter\Debug\Exceptions->errorHandler()
 2 SYSTEMPATH/CodeIgniter.php(933): App\Controllers\Api_evolution->logout_instance()
 3 SYSTEMPATH/CodeIgniter.php(509): CodeIgniter\CodeIgniter->runController()
 4 SYSTEMPATH/CodeIgniter.php(355): CodeIgniter\CodeIgniter->handleRequest()
 5 SYSTEMPATH/Boot.php(325): CodeIgniter\CodeIgniter->run()
 6 SYSTEMPATH/Boot.php(67): CodeIgniter\Boot::runCodeIgniter()
 7 FCPATH/index.php(140): CodeIgniter\Boot::bootWeb()
CRITICAL - 2025-10-13 15:12:19 --> ErrorException: Attempt to read property "name_" on null
[Method: POST, Route: api_evolution/connect_instance/2128]
in APPPATH/Controllers/Api_evolution.php on line 79.
 1 APPPATH/Controllers/Api_evolution.php(79): CodeIgniter\Debug\Exceptions->errorHandler()
 2 SYSTEMPATH/CodeIgniter.php(933): App\Controllers\Api_evolution->connect_instance()
 3 SYSTEMPATH/CodeIgniter.php(509): CodeIgniter\CodeIgniter->runController()
 4 SYSTEMPATH/CodeIgniter.php(355): CodeIgniter\CodeIgniter->handleRequest()
 5 SYSTEMPATH/Boot.php(325): CodeIgniter\CodeIgniter->run()
 6 SYSTEMPATH/Boot.php(67): CodeIgniter\Boot::runCodeIgniter()
 7 FCPATH/index.php(140): CodeIgniter\Boot::bootWeb()
CRITICAL - 2025-10-13 15:12:28 --> ErrorException: Attempt to read property "name_" on null
[Method: POST, Route: api_evolution/connect_instance/2128]
in APPPATH/Controllers/Api_evolution.php on line 79.
 1 APPPATH/Controllers/Api_evolution.php(79): CodeIgniter\Debug\Exceptions->errorHandler()
 2 SYSTEMPATH/CodeIgniter.php(933): App\Controllers\Api_evolution->connect_instance()
 3 SYSTEMPATH/CodeIgniter.php(509): CodeIgniter\CodeIgniter->runController()
 4 SYSTEMPATH/CodeIgniter.php(355): CodeIgniter\CodeIgniter->handleRequest()
 5 SYSTEMPATH/Boot.php(325): CodeIgniter\CodeIgniter->run()
 6 SYSTEMPATH/Boot.php(67): CodeIgniter\Boot::runCodeIgniter()
 7 FCPATH/index.php(140): CodeIgniter\Boot::bootWeb()
ERROR - 2025-10-13 15:15:51 --> Email: sendWithSmtp throwed ErrorException: fsockopen(): Unable to connect to ssl://app.monaros.co:465 (Connection timed out) in /var/www/erp/si002/system/Email/Email.php:1901
Stack trace:
#0 [internal function]: CodeIgniter\Debug\Exceptions->errorHandler()
#1 /var/www/erp/si002/system/Email/Email.php(1901): fsockopen()
#2 /var/www/erp/si002/system/Email/Email.php(1809): CodeIgniter\Email\Email->SMTPConnect()
#3 /var/www/erp/si002/system/Email/Email.php(1694): CodeIgniter\Email\Email->sendWithSmtp()
#4 /var/www/erp/si002/system/Email/Email.php(1589): CodeIgniter\Email\Email->spoolEmail()
#5 /var/www/erp/si002/app/Helpers/general_helper.php(578): CodeIgniter\Email\Email->send()
#6 /var/www/erp/si002/app/Helpers/notifications_helper.php(1045): send_app_mail()
#7 /var/www/erp/si002/app/Models/Notifications_model.php(612): send_notification_emails()
#8 /var/www/erp/si002/app/Controllers/Notification_processor.php(132): App\Models\Notifications_model->create_notification()
#9 /var/www/erp/si002/system/CodeIgniter.php(933): App\Controllers\Notification_processor->create_notification()
#10 /var/www/erp/si002/system/CodeIgniter.php(509): CodeIgniter\CodeIgniter->runController()
#11 /var/www/erp/si002/system/CodeIgniter.php(355): CodeIgniter\CodeIgniter->handleRequest()
#12 /var/www/erp/si002/system/Boot.php(325): CodeIgniter\CodeIgniter->run()
#13 /var/www/erp/si002/system/Boot.php(67): CodeIgniter\Boot::runCodeIgniter()
#14 /var/www/erp/si002/index.php(140): CodeIgniter\Boot::bootWeb()
#15 {main}
ERROR - 2025-10-13 15:15:51 --> Email: Unable to send email using SMTP. Your server might not be configured to send mail using this method.
ERROR - 2025-10-13 15:15:51 --> 
ERROR - 2025-10-13 15:16:16 --> Email: sendWithSmtp throwed ErrorException: fsockopen(): Unable to connect to ssl://app.monaros.co:465 (Connection timed out) in /var/www/erp/si002/system/Email/Email.php:1901
Stack trace:
#0 [internal function]: CodeIgniter\Debug\Exceptions->errorHandler()
#1 /var/www/erp/si002/system/Email/Email.php(1901): fsockopen()
#2 /var/www/erp/si002/system/Email/Email.php(1809): CodeIgniter\Email\Email->SMTPConnect()
#3 /var/www/erp/si002/system/Email/Email.php(1694): CodeIgniter\Email\Email->sendWithSmtp()
#4 /var/www/erp/si002/system/Email/Email.php(1589): CodeIgniter\Email\Email->spoolEmail()
#5 /var/www/erp/si002/app/Helpers/general_helper.php(578): CodeIgniter\Email\Email->send()
#6 /var/www/erp/si002/app/Helpers/notifications_helper.php(1045): send_app_mail()
#7 /var/www/erp/si002/app/Models/Notifications_model.php(612): send_notification_emails()
#8 /var/www/erp/si002/app/Controllers/Notification_processor.php(132): App\Models\Notifications_model->create_notification()
#9 /var/www/erp/si002/system/CodeIgniter.php(933): App\Controllers\Notification_processor->create_notification()
#10 /var/www/erp/si002/system/CodeIgniter.php(509): CodeIgniter\CodeIgniter->runController()
#11 /var/www/erp/si002/system/CodeIgniter.php(355): CodeIgniter\CodeIgniter->handleRequest()
#12 /var/www/erp/si002/system/Boot.php(325): CodeIgniter\CodeIgniter->run()
#13 /var/www/erp/si002/system/Boot.php(67): CodeIgniter\Boot::runCodeIgniter()
#14 /var/www/erp/si002/index.php(140): CodeIgniter\Boot::bootWeb()
#15 {main}
ERROR - 2025-10-13 15:16:16 --> Email: Unable to send email using SMTP. Your server might not be configured to send mail using this method.
ERROR - 2025-10-13 15:16:16 --> 
ERROR - 2025-10-13 15:16:21 --> Email: sendWithSmtp throwed ErrorException: fsockopen(): Unable to connect to ssl://app.monaros.co:465 (Connection timed out) in /var/www/erp/si002/system/Email/Email.php:1901
Stack trace:
#0 [internal function]: CodeIgniter\Debug\Exceptions->errorHandler()
#1 /var/www/erp/si002/system/Email/Email.php(1901): fsockopen()
#2 /var/www/erp/si002/system/Email/Email.php(1809): CodeIgniter\Email\Email->SMTPConnect()
#3 /var/www/erp/si002/system/Email/Email.php(1694): CodeIgniter\Email\Email->sendWithSmtp()
#4 /var/www/erp/si002/system/Email/Email.php(1589): CodeIgniter\Email\Email->spoolEmail()
#5 /var/www/erp/si002/app/Helpers/general_helper.php(578): CodeIgniter\Email\Email->send()
#6 /var/www/erp/si002/app/Helpers/notifications_helper.php(1045): send_app_mail()
#7 /var/www/erp/si002/app/Models/Notifications_model.php(612): send_notification_emails()
#8 /var/www/erp/si002/app/Controllers/Notification_processor.php(132): App\Models\Notifications_model->create_notification()
#9 /var/www/erp/si002/system/CodeIgniter.php(933): App\Controllers\Notification_processor->create_notification()
#10 /var/www/erp/si002/system/CodeIgniter.php(509): CodeIgniter\CodeIgniter->runController()
#11 /var/www/erp/si002/system/CodeIgniter.php(355): CodeIgniter\CodeIgniter->handleRequest()
#12 /var/www/erp/si002/system/Boot.php(325): CodeIgniter\CodeIgniter->run()
#13 /var/www/erp/si002/system/Boot.php(67): CodeIgniter\Boot::runCodeIgniter()
#14 /var/www/erp/si002/index.php(140): CodeIgniter\Boot::bootWeb()
#15 {main}
ERROR - 2025-10-13 15:16:21 --> Email: Unable to send email using SMTP. Your server might not be configured to send mail using this method.
ERROR - 2025-10-13 15:16:21 --> 
ERROR - 2025-10-13 15:16:26 --> Email: sendWithSmtp throwed ErrorException: fsockopen(): Unable to connect to ssl://app.monaros.co:465 (Connection timed out) in /var/www/erp/si002/system/Email/Email.php:1901
Stack trace:
#0 [internal function]: CodeIgniter\Debug\Exceptions->errorHandler()
#1 /var/www/erp/si002/system/Email/Email.php(1901): fsockopen()
#2 /var/www/erp/si002/system/Email/Email.php(1809): CodeIgniter\Email\Email->SMTPConnect()
#3 /var/www/erp/si002/system/Email/Email.php(1694): CodeIgniter\Email\Email->sendWithSmtp()
#4 /var/www/erp/si002/system/Email/Email.php(1589): CodeIgniter\Email\Email->spoolEmail()
#5 /var/www/erp/si002/app/Helpers/general_helper.php(578): CodeIgniter\Email\Email->send()
#6 /var/www/erp/si002/app/Helpers/notifications_helper.php(1045): send_app_mail()
#7 /var/www/erp/si002/app/Models/Notifications_model.php(612): send_notification_emails()
#8 /var/www/erp/si002/app/Controllers/Notification_processor.php(132): App\Models\Notifications_model->create_notification()
#9 /var/www/erp/si002/system/CodeIgniter.php(933): App\Controllers\Notification_processor->create_notification()
#10 /var/www/erp/si002/system/CodeIgniter.php(509): CodeIgniter\CodeIgniter->runController()
#11 /var/www/erp/si002/system/CodeIgniter.php(355): CodeIgniter\CodeIgniter->handleRequest()
#12 /var/www/erp/si002/system/Boot.php(325): CodeIgniter\CodeIgniter->run()
#13 /var/www/erp/si002/system/Boot.php(67): CodeIgniter\Boot::runCodeIgniter()
#14 /var/www/erp/si002/index.php(140): CodeIgniter\Boot::bootWeb()
#15 {main}
ERROR - 2025-10-13 15:16:26 --> Email: Unable to send email using SMTP. Your server might not be configured to send mail using this method.
ERROR - 2025-10-13 15:16:26 --> 
ERROR - 2025-10-13 15:16:31 --> Email: sendWithSmtp throwed ErrorException: fsockopen(): Unable to connect to ssl://app.monaros.co:465 (Connection timed out) in /var/www/erp/si002/system/Email/Email.php:1901
Stack trace:
#0 [internal function]: CodeIgniter\Debug\Exceptions->errorHandler()
#1 /var/www/erp/si002/system/Email/Email.php(1901): fsockopen()
#2 /var/www/erp/si002/system/Email/Email.php(1809): CodeIgniter\Email\Email->SMTPConnect()
#3 /var/www/erp/si002/system/Email/Email.php(1694): CodeIgniter\Email\Email->sendWithSmtp()
#4 /var/www/erp/si002/system/Email/Email.php(1589): CodeIgniter\Email\Email->spoolEmail()
#5 /var/www/erp/si002/app/Helpers/general_helper.php(578): CodeIgniter\Email\Email->send()
#6 /var/www/erp/si002/app/Helpers/notifications_helper.php(1045): send_app_mail()
#7 /var/www/erp/si002/app/Models/Notifications_model.php(612): send_notification_emails()
#8 /var/www/erp/si002/app/Controllers/Notification_processor.php(132): App\Models\Notifications_model->create_notification()
#9 /var/www/erp/si002/system/CodeIgniter.php(933): App\Controllers\Notification_processor->create_notification()
#10 /var/www/erp/si002/system/CodeIgniter.php(509): CodeIgniter\CodeIgniter->runController()
#11 /var/www/erp/si002/system/CodeIgniter.php(355): CodeIgniter\CodeIgniter->handleRequest()
#12 /var/www/erp/si002/system/Boot.php(325): CodeIgniter\CodeIgniter->run()
#13 /var/www/erp/si002/system/Boot.php(67): CodeIgniter\Boot::runCodeIgniter()
#14 /var/www/erp/si002/index.php(140): CodeIgniter\Boot::bootWeb()
#15 {main}
ERROR - 2025-10-13 15:16:31 --> Email: Unable to send email using SMTP. Your server might not be configured to send mail using this method.
ERROR - 2025-10-13 15:16:31 --> 
CRITICAL - 2025-10-13 15:21:08 --> ErrorException: Undefined property: stdClass::$qrcode
[Method: POST, Route: api_evolution/save_instance_EA]
in APPPATH/Controllers/Api_evolution.php on line 43.
 1 APPPATH/Controllers/Api_evolution.php(43): CodeIgniter\Debug\Exceptions->errorHandler()
 2 SYSTEMPATH/CodeIgniter.php(933): App\Controllers\Api_evolution->save_instance_EA()
 3 SYSTEMPATH/CodeIgniter.php(509): CodeIgniter\CodeIgniter->runController()
 4 SYSTEMPATH/CodeIgniter.php(355): CodeIgniter\CodeIgniter->handleRequest()
 5 SYSTEMPATH/Boot.php(325): CodeIgniter\CodeIgniter->run()
 6 SYSTEMPATH/Boot.php(67): CodeIgniter\Boot::runCodeIgniter()
 7 FCPATH/index.php(140): CodeIgniter\Boot::bootWeb()
CRITICAL - 2025-10-13 15:25:28 --> ErrorException: Undefined property: stdClass::$qrcode
[Method: POST, Route: api_evolution/save_instance_EA]
in APPPATH/Controllers/Api_evolution.php on line 43.
 1 APPPATH/Controllers/Api_evolution.php(43): CodeIgniter\Debug\Exceptions->errorHandler()
 2 SYSTEMPATH/CodeIgniter.php(933): App\Controllers\Api_evolution->save_instance_EA()
 3 SYSTEMPATH/CodeIgniter.php(509): CodeIgniter\CodeIgniter->runController()
 4 SYSTEMPATH/CodeIgniter.php(355): CodeIgniter\CodeIgniter->handleRequest()
 5 SYSTEMPATH/Boot.php(325): CodeIgniter\CodeIgniter->run()
 6 SYSTEMPATH/Boot.php(67): CodeIgniter\Boot::runCodeIgniter()
 7 FCPATH/index.php(140): CodeIgniter\Boot::bootWeb()
WARNING - 2025-10-13 15:26:16 --> [DEPRECATED] unserialize(): Passing null to parameter #1 ($data) of type string is deprecated in APPPATH/Views/attendance/clock_widget.php on line 19.
 1 APPPATH/Views/attendance/clock_widget.php(19): unserialize(null)
 2 SYSTEMPATH/View/View.php(234): include('/var/www/erp/si002/app/Views/attendance/clock_widget.php')
 3 SYSTEMPATH/View/View.php(237): CodeIgniter\View\View->CodeIgniter\View\{closure}()
 4 SYSTEMPATH/Common.php(1171): CodeIgniter\View\View->render('attendance/clock_widget', [], true)
 5 APPPATH/Libraries/Template.php(38): view('attendance/clock_widget', [...])
 6 APPPATH/Helpers/widget_helper.php(18): App\Libraries\Template->view('attendance/clock_widget', [...])
 7 APPPATH/Controllers/Dashboard.php(1063): clock_widget()
 8 APPPATH/Controllers/Dashboard.php(1054): App\Controllers\Dashboard->_get_widgets_for_staffs('clock_in_out', [...])
 9 APPPATH/Controllers/Dashboard.php(1031): App\Controllers\Dashboard->_make_dashboard_widgets('clock_in_out')
10 APPPATH/Controllers/Dashboard.php(399): App\Controllers\Dashboard->make_dashboard([...])
11 APPPATH/Controllers/Dashboard.php(33): App\Controllers\Dashboard->view('4')
12 SYSTEMPATH/CodeIgniter.php(933): App\Controllers\Dashboard->index()
13 SYSTEMPATH/CodeIgniter.php(509): CodeIgniter\CodeIgniter->runController(Object(App\Controllers\Dashboard))
14 SYSTEMPATH/CodeIgniter.php(355): CodeIgniter\CodeIgniter->handleRequest(null, Object(Config\Cache), false)
15 SYSTEMPATH/Boot.php(325): CodeIgniter\CodeIgniter->run()
16 SYSTEMPATH/Boot.php(67): CodeIgniter\Boot::runCodeIgniter(Object(CodeIgniter\CodeIgniter))
17 FCPATH/index.php(140): CodeIgniter\Boot::bootWeb(Object(Config\Paths))
CRITICAL - 2025-10-13 15:52:54 --> ErrorException: Undefined property: stdClass::$qrcode
[Method: POST, Route: api_evolution/save_instance_EA]
in APPPATH/Controllers/Api_evolution.php on line 43.
 1 APPPATH/Controllers/Api_evolution.php(43): CodeIgniter\Debug\Exceptions->errorHandler()
 2 SYSTEMPATH/CodeIgniter.php(933): App\Controllers\Api_evolution->save_instance_EA()
 3 SYSTEMPATH/CodeIgniter.php(509): CodeIgniter\CodeIgniter->runController()
 4 SYSTEMPATH/CodeIgniter.php(355): CodeIgniter\CodeIgniter->handleRequest()
 5 SYSTEMPATH/Boot.php(325): CodeIgniter\CodeIgniter->run()
 6 SYSTEMPATH/Boot.php(67): CodeIgniter\Boot::runCodeIgniter()
 7 FCPATH/index.php(140): CodeIgniter\Boot::bootWeb()
ERROR - 2025-10-13 17:06:55 --> Email: sendWithSmtp throwed ErrorException: fsockopen(): Unable to connect to ssl://app.monaros.co:465 (Connection timed out) in /var/www/erp/si002/system/Email/Email.php:1901
Stack trace:
#0 [internal function]: CodeIgniter\Debug\Exceptions->errorHandler()
#1 /var/www/erp/si002/system/Email/Email.php(1901): fsockopen()
#2 /var/www/erp/si002/system/Email/Email.php(1809): CodeIgniter\Email\Email->SMTPConnect()
#3 /var/www/erp/si002/system/Email/Email.php(1694): CodeIgniter\Email\Email->sendWithSmtp()
#4 /var/www/erp/si002/system/Email/Email.php(1589): CodeIgniter\Email\Email->spoolEmail()
#5 /var/www/erp/si002/app/Helpers/general_helper.php(578): CodeIgniter\Email\Email->send()
#6 /var/www/erp/si002/app/Helpers/notifications_helper.php(1045): send_app_mail()
#7 /var/www/erp/si002/app/Models/Notifications_model.php(612): send_notification_emails()
#8 /var/www/erp/si002/app/Controllers/Notification_processor.php(132): App\Models\Notifications_model->create_notification()
#9 /var/www/erp/si002/system/CodeIgniter.php(933): App\Controllers\Notification_processor->create_notification()
#10 /var/www/erp/si002/system/CodeIgniter.php(509): CodeIgniter\CodeIgniter->runController()
#11 /var/www/erp/si002/system/CodeIgniter.php(355): CodeIgniter\CodeIgniter->handleRequest()
#12 /var/www/erp/si002/system/Boot.php(325): CodeIgniter\CodeIgniter->run()
#13 /var/www/erp/si002/system/Boot.php(67): CodeIgniter\Boot::runCodeIgniter()
#14 /var/www/erp/si002/index.php(140): CodeIgniter\Boot::bootWeb()
#15 {main}
ERROR - 2025-10-13 17:06:55 --> Email: Unable to send email using SMTP. Your server might not be configured to send mail using this method.
ERROR - 2025-10-13 17:06:55 --> 
ERROR - 2025-10-13 17:07:31 --> Email: sendWithSmtp throwed ErrorException: fsockopen(): Unable to connect to ssl://app.monaros.co:465 (Connection timed out) in /var/www/erp/si002/system/Email/Email.php:1901
Stack trace:
#0 [internal function]: CodeIgniter\Debug\Exceptions->errorHandler()
#1 /var/www/erp/si002/system/Email/Email.php(1901): fsockopen()
#2 /var/www/erp/si002/system/Email/Email.php(1809): CodeIgniter\Email\Email->SMTPConnect()
#3 /var/www/erp/si002/system/Email/Email.php(1694): CodeIgniter\Email\Email->sendWithSmtp()
#4 /var/www/erp/si002/system/Email/Email.php(1589): CodeIgniter\Email\Email->spoolEmail()
#5 /var/www/erp/si002/app/Helpers/general_helper.php(578): CodeIgniter\Email\Email->send()
#6 /var/www/erp/si002/app/Helpers/notifications_helper.php(1045): send_app_mail()
#7 /var/www/erp/si002/app/Models/Notifications_model.php(612): send_notification_emails()
#8 /var/www/erp/si002/app/Controllers/Notification_processor.php(132): App\Models\Notifications_model->create_notification()
#9 /var/www/erp/si002/system/CodeIgniter.php(933): App\Controllers\Notification_processor->create_notification()
#10 /var/www/erp/si002/system/CodeIgniter.php(509): CodeIgniter\CodeIgniter->runController()
#11 /var/www/erp/si002/system/CodeIgniter.php(355): CodeIgniter\CodeIgniter->handleRequest()
#12 /var/www/erp/si002/system/Boot.php(325): CodeIgniter\CodeIgniter->run()
#13 /var/www/erp/si002/system/Boot.php(67): CodeIgniter\Boot::runCodeIgniter()
#14 /var/www/erp/si002/index.php(140): CodeIgniter\Boot::bootWeb()
#15 {main}
ERROR - 2025-10-13 17:07:31 --> Email: Unable to send email using SMTP. Your server might not be configured to send mail using this method.
ERROR - 2025-10-13 17:07:31 --> 
ERROR - 2025-10-13 17:07:37 --> Email: sendWithSmtp throwed ErrorException: fsockopen(): Unable to connect to ssl://app.monaros.co:465 (Connection timed out) in /var/www/erp/si002/system/Email/Email.php:1901
Stack trace:
#0 [internal function]: CodeIgniter\Debug\Exceptions->errorHandler()
#1 /var/www/erp/si002/system/Email/Email.php(1901): fsockopen()
#2 /var/www/erp/si002/system/Email/Email.php(1809): CodeIgniter\Email\Email->SMTPConnect()
#3 /var/www/erp/si002/system/Email/Email.php(1694): CodeIgniter\Email\Email->sendWithSmtp()
#4 /var/www/erp/si002/system/Email/Email.php(1589): CodeIgniter\Email\Email->spoolEmail()
#5 /var/www/erp/si002/app/Helpers/general_helper.php(578): CodeIgniter\Email\Email->send()
#6 /var/www/erp/si002/app/Helpers/notifications_helper.php(1045): send_app_mail()
#7 /var/www/erp/si002/app/Models/Notifications_model.php(612): send_notification_emails()
#8 /var/www/erp/si002/app/Controllers/Notification_processor.php(132): App\Models\Notifications_model->create_notification()
#9 /var/www/erp/si002/system/CodeIgniter.php(933): App\Controllers\Notification_processor->create_notification()
#10 /var/www/erp/si002/system/CodeIgniter.php(509): CodeIgniter\CodeIgniter->runController()
#11 /var/www/erp/si002/system/CodeIgniter.php(355): CodeIgniter\CodeIgniter->handleRequest()
#12 /var/www/erp/si002/system/Boot.php(325): CodeIgniter\CodeIgniter->run()
#13 /var/www/erp/si002/system/Boot.php(67): CodeIgniter\Boot::runCodeIgniter()
#14 /var/www/erp/si002/index.php(140): CodeIgniter\Boot::bootWeb()
#15 {main}
ERROR - 2025-10-13 17:07:37 --> Email: Unable to send email using SMTP. Your server might not be configured to send mail using this method.
ERROR - 2025-10-13 17:07:37 --> 
ERROR - 2025-10-13 17:07:42 --> Email: sendWithSmtp throwed ErrorException: fsockopen(): Unable to connect to ssl://app.monaros.co:465 (Connection timed out) in /var/www/erp/si002/system/Email/Email.php:1901
Stack trace:
#0 [internal function]: CodeIgniter\Debug\Exceptions->errorHandler()
#1 /var/www/erp/si002/system/Email/Email.php(1901): fsockopen()
#2 /var/www/erp/si002/system/Email/Email.php(1809): CodeIgniter\Email\Email->SMTPConnect()
#3 /var/www/erp/si002/system/Email/Email.php(1694): CodeIgniter\Email\Email->sendWithSmtp()
#4 /var/www/erp/si002/system/Email/Email.php(1589): CodeIgniter\Email\Email->spoolEmail()
#5 /var/www/erp/si002/app/Helpers/general_helper.php(578): CodeIgniter\Email\Email->send()
#6 /var/www/erp/si002/app/Helpers/notifications_helper.php(1045): send_app_mail()
#7 /var/www/erp/si002/app/Models/Notifications_model.php(612): send_notification_emails()
#8 /var/www/erp/si002/app/Controllers/Notification_processor.php(132): App\Models\Notifications_model->create_notification()
#9 /var/www/erp/si002/system/CodeIgniter.php(933): App\Controllers\Notification_processor->create_notification()
#10 /var/www/erp/si002/system/CodeIgniter.php(509): CodeIgniter\CodeIgniter->runController()
#11 /var/www/erp/si002/system/CodeIgniter.php(355): CodeIgniter\CodeIgniter->handleRequest()
#12 /var/www/erp/si002/system/Boot.php(325): CodeIgniter\CodeIgniter->run()
#13 /var/www/erp/si002/system/Boot.php(67): CodeIgniter\Boot::runCodeIgniter()
#14 /var/www/erp/si002/index.php(140): CodeIgniter\Boot::bootWeb()
#15 {main}
ERROR - 2025-10-13 17:07:42 --> Email: Unable to send email using SMTP. Your server might not be configured to send mail using this method.
ERROR - 2025-10-13 17:07:42 --> 
ERROR - 2025-10-13 17:07:47 --> Email: sendWithSmtp throwed ErrorException: fsockopen(): Unable to connect to ssl://app.monaros.co:465 (Connection timed out) in /var/www/erp/si002/system/Email/Email.php:1901
Stack trace:
#0 [internal function]: CodeIgniter\Debug\Exceptions->errorHandler()
#1 /var/www/erp/si002/system/Email/Email.php(1901): fsockopen()
#2 /var/www/erp/si002/system/Email/Email.php(1809): CodeIgniter\Email\Email->SMTPConnect()
#3 /var/www/erp/si002/system/Email/Email.php(1694): CodeIgniter\Email\Email->sendWithSmtp()
#4 /var/www/erp/si002/system/Email/Email.php(1589): CodeIgniter\Email\Email->spoolEmail()
#5 /var/www/erp/si002/app/Helpers/general_helper.php(578): CodeIgniter\Email\Email->send()
#6 /var/www/erp/si002/app/Helpers/notifications_helper.php(1045): send_app_mail()
#7 /var/www/erp/si002/app/Models/Notifications_model.php(612): send_notification_emails()
#8 /var/www/erp/si002/app/Controllers/Notification_processor.php(132): App\Models\Notifications_model->create_notification()
#9 /var/www/erp/si002/system/CodeIgniter.php(933): App\Controllers\Notification_processor->create_notification()
#10 /var/www/erp/si002/system/CodeIgniter.php(509): CodeIgniter\CodeIgniter->runController()
#11 /var/www/erp/si002/system/CodeIgniter.php(355): CodeIgniter\CodeIgniter->handleRequest()
#12 /var/www/erp/si002/system/Boot.php(325): CodeIgniter\CodeIgniter->run()
#13 /var/www/erp/si002/system/Boot.php(67): CodeIgniter\Boot::runCodeIgniter()
#14 /var/www/erp/si002/index.php(140): CodeIgniter\Boot::bootWeb()
#15 {main}
ERROR - 2025-10-13 17:07:47 --> Email: Unable to send email using SMTP. Your server might not be configured to send mail using this method.
ERROR - 2025-10-13 17:07:47 --> 
ERROR - 2025-10-13 18:03:08 --> Email: sendWithSmtp throwed ErrorException: fsockopen(): Unable to connect to ssl://app.monaros.co:465 (Connection timed out) in /var/www/erp/si002/system/Email/Email.php:1901
Stack trace:
#0 [internal function]: CodeIgniter\Debug\Exceptions->errorHandler()
#1 /var/www/erp/si002/system/Email/Email.php(1901): fsockopen()
#2 /var/www/erp/si002/system/Email/Email.php(1809): CodeIgniter\Email\Email->SMTPConnect()
#3 /var/www/erp/si002/system/Email/Email.php(1694): CodeIgniter\Email\Email->sendWithSmtp()
#4 /var/www/erp/si002/system/Email/Email.php(1589): CodeIgniter\Email\Email->spoolEmail()
#5 /var/www/erp/si002/app/Helpers/general_helper.php(578): CodeIgniter\Email\Email->send()
#6 /var/www/erp/si002/app/Helpers/notifications_helper.php(1045): send_app_mail()
#7 /var/www/erp/si002/app/Models/Notifications_model.php(612): send_notification_emails()
#8 /var/www/erp/si002/app/Controllers/Notification_processor.php(132): App\Models\Notifications_model->create_notification()
#9 /var/www/erp/si002/system/CodeIgniter.php(933): App\Controllers\Notification_processor->create_notification()
#10 /var/www/erp/si002/system/CodeIgniter.php(509): CodeIgniter\CodeIgniter->runController()
#11 /var/www/erp/si002/system/CodeIgniter.php(355): CodeIgniter\CodeIgniter->handleRequest()
#12 /var/www/erp/si002/system/Boot.php(325): CodeIgniter\CodeIgniter->run()
#13 /var/www/erp/si002/system/Boot.php(67): CodeIgniter\Boot::runCodeIgniter()
#14 /var/www/erp/si002/index.php(140): CodeIgniter\Boot::bootWeb()
#15 {main}
ERROR - 2025-10-13 18:03:08 --> Email: Unable to send email using SMTP. Your server might not be configured to send mail using this method.
ERROR - 2025-10-13 18:03:08 --> 
ERROR - 2025-10-13 18:06:07 --> Email: sendWithSmtp throwed ErrorException: fsockopen(): Unable to connect to ssl://app.monaros.co:465 (Connection timed out) in /var/www/erp/si002/system/Email/Email.php:1901
Stack trace:
#0 [internal function]: CodeIgniter\Debug\Exceptions->errorHandler()
#1 /var/www/erp/si002/system/Email/Email.php(1901): fsockopen()
#2 /var/www/erp/si002/system/Email/Email.php(1809): CodeIgniter\Email\Email->SMTPConnect()
#3 /var/www/erp/si002/system/Email/Email.php(1694): CodeIgniter\Email\Email->sendWithSmtp()
#4 /var/www/erp/si002/system/Email/Email.php(1589): CodeIgniter\Email\Email->spoolEmail()
#5 /var/www/erp/si002/app/Helpers/general_helper.php(578): CodeIgniter\Email\Email->send()
#6 /var/www/erp/si002/app/Helpers/notifications_helper.php(1045): send_app_mail()
#7 /var/www/erp/si002/app/Models/Notifications_model.php(612): send_notification_emails()
#8 /var/www/erp/si002/app/Controllers/Notification_processor.php(132): App\Models\Notifications_model->create_notification()
#9 /var/www/erp/si002/system/CodeIgniter.php(933): App\Controllers\Notification_processor->create_notification()
#10 /var/www/erp/si002/system/CodeIgniter.php(509): CodeIgniter\CodeIgniter->runController()
#11 /var/www/erp/si002/system/CodeIgniter.php(355): CodeIgniter\CodeIgniter->handleRequest()
#12 /var/www/erp/si002/system/Boot.php(325): CodeIgniter\CodeIgniter->run()
#13 /var/www/erp/si002/system/Boot.php(67): CodeIgniter\Boot::runCodeIgniter()
#14 /var/www/erp/si002/index.php(140): CodeIgniter\Boot::bootWeb()
#15 {main}
ERROR - 2025-10-13 18:06:07 --> Email: Unable to send email using SMTP. Your server might not be configured to send mail using this method.
ERROR - 2025-10-13 18:06:07 --> 
ERROR - 2025-10-13 18:06:12 --> Email: sendWithSmtp throwed ErrorException: fsockopen(): Unable to connect to ssl://app.monaros.co:465 (Connection timed out) in /var/www/erp/si002/system/Email/Email.php:1901
Stack trace:
#0 [internal function]: CodeIgniter\Debug\Exceptions->errorHandler()
#1 /var/www/erp/si002/system/Email/Email.php(1901): fsockopen()
#2 /var/www/erp/si002/system/Email/Email.php(1809): CodeIgniter\Email\Email->SMTPConnect()
#3 /var/www/erp/si002/system/Email/Email.php(1694): CodeIgniter\Email\Email->sendWithSmtp()
#4 /var/www/erp/si002/system/Email/Email.php(1589): CodeIgniter\Email\Email->spoolEmail()
#5 /var/www/erp/si002/app/Helpers/general_helper.php(578): CodeIgniter\Email\Email->send()
#6 /var/www/erp/si002/app/Helpers/notifications_helper.php(1045): send_app_mail()
#7 /var/www/erp/si002/app/Models/Notifications_model.php(612): send_notification_emails()
#8 /var/www/erp/si002/app/Controllers/Notification_processor.php(132): App\Models\Notifications_model->create_notification()
#9 /var/www/erp/si002/system/CodeIgniter.php(933): App\Controllers\Notification_processor->create_notification()
#10 /var/www/erp/si002/system/CodeIgniter.php(509): CodeIgniter\CodeIgniter->runController()
#11 /var/www/erp/si002/system/CodeIgniter.php(355): CodeIgniter\CodeIgniter->handleRequest()
#12 /var/www/erp/si002/system/Boot.php(325): CodeIgniter\CodeIgniter->run()
#13 /var/www/erp/si002/system/Boot.php(67): CodeIgniter\Boot::runCodeIgniter()
#14 /var/www/erp/si002/index.php(140): CodeIgniter\Boot::bootWeb()
#15 {main}
ERROR - 2025-10-13 18:06:12 --> Email: Unable to send email using SMTP. Your server might not be configured to send mail using this method.
ERROR - 2025-10-13 18:06:12 --> 
ERROR - 2025-10-13 18:06:17 --> Email: sendWithSmtp throwed ErrorException: fsockopen(): Unable to connect to ssl://app.monaros.co:465 (Connection timed out) in /var/www/erp/si002/system/Email/Email.php:1901
Stack trace:
#0 [internal function]: CodeIgniter\Debug\Exceptions->errorHandler()
#1 /var/www/erp/si002/system/Email/Email.php(1901): fsockopen()
#2 /var/www/erp/si002/system/Email/Email.php(1809): CodeIgniter\Email\Email->SMTPConnect()
#3 /var/www/erp/si002/system/Email/Email.php(1694): CodeIgniter\Email\Email->sendWithSmtp()
#4 /var/www/erp/si002/system/Email/Email.php(1589): CodeIgniter\Email\Email->spoolEmail()
#5 /var/www/erp/si002/app/Helpers/general_helper.php(578): CodeIgniter\Email\Email->send()
#6 /var/www/erp/si002/app/Helpers/notifications_helper.php(1045): send_app_mail()
#7 /var/www/erp/si002/app/Models/Notifications_model.php(612): send_notification_emails()
#8 /var/www/erp/si002/app/Controllers/Notification_processor.php(132): App\Models\Notifications_model->create_notification()
#9 /var/www/erp/si002/system/CodeIgniter.php(933): App\Controllers\Notification_processor->create_notification()
#10 /var/www/erp/si002/system/CodeIgniter.php(509): CodeIgniter\CodeIgniter->runController()
#11 /var/www/erp/si002/system/CodeIgniter.php(355): CodeIgniter\CodeIgniter->handleRequest()
#12 /var/www/erp/si002/system/Boot.php(325): CodeIgniter\CodeIgniter->run()
#13 /var/www/erp/si002/system/Boot.php(67): CodeIgniter\Boot::runCodeIgniter()
#14 /var/www/erp/si002/index.php(140): CodeIgniter\Boot::bootWeb()
#15 {main}
ERROR - 2025-10-13 18:06:17 --> Email: Unable to send email using SMTP. Your server might not be configured to send mail using this method.
ERROR - 2025-10-13 18:06:17 --> 
ERROR - 2025-10-13 18:06:22 --> Email: sendWithSmtp throwed ErrorException: fsockopen(): Unable to connect to ssl://app.monaros.co:465 (Connection timed out) in /var/www/erp/si002/system/Email/Email.php:1901
Stack trace:
#0 [internal function]: CodeIgniter\Debug\Exceptions->errorHandler()
#1 /var/www/erp/si002/system/Email/Email.php(1901): fsockopen()
#2 /var/www/erp/si002/system/Email/Email.php(1809): CodeIgniter\Email\Email->SMTPConnect()
#3 /var/www/erp/si002/system/Email/Email.php(1694): CodeIgniter\Email\Email->sendWithSmtp()
#4 /var/www/erp/si002/system/Email/Email.php(1589): CodeIgniter\Email\Email->spoolEmail()
#5 /var/www/erp/si002/app/Helpers/general_helper.php(578): CodeIgniter\Email\Email->send()
#6 /var/www/erp/si002/app/Helpers/notifications_helper.php(1045): send_app_mail()
#7 /var/www/erp/si002/app/Models/Notifications_model.php(612): send_notification_emails()
#8 /var/www/erp/si002/app/Controllers/Notification_processor.php(132): App\Models\Notifications_model->create_notification()
#9 /var/www/erp/si002/system/CodeIgniter.php(933): App\Controllers\Notification_processor->create_notification()
#10 /var/www/erp/si002/system/CodeIgniter.php(509): CodeIgniter\CodeIgniter->runController()
#11 /var/www/erp/si002/system/CodeIgniter.php(355): CodeIgniter\CodeIgniter->handleRequest()
#12 /var/www/erp/si002/system/Boot.php(325): CodeIgniter\CodeIgniter->run()
#13 /var/www/erp/si002/system/Boot.php(67): CodeIgniter\Boot::runCodeIgniter()
#14 /var/www/erp/si002/index.php(140): CodeIgniter\Boot::bootWeb()
#15 {main}
ERROR - 2025-10-13 18:06:22 --> Email: Unable to send email using SMTP. Your server might not be configured to send mail using this method.
ERROR - 2025-10-13 18:06:22 --> 
CRITICAL - 2025-10-13 19:19:30 --> ErrorException: Undefined property: stdClass::$qrcode
[Method: POST, Route: api_evolution/save_instance_EA]
in APPPATH/Controllers/Api_evolution.php on line 43.
 1 APPPATH/Controllers/Api_evolution.php(43): CodeIgniter\Debug\Exceptions->errorHandler()
 2 SYSTEMPATH/CodeIgniter.php(933): App\Controllers\Api_evolution->save_instance_EA()
 3 SYSTEMPATH/CodeIgniter.php(509): CodeIgniter\CodeIgniter->runController()
 4 SYSTEMPATH/CodeIgniter.php(355): CodeIgniter\CodeIgniter->handleRequest()
 5 SYSTEMPATH/Boot.php(325): CodeIgniter\CodeIgniter->run()
 6 SYSTEMPATH/Boot.php(67): CodeIgniter\Boot::runCodeIgniter()
 7 FCPATH/index.php(140): CodeIgniter\Boot::bootWeb()
ERROR - 2025-10-13 20:08:51 --> Email: sendWithSmtp throwed ErrorException: fsockopen(): Unable to connect to ssl://app.monaros.co:465 (Connection timed out) in /var/www/erp/si002/system/Email/Email.php:1901
Stack trace:
#0 [internal function]: CodeIgniter\Debug\Exceptions->errorHandler()
#1 /var/www/erp/si002/system/Email/Email.php(1901): fsockopen()
#2 /var/www/erp/si002/system/Email/Email.php(1809): CodeIgniter\Email\Email->SMTPConnect()
#3 /var/www/erp/si002/system/Email/Email.php(1694): CodeIgniter\Email\Email->sendWithSmtp()
#4 /var/www/erp/si002/system/Email/Email.php(1589): CodeIgniter\Email\Email->spoolEmail()
#5 /var/www/erp/si002/app/Helpers/general_helper.php(578): CodeIgniter\Email\Email->send()
#6 /var/www/erp/si002/app/Helpers/notifications_helper.php(1045): send_app_mail()
#7 /var/www/erp/si002/app/Models/Notifications_model.php(612): send_notification_emails()
#8 /var/www/erp/si002/app/Controllers/Notification_processor.php(132): App\Models\Notifications_model->create_notification()
#9 /var/www/erp/si002/system/CodeIgniter.php(933): App\Controllers\Notification_processor->create_notification()
#10 /var/www/erp/si002/system/CodeIgniter.php(509): CodeIgniter\CodeIgniter->runController()
#11 /var/www/erp/si002/system/CodeIgniter.php(355): CodeIgniter\CodeIgniter->handleRequest()
#12 /var/www/erp/si002/system/Boot.php(325): CodeIgniter\CodeIgniter->run()
#13 /var/www/erp/si002/system/Boot.php(67): CodeIgniter\Boot::runCodeIgniter()
#14 /var/www/erp/si002/index.php(140): CodeIgniter\Boot::bootWeb()
#15 {main}
ERROR - 2025-10-13 20:08:51 --> Email: Unable to send email using SMTP. Your server might not be configured to send mail using this method.
ERROR - 2025-10-13 20:08:51 --> 
ERROR - 2025-10-13 20:08:54 --> Email: sendWithSmtp throwed ErrorException: fsockopen(): Unable to connect to ssl://app.monaros.co:465 (Connection timed out) in /var/www/erp/si002/system/Email/Email.php:1901
Stack trace:
#0 [internal function]: CodeIgniter\Debug\Exceptions->errorHandler()
#1 /var/www/erp/si002/system/Email/Email.php(1901): fsockopen()
#2 /var/www/erp/si002/system/Email/Email.php(1809): CodeIgniter\Email\Email->SMTPConnect()
#3 /var/www/erp/si002/system/Email/Email.php(1694): CodeIgniter\Email\Email->sendWithSmtp()
#4 /var/www/erp/si002/system/Email/Email.php(1589): CodeIgniter\Email\Email->spoolEmail()
#5 /var/www/erp/si002/app/Helpers/general_helper.php(578): CodeIgniter\Email\Email->send()
#6 /var/www/erp/si002/app/Helpers/notifications_helper.php(1045): send_app_mail()
#7 /var/www/erp/si002/app/Models/Notifications_model.php(612): send_notification_emails()
#8 /var/www/erp/si002/app/Controllers/Notification_processor.php(132): App\Models\Notifications_model->create_notification()
#9 /var/www/erp/si002/system/CodeIgniter.php(933): App\Controllers\Notification_processor->create_notification()
#10 /var/www/erp/si002/system/CodeIgniter.php(509): CodeIgniter\CodeIgniter->runController()
#11 /var/www/erp/si002/system/CodeIgniter.php(355): CodeIgniter\CodeIgniter->handleRequest()
#12 /var/www/erp/si002/system/Boot.php(325): CodeIgniter\CodeIgniter->run()
#13 /var/www/erp/si002/system/Boot.php(67): CodeIgniter\Boot::runCodeIgniter()
#14 /var/www/erp/si002/index.php(140): CodeIgniter\Boot::bootWeb()
#15 {main}
ERROR - 2025-10-13 20:08:54 --> Email: Unable to send email using SMTP. Your server might not be configured to send mail using this method.
ERROR - 2025-10-13 20:08:54 --> 
ERROR - 2025-10-13 20:09:35 --> Email: sendWithSmtp throwed ErrorException: fsockopen(): Unable to connect to ssl://app.monaros.co:465 (Connection timed out) in /var/www/erp/si002/system/Email/Email.php:1901
Stack trace:
#0 [internal function]: CodeIgniter\Debug\Exceptions->errorHandler()
#1 /var/www/erp/si002/system/Email/Email.php(1901): fsockopen()
#2 /var/www/erp/si002/system/Email/Email.php(1809): CodeIgniter\Email\Email->SMTPConnect()
#3 /var/www/erp/si002/system/Email/Email.php(1694): CodeIgniter\Email\Email->sendWithSmtp()
#4 /var/www/erp/si002/system/Email/Email.php(1589): CodeIgniter\Email\Email->spoolEmail()
#5 /var/www/erp/si002/app/Helpers/general_helper.php(578): CodeIgniter\Email\Email->send()
#6 /var/www/erp/si002/app/Helpers/notifications_helper.php(1045): send_app_mail()
#7 /var/www/erp/si002/app/Models/Notifications_model.php(612): send_notification_emails()
#8 /var/www/erp/si002/app/Controllers/Notification_processor.php(132): App\Models\Notifications_model->create_notification()
#9 /var/www/erp/si002/system/CodeIgniter.php(933): App\Controllers\Notification_processor->create_notification()
#10 /var/www/erp/si002/system/CodeIgniter.php(509): CodeIgniter\CodeIgniter->runController()
#11 /var/www/erp/si002/system/CodeIgniter.php(355): CodeIgniter\CodeIgniter->handleRequest()
#12 /var/www/erp/si002/system/Boot.php(325): CodeIgniter\CodeIgniter->run()
#13 /var/www/erp/si002/system/Boot.php(67): CodeIgniter\Boot::runCodeIgniter()
#14 /var/www/erp/si002/index.php(140): CodeIgniter\Boot::bootWeb()
#15 {main}
ERROR - 2025-10-13 20:09:35 --> Email: Unable to send email using SMTP. Your server might not be configured to send mail using this method.
ERROR - 2025-10-13 20:09:35 --> 
ERROR - 2025-10-13 20:09:40 --> Email: sendWithSmtp throwed ErrorException: fsockopen(): Unable to connect to ssl://app.monaros.co:465 (Connection timed out) in /var/www/erp/si002/system/Email/Email.php:1901
Stack trace:
#0 [internal function]: CodeIgniter\Debug\Exceptions->errorHandler()
#1 /var/www/erp/si002/system/Email/Email.php(1901): fsockopen()
#2 /var/www/erp/si002/system/Email/Email.php(1809): CodeIgniter\Email\Email->SMTPConnect()
#3 /var/www/erp/si002/system/Email/Email.php(1694): CodeIgniter\Email\Email->sendWithSmtp()
#4 /var/www/erp/si002/system/Email/Email.php(1589): CodeIgniter\Email\Email->spoolEmail()
#5 /var/www/erp/si002/app/Helpers/general_helper.php(578): CodeIgniter\Email\Email->send()
#6 /var/www/erp/si002/app/Helpers/notifications_helper.php(1045): send_app_mail()
#7 /var/www/erp/si002/app/Models/Notifications_model.php(612): send_notification_emails()
#8 /var/www/erp/si002/app/Controllers/Notification_processor.php(132): App\Models\Notifications_model->create_notification()
#9 /var/www/erp/si002/system/CodeIgniter.php(933): App\Controllers\Notification_processor->create_notification()
#10 /var/www/erp/si002/system/CodeIgniter.php(509): CodeIgniter\CodeIgniter->runController()
#11 /var/www/erp/si002/system/CodeIgniter.php(355): CodeIgniter\CodeIgniter->handleRequest()
#12 /var/www/erp/si002/system/Boot.php(325): CodeIgniter\CodeIgniter->run()
#13 /var/www/erp/si002/system/Boot.php(67): CodeIgniter\Boot::runCodeIgniter()
#14 /var/www/erp/si002/index.php(140): CodeIgniter\Boot::bootWeb()
#15 {main}
ERROR - 2025-10-13 20:09:40 --> Email: Unable to send email using SMTP. Your server might not be configured to send mail using this method.
ERROR - 2025-10-13 20:09:40 --> 
ERROR - 2025-10-13 20:09:45 --> Email: sendWithSmtp throwed ErrorException: fsockopen(): Unable to connect to ssl://app.monaros.co:465 (Connection timed out) in /var/www/erp/si002/system/Email/Email.php:1901
Stack trace:
#0 [internal function]: CodeIgniter\Debug\Exceptions->errorHandler()
#1 /var/www/erp/si002/system/Email/Email.php(1901): fsockopen()
#2 /var/www/erp/si002/system/Email/Email.php(1809): CodeIgniter\Email\Email->SMTPConnect()
#3 /var/www/erp/si002/system/Email/Email.php(1694): CodeIgniter\Email\Email->sendWithSmtp()
#4 /var/www/erp/si002/system/Email/Email.php(1589): CodeIgniter\Email\Email->spoolEmail()
#5 /var/www/erp/si002/app/Helpers/general_helper.php(578): CodeIgniter\Email\Email->send()
#6 /var/www/erp/si002/app/Helpers/notifications_helper.php(1045): send_app_mail()
#7 /var/www/erp/si002/app/Models/Notifications_model.php(612): send_notification_emails()
#8 /var/www/erp/si002/app/Controllers/Notification_processor.php(132): App\Models\Notifications_model->create_notification()
#9 /var/www/erp/si002/system/CodeIgniter.php(933): App\Controllers\Notification_processor->create_notification()
#10 /var/www/erp/si002/system/CodeIgniter.php(509): CodeIgniter\CodeIgniter->runController()
#11 /var/www/erp/si002/system/CodeIgniter.php(355): CodeIgniter\CodeIgniter->handleRequest()
#12 /var/www/erp/si002/system/Boot.php(325): CodeIgniter\CodeIgniter->run()
#13 /var/www/erp/si002/system/Boot.php(67): CodeIgniter\Boot::runCodeIgniter()
#14 /var/www/erp/si002/index.php(140): CodeIgniter\Boot::bootWeb()
#15 {main}
ERROR - 2025-10-13 20:09:45 --> Email: Unable to send email using SMTP. Your server might not be configured to send mail using this method.
ERROR - 2025-10-13 20:09:45 --> 
ERROR - 2025-10-13 20:09:50 --> Email: sendWithSmtp throwed ErrorException: fsockopen(): Unable to connect to ssl://app.monaros.co:465 (Connection timed out) in /var/www/erp/si002/system/Email/Email.php:1901
Stack trace:
#0 [internal function]: CodeIgniter\Debug\Exceptions->errorHandler()
#1 /var/www/erp/si002/system/Email/Email.php(1901): fsockopen()
#2 /var/www/erp/si002/system/Email/Email.php(1809): CodeIgniter\Email\Email->SMTPConnect()
#3 /var/www/erp/si002/system/Email/Email.php(1694): CodeIgniter\Email\Email->sendWithSmtp()
#4 /var/www/erp/si002/system/Email/Email.php(1589): CodeIgniter\Email\Email->spoolEmail()
#5 /var/www/erp/si002/app/Helpers/general_helper.php(578): CodeIgniter\Email\Email->send()
#6 /var/www/erp/si002/app/Helpers/notifications_helper.php(1045): send_app_mail()
#7 /var/www/erp/si002/app/Models/Notifications_model.php(612): send_notification_emails()
#8 /var/www/erp/si002/app/Controllers/Notification_processor.php(132): App\Models\Notifications_model->create_notification()
#9 /var/www/erp/si002/system/CodeIgniter.php(933): App\Controllers\Notification_processor->create_notification()
#10 /var/www/erp/si002/system/CodeIgniter.php(509): CodeIgniter\CodeIgniter->runController()
#11 /var/www/erp/si002/system/CodeIgniter.php(355): CodeIgniter\CodeIgniter->handleRequest()
#12 /var/www/erp/si002/system/Boot.php(325): CodeIgniter\CodeIgniter->run()
#13 /var/www/erp/si002/system/Boot.php(67): CodeIgniter\Boot::runCodeIgniter()
#14 /var/www/erp/si002/index.php(140): CodeIgniter\Boot::bootWeb()
#15 {main}
ERROR - 2025-10-13 20:09:50 --> Email: Unable to send email using SMTP. Your server might not be configured to send mail using this method.
ERROR - 2025-10-13 20:09:50 --> 
