ERROR - 2025-05-18 00:03:03 --> [ERROR] Undefined variable $data FCPATH/plugins/Accounting/index.php:243
ERROR - 2025-05-18 00:03:06 --> [ERROR] Undefined variable $data FCPATH/plugins/Accounting/index.php:243
ERROR - 2025-05-18 00:09:03 --> [ERROR] Undefined variable $data FCPATH/plugins/Accounting/index.php:243
ERROR - 2025-05-18 00:09:06 --> [ERROR] Undefined variable $data FCPATH/plugins/Accounting/index.php:243
ERROR - 2025-05-18 00:15:08 --> [ERROR] Undefined variable $data FCPATH/plugins/Accounting/index.php:243
ERROR - 2025-05-18 00:15:26 --> [ERROR] Undefined variable $data FCPATH/plugins/Accounting/index.php:243
ERROR - 2025-05-18 00:20:03 --> [ERROR] Undefined variable $data FCPATH/plugins/Accounting/index.php:243
ERROR - 2025-05-18 00:20:07 --> [ERROR] Undefined variable $data FCPATH/plugins/Accounting/index.php:243
ERROR - 2025-05-18 00:26:02 --> [ERROR] Undefined variable $data FCPATH/plugins/Accounting/index.php:243
ERROR - 2025-05-18 00:26:04 --> [ERROR] Undefined variable $data FCPATH/plugins/Accounting/index.php:243
ERROR - 2025-05-18 00:32:02 --> [ERROR] Undefined variable $data FCPATH/plugins/Accounting/index.php:243
ERROR - 2025-05-18 00:32:03 --> [ERROR] Undefined variable $data FCPATH/plugins/Accounting/index.php:269
ERROR - 2025-05-18 00:32:04 --> [ERROR] Undefined variable $data FCPATH/plugins/Accounting/index.php:269
ERROR - 2025-05-18 00:32:05 --> [ERROR] Undefined variable $data FCPATH/plugins/Accounting/index.php:243
ERROR - 2025-05-18 00:37:03 --> [ERROR] Undefined variable $data FCPATH/plugins/Accounting/index.php:243
ERROR - 2025-05-18 00:37:06 --> [ERROR] Undefined variable $data FCPATH/plugins/Accounting/index.php:243
ERROR - 2025-05-18 00:43:11 --> [ERROR] Undefined variable $data FCPATH/plugins/Accounting/index.php:243
ERROR - 2025-05-18 00:43:31 --> [ERROR] Undefined variable $data FCPATH/plugins/Accounting/index.php:243
ERROR - 2025-05-18 00:48:05 --> [ERROR] Undefined variable $data FCPATH/plugins/Accounting/index.php:243
ERROR - 2025-05-18 00:48:12 --> [ERROR] Undefined variable $data FCPATH/plugins/Accounting/index.php:243
ERROR - 2025-05-18 00:54:02 --> [ERROR] Undefined variable $data FCPATH/plugins/Accounting/index.php:243
ERROR - 2025-05-18 00:54:04 --> [ERROR] Undefined variable $data FCPATH/plugins/Accounting/index.php:243
ERROR - 2025-05-18 01:00:03 --> [ERROR] Undefined variable $data FCPATH/plugins/Accounting/index.php:243
ERROR - 2025-05-18 01:00:05 --> [ERROR] Undefined variable $data FCPATH/plugins/Accounting/index.php:243
ERROR - 2025-05-18 01:06:02 --> [ERROR] Undefined variable $data FCPATH/plugins/Accounting/index.php:243
ERROR - 2025-05-18 01:06:04 --> [ERROR] Undefined variable $data FCPATH/plugins/Accounting/index.php:243
ERROR - 2025-05-18 01:12:02 --> [ERROR] Undefined variable $data FCPATH/plugins/Accounting/index.php:243
ERROR - 2025-05-18 01:12:04 --> [ERROR] Undefined variable $data FCPATH/plugins/Accounting/index.php:243
ERROR - 2025-05-18 01:17:02 --> [ERROR] Undefined variable $data FCPATH/plugins/Accounting/index.php:243
ERROR - 2025-05-18 01:17:04 --> [ERROR] Undefined variable $data FCPATH/plugins/Accounting/index.php:243
ERROR - 2025-05-18 01:23:02 --> [ERROR] Undefined variable $data FCPATH/plugins/Accounting/index.php:243
ERROR - 2025-05-18 01:23:04 --> [ERROR] Undefined variable $data FCPATH/plugins/Accounting/index.php:243
ERROR - 2025-05-18 01:29:02 --> [ERROR] Undefined variable $data FCPATH/plugins/Accounting/index.php:243
ERROR - 2025-05-18 01:29:04 --> [ERROR] Undefined variable $data FCPATH/plugins/Accounting/index.php:243
ERROR - 2025-05-18 01:34:02 --> [ERROR] Undefined variable $data FCPATH/plugins/Accounting/index.php:243
ERROR - 2025-05-18 01:34:04 --> [ERROR] Undefined variable $data FCPATH/plugins/Accounting/index.php:269
ERROR - 2025-05-18 01:34:05 --> [ERROR] Undefined variable $data FCPATH/plugins/Accounting/index.php:243
ERROR - 2025-05-18 01:40:03 --> [ERROR] Undefined variable $data FCPATH/plugins/Accounting/index.php:243
ERROR - 2025-05-18 01:40:06 --> [ERROR] Undefined variable $data FCPATH/plugins/Accounting/index.php:243
ERROR - 2025-05-18 01:46:02 --> [ERROR] Undefined variable $data FCPATH/plugins/Accounting/index.php:243
ERROR - 2025-05-18 01:46:04 --> [ERROR] Undefined variable $data FCPATH/plugins/Accounting/index.php:243
ERROR - 2025-05-18 01:51:02 --> [ERROR] Undefined variable $data FCPATH/plugins/Accounting/index.php:243
ERROR - 2025-05-18 01:51:04 --> [ERROR] Undefined variable $data FCPATH/plugins/Accounting/index.php:243
ERROR - 2025-05-18 01:57:02 --> [ERROR] Undefined variable $data FCPATH/plugins/Accounting/index.php:243
ERROR - 2025-05-18 01:57:04 --> [ERROR] Undefined variable $data FCPATH/plugins/Accounting/index.php:243
ERROR - 2025-05-18 02:03:02 --> [ERROR] Undefined variable $data FCPATH/plugins/Accounting/index.php:243
ERROR - 2025-05-18 02:03:04 --> [ERROR] Undefined variable $data FCPATH/plugins/Accounting/index.php:243
ERROR - 2025-05-18 02:08:04 --> [ERROR] Undefined variable $data FCPATH/plugins/Accounting/index.php:243
ERROR - 2025-05-18 02:08:08 --> [ERROR] Undefined variable $data FCPATH/plugins/Accounting/index.php:243
ERROR - 2025-05-18 02:14:03 --> [ERROR] Undefined variable $data FCPATH/plugins/Accounting/index.php:243
ERROR - 2025-05-18 02:14:05 --> [ERROR] Undefined variable $data FCPATH/plugins/Accounting/index.php:269
ERROR - 2025-05-18 02:14:06 --> [ERROR] Undefined variable $data FCPATH/plugins/Accounting/index.php:243
ERROR - 2025-05-18 02:20:02 --> [ERROR] Undefined variable $data FCPATH/plugins/Accounting/index.php:243
ERROR - 2025-05-18 02:20:04 --> [ERROR] Undefined variable $data FCPATH/plugins/Accounting/index.php:269
ERROR - 2025-05-18 02:20:05 --> [ERROR] Undefined variable $data FCPATH/plugins/Accounting/index.php:243
ERROR - 2025-05-18 02:26:02 --> [ERROR] Undefined variable $data FCPATH/plugins/Accounting/index.php:243
ERROR - 2025-05-18 02:26:03 --> [ERROR] Undefined variable $data FCPATH/plugins/Accounting/index.php:243
ERROR - 2025-05-18 02:32:06 --> [ERROR] Undefined variable $data FCPATH/plugins/Accounting/index.php:243
ERROR - 2025-05-18 02:32:07 --> [ERROR] Undefined variable $data FCPATH/plugins/Accounting/index.php:269
ERROR - 2025-05-18 02:32:08 --> [ERROR] Undefined variable $data FCPATH/plugins/Accounting/index.php:243
ERROR - 2025-05-18 02:38:03 --> [ERROR] Undefined variable $data FCPATH/plugins/Accounting/index.php:243
ERROR - 2025-05-18 02:38:05 --> [ERROR] Undefined variable $data FCPATH/plugins/Accounting/index.php:243
WARNING - 2025-05-18 02:39:09 --> [DEPRECATED] Optional parameter $id declared before required parameter $is_reminder is implicitly treated as a required parameter in APPPATH/Controllers/Events.php on line 344.
 1 SYSTEMPATH/Autoloader/Autoloader.php(317): include_once('/home3/appnaros/public_html/sistema/system/Debug/Exceptions.php')
 2 SYSTEMPATH/Autoloader/Autoloader.php(296): CodeIgniter\Autoloader\Autoloader->includeFile('/home3/appnaros/public_html/sistema/app/Controllers/Events.php')
 3 SYSTEMPATH/Autoloader/Autoloader.php(272): CodeIgniter\Autoloader\Autoloader->loadInNamespace('App\\Controllers\\Events')
 4 [internal function]: CodeIgniter\Autoloader\Autoloader->loadClass('App\\Controllers\\Events')
 5 SYSTEMPATH/CodeIgniter.php(887): class_exists('\\App\\Controllers\\Events', true)
 6 SYSTEMPATH/CodeIgniter.php(496): CodeIgniter\CodeIgniter->startController()
 7 SYSTEMPATH/CodeIgniter.php(355): CodeIgniter\CodeIgniter->handleRequest(null, Object(Config\Cache), false)
 8 SYSTEMPATH/Boot.php(325): CodeIgniter\CodeIgniter->run()
 9 SYSTEMPATH/Boot.php(67): CodeIgniter\Boot::runCodeIgniter(Object(CodeIgniter\CodeIgniter))
10 FCPATH/index.php(149): CodeIgniter\Boot::bootWeb(Object(Config\Paths))
WARNING - 2025-05-18 02:39:21 --> [DEPRECATED] Optional parameter $id declared before required parameter $is_reminder is implicitly treated as a required parameter in APPPATH/Controllers/Events.php on line 344.
 1 SYSTEMPATH/Autoloader/Autoloader.php(317): include_once('/home3/appnaros/public_html/sistema/system/Debug/Exceptions.php')
 2 SYSTEMPATH/Autoloader/Autoloader.php(296): CodeIgniter\Autoloader\Autoloader->includeFile('/home3/appnaros/public_html/sistema/app/Controllers/Events.php')
 3 SYSTEMPATH/Autoloader/Autoloader.php(272): CodeIgniter\Autoloader\Autoloader->loadInNamespace('App\\Controllers\\Events')
 4 [internal function]: CodeIgniter\Autoloader\Autoloader->loadClass('App\\Controllers\\Events')
 5 SYSTEMPATH/CodeIgniter.php(887): class_exists('\\App\\Controllers\\Events', true)
 6 SYSTEMPATH/CodeIgniter.php(496): CodeIgniter\CodeIgniter->startController()
 7 SYSTEMPATH/CodeIgniter.php(355): CodeIgniter\CodeIgniter->handleRequest(null, Object(Config\Cache), false)
 8 SYSTEMPATH/Boot.php(325): CodeIgniter\CodeIgniter->run()
 9 SYSTEMPATH/Boot.php(67): CodeIgniter\Boot::runCodeIgniter(Object(CodeIgniter\CodeIgniter))
10 FCPATH/index.php(149): CodeIgniter\Boot::bootWeb(Object(Config\Paths))
WARNING - 2025-05-18 02:39:28 --> [DEPRECATED] Optional parameter $id declared before required parameter $is_reminder is implicitly treated as a required parameter in APPPATH/Controllers/Events.php on line 344.
 1 SYSTEMPATH/Autoloader/Autoloader.php(317): include_once('/home3/appnaros/public_html/sistema/system/Debug/Exceptions.php')
 2 SYSTEMPATH/Autoloader/Autoloader.php(296): CodeIgniter\Autoloader\Autoloader->includeFile('/home3/appnaros/public_html/sistema/app/Controllers/Events.php')
 3 SYSTEMPATH/Autoloader/Autoloader.php(272): CodeIgniter\Autoloader\Autoloader->loadInNamespace('App\\Controllers\\Events')
 4 [internal function]: CodeIgniter\Autoloader\Autoloader->loadClass('App\\Controllers\\Events')
 5 SYSTEMPATH/CodeIgniter.php(887): class_exists('\\App\\Controllers\\Events', true)
 6 SYSTEMPATH/CodeIgniter.php(496): CodeIgniter\CodeIgniter->startController()
 7 SYSTEMPATH/CodeIgniter.php(355): CodeIgniter\CodeIgniter->handleRequest(null, Object(Config\Cache), false)
 8 SYSTEMPATH/Boot.php(325): CodeIgniter\CodeIgniter->run()
 9 SYSTEMPATH/Boot.php(67): CodeIgniter\Boot::runCodeIgniter(Object(CodeIgniter\CodeIgniter))
10 FCPATH/index.php(149): CodeIgniter\Boot::bootWeb(Object(Config\Paths))
WARNING - 2025-05-18 02:39:38 --> [DEPRECATED] Optional parameter $id declared before required parameter $is_reminder is implicitly treated as a required parameter in APPPATH/Controllers/Events.php on line 344.
 1 SYSTEMPATH/Autoloader/Autoloader.php(317): include_once('/home3/appnaros/public_html/sistema/system/Debug/Exceptions.php')
 2 SYSTEMPATH/Autoloader/Autoloader.php(296): CodeIgniter\Autoloader\Autoloader->includeFile('/home3/appnaros/public_html/sistema/app/Controllers/Events.php')
 3 SYSTEMPATH/Autoloader/Autoloader.php(272): CodeIgniter\Autoloader\Autoloader->loadInNamespace('App\\Controllers\\Events')
 4 [internal function]: CodeIgniter\Autoloader\Autoloader->loadClass('App\\Controllers\\Events')
 5 SYSTEMPATH/CodeIgniter.php(887): class_exists('\\App\\Controllers\\Events', true)
 6 SYSTEMPATH/CodeIgniter.php(496): CodeIgniter\CodeIgniter->startController()
 7 SYSTEMPATH/CodeIgniter.php(355): CodeIgniter\CodeIgniter->handleRequest(null, Object(Config\Cache), false)
 8 SYSTEMPATH/Boot.php(325): CodeIgniter\CodeIgniter->run()
 9 SYSTEMPATH/Boot.php(67): CodeIgniter\Boot::runCodeIgniter(Object(CodeIgniter\CodeIgniter))
10 FCPATH/index.php(149): CodeIgniter\Boot::bootWeb(Object(Config\Paths))
WARNING - 2025-05-18 02:39:40 --> [DEPRECATED] Optional parameter $id declared before required parameter $is_reminder is implicitly treated as a required parameter in APPPATH/Controllers/Events.php on line 344.
 1 SYSTEMPATH/Autoloader/Autoloader.php(317): include_once('/home3/appnaros/public_html/sistema/system/Debug/Exceptions.php')
 2 SYSTEMPATH/Autoloader/Autoloader.php(296): CodeIgniter\Autoloader\Autoloader->includeFile('/home3/appnaros/public_html/sistema/app/Controllers/Events.php')
 3 SYSTEMPATH/Autoloader/Autoloader.php(272): CodeIgniter\Autoloader\Autoloader->loadInNamespace('App\\Controllers\\Events')
 4 [internal function]: CodeIgniter\Autoloader\Autoloader->loadClass('App\\Controllers\\Events')
 5 SYSTEMPATH/CodeIgniter.php(887): class_exists('\\App\\Controllers\\Events', true)
 6 SYSTEMPATH/CodeIgniter.php(496): CodeIgniter\CodeIgniter->startController()
 7 SYSTEMPATH/CodeIgniter.php(355): CodeIgniter\CodeIgniter->handleRequest(null, Object(Config\Cache), false)
 8 SYSTEMPATH/Boot.php(325): CodeIgniter\CodeIgniter->run()
 9 SYSTEMPATH/Boot.php(67): CodeIgniter\Boot::runCodeIgniter(Object(CodeIgniter\CodeIgniter))
10 FCPATH/index.php(149): CodeIgniter\Boot::bootWeb(Object(Config\Paths))
ERROR - 2025-05-18 02:39:47 --> [ERROR] Undefined variable $data FCPATH/plugins/Accounting/index.php:269
ERROR - 2025-05-18 02:39:47 --> [ERROR] Undefined variable $data FCPATH/plugins/Accounting/index.php:243
WARNING - 2025-05-18 02:39:58 --> [DEPRECATED] Optional parameter $id declared before required parameter $is_reminder is implicitly treated as a required parameter in APPPATH/Controllers/Events.php on line 344.
 1 SYSTEMPATH/Autoloader/Autoloader.php(317): include_once('/home3/appnaros/public_html/sistema/system/Debug/Exceptions.php')
 2 SYSTEMPATH/Autoloader/Autoloader.php(296): CodeIgniter\Autoloader\Autoloader->includeFile('/home3/appnaros/public_html/sistema/app/Controllers/Events.php')
 3 SYSTEMPATH/Autoloader/Autoloader.php(272): CodeIgniter\Autoloader\Autoloader->loadInNamespace('App\\Controllers\\Events')
 4 [internal function]: CodeIgniter\Autoloader\Autoloader->loadClass('App\\Controllers\\Events')
 5 SYSTEMPATH/CodeIgniter.php(887): class_exists('\\App\\Controllers\\Events', true)
 6 SYSTEMPATH/CodeIgniter.php(496): CodeIgniter\CodeIgniter->startController()
 7 SYSTEMPATH/CodeIgniter.php(355): CodeIgniter\CodeIgniter->handleRequest(null, Object(Config\Cache), false)
 8 SYSTEMPATH/Boot.php(325): CodeIgniter\CodeIgniter->run()
 9 SYSTEMPATH/Boot.php(67): CodeIgniter\Boot::runCodeIgniter(Object(CodeIgniter\CodeIgniter))
10 FCPATH/index.php(149): CodeIgniter\Boot::bootWeb(Object(Config\Paths))
WARNING - 2025-05-18 02:40:04 --> [DEPRECATED] Optional parameter $id declared before required parameter $is_reminder is implicitly treated as a required parameter in APPPATH/Controllers/Events.php on line 344.
 1 SYSTEMPATH/Autoloader/Autoloader.php(317): include_once('/home3/appnaros/public_html/sistema/system/Debug/Exceptions.php')
 2 SYSTEMPATH/Autoloader/Autoloader.php(296): CodeIgniter\Autoloader\Autoloader->includeFile('/home3/appnaros/public_html/sistema/app/Controllers/Events.php')
 3 SYSTEMPATH/Autoloader/Autoloader.php(272): CodeIgniter\Autoloader\Autoloader->loadInNamespace('App\\Controllers\\Events')
 4 [internal function]: CodeIgniter\Autoloader\Autoloader->loadClass('App\\Controllers\\Events')
 5 SYSTEMPATH/CodeIgniter.php(887): class_exists('\\App\\Controllers\\Events', true)
 6 SYSTEMPATH/CodeIgniter.php(496): CodeIgniter\CodeIgniter->startController()
 7 SYSTEMPATH/CodeIgniter.php(355): CodeIgniter\CodeIgniter->handleRequest(null, Object(Config\Cache), false)
 8 SYSTEMPATH/Boot.php(325): CodeIgniter\CodeIgniter->run()
 9 SYSTEMPATH/Boot.php(67): CodeIgniter\Boot::runCodeIgniter(Object(CodeIgniter\CodeIgniter))
10 FCPATH/index.php(149): CodeIgniter\Boot::bootWeb(Object(Config\Paths))
WARNING - 2025-05-18 02:40:15 --> [DEPRECATED] Optional parameter $id declared before required parameter $is_reminder is implicitly treated as a required parameter in APPPATH/Controllers/Events.php on line 344.
 1 SYSTEMPATH/Autoloader/Autoloader.php(317): include_once('/home3/appnaros/public_html/sistema/system/Debug/Exceptions.php')
 2 SYSTEMPATH/Autoloader/Autoloader.php(296): CodeIgniter\Autoloader\Autoloader->includeFile('/home3/appnaros/public_html/sistema/app/Controllers/Events.php')
 3 SYSTEMPATH/Autoloader/Autoloader.php(272): CodeIgniter\Autoloader\Autoloader->loadInNamespace('App\\Controllers\\Events')
 4 [internal function]: CodeIgniter\Autoloader\Autoloader->loadClass('App\\Controllers\\Events')
 5 SYSTEMPATH/CodeIgniter.php(887): class_exists('\\App\\Controllers\\Events', true)
 6 SYSTEMPATH/CodeIgniter.php(496): CodeIgniter\CodeIgniter->startController()
 7 SYSTEMPATH/CodeIgniter.php(355): CodeIgniter\CodeIgniter->handleRequest(null, Object(Config\Cache), false)
 8 SYSTEMPATH/Boot.php(325): CodeIgniter\CodeIgniter->run()
 9 SYSTEMPATH/Boot.php(67): CodeIgniter\Boot::runCodeIgniter(Object(CodeIgniter\CodeIgniter))
10 FCPATH/index.php(149): CodeIgniter\Boot::bootWeb(Object(Config\Paths))
WARNING - 2025-05-18 02:40:21 --> [DEPRECATED] Optional parameter $id declared before required parameter $is_reminder is implicitly treated as a required parameter in APPPATH/Controllers/Events.php on line 344.
 1 SYSTEMPATH/Autoloader/Autoloader.php(317): include_once('/home3/appnaros/public_html/sistema/system/Debug/Exceptions.php')
 2 SYSTEMPATH/Autoloader/Autoloader.php(296): CodeIgniter\Autoloader\Autoloader->includeFile('/home3/appnaros/public_html/sistema/app/Controllers/Events.php')
 3 SYSTEMPATH/Autoloader/Autoloader.php(272): CodeIgniter\Autoloader\Autoloader->loadInNamespace('App\\Controllers\\Events')
 4 [internal function]: CodeIgniter\Autoloader\Autoloader->loadClass('App\\Controllers\\Events')
 5 SYSTEMPATH/CodeIgniter.php(887): class_exists('\\App\\Controllers\\Events', true)
 6 SYSTEMPATH/CodeIgniter.php(496): CodeIgniter\CodeIgniter->startController()
 7 SYSTEMPATH/CodeIgniter.php(355): CodeIgniter\CodeIgniter->handleRequest(null, Object(Config\Cache), false)
 8 SYSTEMPATH/Boot.php(325): CodeIgniter\CodeIgniter->run()
 9 SYSTEMPATH/Boot.php(67): CodeIgniter\Boot::runCodeIgniter(Object(CodeIgniter\CodeIgniter))
10 FCPATH/index.php(149): CodeIgniter\Boot::bootWeb(Object(Config\Paths))
WARNING - 2025-05-18 02:40:22 --> [DEPRECATED] Optional parameter $id declared before required parameter $is_reminder is implicitly treated as a required parameter in APPPATH/Controllers/Events.php on line 344.
 1 SYSTEMPATH/Autoloader/Autoloader.php(317): include_once('/home3/appnaros/public_html/sistema/system/Debug/Exceptions.php')
 2 SYSTEMPATH/Autoloader/Autoloader.php(296): CodeIgniter\Autoloader\Autoloader->includeFile('/home3/appnaros/public_html/sistema/app/Controllers/Events.php')
 3 SYSTEMPATH/Autoloader/Autoloader.php(272): CodeIgniter\Autoloader\Autoloader->loadInNamespace('App\\Controllers\\Events')
 4 [internal function]: CodeIgniter\Autoloader\Autoloader->loadClass('App\\Controllers\\Events')
 5 SYSTEMPATH/CodeIgniter.php(887): class_exists('\\App\\Controllers\\Events', true)
 6 SYSTEMPATH/CodeIgniter.php(496): CodeIgniter\CodeIgniter->startController()
 7 SYSTEMPATH/CodeIgniter.php(355): CodeIgniter\CodeIgniter->handleRequest(null, Object(Config\Cache), false)
 8 SYSTEMPATH/Boot.php(325): CodeIgniter\CodeIgniter->run()
 9 SYSTEMPATH/Boot.php(67): CodeIgniter\Boot::runCodeIgniter(Object(CodeIgniter\CodeIgniter))
10 FCPATH/index.php(149): CodeIgniter\Boot::bootWeb(Object(Config\Paths))
ERROR - 2025-05-18 02:40:25 --> [ERROR] Undefined variable $data FCPATH/plugins/Accounting/index.php:269
ERROR - 2025-05-18 02:40:25 --> [ERROR] Undefined variable $data FCPATH/plugins/Accounting/index.php:243
WARNING - 2025-05-18 02:40:41 --> [DEPRECATED] Optional parameter $id declared before required parameter $is_reminder is implicitly treated as a required parameter in APPPATH/Controllers/Events.php on line 344.
 1 SYSTEMPATH/Autoloader/Autoloader.php(317): include_once('/home3/appnaros/public_html/sistema/system/Debug/Exceptions.php')
 2 SYSTEMPATH/Autoloader/Autoloader.php(296): CodeIgniter\Autoloader\Autoloader->includeFile('/home3/appnaros/public_html/sistema/app/Controllers/Events.php')
 3 SYSTEMPATH/Autoloader/Autoloader.php(272): CodeIgniter\Autoloader\Autoloader->loadInNamespace('App\\Controllers\\Events')
 4 [internal function]: CodeIgniter\Autoloader\Autoloader->loadClass('App\\Controllers\\Events')
 5 SYSTEMPATH/CodeIgniter.php(887): class_exists('\\App\\Controllers\\Events', true)
 6 SYSTEMPATH/CodeIgniter.php(496): CodeIgniter\CodeIgniter->startController()
 7 SYSTEMPATH/CodeIgniter.php(355): CodeIgniter\CodeIgniter->handleRequest(null, Object(Config\Cache), false)
 8 SYSTEMPATH/Boot.php(325): CodeIgniter\CodeIgniter->run()
 9 SYSTEMPATH/Boot.php(67): CodeIgniter\Boot::runCodeIgniter(Object(CodeIgniter\CodeIgniter))
10 FCPATH/index.php(149): CodeIgniter\Boot::bootWeb(Object(Config\Paths))
WARNING - 2025-05-18 02:40:56 --> [DEPRECATED] Optional parameter $id declared before required parameter $is_reminder is implicitly treated as a required parameter in APPPATH/Controllers/Events.php on line 344.
 1 SYSTEMPATH/Autoloader/Autoloader.php(317): include_once('/home3/appnaros/public_html/sistema/system/Debug/Exceptions.php')
 2 SYSTEMPATH/Autoloader/Autoloader.php(296): CodeIgniter\Autoloader\Autoloader->includeFile('/home3/appnaros/public_html/sistema/app/Controllers/Events.php')
 3 SYSTEMPATH/Autoloader/Autoloader.php(272): CodeIgniter\Autoloader\Autoloader->loadInNamespace('App\\Controllers\\Events')
 4 [internal function]: CodeIgniter\Autoloader\Autoloader->loadClass('App\\Controllers\\Events')
 5 SYSTEMPATH/CodeIgniter.php(887): class_exists('\\App\\Controllers\\Events', true)
 6 SYSTEMPATH/CodeIgniter.php(496): CodeIgniter\CodeIgniter->startController()
 7 SYSTEMPATH/CodeIgniter.php(355): CodeIgniter\CodeIgniter->handleRequest(null, Object(Config\Cache), false)
 8 SYSTEMPATH/Boot.php(325): CodeIgniter\CodeIgniter->run()
 9 SYSTEMPATH/Boot.php(67): CodeIgniter\Boot::runCodeIgniter(Object(CodeIgniter\CodeIgniter))
10 FCPATH/index.php(149): CodeIgniter\Boot::bootWeb(Object(Config\Paths))
WARNING - 2025-05-18 02:41:10 --> [DEPRECATED] Optional parameter $id declared before required parameter $is_reminder is implicitly treated as a required parameter in APPPATH/Controllers/Events.php on line 344.
 1 SYSTEMPATH/Autoloader/Autoloader.php(317): include_once('/home3/appnaros/public_html/sistema/system/Debug/Exceptions.php')
 2 SYSTEMPATH/Autoloader/Autoloader.php(296): CodeIgniter\Autoloader\Autoloader->includeFile('/home3/appnaros/public_html/sistema/app/Controllers/Events.php')
 3 SYSTEMPATH/Autoloader/Autoloader.php(272): CodeIgniter\Autoloader\Autoloader->loadInNamespace('App\\Controllers\\Events')
 4 [internal function]: CodeIgniter\Autoloader\Autoloader->loadClass('App\\Controllers\\Events')
 5 SYSTEMPATH/CodeIgniter.php(887): class_exists('\\App\\Controllers\\Events', true)
 6 SYSTEMPATH/CodeIgniter.php(496): CodeIgniter\CodeIgniter->startController()
 7 SYSTEMPATH/CodeIgniter.php(355): CodeIgniter\CodeIgniter->handleRequest(null, Object(Config\Cache), false)
 8 SYSTEMPATH/Boot.php(325): CodeIgniter\CodeIgniter->run()
 9 SYSTEMPATH/Boot.php(67): CodeIgniter\Boot::runCodeIgniter(Object(CodeIgniter\CodeIgniter))
10 FCPATH/index.php(149): CodeIgniter\Boot::bootWeb(Object(Config\Paths))
ERROR - 2025-05-18 02:44:04 --> [ERROR] Undefined variable $data FCPATH/plugins/Accounting/index.php:243
ERROR - 2025-05-18 02:44:08 --> [ERROR] Undefined variable $data FCPATH/plugins/Accounting/index.php:243
ERROR - 2025-05-18 02:50:02 --> [ERROR] Undefined variable $data FCPATH/plugins/Accounting/index.php:243
ERROR - 2025-05-18 02:50:04 --> [ERROR] Undefined variable $data FCPATH/plugins/Accounting/index.php:243
ERROR - 2025-05-18 02:55:02 --> [ERROR] Undefined variable $data FCPATH/plugins/Accounting/index.php:243
ERROR - 2025-05-18 02:55:05 --> [ERROR] Undefined variable $data FCPATH/plugins/Accounting/index.php:269
ERROR - 2025-05-18 02:55:06 --> [ERROR] Undefined variable $data FCPATH/plugins/Accounting/index.php:243
ERROR - 2025-05-18 03:01:02 --> [ERROR] Undefined variable $data FCPATH/plugins/Accounting/index.php:243
ERROR - 2025-05-18 03:01:04 --> [ERROR] Undefined variable $data FCPATH/plugins/Accounting/index.php:243
ERROR - 2025-05-18 03:07:02 --> [ERROR] Undefined variable $data FCPATH/plugins/Accounting/index.php:243
ERROR - 2025-05-18 03:07:04 --> [ERROR] Undefined variable $data FCPATH/plugins/Accounting/index.php:243
ERROR - 2025-05-18 03:13:02 --> [ERROR] Undefined variable $data FCPATH/plugins/Accounting/index.php:243
ERROR - 2025-05-18 03:13:04 --> [ERROR] Undefined variable $data FCPATH/plugins/Accounting/index.php:243
ERROR - 2025-05-18 03:19:02 --> [ERROR] Undefined variable $data FCPATH/plugins/Accounting/index.php:243
ERROR - 2025-05-18 03:19:04 --> [ERROR] Undefined variable $data FCPATH/plugins/Accounting/index.php:243
ERROR - 2025-05-18 03:24:02 --> [ERROR] Undefined variable $data FCPATH/plugins/Accounting/index.php:243
ERROR - 2025-05-18 03:24:04 --> [ERROR] Undefined variable $data FCPATH/plugins/Accounting/index.php:243
ERROR - 2025-05-18 03:30:02 --> [ERROR] Undefined variable $data FCPATH/plugins/Accounting/index.php:243
ERROR - 2025-05-18 03:30:04 --> [ERROR] Undefined variable $data FCPATH/plugins/Accounting/index.php:243
ERROR - 2025-05-18 03:35:02 --> [ERROR] Undefined variable $data FCPATH/plugins/Accounting/index.php:243
ERROR - 2025-05-18 03:35:04 --> [ERROR] Undefined variable $data FCPATH/plugins/Accounting/index.php:243
ERROR - 2025-05-18 03:41:02 --> [ERROR] Undefined variable $data FCPATH/plugins/Accounting/index.php:243
ERROR - 2025-05-18 03:41:04 --> [ERROR] Undefined variable $data FCPATH/plugins/Accounting/index.php:243
ERROR - 2025-05-18 03:47:06 --> [ERROR] Undefined variable $data FCPATH/plugins/Accounting/index.php:243
ERROR - 2025-05-18 03:47:09 --> [ERROR] Undefined variable $data FCPATH/plugins/Accounting/index.php:243
ERROR - 2025-05-18 03:53:02 --> [ERROR] Undefined variable $data FCPATH/plugins/Accounting/index.php:243
ERROR - 2025-05-18 03:53:04 --> [ERROR] Undefined variable $data FCPATH/plugins/Accounting/index.php:243
ERROR - 2025-05-18 03:59:03 --> [ERROR] Undefined variable $data FCPATH/plugins/Accounting/index.php:243
ERROR - 2025-05-18 03:59:06 --> [ERROR] Undefined variable $data FCPATH/plugins/Accounting/index.php:243
ERROR - 2025-05-18 04:04:02 --> [ERROR] Undefined variable $data FCPATH/plugins/Accounting/index.php:243
ERROR - 2025-05-18 04:04:05 --> [ERROR] Undefined variable $data FCPATH/plugins/Accounting/index.php:243
ERROR - 2025-05-18 04:10:02 --> [ERROR] Undefined variable $data FCPATH/plugins/Accounting/index.php:243
ERROR - 2025-05-18 04:10:04 --> [ERROR] Undefined variable $data FCPATH/plugins/Accounting/index.php:243
ERROR - 2025-05-18 04:16:02 --> [ERROR] Undefined variable $data FCPATH/plugins/Accounting/index.php:243
ERROR - 2025-05-18 04:16:05 --> [ERROR] Undefined variable $data FCPATH/plugins/Accounting/index.php:269
ERROR - 2025-05-18 04:16:06 --> [ERROR] Undefined variable $data FCPATH/plugins/Accounting/index.php:243
ERROR - 2025-05-18 04:21:03 --> [ERROR] Undefined variable $data FCPATH/plugins/Accounting/index.php:243
ERROR - 2025-05-18 04:21:06 --> [ERROR] Undefined variable $data FCPATH/plugins/Accounting/index.php:243
ERROR - 2025-05-18 04:27:02 --> [ERROR] Undefined variable $data FCPATH/plugins/Accounting/index.php:243
ERROR - 2025-05-18 04:27:04 --> [ERROR] Undefined variable $data FCPATH/plugins/Accounting/index.php:243
ERROR - 2025-05-18 04:33:02 --> [ERROR] Undefined variable $data FCPATH/plugins/Accounting/index.php:243
ERROR - 2025-05-18 04:33:04 --> [ERROR] Undefined variable $data FCPATH/plugins/Accounting/index.php:243
ERROR - 2025-05-18 04:39:02 --> [ERROR] Undefined variable $data FCPATH/plugins/Accounting/index.php:243
ERROR - 2025-05-18 04:39:04 --> [ERROR] Undefined variable $data FCPATH/plugins/Accounting/index.php:269
ERROR - 2025-05-18 04:39:05 --> [ERROR] Undefined variable $data FCPATH/plugins/Accounting/index.php:243
ERROR - 2025-05-18 04:44:02 --> [ERROR] Undefined variable $data FCPATH/plugins/Accounting/index.php:243
ERROR - 2025-05-18 04:44:04 --> [ERROR] Undefined variable $data FCPATH/plugins/Accounting/index.php:243
ERROR - 2025-05-18 04:50:03 --> [ERROR] Undefined variable $data FCPATH/plugins/Accounting/index.php:243
ERROR - 2025-05-18 04:50:05 --> [ERROR] Undefined variable $data FCPATH/plugins/Accounting/index.php:243
ERROR - 2025-05-18 04:56:02 --> [ERROR] Undefined variable $data FCPATH/plugins/Accounting/index.php:243
ERROR - 2025-05-18 04:56:04 --> [ERROR] Undefined variable $data FCPATH/plugins/Accounting/index.php:243
ERROR - 2025-05-18 05:01:02 --> [ERROR] Undefined variable $data FCPATH/plugins/Accounting/index.php:243
ERROR - 2025-05-18 05:01:03 --> [ERROR] Undefined variable $data FCPATH/plugins/Accounting/index.php:269
ERROR - 2025-05-18 05:01:03 --> [ERROR] Undefined variable $data FCPATH/plugins/Accounting/index.php:243
ERROR - 2025-05-18 05:01:04 --> [ERROR] Undefined variable $data FCPATH/plugins/Accounting/index.php:269
ERROR - 2025-05-18 05:01:05 --> [ERROR] Undefined variable $data FCPATH/plugins/Accounting/index.php:243
ERROR - 2025-05-18 05:01:07 --> [ERROR] Undefined variable $data FCPATH/plugins/Accounting/index.php:243
ERROR - 2025-05-18 05:01:08 --> Email: sendWithSmtp throwed ErrorException: fsockopen(): Unable to connect to ssl://app.monaros.co:465 (Connection timed out) in /home3/appnaros/public_html/sistema/system/Email/Email.php:1896
Stack trace:
#0 [internal function]: CodeIgniter\Debug\Exceptions->errorHandler(2, 'fsockopen(): Un...', '/home3/appnaros...', 1896)
#1 /home3/appnaros/public_html/sistema/system/Email/Email.php(1896): fsockopen('ssl://app.monar...', 465, NULL, NULL, 5)
#2 /home3/appnaros/public_html/sistema/system/Email/Email.php(1809): CodeIgniter\Email\Email->SMTPConnect()
#3 /home3/appnaros/public_html/sistema/system/Email/Email.php(1694): CodeIgniter\Email\Email->sendWithSmtp()
#4 /home3/appnaros/public_html/sistema/system/Email/Email.php(1589): CodeIgniter\Email\Email->spoolEmail()
#5 /home3/appnaros/public_html/sistema/app/Helpers/general_helper.php(578): CodeIgniter\Email\Email->send()
#6 /home3/appnaros/public_html/sistema/app/Helpers/notifications_helper.php(1045): send_app_mail('analista2@monar...', 'Ticket  #1035 -...', '<div style="bac...', Array)
#7 /home3/appnaros/public_html/sistema/app/Models/Notifications_model.php(612): send_notification_emails(12994, Array, Array)
#8 /home3/appnaros/public_html/sistema/app/Controllers/Notification_processor.php(132): App\Models\Notifications_model->create_notification('ticket_closed', '0', Array)
#9 /home3/appnaros/public_html/sistema/system/CodeIgniter.php(933): App\Controllers\Notification_processor->create_notification()
#10 /home3/appnaros/public_html/sistema/system/CodeIgniter.php(509): CodeIgniter\CodeIgniter->runController(Object(App\Controllers\Notification_processor))
#11 /home3/appnaros/public_html/sistema/system/CodeIgniter.php(355): CodeIgniter\CodeIgniter->handleRequest(NULL, Object(Config\Cache), false)
#12 /home3/appnaros/public_html/sistema/system/Boot.php(325): CodeIgniter\CodeIgniter->run()
#13 /home3/appnaros/public_html/sistema/system/Boot.php(67): CodeIgniter\Boot::runCodeIgniter(Object(CodeIgniter\CodeIgniter))
#14 /home3/appnaros/public_html/sistema/index.php(149): CodeIgniter\Boot::bootWeb(Object(Config\Paths))
#15 {main}
ERROR - 2025-05-18 05:01:08 --> Email: Unable to send email using SMTP. Your server might not be configured to send mail using this method.
ERROR - 2025-05-18 05:01:08 --> 
ERROR - 2025-05-18 05:01:09 --> Email: sendWithSmtp throwed ErrorException: fsockopen(): Unable to connect to ssl://app.monaros.co:465 (Connection timed out) in /home3/appnaros/public_html/sistema/system/Email/Email.php:1896
Stack trace:
#0 [internal function]: CodeIgniter\Debug\Exceptions->errorHandler(2, 'fsockopen(): Un...', '/home3/appnaros...', 1896)
#1 /home3/appnaros/public_html/sistema/system/Email/Email.php(1896): fsockopen('ssl://app.monar...', 465, NULL, NULL, 5)
#2 /home3/appnaros/public_html/sistema/system/Email/Email.php(1809): CodeIgniter\Email\Email->SMTPConnect()
#3 /home3/appnaros/public_html/sistema/system/Email/Email.php(1694): CodeIgniter\Email\Email->sendWithSmtp()
#4 /home3/appnaros/public_html/sistema/system/Email/Email.php(1589): CodeIgniter\Email\Email->spoolEmail()
#5 /home3/appnaros/public_html/sistema/app/Helpers/general_helper.php(578): CodeIgniter\Email\Email->send()
#6 /home3/appnaros/public_html/sistema/app/Helpers/notifications_helper.php(1045): send_app_mail('analista2@monar...', 'Ticket  #1036 -...', '<div style="bac...', Array)
#7 /home3/appnaros/public_html/sistema/app/Models/Notifications_model.php(612): send_notification_emails(12995, Array, Array)
#8 /home3/appnaros/public_html/sistema/app/Controllers/Notification_processor.php(132): App\Models\Notifications_model->create_notification('ticket_closed', '0', Array)
#9 /home3/appnaros/public_html/sistema/system/CodeIgniter.php(933): App\Controllers\Notification_processor->create_notification()
#10 /home3/appnaros/public_html/sistema/system/CodeIgniter.php(509): CodeIgniter\CodeIgniter->runController(Object(App\Controllers\Notification_processor))
#11 /home3/appnaros/public_html/sistema/system/CodeIgniter.php(355): CodeIgniter\CodeIgniter->handleRequest(NULL, Object(Config\Cache), false)
#12 /home3/appnaros/public_html/sistema/system/Boot.php(325): CodeIgniter\CodeIgniter->run()
#13 /home3/appnaros/public_html/sistema/system/Boot.php(67): CodeIgniter\Boot::runCodeIgniter(Object(CodeIgniter\CodeIgniter))
#14 /home3/appnaros/public_html/sistema/index.php(149): CodeIgniter\Boot::bootWeb(Object(Config\Paths))
#15 {main}
ERROR - 2025-05-18 05:01:09 --> Email: Unable to send email using SMTP. Your server might not be configured to send mail using this method.
ERROR - 2025-05-18 05:01:09 --> 
ERROR - 2025-05-18 05:01:13 --> Email: sendWithSmtp throwed ErrorException: fsockopen(): Unable to connect to ssl://app.monaros.co:465 (Connection timed out) in /home3/appnaros/public_html/sistema/system/Email/Email.php:1896
Stack trace:
#0 [internal function]: CodeIgniter\Debug\Exceptions->errorHandler(2, 'fsockopen(): Un...', '/home3/appnaros...', 1896)
#1 /home3/appnaros/public_html/sistema/system/Email/Email.php(1896): fsockopen('ssl://app.monar...', 465, NULL, NULL, 5)
#2 /home3/appnaros/public_html/sistema/system/Email/Email.php(1809): CodeIgniter\Email\Email->SMTPConnect()
#3 /home3/appnaros/public_html/sistema/system/Email/Email.php(1694): CodeIgniter\Email\Email->sendWithSmtp()
#4 /home3/appnaros/public_html/sistema/system/Email/Email.php(1589): CodeIgniter\Email\Email->spoolEmail()
#5 /home3/appnaros/public_html/sistema/app/Helpers/general_helper.php(578): CodeIgniter\Email\Email->send()
#6 /home3/appnaros/public_html/sistema/app/Helpers/notifications_helper.php(1045): send_app_mail('savidmedical@gm...', 'Ticket  #1035 -...', '<div style="bac...', Array)
#7 /home3/appnaros/public_html/sistema/app/Models/Notifications_model.php(612): send_notification_emails(12994, Array, Array)
#8 /home3/appnaros/public_html/sistema/app/Controllers/Notification_processor.php(132): App\Models\Notifications_model->create_notification('ticket_closed', '0', Array)
#9 /home3/appnaros/public_html/sistema/system/CodeIgniter.php(933): App\Controllers\Notification_processor->create_notification()
#10 /home3/appnaros/public_html/sistema/system/CodeIgniter.php(509): CodeIgniter\CodeIgniter->runController(Object(App\Controllers\Notification_processor))
#11 /home3/appnaros/public_html/sistema/system/CodeIgniter.php(355): CodeIgniter\CodeIgniter->handleRequest(NULL, Object(Config\Cache), false)
#12 /home3/appnaros/public_html/sistema/system/Boot.php(325): CodeIgniter\CodeIgniter->run()
#13 /home3/appnaros/public_html/sistema/system/Boot.php(67): CodeIgniter\Boot::runCodeIgniter(Object(CodeIgniter\CodeIgniter))
#14 /home3/appnaros/public_html/sistema/index.php(149): CodeIgniter\Boot::bootWeb(Object(Config\Paths))
#15 {main}
ERROR - 2025-05-18 05:01:13 --> Email: Unable to send email using SMTP. Your server might not be configured to send mail using this method.
ERROR - 2025-05-18 05:01:13 --> 
ERROR - 2025-05-18 05:01:14 --> Email: sendWithSmtp throwed ErrorException: fsockopen(): Unable to connect to ssl://app.monaros.co:465 (Connection timed out) in /home3/appnaros/public_html/sistema/system/Email/Email.php:1896
Stack trace:
#0 [internal function]: CodeIgniter\Debug\Exceptions->errorHandler(2, 'fsockopen(): Un...', '/home3/appnaros...', 1896)
#1 /home3/appnaros/public_html/sistema/system/Email/Email.php(1896): fsockopen('ssl://app.monar...', 465, NULL, NULL, 5)
#2 /home3/appnaros/public_html/sistema/system/Email/Email.php(1809): CodeIgniter\Email\Email->SMTPConnect()
#3 /home3/appnaros/public_html/sistema/system/Email/Email.php(1694): CodeIgniter\Email\Email->sendWithSmtp()
#4 /home3/appnaros/public_html/sistema/system/Email/Email.php(1589): CodeIgniter\Email\Email->spoolEmail()
#5 /home3/appnaros/public_html/sistema/app/Helpers/general_helper.php(578): CodeIgniter\Email\Email->send()
#6 /home3/appnaros/public_html/sistema/app/Helpers/notifications_helper.php(1045): send_app_mail('customerjunior1...', 'Ticket  #1036 -...', '<div style="bac...', Array)
#7 /home3/appnaros/public_html/sistema/app/Models/Notifications_model.php(612): send_notification_emails(12995, Array, Array)
#8 /home3/appnaros/public_html/sistema/app/Controllers/Notification_processor.php(132): App\Models\Notifications_model->create_notification('ticket_closed', '0', Array)
#9 /home3/appnaros/public_html/sistema/system/CodeIgniter.php(933): App\Controllers\Notification_processor->create_notification()
#10 /home3/appnaros/public_html/sistema/system/CodeIgniter.php(509): CodeIgniter\CodeIgniter->runController(Object(App\Controllers\Notification_processor))
#11 /home3/appnaros/public_html/sistema/system/CodeIgniter.php(355): CodeIgniter\CodeIgniter->handleRequest(NULL, Object(Config\Cache), false)
#12 /home3/appnaros/public_html/sistema/system/Boot.php(325): CodeIgniter\CodeIgniter->run()
#13 /home3/appnaros/public_html/sistema/system/Boot.php(67): CodeIgniter\Boot::runCodeIgniter(Object(CodeIgniter\CodeIgniter))
#14 /home3/appnaros/public_html/sistema/index.php(149): CodeIgniter\Boot::bootWeb(Object(Config\Paths))
#15 {main}
ERROR - 2025-05-18 05:01:14 --> Email: Unable to send email using SMTP. Your server might not be configured to send mail using this method.
ERROR - 2025-05-18 05:01:14 --> 
ERROR - 2025-05-18 05:01:19 --> Email: sendWithSmtp throwed ErrorException: fsockopen(): Unable to connect to ssl://app.monaros.co:465 (Connection timed out) in /home3/appnaros/public_html/sistema/system/Email/Email.php:1896
Stack trace:
#0 [internal function]: CodeIgniter\Debug\Exceptions->errorHandler(2, 'fsockopen(): Un...', '/home3/appnaros...', 1896)
#1 /home3/appnaros/public_html/sistema/system/Email/Email.php(1896): fsockopen('ssl://app.monar...', 465, NULL, NULL, 5)
#2 /home3/appnaros/public_html/sistema/system/Email/Email.php(1809): CodeIgniter\Email\Email->SMTPConnect()
#3 /home3/appnaros/public_html/sistema/system/Email/Email.php(1694): CodeIgniter\Email\Email->sendWithSmtp()
#4 /home3/appnaros/public_html/sistema/system/Email/Email.php(1589): CodeIgniter\Email\Email->spoolEmail()
#5 /home3/appnaros/public_html/sistema/app/Helpers/general_helper.php(578): CodeIgniter\Email\Email->send()
#6 /home3/appnaros/public_html/sistema/app/Helpers/notifications_helper.php(1045): send_app_mail('socialsalud.sst...', 'Ticket  #1036 -...', '<div style="bac...', Array)
#7 /home3/appnaros/public_html/sistema/app/Models/Notifications_model.php(612): send_notification_emails(12995, Array, Array)
#8 /home3/appnaros/public_html/sistema/app/Controllers/Notification_processor.php(132): App\Models\Notifications_model->create_notification('ticket_closed', '0', Array)
#9 /home3/appnaros/public_html/sistema/system/CodeIgniter.php(933): App\Controllers\Notification_processor->create_notification()
#10 /home3/appnaros/public_html/sistema/system/CodeIgniter.php(509): CodeIgniter\CodeIgniter->runController(Object(App\Controllers\Notification_processor))
#11 /home3/appnaros/public_html/sistema/system/CodeIgniter.php(355): CodeIgniter\CodeIgniter->handleRequest(NULL, Object(Config\Cache), false)
#12 /home3/appnaros/public_html/sistema/system/Boot.php(325): CodeIgniter\CodeIgniter->run()
#13 /home3/appnaros/public_html/sistema/system/Boot.php(67): CodeIgniter\Boot::runCodeIgniter(Object(CodeIgniter\CodeIgniter))
#14 /home3/appnaros/public_html/sistema/index.php(149): CodeIgniter\Boot::bootWeb(Object(Config\Paths))
#15 {main}
ERROR - 2025-05-18 05:01:19 --> Email: Unable to send email using SMTP. Your server might not be configured to send mail using this method.
ERROR - 2025-05-18 05:01:19 --> 
ERROR - 2025-05-18 05:07:03 --> [ERROR] Undefined variable $data FCPATH/plugins/Accounting/index.php:243
ERROR - 2025-05-18 05:07:06 --> [ERROR] Undefined variable $data FCPATH/plugins/Accounting/index.php:243
ERROR - 2025-05-18 05:13:02 --> [ERROR] Undefined variable $data FCPATH/plugins/Accounting/index.php:243
ERROR - 2025-05-18 05:13:05 --> [ERROR] Undefined variable $data FCPATH/plugins/Accounting/index.php:243
ERROR - 2025-05-18 05:18:02 --> [ERROR] Undefined variable $data FCPATH/plugins/Accounting/index.php:243
ERROR - 2025-05-18 05:18:05 --> [ERROR] Undefined variable $data FCPATH/plugins/Accounting/index.php:269
ERROR - 2025-05-18 05:18:06 --> [ERROR] Undefined variable $data FCPATH/plugins/Accounting/index.php:243
ERROR - 2025-05-18 05:24:02 --> [ERROR] Undefined variable $data FCPATH/plugins/Accounting/index.php:243
ERROR - 2025-05-18 05:24:04 --> [ERROR] Undefined variable $data FCPATH/plugins/Accounting/index.php:243
ERROR - 2025-05-18 05:30:02 --> [ERROR] Undefined variable $data FCPATH/plugins/Accounting/index.php:243
ERROR - 2025-05-18 05:30:04 --> [ERROR] Undefined variable $data FCPATH/plugins/Accounting/index.php:243
ERROR - 2025-05-18 05:36:01 --> [ERROR] Undefined variable $data FCPATH/plugins/Accounting/index.php:243
ERROR - 2025-05-18 05:36:04 --> [ERROR] Undefined variable $data FCPATH/plugins/Accounting/index.php:269
ERROR - 2025-05-18 05:36:05 --> [ERROR] Undefined variable $data FCPATH/plugins/Accounting/index.php:243
ERROR - 2025-05-18 05:42:02 --> [ERROR] Undefined variable $data FCPATH/plugins/Accounting/index.php:243
ERROR - 2025-05-18 05:42:05 --> [ERROR] Undefined variable $data FCPATH/plugins/Accounting/index.php:269
ERROR - 2025-05-18 05:42:06 --> [ERROR] Undefined variable $data FCPATH/plugins/Accounting/index.php:243
ERROR - 2025-05-18 05:47:02 --> [ERROR] Undefined variable $data FCPATH/plugins/Accounting/index.php:243
ERROR - 2025-05-18 05:47:04 --> [ERROR] Undefined variable $data FCPATH/plugins/Accounting/index.php:243
ERROR - 2025-05-18 05:53:01 --> [ERROR] Undefined variable $data FCPATH/plugins/Accounting/index.php:269
ERROR - 2025-05-18 05:53:01 --> [ERROR] Undefined variable $data FCPATH/plugins/Accounting/index.php:269
ERROR - 2025-05-18 05:53:01 --> [ERROR] Undefined variable $data FCPATH/plugins/Accounting/index.php:243
ERROR - 2025-05-18 05:53:02 --> [ERROR] Undefined variable $data FCPATH/plugins/Accounting/index.php:269
ERROR - 2025-05-18 05:53:02 --> [ERROR] Undefined variable $data FCPATH/plugins/Accounting/index.php:269
ERROR - 2025-05-18 05:53:02 --> [ERROR] Undefined variable $data FCPATH/plugins/Accounting/index.php:243
ERROR - 2025-05-18 05:53:02 --> [ERROR] Undefined variable $data FCPATH/plugins/Accounting/index.php:269
ERROR - 2025-05-18 05:53:02 --> [ERROR] Undefined variable $data FCPATH/plugins/Accounting/index.php:269
ERROR - 2025-05-18 05:53:02 --> [ERROR] Undefined variable $data FCPATH/plugins/Accounting/index.php:243
ERROR - 2025-05-18 05:53:03 --> [ERROR] Undefined variable $data FCPATH/plugins/Accounting/index.php:269
ERROR - 2025-05-18 05:53:03 --> [ERROR] Undefined variable $data FCPATH/plugins/Accounting/index.php:269
ERROR - 2025-05-18 05:53:03 --> [ERROR] Undefined variable $data FCPATH/plugins/Accounting/index.php:243
ERROR - 2025-05-18 05:53:04 --> [ERROR] Undefined variable $data FCPATH/plugins/Accounting/index.php:269
ERROR - 2025-05-18 05:53:04 --> [ERROR] Undefined variable $data FCPATH/plugins/Accounting/index.php:243
ERROR - 2025-05-18 05:53:04 --> [ERROR] Undefined variable $data FCPATH/plugins/Accounting/index.php:243
ERROR - 2025-05-18 05:53:08 --> [ERROR] Undefined variable $data FCPATH/plugins/Accounting/index.php:243
ERROR - 2025-05-18 05:59:05 --> [ERROR] Undefined variable $data FCPATH/plugins/Accounting/index.php:243
ERROR - 2025-05-18 05:59:09 --> [ERROR] Undefined variable $data FCPATH/plugins/Accounting/index.php:243
ERROR - 2025-05-18 06:05:02 --> [ERROR] Undefined variable $data FCPATH/plugins/Accounting/index.php:243
ERROR - 2025-05-18 06:05:04 --> [ERROR] Undefined variable $data FCPATH/plugins/Accounting/index.php:243
ERROR - 2025-05-18 06:11:02 --> [ERROR] Undefined variable $data FCPATH/plugins/Accounting/index.php:243
ERROR - 2025-05-18 06:11:03 --> [ERROR] Undefined variable $data FCPATH/plugins/Accounting/index.php:243
ERROR - 2025-05-18 06:17:02 --> [ERROR] Undefined variable $data FCPATH/plugins/Accounting/index.php:243
ERROR - 2025-05-18 06:17:04 --> [ERROR] Undefined variable $data FCPATH/plugins/Accounting/index.php:243
ERROR - 2025-05-18 06:23:02 --> [ERROR] Undefined variable $data FCPATH/plugins/Accounting/index.php:243
ERROR - 2025-05-18 06:23:04 --> [ERROR] Undefined variable $data FCPATH/plugins/Accounting/index.php:243
ERROR - 2025-05-18 06:29:03 --> [ERROR] Undefined variable $data FCPATH/plugins/Accounting/index.php:243
ERROR - 2025-05-18 06:29:05 --> [ERROR] Undefined variable $data FCPATH/plugins/Accounting/index.php:243
ERROR - 2025-05-18 06:35:03 --> [ERROR] Undefined variable $data FCPATH/plugins/Accounting/index.php:243
ERROR - 2025-05-18 06:35:05 --> [ERROR] Undefined variable $data FCPATH/plugins/Accounting/index.php:269
ERROR - 2025-05-18 06:35:06 --> [ERROR] Undefined variable $data FCPATH/plugins/Accounting/index.php:243
ERROR - 2025-05-18 06:41:02 --> [ERROR] Undefined variable $data FCPATH/plugins/Accounting/index.php:243
ERROR - 2025-05-18 06:41:04 --> [ERROR] Undefined variable $data FCPATH/plugins/Accounting/index.php:243
ERROR - 2025-05-18 06:46:02 --> [ERROR] Undefined variable $data FCPATH/plugins/Accounting/index.php:243
ERROR - 2025-05-18 06:46:04 --> [ERROR] Undefined variable $data FCPATH/plugins/Accounting/index.php:243
ERROR - 2025-05-18 06:52:02 --> [ERROR] Undefined variable $data FCPATH/plugins/Accounting/index.php:243
ERROR - 2025-05-18 06:52:04 --> [ERROR] Undefined variable $data FCPATH/plugins/Accounting/index.php:243
ERROR - 2025-05-18 06:57:03 --> [ERROR] Undefined variable $data FCPATH/plugins/Accounting/index.php:243
ERROR - 2025-05-18 06:57:05 --> [ERROR] Undefined variable $data FCPATH/plugins/Accounting/index.php:243
ERROR - 2025-05-18 07:03:02 --> [ERROR] Undefined variable $data FCPATH/plugins/Accounting/index.php:243
ERROR - 2025-05-18 07:03:09 --> [ERROR] Undefined variable $data FCPATH/plugins/Accounting/index.php:243
ERROR - 2025-05-18 07:09:02 --> [ERROR] Undefined variable $data FCPATH/plugins/Accounting/index.php:243
ERROR - 2025-05-18 07:09:05 --> [ERROR] Undefined variable $data FCPATH/plugins/Accounting/index.php:243
ERROR - 2025-05-18 07:15:03 --> [ERROR] Undefined variable $data FCPATH/plugins/Accounting/index.php:243
ERROR - 2025-05-18 07:15:05 --> [ERROR] Undefined variable $data FCPATH/plugins/Accounting/index.php:243
ERROR - 2025-05-18 07:20:04 --> [ERROR] Undefined variable $data FCPATH/plugins/Accounting/index.php:243
ERROR - 2025-05-18 07:20:05 --> [ERROR] Undefined variable $data FCPATH/plugins/Accounting/index.php:243
ERROR - 2025-05-18 07:26:04 --> [ERROR] Undefined variable $data FCPATH/plugins/Accounting/index.php:243
ERROR - 2025-05-18 07:26:09 --> [ERROR] Undefined variable $data FCPATH/plugins/Accounting/index.php:243
ERROR - 2025-05-18 07:31:04 --> [ERROR] Undefined variable $data FCPATH/plugins/Accounting/index.php:243
ERROR - 2025-05-18 07:31:07 --> [ERROR] Undefined variable $data FCPATH/plugins/Accounting/index.php:243
ERROR - 2025-05-18 07:37:05 --> [ERROR] Undefined variable $data FCPATH/plugins/Accounting/index.php:243
ERROR - 2025-05-18 07:37:07 --> [ERROR] Undefined variable $data FCPATH/plugins/Accounting/index.php:269
ERROR - 2025-05-18 07:37:08 --> [ERROR] Undefined variable $data FCPATH/plugins/Accounting/index.php:243
ERROR - 2025-05-18 07:43:04 --> [ERROR] Undefined variable $data FCPATH/plugins/Accounting/index.php:243
ERROR - 2025-05-18 07:43:06 --> [ERROR] Undefined variable $data FCPATH/plugins/Accounting/index.php:243
ERROR - 2025-05-18 07:49:03 --> [ERROR] Undefined variable $data FCPATH/plugins/Accounting/index.php:243
ERROR - 2025-05-18 07:49:05 --> [ERROR] Undefined variable $data FCPATH/plugins/Accounting/index.php:243
ERROR - 2025-05-18 07:55:02 --> [ERROR] Undefined variable $data FCPATH/plugins/Accounting/index.php:243
ERROR - 2025-05-18 07:55:05 --> [ERROR] Undefined variable $data FCPATH/plugins/Accounting/index.php:243
ERROR - 2025-05-18 08:01:04 --> [ERROR] Undefined variable $data FCPATH/plugins/Accounting/index.php:243
ERROR - 2025-05-18 08:01:05 --> [ERROR] Undefined variable $data FCPATH/plugins/Accounting/index.php:243
ERROR - 2025-05-18 08:07:02 --> [ERROR] Undefined variable $data FCPATH/plugins/Accounting/index.php:243
ERROR - 2025-05-18 08:07:04 --> [ERROR] Undefined variable $data FCPATH/plugins/Accounting/index.php:243
ERROR - 2025-05-18 08:13:03 --> [ERROR] Undefined variable $data FCPATH/plugins/Accounting/index.php:243
ERROR - 2025-05-18 08:13:06 --> [ERROR] Undefined variable $data FCPATH/plugins/Accounting/index.php:243
ERROR - 2025-05-18 08:19:01 --> [ERROR] Undefined variable $data FCPATH/plugins/Accounting/index.php:243
ERROR - 2025-05-18 08:19:04 --> [ERROR] Undefined variable $data FCPATH/plugins/Accounting/index.php:243
ERROR - 2025-05-18 08:24:02 --> [ERROR] Undefined variable $data FCPATH/plugins/Accounting/index.php:243
ERROR - 2025-05-18 08:24:04 --> [ERROR] Undefined variable $data FCPATH/plugins/Accounting/index.php:243
ERROR - 2025-05-18 08:30:02 --> [ERROR] Undefined variable $data FCPATH/plugins/Accounting/index.php:243
ERROR - 2025-05-18 08:30:04 --> [ERROR] Undefined variable $data FCPATH/plugins/Accounting/index.php:243
ERROR - 2025-05-18 08:36:02 --> [ERROR] Undefined variable $data FCPATH/plugins/Accounting/index.php:243
ERROR - 2025-05-18 08:36:04 --> [ERROR] Undefined variable $data FCPATH/plugins/Accounting/index.php:269
ERROR - 2025-05-18 08:36:05 --> [ERROR] Undefined variable $data FCPATH/plugins/Accounting/index.php:243
ERROR - 2025-05-18 08:42:02 --> [ERROR] Undefined variable $data FCPATH/plugins/Accounting/index.php:243
ERROR - 2025-05-18 08:42:04 --> [ERROR] Undefined variable $data FCPATH/plugins/Accounting/index.php:243
ERROR - 2025-05-18 08:48:02 --> [ERROR] Undefined variable $data FCPATH/plugins/Accounting/index.php:243
ERROR - 2025-05-18 08:48:03 --> [ERROR] Undefined variable $data FCPATH/plugins/Accounting/index.php:269
ERROR - 2025-05-18 08:48:04 --> [ERROR] Undefined variable $data FCPATH/plugins/Accounting/index.php:243
ERROR - 2025-05-18 08:54:02 --> [ERROR] Undefined variable $data FCPATH/plugins/Accounting/index.php:243
ERROR - 2025-05-18 08:54:04 --> [ERROR] Undefined variable $data FCPATH/plugins/Accounting/index.php:243
ERROR - 2025-05-18 09:00:03 --> [ERROR] Undefined variable $data FCPATH/plugins/Accounting/index.php:243
ERROR - 2025-05-18 09:00:04 --> [ERROR] Undefined variable $data FCPATH/plugins/Accounting/index.php:243
ERROR - 2025-05-18 09:06:03 --> [ERROR] Undefined variable $data FCPATH/plugins/Accounting/index.php:243
ERROR - 2025-05-18 09:06:04 --> [ERROR] Undefined variable $data FCPATH/plugins/Accounting/index.php:243
ERROR - 2025-05-18 09:12:02 --> [ERROR] Undefined variable $data FCPATH/plugins/Accounting/index.php:243
ERROR - 2025-05-18 09:12:04 --> [ERROR] Undefined variable $data FCPATH/plugins/Accounting/index.php:243
ERROR - 2025-05-18 09:18:02 --> [ERROR] Undefined variable $data FCPATH/plugins/Accounting/index.php:243
ERROR - 2025-05-18 09:18:04 --> [ERROR] Undefined variable $data FCPATH/plugins/Accounting/index.php:243
ERROR - 2025-05-18 09:23:02 --> [ERROR] Undefined variable $data FCPATH/plugins/Accounting/index.php:243
ERROR - 2025-05-18 09:23:04 --> [ERROR] Undefined variable $data FCPATH/plugins/Accounting/index.php:243
ERROR - 2025-05-18 09:29:02 --> [ERROR] Undefined variable $data FCPATH/plugins/Accounting/index.php:243
ERROR - 2025-05-18 09:29:04 --> [ERROR] Undefined variable $data FCPATH/plugins/Accounting/index.php:243
ERROR - 2025-05-18 09:35:02 --> [ERROR] Undefined variable $data FCPATH/plugins/Accounting/index.php:243
ERROR - 2025-05-18 09:35:04 --> [ERROR] Undefined variable $data FCPATH/plugins/Accounting/index.php:269
ERROR - 2025-05-18 09:35:05 --> [ERROR] Undefined variable $data FCPATH/plugins/Accounting/index.php:243
ERROR - 2025-05-18 09:41:02 --> [ERROR] Undefined variable $data FCPATH/plugins/Accounting/index.php:243
ERROR - 2025-05-18 09:41:04 --> [ERROR] Undefined variable $data FCPATH/plugins/Accounting/index.php:243
ERROR - 2025-05-18 09:46:02 --> [ERROR] Undefined variable $data FCPATH/plugins/Accounting/index.php:243
ERROR - 2025-05-18 09:46:04 --> [ERROR] Undefined variable $data FCPATH/plugins/Accounting/index.php:243
ERROR - 2025-05-18 09:52:02 --> [ERROR] Undefined variable $data FCPATH/plugins/Accounting/index.php:243
ERROR - 2025-05-18 09:52:03 --> [ERROR] Undefined variable $data FCPATH/plugins/Accounting/index.php:243
ERROR - 2025-05-18 09:58:12 --> [ERROR] Undefined variable $data FCPATH/plugins/Accounting/index.php:243
ERROR - 2025-05-18 09:58:19 --> [ERROR] Undefined variable $data FCPATH/plugins/Accounting/index.php:243
ERROR - 2025-05-18 10:04:03 --> [ERROR] Undefined variable $data FCPATH/plugins/Accounting/index.php:243
ERROR - 2025-05-18 10:04:05 --> [ERROR] Undefined variable $data FCPATH/plugins/Accounting/index.php:243
ERROR - 2025-05-18 10:10:03 --> [ERROR] Undefined variable $data FCPATH/plugins/Accounting/index.php:243
ERROR - 2025-05-18 10:10:05 --> [ERROR] Undefined variable $data FCPATH/plugins/Accounting/index.php:243
ERROR - 2025-05-18 10:16:03 --> [ERROR] Undefined variable $data FCPATH/plugins/Accounting/index.php:243
ERROR - 2025-05-18 10:16:05 --> [ERROR] Undefined variable $data FCPATH/plugins/Accounting/index.php:243
ERROR - 2025-05-18 10:22:02 --> [ERROR] Undefined variable $data FCPATH/plugins/Accounting/index.php:243
ERROR - 2025-05-18 10:22:05 --> [ERROR] Undefined variable $data FCPATH/plugins/Accounting/index.php:243
ERROR - 2025-05-18 10:27:05 --> [ERROR] Undefined variable $data FCPATH/plugins/Accounting/index.php:243
ERROR - 2025-05-18 10:27:18 --> [ERROR] Undefined variable $data FCPATH/plugins/Accounting/index.php:243
ERROR - 2025-05-18 10:33:02 --> [ERROR] Undefined variable $data FCPATH/plugins/Accounting/index.php:243
ERROR - 2025-05-18 10:33:04 --> [ERROR] Undefined variable $data FCPATH/plugins/Accounting/index.php:269
ERROR - 2025-05-18 10:33:05 --> [ERROR] Undefined variable $data FCPATH/plugins/Accounting/index.php:243
ERROR - 2025-05-18 10:38:03 --> [ERROR] Undefined variable $data FCPATH/plugins/Accounting/index.php:243
ERROR - 2025-05-18 10:38:05 --> [ERROR] Undefined variable $data FCPATH/plugins/Accounting/index.php:243
ERROR - 2025-05-18 10:44:01 --> [ERROR] Undefined variable $data FCPATH/plugins/Accounting/index.php:243
ERROR - 2025-05-18 10:44:03 --> [ERROR] Undefined variable $data FCPATH/plugins/Accounting/index.php:243
ERROR - 2025-05-18 10:49:02 --> [ERROR] Undefined variable $data FCPATH/plugins/Accounting/index.php:243
ERROR - 2025-05-18 10:49:05 --> [ERROR] Undefined variable $data FCPATH/plugins/Accounting/index.php:243
ERROR - 2025-05-18 10:55:02 --> [ERROR] Undefined variable $data FCPATH/plugins/Accounting/index.php:243
ERROR - 2025-05-18 10:55:05 --> [ERROR] Undefined variable $data FCPATH/plugins/Accounting/index.php:243
ERROR - 2025-05-18 11:00:03 --> [ERROR] Undefined variable $data FCPATH/plugins/Accounting/index.php:243
ERROR - 2025-05-18 11:00:05 --> [ERROR] Undefined variable $data FCPATH/plugins/Accounting/index.php:243
ERROR - 2025-05-18 11:06:02 --> [ERROR] Undefined variable $data FCPATH/plugins/Accounting/index.php:243
ERROR - 2025-05-18 11:06:03 --> [ERROR] Undefined variable $data FCPATH/plugins/Accounting/index.php:243
ERROR - 2025-05-18 11:11:03 --> [ERROR] Undefined variable $data FCPATH/plugins/Accounting/index.php:243
ERROR - 2025-05-18 11:11:05 --> [ERROR] Undefined variable $data FCPATH/plugins/Accounting/index.php:243
ERROR - 2025-05-18 11:17:02 --> [ERROR] Undefined variable $data FCPATH/plugins/Accounting/index.php:243
ERROR - 2025-05-18 11:17:04 --> [ERROR] Undefined variable $data FCPATH/plugins/Accounting/index.php:243
ERROR - 2025-05-18 11:23:02 --> [ERROR] Undefined variable $data FCPATH/plugins/Accounting/index.php:243
ERROR - 2025-05-18 11:23:04 --> [ERROR] Undefined variable $data FCPATH/plugins/Accounting/index.php:243
ERROR - 2025-05-18 11:29:02 --> [ERROR] Undefined variable $data FCPATH/plugins/Accounting/index.php:243
ERROR - 2025-05-18 11:29:04 --> [ERROR] Undefined variable $data FCPATH/plugins/Accounting/index.php:243
ERROR - 2025-05-18 11:35:03 --> [ERROR] Undefined variable $data FCPATH/plugins/Accounting/index.php:243
ERROR - 2025-05-18 11:35:04 --> [ERROR] Undefined variable $data FCPATH/plugins/Accounting/index.php:269
ERROR - 2025-05-18 11:35:05 --> [ERROR] Undefined variable $data FCPATH/plugins/Accounting/index.php:243
ERROR - 2025-05-18 11:41:02 --> [ERROR] Undefined variable $data FCPATH/plugins/Accounting/index.php:243
ERROR - 2025-05-18 11:41:04 --> [ERROR] Undefined variable $data FCPATH/plugins/Accounting/index.php:243
ERROR - 2025-05-18 11:46:02 --> [ERROR] Undefined variable $data FCPATH/plugins/Accounting/index.php:243
ERROR - 2025-05-18 11:46:04 --> [ERROR] Undefined variable $data FCPATH/plugins/Accounting/index.php:243
ERROR - 2025-05-18 11:52:02 --> [ERROR] Undefined variable $data FCPATH/plugins/Accounting/index.php:243
ERROR - 2025-05-18 11:52:03 --> [ERROR] Undefined variable $data FCPATH/plugins/Accounting/index.php:243
ERROR - 2025-05-18 11:58:02 --> [ERROR] Undefined variable $data FCPATH/plugins/Accounting/index.php:243
ERROR - 2025-05-18 11:58:04 --> [ERROR] Undefined variable $data FCPATH/plugins/Accounting/index.php:243
ERROR - 2025-05-18 12:04:03 --> [ERROR] Undefined variable $data FCPATH/plugins/Accounting/index.php:243
ERROR - 2025-05-18 12:04:06 --> [ERROR] Undefined variable $data FCPATH/plugins/Accounting/index.php:243
ERROR - 2025-05-18 12:10:02 --> [ERROR] Undefined variable $data FCPATH/plugins/Accounting/index.php:243
ERROR - 2025-05-18 12:10:04 --> [ERROR] Undefined variable $data FCPATH/plugins/Accounting/index.php:243
ERROR - 2025-05-18 12:15:03 --> [ERROR] Undefined variable $data FCPATH/plugins/Accounting/index.php:243
ERROR - 2025-05-18 12:15:05 --> [ERROR] Undefined variable $data FCPATH/plugins/Accounting/index.php:243
ERROR - 2025-05-18 12:21:02 --> [ERROR] Undefined variable $data FCPATH/plugins/Accounting/index.php:243
ERROR - 2025-05-18 12:21:03 --> [ERROR] Undefined variable $data FCPATH/plugins/Accounting/index.php:243
ERROR - 2025-05-18 12:27:02 --> [ERROR] Undefined variable $data FCPATH/plugins/Accounting/index.php:243
ERROR - 2025-05-18 12:27:04 --> [ERROR] Undefined variable $data FCPATH/plugins/Accounting/index.php:269
ERROR - 2025-05-18 12:27:05 --> [ERROR] Undefined variable $data FCPATH/plugins/Accounting/index.php:243
ERROR - 2025-05-18 12:33:03 --> [ERROR] Undefined variable $data FCPATH/plugins/Accounting/index.php:243
ERROR - 2025-05-18 12:33:05 --> [ERROR] Undefined variable $data FCPATH/plugins/Accounting/index.php:243
ERROR - 2025-05-18 12:39:02 --> [ERROR] Undefined variable $data FCPATH/plugins/Accounting/index.php:243
ERROR - 2025-05-18 12:39:04 --> [ERROR] Undefined variable $data FCPATH/plugins/Accounting/index.php:243
ERROR - 2025-05-18 12:44:02 --> [ERROR] Undefined variable $data FCPATH/plugins/Accounting/index.php:243
ERROR - 2025-05-18 12:44:04 --> [ERROR] Undefined variable $data FCPATH/plugins/Accounting/index.php:243
ERROR - 2025-05-18 12:50:02 --> [ERROR] Undefined variable $data FCPATH/plugins/Accounting/index.php:243
ERROR - 2025-05-18 12:50:04 --> [ERROR] Undefined variable $data FCPATH/plugins/Accounting/index.php:243
ERROR - 2025-05-18 12:56:02 --> [ERROR] Undefined variable $data FCPATH/plugins/Accounting/index.php:243
ERROR - 2025-05-18 12:56:04 --> [ERROR] Undefined variable $data FCPATH/plugins/Accounting/index.php:243
ERROR - 2025-05-18 13:01:02 --> [ERROR] Undefined variable $data FCPATH/plugins/Accounting/index.php:243
ERROR - 2025-05-18 13:01:04 --> [ERROR] Undefined variable $data FCPATH/plugins/Accounting/index.php:269
ERROR - 2025-05-18 13:01:04 --> [ERROR] Undefined variable $data FCPATH/plugins/Accounting/index.php:269
ERROR - 2025-05-18 13:01:05 --> [ERROR] Undefined variable $data FCPATH/plugins/Accounting/index.php:243
ERROR - 2025-05-18 13:07:02 --> [ERROR] Undefined variable $data FCPATH/plugins/Accounting/index.php:243
ERROR - 2025-05-18 13:07:04 --> [ERROR] Undefined variable $data FCPATH/plugins/Accounting/index.php:269
ERROR - 2025-05-18 13:07:10 --> [ERROR] Undefined variable $data FCPATH/plugins/Accounting/index.php:269
ERROR - 2025-05-18 13:07:11 --> [ERROR] Undefined variable $data FCPATH/plugins/Accounting/index.php:243
ERROR - 2025-05-18 13:13:02 --> [ERROR] Undefined variable $data FCPATH/plugins/Accounting/index.php:243
ERROR - 2025-05-18 13:13:04 --> [ERROR] Undefined variable $data FCPATH/plugins/Accounting/index.php:269
ERROR - 2025-05-18 13:13:05 --> [ERROR] Undefined variable $data FCPATH/plugins/Accounting/index.php:243
ERROR - 2025-05-18 13:19:03 --> [ERROR] Undefined variable $data FCPATH/plugins/Accounting/index.php:243
ERROR - 2025-05-18 13:19:05 --> [ERROR] Undefined variable $data FCPATH/plugins/Accounting/index.php:243
ERROR - 2025-05-18 13:24:02 --> [ERROR] Undefined variable $data FCPATH/plugins/Accounting/index.php:243
ERROR - 2025-05-18 13:24:05 --> [ERROR] Undefined variable $data FCPATH/plugins/Accounting/index.php:243
ERROR - 2025-05-18 13:30:02 --> [ERROR] Undefined variable $data FCPATH/plugins/Accounting/index.php:243
ERROR - 2025-05-18 13:30:04 --> [ERROR] Undefined variable $data FCPATH/plugins/Accounting/index.php:243
ERROR - 2025-05-18 13:36:02 --> [ERROR] Undefined variable $data FCPATH/plugins/Accounting/index.php:243
ERROR - 2025-05-18 13:36:05 --> [ERROR] Undefined variable $data FCPATH/plugins/Accounting/index.php:243
ERROR - 2025-05-18 13:42:02 --> [ERROR] Undefined variable $data FCPATH/plugins/Accounting/index.php:243
ERROR - 2025-05-18 13:42:04 --> [ERROR] Undefined variable $data FCPATH/plugins/Accounting/index.php:243
ERROR - 2025-05-18 13:47:02 --> [ERROR] Undefined variable $data FCPATH/plugins/Accounting/index.php:243
ERROR - 2025-05-18 13:47:04 --> [ERROR] Undefined variable $data FCPATH/plugins/Accounting/index.php:243
ERROR - 2025-05-18 13:53:02 --> [ERROR] Undefined variable $data FCPATH/plugins/Accounting/index.php:243
ERROR - 2025-05-18 13:53:04 --> [ERROR] Undefined variable $data FCPATH/plugins/Accounting/index.php:243
ERROR - 2025-05-18 13:59:02 --> [ERROR] Undefined variable $data FCPATH/plugins/Accounting/index.php:243
ERROR - 2025-05-18 13:59:04 --> [ERROR] Undefined variable $data FCPATH/plugins/Accounting/index.php:243
ERROR - 2025-05-18 14:04:03 --> [ERROR] Undefined variable $data FCPATH/plugins/Accounting/index.php:243
ERROR - 2025-05-18 14:04:05 --> [ERROR] Undefined variable $data FCPATH/plugins/Accounting/index.php:243
ERROR - 2025-05-18 14:10:02 --> [ERROR] Undefined variable $data FCPATH/plugins/Accounting/index.php:243
ERROR - 2025-05-18 14:10:04 --> [ERROR] Undefined variable $data FCPATH/plugins/Accounting/index.php:243
ERROR - 2025-05-18 14:16:03 --> [ERROR] Undefined variable $data FCPATH/plugins/Accounting/index.php:243
ERROR - 2025-05-18 14:16:04 --> [ERROR] Undefined variable $data FCPATH/plugins/Accounting/index.php:269
ERROR - 2025-05-18 14:16:05 --> [ERROR] Undefined variable $data FCPATH/plugins/Accounting/index.php:243
ERROR - 2025-05-18 14:22:03 --> [ERROR] Undefined variable $data FCPATH/plugins/Accounting/index.php:243
ERROR - 2025-05-18 14:22:05 --> [ERROR] Undefined variable $data FCPATH/plugins/Accounting/index.php:243
ERROR - 2025-05-18 14:27:03 --> [ERROR] Undefined variable $data FCPATH/plugins/Accounting/index.php:243
ERROR - 2025-05-18 14:27:04 --> [ERROR] Undefined variable $data FCPATH/plugins/Accounting/index.php:243
ERROR - 2025-05-18 14:33:02 --> [ERROR] Undefined variable $data FCPATH/plugins/Accounting/index.php:243
ERROR - 2025-05-18 14:33:03 --> [ERROR] Undefined variable $data FCPATH/plugins/Accounting/index.php:269
ERROR - 2025-05-18 14:33:04 --> [ERROR] Undefined variable $data FCPATH/plugins/Accounting/index.php:243
ERROR - 2025-05-18 14:39:02 --> [ERROR] Undefined variable $data FCPATH/plugins/Accounting/index.php:243
ERROR - 2025-05-18 14:39:04 --> [ERROR] Undefined variable $data FCPATH/plugins/Accounting/index.php:243
ERROR - 2025-05-18 14:44:02 --> [ERROR] Undefined variable $data FCPATH/plugins/Accounting/index.php:243
ERROR - 2025-05-18 14:44:04 --> [ERROR] Undefined variable $data FCPATH/plugins/Accounting/index.php:243
ERROR - 2025-05-18 14:50:02 --> [ERROR] Undefined variable $data FCPATH/plugins/Accounting/index.php:243
ERROR - 2025-05-18 14:50:04 --> [ERROR] Undefined variable $data FCPATH/plugins/Accounting/index.php:243
ERROR - 2025-05-18 14:55:02 --> [ERROR] Undefined variable $data FCPATH/plugins/Accounting/index.php:243
ERROR - 2025-05-18 14:55:04 --> [ERROR] Undefined variable $data FCPATH/plugins/Accounting/index.php:243
ERROR - 2025-05-18 15:00:06 --> [ERROR] Undefined variable $data FCPATH/plugins/Accounting/index.php:243
ERROR - 2025-05-18 15:00:08 --> [ERROR] Undefined variable $data FCPATH/plugins/Accounting/index.php:243
ERROR - 2025-05-18 15:06:03 --> [ERROR] Undefined variable $data FCPATH/plugins/Accounting/index.php:243
ERROR - 2025-05-18 15:06:11 --> [ERROR] Undefined variable $data FCPATH/plugins/Accounting/index.php:243
ERROR - 2025-05-18 15:12:02 --> [ERROR] Undefined variable $data FCPATH/plugins/Accounting/index.php:243
ERROR - 2025-05-18 15:12:06 --> [ERROR] Undefined variable $data FCPATH/plugins/Accounting/index.php:243
ERROR - 2025-05-18 15:18:02 --> [ERROR] Undefined variable $data FCPATH/plugins/Accounting/index.php:243
ERROR - 2025-05-18 15:18:03 --> [ERROR] Undefined variable $data FCPATH/plugins/Accounting/index.php:243
ERROR - 2025-05-18 15:24:03 --> [ERROR] Undefined variable $data FCPATH/plugins/Accounting/index.php:243
ERROR - 2025-05-18 15:24:05 --> [ERROR] Undefined variable $data FCPATH/plugins/Accounting/index.php:269
ERROR - 2025-05-18 15:24:05 --> [ERROR] Undefined variable $data FCPATH/plugins/Accounting/index.php:269
ERROR - 2025-05-18 15:24:06 --> [ERROR] Undefined variable $data FCPATH/plugins/Accounting/index.php:243
ERROR - 2025-05-18 15:29:02 --> [ERROR] Undefined variable $data FCPATH/plugins/Accounting/index.php:243
ERROR - 2025-05-18 15:29:04 --> [ERROR] Undefined variable $data FCPATH/plugins/Accounting/index.php:243
ERROR - 2025-05-18 15:30:21 --> [ERROR] Undefined variable $data FCPATH/plugins/Accounting/index.php:243
ERROR - 2025-05-18 15:30:21 --> [ERROR] Undefined variable $data FCPATH/plugins/Accounting/index.php:243
ERROR - 2025-05-18 15:35:02 --> [ERROR] Undefined variable $data FCPATH/plugins/Accounting/index.php:243
ERROR - 2025-05-18 15:35:03 --> [ERROR] Undefined variable $data FCPATH/plugins/Accounting/index.php:269
ERROR - 2025-05-18 15:35:04 --> [ERROR] Undefined variable $data FCPATH/plugins/Accounting/index.php:269
ERROR - 2025-05-18 15:35:04 --> [ERROR] Undefined variable $data FCPATH/plugins/Accounting/index.php:269
ERROR - 2025-05-18 15:35:04 --> [ERROR] Undefined variable $data FCPATH/plugins/Accounting/index.php:269
ERROR - 2025-05-18 15:35:05 --> [ERROR] Undefined variable $data FCPATH/plugins/Accounting/index.php:269
ERROR - 2025-05-18 15:35:05 --> [ERROR] Undefined variable $data FCPATH/plugins/Accounting/index.php:269
ERROR - 2025-05-18 15:35:05 --> [ERROR] Undefined variable $data FCPATH/plugins/Accounting/index.php:269
ERROR - 2025-05-18 15:35:06 --> [ERROR] Undefined variable $data FCPATH/plugins/Accounting/index.php:269
ERROR - 2025-05-18 15:35:06 --> [ERROR] Undefined variable $data FCPATH/plugins/Accounting/index.php:269
ERROR - 2025-05-18 15:35:08 --> [ERROR] Undefined variable $data FCPATH/plugins/Accounting/index.php:243
ERROR - 2025-05-18 15:40:02 --> [ERROR] Undefined variable $data FCPATH/plugins/Accounting/index.php:243
ERROR - 2025-05-18 15:40:04 --> [ERROR] Undefined variable $data FCPATH/plugins/Accounting/index.php:243
ERROR - 2025-05-18 15:46:02 --> [ERROR] Undefined variable $data FCPATH/plugins/Accounting/index.php:243
ERROR - 2025-05-18 15:46:03 --> [ERROR] Undefined variable $data FCPATH/plugins/Accounting/index.php:243
ERROR - 2025-05-18 15:52:02 --> [ERROR] Undefined variable $data FCPATH/plugins/Accounting/index.php:243
ERROR - 2025-05-18 15:52:04 --> [ERROR] Undefined variable $data FCPATH/plugins/Accounting/index.php:269
ERROR - 2025-05-18 15:52:04 --> [ERROR] Undefined variable $data FCPATH/plugins/Accounting/index.php:243
ERROR - 2025-05-18 15:58:02 --> [ERROR] Undefined variable $data FCPATH/plugins/Accounting/index.php:243
ERROR - 2025-05-18 15:58:04 --> [ERROR] Undefined variable $data FCPATH/plugins/Accounting/index.php:269
ERROR - 2025-05-18 15:58:05 --> [ERROR] Undefined variable $data FCPATH/plugins/Accounting/index.php:243
ERROR - 2025-05-18 16:03:02 --> [ERROR] Undefined variable $data FCPATH/plugins/Accounting/index.php:243
ERROR - 2025-05-18 16:03:04 --> [ERROR] Undefined variable $data FCPATH/plugins/Accounting/index.php:269
ERROR - 2025-05-18 16:03:04 --> [ERROR] Undefined variable $data FCPATH/plugins/Accounting/index.php:269
ERROR - 2025-05-18 16:03:05 --> [ERROR] Undefined variable $data FCPATH/plugins/Accounting/index.php:243
ERROR - 2025-05-18 16:09:02 --> [ERROR] Undefined variable $data FCPATH/plugins/Accounting/index.php:243
ERROR - 2025-05-18 16:09:03 --> [ERROR] Undefined variable $data FCPATH/plugins/Accounting/index.php:243
ERROR - 2025-05-18 16:14:02 --> [ERROR] Undefined variable $data FCPATH/plugins/Accounting/index.php:243
ERROR - 2025-05-18 16:14:04 --> [ERROR] Undefined variable $data FCPATH/plugins/Accounting/index.php:243
ERROR - 2025-05-18 16:20:02 --> [ERROR] Undefined variable $data FCPATH/plugins/Accounting/index.php:243
ERROR - 2025-05-18 16:20:04 --> [ERROR] Undefined variable $data FCPATH/plugins/Accounting/index.php:243
ERROR - 2025-05-18 16:26:02 --> [ERROR] Undefined variable $data FCPATH/plugins/Accounting/index.php:243
ERROR - 2025-05-18 16:26:05 --> [ERROR] Undefined variable $data FCPATH/plugins/Accounting/index.php:243
ERROR - 2025-05-18 16:32:02 --> [ERROR] Undefined variable $data FCPATH/plugins/Accounting/index.php:243
ERROR - 2025-05-18 16:32:04 --> [ERROR] Undefined variable $data FCPATH/plugins/Accounting/index.php:243
ERROR - 2025-05-18 16:37:02 --> [ERROR] Undefined variable $data FCPATH/plugins/Accounting/index.php:243
ERROR - 2025-05-18 16:37:04 --> [ERROR] Undefined variable $data FCPATH/plugins/Accounting/index.php:243
ERROR - 2025-05-18 16:43:02 --> [ERROR] Undefined variable $data FCPATH/plugins/Accounting/index.php:243
ERROR - 2025-05-18 16:43:06 --> [ERROR] Undefined variable $data FCPATH/plugins/Accounting/index.php:243
ERROR - 2025-05-18 16:48:02 --> [ERROR] Undefined variable $data FCPATH/plugins/Accounting/index.php:243
ERROR - 2025-05-18 16:48:05 --> [ERROR] Undefined variable $data FCPATH/plugins/Accounting/index.php:243
ERROR - 2025-05-18 16:54:02 --> [ERROR] Undefined variable $data FCPATH/plugins/Accounting/index.php:243
ERROR - 2025-05-18 16:54:04 --> [ERROR] Undefined variable $data FCPATH/plugins/Accounting/index.php:243
ERROR - 2025-05-18 17:00:04 --> [ERROR] Undefined variable $data FCPATH/plugins/Accounting/index.php:243
ERROR - 2025-05-18 17:00:06 --> [ERROR] Undefined variable $data FCPATH/plugins/Accounting/index.php:243
ERROR - 2025-05-18 17:06:02 --> [ERROR] Undefined variable $data FCPATH/plugins/Accounting/index.php:243
ERROR - 2025-05-18 17:06:03 --> [ERROR] Undefined variable $data FCPATH/plugins/Accounting/index.php:243
ERROR - 2025-05-18 17:12:02 --> [ERROR] Undefined variable $data FCPATH/plugins/Accounting/index.php:243
ERROR - 2025-05-18 17:12:04 --> [ERROR] Undefined variable $data FCPATH/plugins/Accounting/index.php:243
ERROR - 2025-05-18 17:18:02 --> [ERROR] Undefined variable $data FCPATH/plugins/Accounting/index.php:243
ERROR - 2025-05-18 17:18:04 --> [ERROR] Undefined variable $data FCPATH/plugins/Accounting/index.php:243
ERROR - 2025-05-18 17:24:02 --> [ERROR] Undefined variable $data FCPATH/plugins/Accounting/index.php:243
ERROR - 2025-05-18 17:24:06 --> [ERROR] Undefined variable $data FCPATH/plugins/Accounting/index.php:243
ERROR - 2025-05-18 17:30:03 --> [ERROR] Undefined variable $data FCPATH/plugins/Accounting/index.php:243
ERROR - 2025-05-18 17:30:05 --> [ERROR] Undefined variable $data FCPATH/plugins/Accounting/index.php:243
ERROR - 2025-05-18 17:36:02 --> [ERROR] Undefined variable $data FCPATH/plugins/Accounting/index.php:243
ERROR - 2025-05-18 17:36:04 --> [ERROR] Undefined variable $data FCPATH/plugins/Accounting/index.php:243
ERROR - 2025-05-18 17:42:02 --> [ERROR] Undefined variable $data FCPATH/plugins/Accounting/index.php:243
ERROR - 2025-05-18 17:42:05 --> [ERROR] Undefined variable $data FCPATH/plugins/Accounting/index.php:243
ERROR - 2025-05-18 17:47:03 --> [ERROR] Undefined variable $data FCPATH/plugins/Accounting/index.php:243
ERROR - 2025-05-18 17:47:06 --> [ERROR] Undefined variable $data FCPATH/plugins/Accounting/index.php:243
ERROR - 2025-05-18 17:53:02 --> [ERROR] Undefined variable $data FCPATH/plugins/Accounting/index.php:243
ERROR - 2025-05-18 17:53:04 --> [ERROR] Undefined variable $data FCPATH/plugins/Accounting/index.php:243
ERROR - 2025-05-18 17:59:02 --> [ERROR] Undefined variable $data FCPATH/plugins/Accounting/index.php:243
ERROR - 2025-05-18 17:59:04 --> [ERROR] Undefined variable $data FCPATH/plugins/Accounting/index.php:243
ERROR - 2025-05-18 18:05:02 --> [ERROR] Undefined variable $data FCPATH/plugins/Accounting/index.php:243
ERROR - 2025-05-18 18:05:04 --> [ERROR] Undefined variable $data FCPATH/plugins/Accounting/index.php:243
ERROR - 2025-05-18 18:11:01 --> [ERROR] Undefined variable $data FCPATH/plugins/Accounting/index.php:243
ERROR - 2025-05-18 18:11:03 --> [ERROR] Undefined variable $data FCPATH/plugins/Accounting/index.php:243
ERROR - 2025-05-18 18:17:02 --> [ERROR] Undefined variable $data FCPATH/plugins/Accounting/index.php:243
ERROR - 2025-05-18 18:17:04 --> [ERROR] Undefined variable $data FCPATH/plugins/Accounting/index.php:243
ERROR - 2025-05-18 18:23:02 --> [ERROR] Undefined variable $data FCPATH/plugins/Accounting/index.php:243
ERROR - 2025-05-18 18:23:04 --> [ERROR] Undefined variable $data FCPATH/plugins/Accounting/index.php:243
ERROR - 2025-05-18 18:29:02 --> [ERROR] Undefined variable $data FCPATH/plugins/Accounting/index.php:243
ERROR - 2025-05-18 18:29:04 --> [ERROR] Undefined variable $data FCPATH/plugins/Accounting/index.php:243
ERROR - 2025-05-18 18:35:03 --> [ERROR] Undefined variable $data FCPATH/plugins/Accounting/index.php:243
ERROR - 2025-05-18 18:35:05 --> [ERROR] Undefined variable $data FCPATH/plugins/Accounting/index.php:269
ERROR - 2025-05-18 18:35:05 --> [ERROR] Undefined variable $data FCPATH/plugins/Accounting/index.php:243
ERROR - 2025-05-18 18:41:01 --> [ERROR] Undefined variable $data FCPATH/plugins/Accounting/index.php:243
ERROR - 2025-05-18 18:41:03 --> [ERROR] Undefined variable $data FCPATH/plugins/Accounting/index.php:269
ERROR - 2025-05-18 18:41:04 --> [ERROR] Undefined variable $data FCPATH/plugins/Accounting/index.php:243
ERROR - 2025-05-18 18:46:02 --> [ERROR] Undefined variable $data FCPATH/plugins/Accounting/index.php:243
ERROR - 2025-05-18 18:46:14 --> [ERROR] Undefined variable $data FCPATH/plugins/Accounting/index.php:243
ERROR - 2025-05-18 18:52:02 --> [ERROR] Undefined variable $data FCPATH/plugins/Accounting/index.php:243
ERROR - 2025-05-18 18:52:03 --> [ERROR] Undefined variable $data FCPATH/plugins/Accounting/index.php:243
ERROR - 2025-05-18 18:57:02 --> [ERROR] Undefined variable $data FCPATH/plugins/Accounting/index.php:243
ERROR - 2025-05-18 18:57:05 --> [ERROR] Undefined variable $data FCPATH/plugins/Accounting/index.php:243
ERROR - 2025-05-18 19:03:02 --> [ERROR] Undefined variable $data FCPATH/plugins/Accounting/index.php:243
ERROR - 2025-05-18 19:03:04 --> [ERROR] Undefined variable $data FCPATH/plugins/Accounting/index.php:243
ERROR - 2025-05-18 19:09:02 --> [ERROR] Undefined variable $data FCPATH/plugins/Accounting/index.php:243
ERROR - 2025-05-18 19:09:04 --> [ERROR] Undefined variable $data FCPATH/plugins/Accounting/index.php:243
ERROR - 2025-05-18 19:15:02 --> [ERROR] Undefined variable $data FCPATH/plugins/Accounting/index.php:243
ERROR - 2025-05-18 19:15:04 --> [ERROR] Undefined variable $data FCPATH/plugins/Accounting/index.php:243
ERROR - 2025-05-18 19:20:02 --> [ERROR] Undefined variable $data FCPATH/plugins/Accounting/index.php:243
ERROR - 2025-05-18 19:20:04 --> [ERROR] Undefined variable $data FCPATH/plugins/Accounting/index.php:243
ERROR - 2025-05-18 19:26:02 --> [ERROR] Undefined variable $data FCPATH/plugins/Accounting/index.php:243
ERROR - 2025-05-18 19:26:04 --> [ERROR] Undefined variable $data FCPATH/plugins/Accounting/index.php:243
ERROR - 2025-05-18 19:32:02 --> [ERROR] Undefined variable $data FCPATH/plugins/Accounting/index.php:243
ERROR - 2025-05-18 19:32:04 --> [ERROR] Undefined variable $data FCPATH/plugins/Accounting/index.php:243
ERROR - 2025-05-18 19:38:03 --> [ERROR] Undefined variable $data FCPATH/plugins/Accounting/index.php:243
ERROR - 2025-05-18 19:38:05 --> [ERROR] Undefined variable $data FCPATH/plugins/Accounting/index.php:243
ERROR - 2025-05-18 19:44:02 --> [ERROR] Undefined variable $data FCPATH/plugins/Accounting/index.php:243
ERROR - 2025-05-18 19:44:04 --> [ERROR] Undefined variable $data FCPATH/plugins/Accounting/index.php:243
ERROR - 2025-05-18 19:49:02 --> [ERROR] Undefined variable $data FCPATH/plugins/Accounting/index.php:243
ERROR - 2025-05-18 19:49:04 --> [ERROR] Undefined variable $data FCPATH/plugins/Accounting/index.php:243
ERROR - 2025-05-18 19:55:02 --> [ERROR] Undefined variable $data FCPATH/plugins/Accounting/index.php:243
ERROR - 2025-05-18 19:55:04 --> [ERROR] Undefined variable $data FCPATH/plugins/Accounting/index.php:243
ERROR - 2025-05-18 20:00:04 --> [ERROR] Undefined variable $data FCPATH/plugins/Accounting/index.php:243
ERROR - 2025-05-18 20:00:05 --> [ERROR] Undefined variable $data FCPATH/plugins/Accounting/index.php:269
ERROR - 2025-05-18 20:00:05 --> [ERROR] Undefined variable $data FCPATH/plugins/Accounting/index.php:269
ERROR - 2025-05-18 20:00:06 --> [ERROR] Undefined variable $data FCPATH/plugins/Accounting/index.php:243
ERROR - 2025-05-18 20:06:02 --> [ERROR] Undefined variable $data FCPATH/plugins/Accounting/index.php:243
ERROR - 2025-05-18 20:06:04 --> [ERROR] Undefined variable $data FCPATH/plugins/Accounting/index.php:243
ERROR - 2025-05-18 20:12:02 --> [ERROR] Undefined variable $data FCPATH/plugins/Accounting/index.php:243
ERROR - 2025-05-18 20:12:04 --> [ERROR] Undefined variable $data FCPATH/plugins/Accounting/index.php:243
ERROR - 2025-05-18 20:17:02 --> [ERROR] Undefined variable $data FCPATH/plugins/Accounting/index.php:243
ERROR - 2025-05-18 20:17:04 --> [ERROR] Undefined variable $data FCPATH/plugins/Accounting/index.php:243
ERROR - 2025-05-18 20:23:02 --> [ERROR] Undefined variable $data FCPATH/plugins/Accounting/index.php:243
ERROR - 2025-05-18 20:23:03 --> [ERROR] Undefined variable $data FCPATH/plugins/Accounting/index.php:269
ERROR - 2025-05-18 20:23:04 --> [ERROR] Undefined variable $data FCPATH/plugins/Accounting/index.php:243
ERROR - 2025-05-18 20:28:03 --> [ERROR] Undefined variable $data FCPATH/plugins/Accounting/index.php:243
ERROR - 2025-05-18 20:28:05 --> [ERROR] Undefined variable $data FCPATH/plugins/Accounting/index.php:243
ERROR - 2025-05-18 20:34:02 --> [ERROR] Undefined variable $data FCPATH/plugins/Accounting/index.php:243
ERROR - 2025-05-18 20:34:04 --> [ERROR] Undefined variable $data FCPATH/plugins/Accounting/index.php:243
ERROR - 2025-05-18 20:39:03 --> [ERROR] Undefined variable $data FCPATH/plugins/Accounting/index.php:243
ERROR - 2025-05-18 20:39:05 --> [ERROR] Undefined variable $data FCPATH/plugins/Accounting/index.php:243
ERROR - 2025-05-18 20:45:02 --> [ERROR] Undefined variable $data FCPATH/plugins/Accounting/index.php:243
ERROR - 2025-05-18 20:45:04 --> [ERROR] Undefined variable $data FCPATH/plugins/Accounting/index.php:243
ERROR - 2025-05-18 20:51:02 --> [ERROR] Undefined variable $data FCPATH/plugins/Accounting/index.php:243
ERROR - 2025-05-18 20:51:04 --> [ERROR] Undefined variable $data FCPATH/plugins/Accounting/index.php:243
ERROR - 2025-05-18 20:57:02 --> [ERROR] Undefined variable $data FCPATH/plugins/Accounting/index.php:243
ERROR - 2025-05-18 20:57:04 --> [ERROR] Undefined variable $data FCPATH/plugins/Accounting/index.php:243
ERROR - 2025-05-18 21:03:02 --> [ERROR] Undefined variable $data FCPATH/plugins/Accounting/index.php:243
ERROR - 2025-05-18 21:03:04 --> [ERROR] Undefined variable $data FCPATH/plugins/Accounting/index.php:243
ERROR - 2025-05-18 21:09:02 --> [ERROR] Undefined variable $data FCPATH/plugins/Accounting/index.php:243
ERROR - 2025-05-18 21:09:04 --> [ERROR] Undefined variable $data FCPATH/plugins/Accounting/index.php:243
ERROR - 2025-05-18 21:15:02 --> [ERROR] Undefined variable $data FCPATH/plugins/Accounting/index.php:243
ERROR - 2025-05-18 21:15:04 --> [ERROR] Undefined variable $data FCPATH/plugins/Accounting/index.php:243
ERROR - 2025-05-18 21:20:02 --> [ERROR] Undefined variable $data FCPATH/plugins/Accounting/index.php:243
ERROR - 2025-05-18 21:20:04 --> [ERROR] Undefined variable $data FCPATH/plugins/Accounting/index.php:243
ERROR - 2025-05-18 21:26:02 --> [ERROR] Undefined variable $data FCPATH/plugins/Accounting/index.php:243
ERROR - 2025-05-18 21:26:04 --> [ERROR] Undefined variable $data FCPATH/plugins/Accounting/index.php:243
ERROR - 2025-05-18 21:32:02 --> [ERROR] Undefined variable $data FCPATH/plugins/Accounting/index.php:243
ERROR - 2025-05-18 21:32:04 --> [ERROR] Undefined variable $data FCPATH/plugins/Accounting/index.php:243
ERROR - 2025-05-18 21:38:02 --> [ERROR] Undefined variable $data FCPATH/plugins/Accounting/index.php:243
ERROR - 2025-05-18 21:38:05 --> [ERROR] Undefined variable $data FCPATH/plugins/Accounting/index.php:243
ERROR - 2025-05-18 21:44:03 --> [ERROR] Undefined variable $data FCPATH/plugins/Accounting/index.php:243
ERROR - 2025-05-18 21:44:05 --> [ERROR] Undefined variable $data FCPATH/plugins/Accounting/index.php:243
ERROR - 2025-05-18 21:49:02 --> [ERROR] Undefined variable $data FCPATH/plugins/Accounting/index.php:243
ERROR - 2025-05-18 21:49:05 --> [ERROR] Undefined variable $data FCPATH/plugins/Accounting/index.php:243
ERROR - 2025-05-18 21:55:03 --> [ERROR] Undefined variable $data FCPATH/plugins/Accounting/index.php:243
ERROR - 2025-05-18 21:55:05 --> [ERROR] Undefined variable $data FCPATH/plugins/Accounting/index.php:243
ERROR - 2025-05-18 22:00:04 --> [ERROR] Undefined variable $data FCPATH/plugins/Accounting/index.php:243
ERROR - 2025-05-18 22:00:06 --> [ERROR] Undefined variable $data FCPATH/plugins/Accounting/index.php:243
ERROR - 2025-05-18 22:06:02 --> [ERROR] Undefined variable $data FCPATH/plugins/Accounting/index.php:243
ERROR - 2025-05-18 22:06:04 --> [ERROR] Undefined variable $data FCPATH/plugins/Accounting/index.php:243
ERROR - 2025-05-18 22:11:03 --> [ERROR] Undefined variable $data FCPATH/plugins/Accounting/index.php:243
ERROR - 2025-05-18 22:11:06 --> [ERROR] Undefined variable $data FCPATH/plugins/Accounting/index.php:243
ERROR - 2025-05-18 22:17:02 --> [ERROR] Undefined variable $data FCPATH/plugins/Accounting/index.php:243
ERROR - 2025-05-18 22:17:04 --> [ERROR] Undefined variable $data FCPATH/plugins/Accounting/index.php:243
ERROR - 2025-05-18 22:23:02 --> [ERROR] Undefined variable $data FCPATH/plugins/Accounting/index.php:243
ERROR - 2025-05-18 22:23:04 --> [ERROR] Undefined variable $data FCPATH/plugins/Accounting/index.php:243
ERROR - 2025-05-18 22:29:02 --> [ERROR] Undefined variable $data FCPATH/plugins/Accounting/index.php:243
ERROR - 2025-05-18 22:29:05 --> [ERROR] Undefined variable $data FCPATH/plugins/Accounting/index.php:243
ERROR - 2025-05-18 22:35:02 --> [ERROR] Undefined variable $data FCPATH/plugins/Accounting/index.php:243
ERROR - 2025-05-18 22:35:04 --> [ERROR] Undefined variable $data FCPATH/plugins/Accounting/index.php:243
ERROR - 2025-05-18 22:41:02 --> [ERROR] Undefined variable $data FCPATH/plugins/Accounting/index.php:243
ERROR - 2025-05-18 22:41:04 --> [ERROR] Undefined variable $data FCPATH/plugins/Accounting/index.php:243
ERROR - 2025-05-18 22:47:06 --> [ERROR] Undefined variable $data FCPATH/plugins/Accounting/index.php:243
ERROR - 2025-05-18 22:47:15 --> [ERROR] Undefined variable $data FCPATH/plugins/Accounting/index.php:243
ERROR - 2025-05-18 22:52:03 --> [ERROR] Undefined variable $data FCPATH/plugins/Accounting/index.php:243
ERROR - 2025-05-18 22:52:05 --> [ERROR] Undefined variable $data FCPATH/plugins/Accounting/index.php:243
ERROR - 2025-05-18 22:58:02 --> [ERROR] Undefined variable $data FCPATH/plugins/Accounting/index.php:243
ERROR - 2025-05-18 22:58:04 --> [ERROR] Undefined variable $data FCPATH/plugins/Accounting/index.php:243
ERROR - 2025-05-18 23:04:02 --> [ERROR] Undefined variable $data FCPATH/plugins/Accounting/index.php:243
ERROR - 2025-05-18 23:04:05 --> [ERROR] Undefined variable $data FCPATH/plugins/Accounting/index.php:243
ERROR - 2025-05-18 23:10:02 --> [ERROR] Undefined variable $data FCPATH/plugins/Accounting/index.php:243
ERROR - 2025-05-18 23:10:04 --> [ERROR] Undefined variable $data FCPATH/plugins/Accounting/index.php:243
ERROR - 2025-05-18 23:16:02 --> [ERROR] Undefined variable $data FCPATH/plugins/Accounting/index.php:243
ERROR - 2025-05-18 23:16:04 --> [ERROR] Undefined variable $data FCPATH/plugins/Accounting/index.php:243
ERROR - 2025-05-18 23:22:02 --> [ERROR] Undefined variable $data FCPATH/plugins/Accounting/index.php:243
ERROR - 2025-05-18 23:22:05 --> [ERROR] Undefined variable $data FCPATH/plugins/Accounting/index.php:243
ERROR - 2025-05-18 23:28:02 --> [ERROR] Undefined variable $data FCPATH/plugins/Accounting/index.php:243
ERROR - 2025-05-18 23:28:04 --> [ERROR] Undefined variable $data FCPATH/plugins/Accounting/index.php:269
ERROR - 2025-05-18 23:28:05 --> [ERROR] Undefined variable $data FCPATH/plugins/Accounting/index.php:243
ERROR - 2025-05-18 23:34:02 --> [ERROR] Undefined variable $data FCPATH/plugins/Accounting/index.php:243
ERROR - 2025-05-18 23:34:03 --> [ERROR] Undefined variable $data FCPATH/plugins/Accounting/index.php:269
ERROR - 2025-05-18 23:34:04 --> [ERROR] Undefined variable $data FCPATH/plugins/Accounting/index.php:243
ERROR - 2025-05-18 23:40:02 --> [ERROR] Undefined variable $data FCPATH/plugins/Accounting/index.php:243
ERROR - 2025-05-18 23:40:06 --> [ERROR] Undefined variable $data FCPATH/plugins/Accounting/index.php:243
ERROR - 2025-05-18 23:45:02 --> [ERROR] Undefined variable $data FCPATH/plugins/Accounting/index.php:243
ERROR - 2025-05-18 23:45:04 --> [ERROR] Undefined variable $data FCPATH/plugins/Accounting/index.php:243
ERROR - 2025-05-18 23:51:03 --> [ERROR] Undefined variable $data FCPATH/plugins/Accounting/index.php:243
ERROR - 2025-05-18 23:51:05 --> [ERROR] Undefined variable $data FCPATH/plugins/Accounting/index.php:243
ERROR - 2025-05-18 23:57:02 --> [ERROR] Undefined variable $data FCPATH/plugins/Accounting/index.php:243
ERROR - 2025-05-18 23:57:04 --> [ERROR] Undefined variable $data FCPATH/plugins/Accounting/index.php:243
