WARNING - 2025-09-28 18:13:13 --> [DEPRECATED] unserialize(): Passing null to parameter #1 ($data) of type string is deprecated in APPPATH/Views/attendance/clock_widget.php on line 19.
 1 APPPATH/Views/attendance/clock_widget.php(19): unserialize(null)
 2 SYSTEMPATH/View/View.php(234): include('/var/www/erp/si002/app/Views/attendance/clock_widget.php')
 3 SYSTEMPATH/View/View.php(237): CodeIgniter\View\View->CodeIgniter\View\{closure}()
 4 SYSTEMPATH/Common.php(1171): CodeIgniter\View\View->render('attendance/clock_widget', [], true)
 5 APPPATH/Libraries/Template.php(38): view('attendance/clock_widget', [...])
 6 APPPATH/Helpers/widget_helper.php(18): App\Libraries\Template->view('attendance/clock_widget', [...])
 7 APPPATH/Controllers/Dashboard.php(1063): clock_widget()
 8 APPPATH/Controllers/Dashboard.php(1054): App\Controllers\Dashboard->_get_widgets_for_staffs('clock_in_out', [...])
 9 APPPATH/Controllers/Dashboard.php(1031): App\Controllers\Dashboard->_make_dashboard_widgets('clock_in_out')
10 APPPATH/Controllers/Dashboard.php(399): App\Controllers\Dashboard->make_dashboard([...])
11 APPPATH/Controllers/Dashboard.php(33): App\Controllers\Dashboard->view('4')
12 SYSTEMPATH/CodeIgniter.php(933): App\Controllers\Dashboard->index()
13 SYSTEMPATH/CodeIgniter.php(509): CodeIgniter\CodeIgniter->runController(Object(App\Controllers\Dashboard))
14 SYSTEMPATH/CodeIgniter.php(355): CodeIgniter\CodeIgniter->handleRequest(null, Object(Config\Cache), false)
15 SYSTEMPATH/Boot.php(325): CodeIgniter\CodeIgniter->run()
16 SYSTEMPATH/Boot.php(67): CodeIgniter\Boot::runCodeIgniter(Object(CodeIgniter\CodeIgniter))
17 FCPATH/index.php(140): CodeIgniter\Boot::bootWeb(Object(Config\Paths))
WARNING - 2025-09-28 18:13:38 --> [DEPRECATED] unserialize(): Passing null to parameter #1 ($data) of type string is deprecated in APPPATH/Views/attendance/clock_widget.php on line 19.
 1 APPPATH/Views/attendance/clock_widget.php(19): unserialize(null)
 2 SYSTEMPATH/View/View.php(234): include('/var/www/erp/si002/app/Views/attendance/clock_widget.php')
 3 SYSTEMPATH/View/View.php(237): CodeIgniter\View\View->CodeIgniter\View\{closure}()
 4 SYSTEMPATH/Common.php(1171): CodeIgniter\View\View->render('attendance/clock_widget', [], true)
 5 APPPATH/Libraries/Template.php(38): view('attendance/clock_widget', [...])
 6 APPPATH/Helpers/widget_helper.php(18): App\Libraries\Template->view('attendance/clock_widget', [...])
 7 APPPATH/Controllers/Dashboard.php(1063): clock_widget()
 8 APPPATH/Controllers/Dashboard.php(1054): App\Controllers\Dashboard->_get_widgets_for_staffs('clock_in_out', [...])
 9 APPPATH/Controllers/Dashboard.php(1031): App\Controllers\Dashboard->_make_dashboard_widgets('clock_in_out')
10 APPPATH/Controllers/Dashboard.php(399): App\Controllers\Dashboard->make_dashboard([...])
11 APPPATH/Controllers/Dashboard.php(33): App\Controllers\Dashboard->view('4')
12 SYSTEMPATH/CodeIgniter.php(933): App\Controllers\Dashboard->index()
13 SYSTEMPATH/CodeIgniter.php(509): CodeIgniter\CodeIgniter->runController(Object(App\Controllers\Dashboard))
14 SYSTEMPATH/CodeIgniter.php(355): CodeIgniter\CodeIgniter->handleRequest(null, Object(Config\Cache), false)
15 SYSTEMPATH/Boot.php(325): CodeIgniter\CodeIgniter->run()
16 SYSTEMPATH/Boot.php(67): CodeIgniter\Boot::runCodeIgniter(Object(CodeIgniter\CodeIgniter))
17 FCPATH/index.php(140): CodeIgniter\Boot::bootWeb(Object(Config\Paths))
WARNING - 2025-09-28 18:13:39 --> [DEPRECATED] unserialize(): Passing null to parameter #1 ($data) of type string is deprecated in APPPATH/Views/attendance/clock_widget.php on line 19.
 1 APPPATH/Views/attendance/clock_widget.php(19): unserialize(null)
 2 SYSTEMPATH/View/View.php(234): include('/var/www/erp/si002/app/Views/attendance/clock_widget.php')
 3 SYSTEMPATH/View/View.php(237): CodeIgniter\View\View->CodeIgniter\View\{closure}()
 4 SYSTEMPATH/Common.php(1171): CodeIgniter\View\View->render('attendance/clock_widget', [], true)
 5 APPPATH/Libraries/Template.php(38): view('attendance/clock_widget', [...])
 6 APPPATH/Helpers/widget_helper.php(18): App\Libraries\Template->view('attendance/clock_widget', [...])
 7 APPPATH/Controllers/Dashboard.php(1063): clock_widget()
 8 APPPATH/Controllers/Dashboard.php(1054): App\Controllers\Dashboard->_get_widgets_for_staffs('clock_in_out', [...])
 9 APPPATH/Controllers/Dashboard.php(1031): App\Controllers\Dashboard->_make_dashboard_widgets('clock_in_out')
10 APPPATH/Controllers/Dashboard.php(399): App\Controllers\Dashboard->make_dashboard([...])
11 APPPATH/Controllers/Dashboard.php(33): App\Controllers\Dashboard->view('4')
12 SYSTEMPATH/CodeIgniter.php(933): App\Controllers\Dashboard->index()
13 SYSTEMPATH/CodeIgniter.php(509): CodeIgniter\CodeIgniter->runController(Object(App\Controllers\Dashboard))
14 SYSTEMPATH/CodeIgniter.php(355): CodeIgniter\CodeIgniter->handleRequest(null, Object(Config\Cache), false)
15 SYSTEMPATH/Boot.php(325): CodeIgniter\CodeIgniter->run()
16 SYSTEMPATH/Boot.php(67): CodeIgniter\Boot::runCodeIgniter(Object(CodeIgniter\CodeIgniter))
17 FCPATH/index.php(140): CodeIgniter\Boot::bootWeb(Object(Config\Paths))
