ERROR - 2025-07-13 00:00:04 --> [ERROR] Undefined variable $data FCPATH/plugins/Accounting/index.php:243
ERROR - 2025-07-13 00:00:05 --> [ERROR] Undefined variable $data FCPATH/plugins/Accounting/index.php:243
ERROR - 2025-07-13 00:06:02 --> [ERROR] Undefined variable $data FCPATH/plugins/Accounting/index.php:243
ERROR - 2025-07-13 00:06:04 --> [ERROR] Undefined variable $data FCPATH/plugins/Accounting/index.php:243
ERROR - 2025-07-13 00:12:02 --> [ERROR] Undefined variable $data FCPATH/plugins/Accounting/index.php:243
ERROR - 2025-07-13 00:12:04 --> [ERROR] Undefined variable $data FCPATH/plugins/Accounting/index.php:243
ERROR - 2025-07-13 00:18:02 --> [ERROR] Undefined variable $data FCPATH/plugins/Accounting/index.php:243
ERROR - 2025-07-13 00:18:03 --> [ERROR] Undefined variable $data FCPATH/plugins/Accounting/index.php:243
ERROR - 2025-07-13 00:24:03 --> [ERROR] Undefined variable $data FCPATH/plugins/Accounting/index.php:243
ERROR - 2025-07-13 00:24:05 --> [ERROR] Undefined variable $data FCPATH/plugins/Accounting/index.php:243
ERROR - 2025-07-13 00:29:02 --> [ERROR] Undefined variable $data FCPATH/plugins/Accounting/index.php:243
ERROR - 2025-07-13 00:29:04 --> [ERROR] Undefined variable $data FCPATH/plugins/Accounting/index.php:243
ERROR - 2025-07-13 00:35:02 --> [ERROR] Undefined variable $data FCPATH/plugins/Accounting/index.php:243
ERROR - 2025-07-13 00:35:03 --> [ERROR] Undefined variable $data FCPATH/plugins/Accounting/index.php:269
ERROR - 2025-07-13 00:35:04 --> [ERROR] Undefined variable $data FCPATH/plugins/Accounting/index.php:243
ERROR - 2025-07-13 00:40:03 --> [ERROR] Undefined variable $data FCPATH/plugins/Accounting/index.php:243
ERROR - 2025-07-13 00:40:04 --> [ERROR] Undefined variable $data FCPATH/plugins/Accounting/index.php:243
ERROR - 2025-07-13 00:46:02 --> [ERROR] Undefined variable $data FCPATH/plugins/Accounting/index.php:243
ERROR - 2025-07-13 00:46:04 --> [ERROR] Undefined variable $data FCPATH/plugins/Accounting/index.php:269
ERROR - 2025-07-13 00:46:05 --> [ERROR] Undefined variable $data FCPATH/plugins/Accounting/index.php:243
ERROR - 2025-07-13 00:51:02 --> [ERROR] Undefined variable $data FCPATH/plugins/Accounting/index.php:243
ERROR - 2025-07-13 00:51:04 --> [ERROR] Undefined variable $data FCPATH/plugins/Accounting/index.php:243
ERROR - 2025-07-13 00:57:02 --> [ERROR] Undefined variable $data FCPATH/plugins/Accounting/index.php:243
ERROR - 2025-07-13 00:57:04 --> [ERROR] Undefined variable $data FCPATH/plugins/Accounting/index.php:243
ERROR - 2025-07-13 01:03:02 --> [ERROR] Undefined variable $data FCPATH/plugins/Accounting/index.php:243
ERROR - 2025-07-13 01:03:03 --> [ERROR] Undefined variable $data FCPATH/plugins/Accounting/index.php:243
ERROR - 2025-07-13 01:08:03 --> [ERROR] Undefined variable $data FCPATH/plugins/Accounting/index.php:243
ERROR - 2025-07-13 01:08:04 --> [ERROR] Undefined variable $data FCPATH/plugins/Accounting/index.php:243
ERROR - 2025-07-13 01:14:02 --> [ERROR] Undefined variable $data FCPATH/plugins/Accounting/index.php:243
ERROR - 2025-07-13 01:14:04 --> [ERROR] Undefined variable $data FCPATH/plugins/Accounting/index.php:243
ERROR - 2025-07-13 01:19:02 --> [ERROR] Undefined variable $data FCPATH/plugins/Accounting/index.php:243
ERROR - 2025-07-13 01:19:04 --> [ERROR] Undefined variable $data FCPATH/plugins/Accounting/index.php:243
ERROR - 2025-07-13 01:25:04 --> [ERROR] Undefined variable $data FCPATH/plugins/Accounting/index.php:243
ERROR - 2025-07-13 01:25:05 --> [ERROR] Undefined variable $data FCPATH/plugins/Accounting/index.php:243
ERROR - 2025-07-13 01:31:02 --> [ERROR] Undefined variable $data FCPATH/plugins/Accounting/index.php:243
ERROR - 2025-07-13 01:31:04 --> [ERROR] Undefined variable $data FCPATH/plugins/Accounting/index.php:243
ERROR - 2025-07-13 01:37:02 --> [ERROR] Undefined variable $data FCPATH/plugins/Accounting/index.php:243
ERROR - 2025-07-13 01:37:04 --> [ERROR] Undefined variable $data FCPATH/plugins/Accounting/index.php:243
ERROR - 2025-07-13 01:43:02 --> [ERROR] Undefined variable $data FCPATH/plugins/Accounting/index.php:243
ERROR - 2025-07-13 01:43:04 --> [ERROR] Undefined variable $data FCPATH/plugins/Accounting/index.php:243
ERROR - 2025-07-13 01:49:02 --> [ERROR] Undefined variable $data FCPATH/plugins/Accounting/index.php:243
ERROR - 2025-07-13 01:49:05 --> [ERROR] Undefined variable $data FCPATH/plugins/Accounting/index.php:243
ERROR - 2025-07-13 01:54:02 --> [ERROR] Undefined variable $data FCPATH/plugins/Accounting/index.php:243
ERROR - 2025-07-13 01:54:04 --> [ERROR] Undefined variable $data FCPATH/plugins/Accounting/index.php:243
ERROR - 2025-07-13 02:00:04 --> [ERROR] Undefined variable $data FCPATH/plugins/Accounting/index.php:243
ERROR - 2025-07-13 02:00:06 --> [ERROR] Undefined variable $data FCPATH/plugins/Accounting/index.php:269
ERROR - 2025-07-13 02:00:06 --> [ERROR] Undefined variable $data FCPATH/plugins/Accounting/index.php:243
ERROR - 2025-07-13 02:06:02 --> [ERROR] Undefined variable $data FCPATH/plugins/Accounting/index.php:243
ERROR - 2025-07-13 02:06:04 --> [ERROR] Undefined variable $data FCPATH/plugins/Accounting/index.php:243
ERROR - 2025-07-13 02:11:02 --> [ERROR] Undefined variable $data FCPATH/plugins/Accounting/index.php:243
ERROR - 2025-07-13 02:11:04 --> [ERROR] Undefined variable $data FCPATH/plugins/Accounting/index.php:243
ERROR - 2025-07-13 02:17:02 --> [ERROR] Undefined variable $data FCPATH/plugins/Accounting/index.php:243
ERROR - 2025-07-13 02:17:03 --> [ERROR] Undefined variable $data FCPATH/plugins/Accounting/index.php:243
ERROR - 2025-07-13 02:22:02 --> [ERROR] Undefined variable $data FCPATH/plugins/Accounting/index.php:243
ERROR - 2025-07-13 02:22:04 --> [ERROR] Undefined variable $data FCPATH/plugins/Accounting/index.php:269
ERROR - 2025-07-13 02:22:05 --> [ERROR] Undefined variable $data FCPATH/plugins/Accounting/index.php:243
ERROR - 2025-07-13 02:28:03 --> [ERROR] Undefined variable $data FCPATH/plugins/Accounting/index.php:243
ERROR - 2025-07-13 02:28:05 --> [ERROR] Undefined variable $data FCPATH/plugins/Accounting/index.php:243
WARNING - 2025-07-13 02:31:37 --> [DEPRECATED] Optional parameter $id declared before required parameter $is_reminder is implicitly treated as a required parameter in APPPATH/Controllers/Events.php on line 344.
 1 SYSTEMPATH/Autoloader/Autoloader.php(317): include_once('/home3/appnaros/public_html/sistema/system/Debug/Exceptions.php')
 2 SYSTEMPATH/Autoloader/Autoloader.php(296): CodeIgniter\Autoloader\Autoloader->includeFile('/home3/appnaros/public_html/sistema/app/Controllers/Events.php')
 3 SYSTEMPATH/Autoloader/Autoloader.php(272): CodeIgniter\Autoloader\Autoloader->loadInNamespace('App\\Controllers\\Events')
 4 [internal function]: CodeIgniter\Autoloader\Autoloader->loadClass('App\\Controllers\\Events')
 5 SYSTEMPATH/CodeIgniter.php(887): class_exists('\\App\\Controllers\\Events', true)
 6 SYSTEMPATH/CodeIgniter.php(496): CodeIgniter\CodeIgniter->startController()
 7 SYSTEMPATH/CodeIgniter.php(355): CodeIgniter\CodeIgniter->handleRequest(null, Object(Config\Cache), false)
 8 SYSTEMPATH/Boot.php(325): CodeIgniter\CodeIgniter->run()
 9 SYSTEMPATH/Boot.php(67): CodeIgniter\Boot::runCodeIgniter(Object(CodeIgniter\CodeIgniter))
10 FCPATH/index.php(149): CodeIgniter\Boot::bootWeb(Object(Config\Paths))
ERROR - 2025-07-13 02:33:02 --> [ERROR] Undefined variable $data FCPATH/plugins/Accounting/index.php:243
ERROR - 2025-07-13 02:33:04 --> [ERROR] Undefined variable $data FCPATH/plugins/Accounting/index.php:243
ERROR - 2025-07-13 02:39:02 --> [ERROR] Undefined variable $data FCPATH/plugins/Accounting/index.php:243
ERROR - 2025-07-13 02:39:04 --> [ERROR] Undefined variable $data FCPATH/plugins/Accounting/index.php:269
ERROR - 2025-07-13 02:39:04 --> [ERROR] Undefined variable $data FCPATH/plugins/Accounting/index.php:243
ERROR - 2025-07-13 02:45:02 --> [ERROR] Undefined variable $data FCPATH/plugins/Accounting/index.php:243
ERROR - 2025-07-13 02:45:03 --> [ERROR] Undefined variable $data FCPATH/plugins/Accounting/index.php:269
ERROR - 2025-07-13 02:45:04 --> [ERROR] Undefined variable $data FCPATH/plugins/Accounting/index.php:269
ERROR - 2025-07-13 02:45:04 --> [ERROR] Undefined variable $data FCPATH/plugins/Accounting/index.php:243
ERROR - 2025-07-13 02:51:02 --> [ERROR] Undefined variable $data FCPATH/plugins/Accounting/index.php:243
ERROR - 2025-07-13 02:51:04 --> [ERROR] Undefined variable $data FCPATH/plugins/Accounting/index.php:243
ERROR - 2025-07-13 02:57:02 --> [ERROR] Undefined variable $data FCPATH/plugins/Accounting/index.php:243
ERROR - 2025-07-13 02:57:04 --> [ERROR] Undefined variable $data FCPATH/plugins/Accounting/index.php:243
ERROR - 2025-07-13 03:03:03 --> [ERROR] Undefined variable $data FCPATH/plugins/Accounting/index.php:243
ERROR - 2025-07-13 03:03:05 --> [ERROR] Undefined variable $data FCPATH/plugins/Accounting/index.php:243
ERROR - 2025-07-13 03:09:03 --> [ERROR] Undefined variable $data FCPATH/plugins/Accounting/index.php:243
ERROR - 2025-07-13 03:09:04 --> [ERROR] Undefined variable $data FCPATH/plugins/Accounting/index.php:243
ERROR - 2025-07-13 03:15:05 --> [ERROR] Undefined variable $data FCPATH/plugins/Accounting/index.php:243
ERROR - 2025-07-13 03:15:07 --> [ERROR] Undefined variable $data FCPATH/plugins/Accounting/index.php:243
ERROR - 2025-07-13 03:21:04 --> [ERROR] Undefined variable $data FCPATH/plugins/Accounting/index.php:243
ERROR - 2025-07-13 03:21:06 --> [ERROR] Undefined variable $data FCPATH/plugins/Accounting/index.php:243
ERROR - 2025-07-13 03:27:04 --> [ERROR] Undefined variable $data FCPATH/plugins/Accounting/index.php:243
ERROR - 2025-07-13 03:27:06 --> [ERROR] Undefined variable $data FCPATH/plugins/Accounting/index.php:243
ERROR - 2025-07-13 03:33:06 --> [ERROR] Undefined variable $data FCPATH/plugins/Accounting/index.php:243
ERROR - 2025-07-13 03:33:08 --> [ERROR] Undefined variable $data FCPATH/plugins/Accounting/index.php:243
ERROR - 2025-07-13 03:39:04 --> [ERROR] Undefined variable $data FCPATH/plugins/Accounting/index.php:243
ERROR - 2025-07-13 03:39:06 --> [ERROR] Undefined variable $data FCPATH/plugins/Accounting/index.php:269
ERROR - 2025-07-13 03:39:06 --> [ERROR] Undefined variable $data FCPATH/plugins/Accounting/index.php:269
ERROR - 2025-07-13 03:39:07 --> [ERROR] Undefined variable $data FCPATH/plugins/Accounting/index.php:243
ERROR - 2025-07-13 03:45:04 --> [ERROR] Undefined variable $data FCPATH/plugins/Accounting/index.php:243
ERROR - 2025-07-13 03:45:06 --> [ERROR] Undefined variable $data FCPATH/plugins/Accounting/index.php:243
ERROR - 2025-07-13 03:51:04 --> [ERROR] Undefined variable $data FCPATH/plugins/Accounting/index.php:243
ERROR - 2025-07-13 03:51:06 --> [ERROR] Undefined variable $data FCPATH/plugins/Accounting/index.php:243
ERROR - 2025-07-13 03:56:06 --> [ERROR] Undefined variable $data FCPATH/plugins/Accounting/index.php:243
ERROR - 2025-07-13 03:56:08 --> [ERROR] Undefined variable $data FCPATH/plugins/Accounting/index.php:243
ERROR - 2025-07-13 04:02:04 --> [ERROR] Undefined variable $data FCPATH/plugins/Accounting/index.php:243
ERROR - 2025-07-13 04:02:07 --> [ERROR] Undefined variable $data FCPATH/plugins/Accounting/index.php:243
ERROR - 2025-07-13 04:07:04 --> [ERROR] Undefined variable $data FCPATH/plugins/Accounting/index.php:243
ERROR - 2025-07-13 04:07:07 --> [ERROR] Undefined variable $data FCPATH/plugins/Accounting/index.php:243
ERROR - 2025-07-13 04:13:06 --> [ERROR] Undefined variable $data FCPATH/plugins/Accounting/index.php:243
ERROR - 2025-07-13 04:13:09 --> [ERROR] Undefined variable $data FCPATH/plugins/Accounting/index.php:243
ERROR - 2025-07-13 04:19:02 --> [ERROR] Undefined variable $data FCPATH/plugins/Accounting/index.php:243
ERROR - 2025-07-13 04:19:04 --> [ERROR] Undefined variable $data FCPATH/plugins/Accounting/index.php:243
ERROR - 2025-07-13 04:24:02 --> [ERROR] Undefined variable $data FCPATH/plugins/Accounting/index.php:243
ERROR - 2025-07-13 04:24:04 --> [ERROR] Undefined variable $data FCPATH/plugins/Accounting/index.php:243
ERROR - 2025-07-13 04:30:02 --> [ERROR] Undefined variable $data FCPATH/plugins/Accounting/index.php:243
ERROR - 2025-07-13 04:30:04 --> [ERROR] Undefined variable $data FCPATH/plugins/Accounting/index.php:243
ERROR - 2025-07-13 04:35:04 --> [ERROR] Undefined variable $data FCPATH/plugins/Accounting/index.php:243
ERROR - 2025-07-13 04:35:06 --> [ERROR] Undefined variable $data FCPATH/plugins/Accounting/index.php:243
ERROR - 2025-07-13 04:41:02 --> [ERROR] Undefined variable $data FCPATH/plugins/Accounting/index.php:243
ERROR - 2025-07-13 04:41:04 --> [ERROR] Undefined variable $data FCPATH/plugins/Accounting/index.php:243
ERROR - 2025-07-13 04:47:02 --> [ERROR] Undefined variable $data FCPATH/plugins/Accounting/index.php:243
ERROR - 2025-07-13 04:47:06 --> [ERROR] Undefined variable $data FCPATH/plugins/Accounting/index.php:243
ERROR - 2025-07-13 04:53:02 --> [ERROR] Undefined variable $data FCPATH/plugins/Accounting/index.php:243
ERROR - 2025-07-13 04:53:04 --> [ERROR] Undefined variable $data FCPATH/plugins/Accounting/index.php:243
ERROR - 2025-07-13 04:59:02 --> [ERROR] Undefined variable $data FCPATH/plugins/Accounting/index.php:243
ERROR - 2025-07-13 04:59:04 --> [ERROR] Undefined variable $data FCPATH/plugins/Accounting/index.php:269
ERROR - 2025-07-13 04:59:05 --> [ERROR] Undefined variable $data FCPATH/plugins/Accounting/index.php:243
ERROR - 2025-07-13 05:04:04 --> [ERROR] Undefined variable $data FCPATH/plugins/Accounting/index.php:243
ERROR - 2025-07-13 05:04:04 --> [ERROR] Undefined variable $data FCPATH/plugins/Accounting/index.php:269
ERROR - 2025-07-13 05:04:05 --> [ERROR] Undefined variable $data FCPATH/plugins/Accounting/index.php:243
ERROR - 2025-07-13 05:04:07 --> [ERROR] Undefined variable $data FCPATH/plugins/Accounting/index.php:243
ERROR - 2025-07-13 05:04:11 --> Email: sendWithSmtp throwed ErrorException: fsockopen(): Unable to connect to ssl://app.monaros.co:465 (Connection timed out) in /home3/appnaros/public_html/sistema/system/Email/Email.php:1896
Stack trace:
#0 [internal function]: CodeIgniter\Debug\Exceptions->errorHandler(2, 'fsockopen(): Un...', '/home3/appnaros...', 1896)
#1 /home3/appnaros/public_html/sistema/system/Email/Email.php(1896): fsockopen('ssl://app.monar...', 465, NULL, NULL, 5)
#2 /home3/appnaros/public_html/sistema/system/Email/Email.php(1809): CodeIgniter\Email\Email->SMTPConnect()
#3 /home3/appnaros/public_html/sistema/system/Email/Email.php(1694): CodeIgniter\Email\Email->sendWithSmtp()
#4 /home3/appnaros/public_html/sistema/system/Email/Email.php(1589): CodeIgniter\Email\Email->spoolEmail()
#5 /home3/appnaros/public_html/sistema/app/Helpers/general_helper.php(578): CodeIgniter\Email\Email->send()
#6 /home3/appnaros/public_html/sistema/app/Helpers/notifications_helper.php(1045): send_app_mail('pqr@monaros.co', 'Ticket  #1226 -...', '<div style="bac...', Array)
#7 /home3/appnaros/public_html/sistema/app/Models/Notifications_model.php(612): send_notification_emails(15347, Array, Array)
#8 /home3/appnaros/public_html/sistema/app/Controllers/Notification_processor.php(132): App\Models\Notifications_model->create_notification('ticket_closed', '0', Array)
#9 /home3/appnaros/public_html/sistema/system/CodeIgniter.php(933): App\Controllers\Notification_processor->create_notification()
#10 /home3/appnaros/public_html/sistema/system/CodeIgniter.php(509): CodeIgniter\CodeIgniter->runController(Object(App\Controllers\Notification_processor))
#11 /home3/appnaros/public_html/sistema/system/CodeIgniter.php(355): CodeIgniter\CodeIgniter->handleRequest(NULL, Object(Config\Cache), false)
#12 /home3/appnaros/public_html/sistema/system/Boot.php(325): CodeIgniter\CodeIgniter->run()
#13 /home3/appnaros/public_html/sistema/system/Boot.php(67): CodeIgniter\Boot::runCodeIgniter(Object(CodeIgniter\CodeIgniter))
#14 /home3/appnaros/public_html/sistema/index.php(149): CodeIgniter\Boot::bootWeb(Object(Config\Paths))
#15 {main}
ERROR - 2025-07-13 05:04:11 --> Email: Unable to send email using SMTP. Your server might not be configured to send mail using this method.
ERROR - 2025-07-13 05:04:11 --> 
ERROR - 2025-07-13 05:04:16 --> Email: sendWithSmtp throwed ErrorException: fsockopen(): Unable to connect to ssl://app.monaros.co:465 (Connection timed out) in /home3/appnaros/public_html/sistema/system/Email/Email.php:1896
Stack trace:
#0 [internal function]: CodeIgniter\Debug\Exceptions->errorHandler(2, 'fsockopen(): Un...', '/home3/appnaros...', 1896)
#1 /home3/appnaros/public_html/sistema/system/Email/Email.php(1896): fsockopen('ssl://app.monar...', 465, NULL, NULL, 5)
#2 /home3/appnaros/public_html/sistema/system/Email/Email.php(1809): CodeIgniter\Email\Email->SMTPConnect()
#3 /home3/appnaros/public_html/sistema/system/Email/Email.php(1694): CodeIgniter\Email\Email->sendWithSmtp()
#4 /home3/appnaros/public_html/sistema/system/Email/Email.php(1589): CodeIgniter\Email\Email->spoolEmail()
#5 /home3/appnaros/public_html/sistema/app/Helpers/general_helper.php(578): CodeIgniter\Email\Email->send()
#6 /home3/appnaros/public_html/sistema/app/Helpers/notifications_helper.php(1045): send_app_mail('doragonzalez.cd...', 'Ticket  #1226 -...', '<div style="bac...', Array)
#7 /home3/appnaros/public_html/sistema/app/Models/Notifications_model.php(612): send_notification_emails(15347, Array, Array)
#8 /home3/appnaros/public_html/sistema/app/Controllers/Notification_processor.php(132): App\Models\Notifications_model->create_notification('ticket_closed', '0', Array)
#9 /home3/appnaros/public_html/sistema/system/CodeIgniter.php(933): App\Controllers\Notification_processor->create_notification()
#10 /home3/appnaros/public_html/sistema/system/CodeIgniter.php(509): CodeIgniter\CodeIgniter->runController(Object(App\Controllers\Notification_processor))
#11 /home3/appnaros/public_html/sistema/system/CodeIgniter.php(355): CodeIgniter\CodeIgniter->handleRequest(NULL, Object(Config\Cache), false)
#12 /home3/appnaros/public_html/sistema/system/Boot.php(325): CodeIgniter\CodeIgniter->run()
#13 /home3/appnaros/public_html/sistema/system/Boot.php(67): CodeIgniter\Boot::runCodeIgniter(Object(CodeIgniter\CodeIgniter))
#14 /home3/appnaros/public_html/sistema/index.php(149): CodeIgniter\Boot::bootWeb(Object(Config\Paths))
#15 {main}
ERROR - 2025-07-13 05:04:16 --> Email: Unable to send email using SMTP. Your server might not be configured to send mail using this method.
ERROR - 2025-07-13 05:04:16 --> 
ERROR - 2025-07-13 05:10:02 --> [ERROR] Undefined variable $data FCPATH/plugins/Accounting/index.php:243
ERROR - 2025-07-13 05:10:04 --> [ERROR] Undefined variable $data FCPATH/plugins/Accounting/index.php:243
ERROR - 2025-07-13 05:16:04 --> [ERROR] Undefined variable $data FCPATH/plugins/Accounting/index.php:243
ERROR - 2025-07-13 05:16:07 --> [ERROR] Undefined variable $data FCPATH/plugins/Accounting/index.php:243
ERROR - 2025-07-13 05:22:02 --> [ERROR] Undefined variable $data FCPATH/plugins/Accounting/index.php:243
ERROR - 2025-07-13 05:22:03 --> [ERROR] Undefined variable $data FCPATH/plugins/Accounting/index.php:243
ERROR - 2025-07-13 05:28:02 --> [ERROR] Undefined variable $data FCPATH/plugins/Accounting/index.php:243
ERROR - 2025-07-13 05:28:03 --> [ERROR] Undefined variable $data FCPATH/plugins/Accounting/index.php:243
ERROR - 2025-07-13 05:33:02 --> [ERROR] Undefined variable $data FCPATH/plugins/Accounting/index.php:243
ERROR - 2025-07-13 05:33:04 --> [ERROR] Undefined variable $data FCPATH/plugins/Accounting/index.php:243
ERROR - 2025-07-13 05:39:02 --> [ERROR] Undefined variable $data FCPATH/plugins/Accounting/index.php:269
ERROR - 2025-07-13 05:39:02 --> [ERROR] Undefined variable $data FCPATH/plugins/Accounting/index.php:269
ERROR - 2025-07-13 05:39:02 --> [ERROR] Undefined variable $data FCPATH/plugins/Accounting/index.php:243
ERROR - 2025-07-13 05:39:04 --> [ERROR] Undefined variable $data FCPATH/plugins/Accounting/index.php:243
ERROR - 2025-07-13 05:39:06 --> [ERROR] Undefined variable $data FCPATH/plugins/Accounting/index.php:269
ERROR - 2025-07-13 05:39:07 --> [ERROR] Undefined variable $data FCPATH/plugins/Accounting/index.php:243
ERROR - 2025-07-13 05:45:02 --> [ERROR] Undefined variable $data FCPATH/plugins/Accounting/index.php:243
ERROR - 2025-07-13 05:45:03 --> [ERROR] Undefined variable $data FCPATH/plugins/Accounting/index.php:243
ERROR - 2025-07-13 05:51:02 --> [ERROR] Undefined variable $data FCPATH/plugins/Accounting/index.php:243
ERROR - 2025-07-13 05:51:04 --> [ERROR] Undefined variable $data FCPATH/plugins/Accounting/index.php:243
ERROR - 2025-07-13 05:57:02 --> [ERROR] Undefined variable $data FCPATH/plugins/Accounting/index.php:243
ERROR - 2025-07-13 05:57:04 --> [ERROR] Undefined variable $data FCPATH/plugins/Accounting/index.php:243
ERROR - 2025-07-13 06:03:02 --> [ERROR] Undefined variable $data FCPATH/plugins/Accounting/index.php:243
ERROR - 2025-07-13 06:03:04 --> [ERROR] Undefined variable $data FCPATH/plugins/Accounting/index.php:243
ERROR - 2025-07-13 06:09:03 --> [ERROR] Undefined variable $data FCPATH/plugins/Accounting/index.php:243
ERROR - 2025-07-13 06:09:04 --> [ERROR] Undefined variable $data FCPATH/plugins/Accounting/index.php:243
ERROR - 2025-07-13 06:15:02 --> [ERROR] Undefined variable $data FCPATH/plugins/Accounting/index.php:243
ERROR - 2025-07-13 06:15:03 --> [ERROR] Undefined variable $data FCPATH/plugins/Accounting/index.php:243
ERROR - 2025-07-13 06:20:03 --> [ERROR] Undefined variable $data FCPATH/plugins/Accounting/index.php:243
ERROR - 2025-07-13 06:20:04 --> [ERROR] Undefined variable $data FCPATH/plugins/Accounting/index.php:243
ERROR - 2025-07-13 06:26:02 --> [ERROR] Undefined variable $data FCPATH/plugins/Accounting/index.php:243
ERROR - 2025-07-13 06:26:03 --> [ERROR] Undefined variable $data FCPATH/plugins/Accounting/index.php:243
ERROR - 2025-07-13 06:31:02 --> [ERROR] Undefined variable $data FCPATH/plugins/Accounting/index.php:243
ERROR - 2025-07-13 06:31:04 --> [ERROR] Undefined variable $data FCPATH/plugins/Accounting/index.php:243
ERROR - 2025-07-13 06:37:03 --> [ERROR] Undefined variable $data FCPATH/plugins/Accounting/index.php:243
ERROR - 2025-07-13 06:37:05 --> [ERROR] Undefined variable $data FCPATH/plugins/Accounting/index.php:243
ERROR - 2025-07-13 06:43:03 --> [ERROR] Undefined variable $data FCPATH/plugins/Accounting/index.php:243
ERROR - 2025-07-13 06:43:05 --> [ERROR] Undefined variable $data FCPATH/plugins/Accounting/index.php:243
ERROR - 2025-07-13 06:49:02 --> [ERROR] Undefined variable $data FCPATH/plugins/Accounting/index.php:243
ERROR - 2025-07-13 06:49:04 --> [ERROR] Undefined variable $data FCPATH/plugins/Accounting/index.php:243
ERROR - 2025-07-13 06:55:02 --> [ERROR] Undefined variable $data FCPATH/plugins/Accounting/index.php:243
ERROR - 2025-07-13 06:55:04 --> [ERROR] Undefined variable $data FCPATH/plugins/Accounting/index.php:243
ERROR - 2025-07-13 07:00:03 --> [ERROR] Undefined variable $data FCPATH/plugins/Accounting/index.php:243
ERROR - 2025-07-13 07:00:05 --> [ERROR] Undefined variable $data FCPATH/plugins/Accounting/index.php:243
ERROR - 2025-07-13 07:06:02 --> [ERROR] Undefined variable $data FCPATH/plugins/Accounting/index.php:243
ERROR - 2025-07-13 07:06:04 --> [ERROR] Undefined variable $data FCPATH/plugins/Accounting/index.php:243
ERROR - 2025-07-13 07:12:02 --> [ERROR] Undefined variable $data FCPATH/plugins/Accounting/index.php:243
ERROR - 2025-07-13 07:12:03 --> [ERROR] Undefined variable $data FCPATH/plugins/Accounting/index.php:243
ERROR - 2025-07-13 07:17:02 --> [ERROR] Undefined variable $data FCPATH/plugins/Accounting/index.php:243
ERROR - 2025-07-13 07:17:04 --> [ERROR] Undefined variable $data FCPATH/plugins/Accounting/index.php:243
ERROR - 2025-07-13 07:23:02 --> [ERROR] Undefined variable $data FCPATH/plugins/Accounting/index.php:243
ERROR - 2025-07-13 07:23:05 --> [ERROR] Undefined variable $data FCPATH/plugins/Accounting/index.php:243
ERROR - 2025-07-13 07:29:02 --> [ERROR] Undefined variable $data FCPATH/plugins/Accounting/index.php:243
ERROR - 2025-07-13 07:29:04 --> [ERROR] Undefined variable $data FCPATH/plugins/Accounting/index.php:243
ERROR - 2025-07-13 07:35:02 --> [ERROR] Undefined variable $data FCPATH/plugins/Accounting/index.php:243
ERROR - 2025-07-13 07:35:03 --> [ERROR] Undefined variable $data FCPATH/plugins/Accounting/index.php:269
ERROR - 2025-07-13 07:35:04 --> [ERROR] Undefined variable $data FCPATH/plugins/Accounting/index.php:243
ERROR - 2025-07-13 07:41:02 --> [ERROR] Undefined variable $data FCPATH/plugins/Accounting/index.php:243
ERROR - 2025-07-13 07:41:04 --> [ERROR] Undefined variable $data FCPATH/plugins/Accounting/index.php:243
ERROR - 2025-07-13 07:47:03 --> [ERROR] Undefined variable $data FCPATH/plugins/Accounting/index.php:243
ERROR - 2025-07-13 07:47:04 --> [ERROR] Undefined variable $data FCPATH/plugins/Accounting/index.php:243
ERROR - 2025-07-13 07:52:03 --> [ERROR] Undefined variable $data FCPATH/plugins/Accounting/index.php:243
ERROR - 2025-07-13 07:52:05 --> [ERROR] Undefined variable $data FCPATH/plugins/Accounting/index.php:243
ERROR - 2025-07-13 07:58:02 --> [ERROR] Undefined variable $data FCPATH/plugins/Accounting/index.php:243
ERROR - 2025-07-13 07:58:04 --> [ERROR] Undefined variable $data FCPATH/plugins/Accounting/index.php:243
ERROR - 2025-07-13 08:04:02 --> [ERROR] Undefined variable $data FCPATH/plugins/Accounting/index.php:243
ERROR - 2025-07-13 08:04:04 --> [ERROR] Undefined variable $data FCPATH/plugins/Accounting/index.php:243
ERROR - 2025-07-13 08:09:02 --> [ERROR] Undefined variable $data FCPATH/plugins/Accounting/index.php:243
ERROR - 2025-07-13 08:09:04 --> [ERROR] Undefined variable $data FCPATH/plugins/Accounting/index.php:243
ERROR - 2025-07-13 08:15:01 --> [ERROR] Undefined variable $data FCPATH/plugins/Accounting/index.php:243
ERROR - 2025-07-13 08:15:03 --> [ERROR] Undefined variable $data FCPATH/plugins/Accounting/index.php:243
ERROR - 2025-07-13 08:20:02 --> [ERROR] Undefined variable $data FCPATH/plugins/Accounting/index.php:243
ERROR - 2025-07-13 08:20:04 --> [ERROR] Undefined variable $data FCPATH/plugins/Accounting/index.php:243
ERROR - 2025-07-13 08:26:03 --> [ERROR] Undefined variable $data FCPATH/plugins/Accounting/index.php:243
ERROR - 2025-07-13 08:26:04 --> [ERROR] Undefined variable $data FCPATH/plugins/Accounting/index.php:243
ERROR - 2025-07-13 08:32:02 --> [ERROR] Undefined variable $data FCPATH/plugins/Accounting/index.php:243
ERROR - 2025-07-13 08:32:03 --> [ERROR] Undefined variable $data FCPATH/plugins/Accounting/index.php:243
ERROR - 2025-07-13 08:37:02 --> [ERROR] Undefined variable $data FCPATH/plugins/Accounting/index.php:243
ERROR - 2025-07-13 08:37:04 --> [ERROR] Undefined variable $data FCPATH/plugins/Accounting/index.php:243
ERROR - 2025-07-13 08:43:03 --> [ERROR] Undefined variable $data FCPATH/plugins/Accounting/index.php:243
ERROR - 2025-07-13 08:43:06 --> [ERROR] Undefined variable $data FCPATH/plugins/Accounting/index.php:243
ERROR - 2025-07-13 08:48:03 --> [ERROR] Undefined variable $data FCPATH/plugins/Accounting/index.php:243
ERROR - 2025-07-13 08:48:05 --> [ERROR] Undefined variable $data FCPATH/plugins/Accounting/index.php:243
ERROR - 2025-07-13 08:54:02 --> [ERROR] Undefined variable $data FCPATH/plugins/Accounting/index.php:243
ERROR - 2025-07-13 08:54:04 --> [ERROR] Undefined variable $data FCPATH/plugins/Accounting/index.php:243
ERROR - 2025-07-13 08:59:02 --> [ERROR] Undefined variable $data FCPATH/plugins/Accounting/index.php:243
ERROR - 2025-07-13 08:59:04 --> [ERROR] Undefined variable $data FCPATH/plugins/Accounting/index.php:243
ERROR - 2025-07-13 09:05:02 --> [ERROR] Undefined variable $data FCPATH/plugins/Accounting/index.php:243
ERROR - 2025-07-13 09:05:06 --> [ERROR] Undefined variable $data FCPATH/plugins/Accounting/index.php:243
ERROR - 2025-07-13 09:11:02 --> [ERROR] Undefined variable $data FCPATH/plugins/Accounting/index.php:243
ERROR - 2025-07-13 09:11:04 --> [ERROR] Undefined variable $data FCPATH/plugins/Accounting/index.php:243
ERROR - 2025-07-13 09:17:02 --> [ERROR] Undefined variable $data FCPATH/plugins/Accounting/index.php:243
ERROR - 2025-07-13 09:17:03 --> [ERROR] Undefined variable $data FCPATH/plugins/Accounting/index.php:243
ERROR - 2025-07-13 09:23:02 --> [ERROR] Undefined variable $data FCPATH/plugins/Accounting/index.php:243
ERROR - 2025-07-13 09:23:04 --> [ERROR] Undefined variable $data FCPATH/plugins/Accounting/index.php:243
ERROR - 2025-07-13 09:29:02 --> [ERROR] Undefined variable $data FCPATH/plugins/Accounting/index.php:243
ERROR - 2025-07-13 09:29:04 --> [ERROR] Undefined variable $data FCPATH/plugins/Accounting/index.php:243
ERROR - 2025-07-13 09:35:02 --> [ERROR] Undefined variable $data FCPATH/plugins/Accounting/index.php:243
ERROR - 2025-07-13 09:35:04 --> [ERROR] Undefined variable $data FCPATH/plugins/Accounting/index.php:243
ERROR - 2025-07-13 09:41:02 --> [ERROR] Undefined variable $data FCPATH/plugins/Accounting/index.php:243
ERROR - 2025-07-13 09:41:03 --> [ERROR] Undefined variable $data FCPATH/plugins/Accounting/index.php:243
ERROR - 2025-07-13 09:46:03 --> [ERROR] Undefined variable $data FCPATH/plugins/Accounting/index.php:243
ERROR - 2025-07-13 09:46:05 --> [ERROR] Undefined variable $data FCPATH/plugins/Accounting/index.php:243
ERROR - 2025-07-13 09:52:03 --> [ERROR] Undefined variable $data FCPATH/plugins/Accounting/index.php:243
ERROR - 2025-07-13 09:52:05 --> [ERROR] Undefined variable $data FCPATH/plugins/Accounting/index.php:243
ERROR - 2025-07-13 09:57:02 --> [ERROR] Undefined variable $data FCPATH/plugins/Accounting/index.php:243
ERROR - 2025-07-13 09:57:04 --> [ERROR] Undefined variable $data FCPATH/plugins/Accounting/index.php:243
ERROR - 2025-07-13 10:03:01 --> [ERROR] Undefined variable $data FCPATH/plugins/Accounting/index.php:243
ERROR - 2025-07-13 10:03:03 --> [ERROR] Undefined variable $data FCPATH/plugins/Accounting/index.php:243
ERROR - 2025-07-13 10:09:02 --> [ERROR] Undefined variable $data FCPATH/plugins/Accounting/index.php:243
ERROR - 2025-07-13 10:09:04 --> [ERROR] Undefined variable $data FCPATH/plugins/Accounting/index.php:243
ERROR - 2025-07-13 10:15:02 --> [ERROR] Undefined variable $data FCPATH/plugins/Accounting/index.php:243
ERROR - 2025-07-13 10:15:04 --> [ERROR] Undefined variable $data FCPATH/plugins/Accounting/index.php:243
ERROR - 2025-07-13 10:20:03 --> [ERROR] Undefined variable $data FCPATH/plugins/Accounting/index.php:243
ERROR - 2025-07-13 10:20:04 --> [ERROR] Undefined variable $data FCPATH/plugins/Accounting/index.php:243
ERROR - 2025-07-13 10:26:02 --> [ERROR] Undefined variable $data FCPATH/plugins/Accounting/index.php:243
ERROR - 2025-07-13 10:26:03 --> [ERROR] Undefined variable $data FCPATH/plugins/Accounting/index.php:243
ERROR - 2025-07-13 10:31:02 --> [ERROR] Undefined variable $data FCPATH/plugins/Accounting/index.php:243
ERROR - 2025-07-13 10:31:04 --> [ERROR] Undefined variable $data FCPATH/plugins/Accounting/index.php:243
ERROR - 2025-07-13 10:37:02 --> [ERROR] Undefined variable $data FCPATH/plugins/Accounting/index.php:243
ERROR - 2025-07-13 10:37:04 --> [ERROR] Undefined variable $data FCPATH/plugins/Accounting/index.php:269
ERROR - 2025-07-13 10:37:05 --> [ERROR] Undefined variable $data FCPATH/plugins/Accounting/index.php:243
ERROR - 2025-07-13 10:43:02 --> [ERROR] Undefined variable $data FCPATH/plugins/Accounting/index.php:243
ERROR - 2025-07-13 10:43:03 --> [ERROR] Undefined variable $data FCPATH/plugins/Accounting/index.php:243
ERROR - 2025-07-13 10:49:02 --> [ERROR] Undefined variable $data FCPATH/plugins/Accounting/index.php:243
ERROR - 2025-07-13 10:49:04 --> [ERROR] Undefined variable $data FCPATH/plugins/Accounting/index.php:243
ERROR - 2025-07-13 10:55:03 --> [ERROR] Undefined variable $data FCPATH/plugins/Accounting/index.php:243
ERROR - 2025-07-13 10:55:05 --> [ERROR] Undefined variable $data FCPATH/plugins/Accounting/index.php:243
ERROR - 2025-07-13 11:00:04 --> [ERROR] Undefined variable $data FCPATH/plugins/Accounting/index.php:243
ERROR - 2025-07-13 11:00:07 --> [ERROR] Undefined variable $data FCPATH/plugins/Accounting/index.php:243
ERROR - 2025-07-13 11:06:02 --> [ERROR] Undefined variable $data FCPATH/plugins/Accounting/index.php:243
ERROR - 2025-07-13 11:06:04 --> [ERROR] Undefined variable $data FCPATH/plugins/Accounting/index.php:243
ERROR - 2025-07-13 11:11:02 --> [ERROR] Undefined variable $data FCPATH/plugins/Accounting/index.php:243
ERROR - 2025-07-13 11:11:04 --> [ERROR] Undefined variable $data FCPATH/plugins/Accounting/index.php:243
ERROR - 2025-07-13 11:17:03 --> [ERROR] Undefined variable $data FCPATH/plugins/Accounting/index.php:243
ERROR - 2025-07-13 11:17:05 --> [ERROR] Undefined variable $data FCPATH/plugins/Accounting/index.php:243
ERROR - 2025-07-13 11:23:02 --> [ERROR] Undefined variable $data FCPATH/plugins/Accounting/index.php:243
ERROR - 2025-07-13 11:23:04 --> [ERROR] Undefined variable $data FCPATH/plugins/Accounting/index.php:243
ERROR - 2025-07-13 11:29:02 --> [ERROR] Undefined variable $data FCPATH/plugins/Accounting/index.php:243
ERROR - 2025-07-13 11:29:03 --> [ERROR] Undefined variable $data FCPATH/plugins/Accounting/index.php:269
ERROR - 2025-07-13 11:29:04 --> [ERROR] Undefined variable $data FCPATH/plugins/Accounting/index.php:243
ERROR - 2025-07-13 11:35:02 --> [ERROR] Undefined variable $data FCPATH/plugins/Accounting/index.php:243
ERROR - 2025-07-13 11:35:04 --> [ERROR] Undefined variable $data FCPATH/plugins/Accounting/index.php:243
ERROR - 2025-07-13 11:41:02 --> [ERROR] Undefined variable $data FCPATH/plugins/Accounting/index.php:243
ERROR - 2025-07-13 11:41:04 --> [ERROR] Undefined variable $data FCPATH/plugins/Accounting/index.php:243
ERROR - 2025-07-13 11:47:02 --> [ERROR] Undefined variable $data FCPATH/plugins/Accounting/index.php:243
ERROR - 2025-07-13 11:47:03 --> [ERROR] Undefined variable $data FCPATH/plugins/Accounting/index.php:243
ERROR - 2025-07-13 11:52:02 --> [ERROR] Undefined variable $data FCPATH/plugins/Accounting/index.php:243
ERROR - 2025-07-13 11:52:04 --> [ERROR] Undefined variable $data FCPATH/plugins/Accounting/index.php:243
ERROR - 2025-07-13 11:58:03 --> [ERROR] Undefined variable $data FCPATH/plugins/Accounting/index.php:243
ERROR - 2025-07-13 11:58:05 --> [ERROR] Undefined variable $data FCPATH/plugins/Accounting/index.php:243
ERROR - 2025-07-13 12:03:02 --> [ERROR] Undefined variable $data FCPATH/plugins/Accounting/index.php:243
ERROR - 2025-07-13 12:03:04 --> [ERROR] Undefined variable $data FCPATH/plugins/Accounting/index.php:243
ERROR - 2025-07-13 12:09:02 --> [ERROR] Undefined variable $data FCPATH/plugins/Accounting/index.php:243
ERROR - 2025-07-13 12:09:05 --> [ERROR] Undefined variable $data FCPATH/plugins/Accounting/index.php:243
ERROR - 2025-07-13 12:15:02 --> [ERROR] Undefined variable $data FCPATH/plugins/Accounting/index.php:243
ERROR - 2025-07-13 12:15:04 --> [ERROR] Undefined variable $data FCPATH/plugins/Accounting/index.php:243
ERROR - 2025-07-13 12:21:02 --> [ERROR] Undefined variable $data FCPATH/plugins/Accounting/index.php:243
ERROR - 2025-07-13 12:21:04 --> [ERROR] Undefined variable $data FCPATH/plugins/Accounting/index.php:269
ERROR - 2025-07-13 12:21:05 --> [ERROR] Undefined variable $data FCPATH/plugins/Accounting/index.php:243
ERROR - 2025-07-13 12:27:02 --> [ERROR] Undefined variable $data FCPATH/plugins/Accounting/index.php:243
ERROR - 2025-07-13 12:27:04 --> [ERROR] Undefined variable $data FCPATH/plugins/Accounting/index.php:243
ERROR - 2025-07-13 12:32:02 --> [ERROR] Undefined variable $data FCPATH/plugins/Accounting/index.php:243
ERROR - 2025-07-13 12:32:04 --> [ERROR] Undefined variable $data FCPATH/plugins/Accounting/index.php:243
ERROR - 2025-07-13 12:38:02 --> [ERROR] Undefined variable $data FCPATH/plugins/Accounting/index.php:243
ERROR - 2025-07-13 12:38:04 --> [ERROR] Undefined variable $data FCPATH/plugins/Accounting/index.php:269
ERROR - 2025-07-13 12:38:04 --> [ERROR] Undefined variable $data FCPATH/plugins/Accounting/index.php:243
ERROR - 2025-07-13 12:44:01 --> [ERROR] Undefined variable $data FCPATH/plugins/Accounting/index.php:243
ERROR - 2025-07-13 12:44:03 --> [ERROR] Undefined variable $data FCPATH/plugins/Accounting/index.php:243
ERROR - 2025-07-13 12:50:02 --> [ERROR] Undefined variable $data FCPATH/plugins/Accounting/index.php:243
ERROR - 2025-07-13 12:50:04 --> [ERROR] Undefined variable $data FCPATH/plugins/Accounting/index.php:243
ERROR - 2025-07-13 12:55:02 --> [ERROR] Undefined variable $data FCPATH/plugins/Accounting/index.php:243
ERROR - 2025-07-13 12:55:05 --> [ERROR] Undefined variable $data FCPATH/plugins/Accounting/index.php:243
ERROR - 2025-07-13 13:00:07 --> [ERROR] Undefined variable $data FCPATH/plugins/Accounting/index.php:243
ERROR - 2025-07-13 13:00:09 --> [ERROR] Undefined variable $data FCPATH/plugins/Accounting/index.php:243
ERROR - 2025-07-13 13:06:02 --> [ERROR] Undefined variable $data FCPATH/plugins/Accounting/index.php:243
ERROR - 2025-07-13 13:06:04 --> [ERROR] Undefined variable $data FCPATH/plugins/Accounting/index.php:269
ERROR - 2025-07-13 13:06:05 --> [ERROR] Undefined variable $data FCPATH/plugins/Accounting/index.php:269
ERROR - 2025-07-13 13:06:06 --> [ERROR] Undefined variable $data FCPATH/plugins/Accounting/index.php:243
ERROR - 2025-07-13 13:12:04 --> [ERROR] Undefined variable $data FCPATH/plugins/Accounting/index.php:243
ERROR - 2025-07-13 13:12:05 --> [ERROR] Undefined variable $data FCPATH/plugins/Accounting/index.php:269
ERROR - 2025-07-13 13:12:07 --> [ERROR] Undefined variable $data FCPATH/plugins/Accounting/index.php:243
ERROR - 2025-07-13 13:18:02 --> [ERROR] Undefined variable $data FCPATH/plugins/Accounting/index.php:243
ERROR - 2025-07-13 13:18:04 --> [ERROR] Undefined variable $data FCPATH/plugins/Accounting/index.php:243
ERROR - 2025-07-13 13:23:04 --> [ERROR] Undefined variable $data FCPATH/plugins/Accounting/index.php:243
ERROR - 2025-07-13 13:23:06 --> [ERROR] Undefined variable $data FCPATH/plugins/Accounting/index.php:243
ERROR - 2025-07-13 13:29:05 --> [ERROR] Undefined variable $data FCPATH/plugins/Accounting/index.php:243
ERROR - 2025-07-13 13:29:07 --> [ERROR] Undefined variable $data FCPATH/plugins/Accounting/index.php:243
ERROR - 2025-07-13 13:35:04 --> [ERROR] Undefined variable $data FCPATH/plugins/Accounting/index.php:243
ERROR - 2025-07-13 13:35:06 --> [ERROR] Undefined variable $data FCPATH/plugins/Accounting/index.php:269
ERROR - 2025-07-13 13:35:07 --> [ERROR] Undefined variable $data FCPATH/plugins/Accounting/index.php:243
ERROR - 2025-07-13 13:41:05 --> [ERROR] Undefined variable $data FCPATH/plugins/Accounting/index.php:243
ERROR - 2025-07-13 13:41:07 --> [ERROR] Undefined variable $data FCPATH/plugins/Accounting/index.php:269
ERROR - 2025-07-13 13:41:08 --> [ERROR] Undefined variable $data FCPATH/plugins/Accounting/index.php:243
ERROR - 2025-07-13 13:47:04 --> [ERROR] Undefined variable $data FCPATH/plugins/Accounting/index.php:243
ERROR - 2025-07-13 13:47:06 --> [ERROR] Undefined variable $data FCPATH/plugins/Accounting/index.php:243
ERROR - 2025-07-13 13:52:04 --> [ERROR] Undefined variable $data FCPATH/plugins/Accounting/index.php:243
ERROR - 2025-07-13 13:52:08 --> [ERROR] Undefined variable $data FCPATH/plugins/Accounting/index.php:243
ERROR - 2025-07-13 13:58:03 --> [ERROR] Undefined variable $data FCPATH/plugins/Accounting/index.php:243
ERROR - 2025-07-13 13:58:06 --> [ERROR] Undefined variable $data FCPATH/plugins/Accounting/index.php:243
ERROR - 2025-07-13 14:04:05 --> [ERROR] Undefined variable $data FCPATH/plugins/Accounting/index.php:243
ERROR - 2025-07-13 14:04:08 --> [ERROR] Undefined variable $data FCPATH/plugins/Accounting/index.php:243
ERROR - 2025-07-13 14:09:04 --> [ERROR] Undefined variable $data FCPATH/plugins/Accounting/index.php:243
ERROR - 2025-07-13 14:09:06 --> [ERROR] Undefined variable $data FCPATH/plugins/Accounting/index.php:243
ERROR - 2025-07-13 14:15:04 --> [ERROR] Undefined variable $data FCPATH/plugins/Accounting/index.php:243
ERROR - 2025-07-13 14:15:06 --> [ERROR] Undefined variable $data FCPATH/plugins/Accounting/index.php:269
ERROR - 2025-07-13 14:15:06 --> [ERROR] Undefined variable $data FCPATH/plugins/Accounting/index.php:243
ERROR - 2025-07-13 14:21:02 --> [ERROR] Undefined variable $data FCPATH/plugins/Accounting/index.php:243
ERROR - 2025-07-13 14:21:04 --> [ERROR] Undefined variable $data FCPATH/plugins/Accounting/index.php:243
ERROR - 2025-07-13 14:27:02 --> [ERROR] Undefined variable $data FCPATH/plugins/Accounting/index.php:243
ERROR - 2025-07-13 14:27:04 --> [ERROR] Undefined variable $data FCPATH/plugins/Accounting/index.php:243
ERROR - 2025-07-13 14:33:02 --> [ERROR] Undefined variable $data FCPATH/plugins/Accounting/index.php:243
ERROR - 2025-07-13 14:33:04 --> [ERROR] Undefined variable $data FCPATH/plugins/Accounting/index.php:269
ERROR - 2025-07-13 14:33:05 --> [ERROR] Undefined variable $data FCPATH/plugins/Accounting/index.php:243
ERROR - 2025-07-13 14:39:02 --> [ERROR] Undefined variable $data FCPATH/plugins/Accounting/index.php:243
ERROR - 2025-07-13 14:39:04 --> [ERROR] Undefined variable $data FCPATH/plugins/Accounting/index.php:269
ERROR - 2025-07-13 14:39:05 --> [ERROR] Undefined variable $data FCPATH/plugins/Accounting/index.php:243
ERROR - 2025-07-13 14:45:02 --> [ERROR] Undefined variable $data FCPATH/plugins/Accounting/index.php:243
ERROR - 2025-07-13 14:45:04 --> [ERROR] Undefined variable $data FCPATH/plugins/Accounting/index.php:243
ERROR - 2025-07-13 14:51:02 --> [ERROR] Undefined variable $data FCPATH/plugins/Accounting/index.php:243
ERROR - 2025-07-13 14:51:04 --> [ERROR] Undefined variable $data FCPATH/plugins/Accounting/index.php:243
ERROR - 2025-07-13 14:57:02 --> [ERROR] Undefined variable $data FCPATH/plugins/Accounting/index.php:243
ERROR - 2025-07-13 14:57:04 --> [ERROR] Undefined variable $data FCPATH/plugins/Accounting/index.php:243
ERROR - 2025-07-13 15:03:02 --> [ERROR] Undefined variable $data FCPATH/plugins/Accounting/index.php:243
ERROR - 2025-07-13 15:03:04 --> [ERROR] Undefined variable $data FCPATH/plugins/Accounting/index.php:243
ERROR - 2025-07-13 15:09:04 --> [ERROR] Undefined variable $data FCPATH/plugins/Accounting/index.php:243
ERROR - 2025-07-13 15:09:06 --> [ERROR] Undefined variable $data FCPATH/plugins/Accounting/index.php:243
ERROR - 2025-07-13 15:15:03 --> [ERROR] Undefined variable $data FCPATH/plugins/Accounting/index.php:243
ERROR - 2025-07-13 15:15:04 --> [ERROR] Undefined variable $data FCPATH/plugins/Accounting/index.php:243
ERROR - 2025-07-13 15:21:02 --> [ERROR] Undefined variable $data FCPATH/plugins/Accounting/index.php:243
ERROR - 2025-07-13 15:21:03 --> [ERROR] Undefined variable $data FCPATH/plugins/Accounting/index.php:243
ERROR - 2025-07-13 15:26:03 --> [ERROR] Undefined variable $data FCPATH/plugins/Accounting/index.php:243
ERROR - 2025-07-13 15:26:06 --> [ERROR] Undefined variable $data FCPATH/plugins/Accounting/index.php:243
ERROR - 2025-07-13 15:32:02 --> [ERROR] Undefined variable $data FCPATH/plugins/Accounting/index.php:243
ERROR - 2025-07-13 15:32:03 --> [ERROR] Undefined variable $data FCPATH/plugins/Accounting/index.php:269
ERROR - 2025-07-13 15:32:03 --> [ERROR] Undefined variable $data FCPATH/plugins/Accounting/index.php:269
ERROR - 2025-07-13 15:32:04 --> [ERROR] Undefined variable $data FCPATH/plugins/Accounting/index.php:269
ERROR - 2025-07-13 15:32:04 --> [ERROR] Undefined variable $data FCPATH/plugins/Accounting/index.php:269
ERROR - 2025-07-13 15:32:04 --> [ERROR] Undefined variable $data FCPATH/plugins/Accounting/index.php:269
ERROR - 2025-07-13 15:32:05 --> [ERROR] Undefined variable $data FCPATH/plugins/Accounting/index.php:269
ERROR - 2025-07-13 15:32:05 --> [ERROR] Undefined variable $data FCPATH/plugins/Accounting/index.php:269
ERROR - 2025-07-13 15:32:05 --> [ERROR] Undefined variable $data FCPATH/plugins/Accounting/index.php:269
ERROR - 2025-07-13 15:32:06 --> [ERROR] Undefined variable $data FCPATH/plugins/Accounting/index.php:269
ERROR - 2025-07-13 15:32:06 --> [ERROR] Undefined variable $data FCPATH/plugins/Accounting/index.php:269
ERROR - 2025-07-13 15:32:06 --> [ERROR] Undefined variable $data FCPATH/plugins/Accounting/index.php:269
ERROR - 2025-07-13 15:32:07 --> [ERROR] Undefined variable $data FCPATH/plugins/Accounting/index.php:243
ERROR - 2025-07-13 15:37:02 --> [ERROR] Undefined variable $data FCPATH/plugins/Accounting/index.php:243
ERROR - 2025-07-13 15:37:04 --> [ERROR] Undefined variable $data FCPATH/plugins/Accounting/index.php:243
ERROR - 2025-07-13 15:43:02 --> [ERROR] Undefined variable $data FCPATH/plugins/Accounting/index.php:243
ERROR - 2025-07-13 15:43:04 --> [ERROR] Undefined variable $data FCPATH/plugins/Accounting/index.php:243
ERROR - 2025-07-13 15:49:02 --> [ERROR] Undefined variable $data FCPATH/plugins/Accounting/index.php:243
ERROR - 2025-07-13 15:49:03 --> [ERROR] Undefined variable $data FCPATH/plugins/Accounting/index.php:243
ERROR - 2025-07-13 15:54:02 --> [ERROR] Undefined variable $data FCPATH/plugins/Accounting/index.php:243
ERROR - 2025-07-13 15:54:04 --> [ERROR] Undefined variable $data FCPATH/plugins/Accounting/index.php:243
ERROR - 2025-07-13 16:00:03 --> [ERROR] Undefined variable $data FCPATH/plugins/Accounting/index.php:243
ERROR - 2025-07-13 16:00:05 --> [ERROR] Undefined variable $data FCPATH/plugins/Accounting/index.php:243
ERROR - 2025-07-13 16:06:02 --> [ERROR] Undefined variable $data FCPATH/plugins/Accounting/index.php:243
ERROR - 2025-07-13 16:06:03 --> [ERROR] Undefined variable $data FCPATH/plugins/Accounting/index.php:269
ERROR - 2025-07-13 16:06:03 --> [ERROR] Undefined variable $data FCPATH/plugins/Accounting/index.php:269
ERROR - 2025-07-13 16:06:04 --> [ERROR] Undefined variable $data FCPATH/plugins/Accounting/index.php:269
ERROR - 2025-07-13 16:06:05 --> [ERROR] Undefined variable $data FCPATH/plugins/Accounting/index.php:243
ERROR - 2025-07-13 16:11:03 --> [ERROR] Undefined variable $data FCPATH/plugins/Accounting/index.php:243
ERROR - 2025-07-13 16:11:05 --> [ERROR] Undefined variable $data FCPATH/plugins/Accounting/index.php:243
ERROR - 2025-07-13 16:17:01 --> [ERROR] Undefined variable $data FCPATH/plugins/Accounting/index.php:243
ERROR - 2025-07-13 16:17:03 --> [ERROR] Undefined variable $data FCPATH/plugins/Accounting/index.php:243
ERROR - 2025-07-13 16:22:03 --> [ERROR] Undefined variable $data FCPATH/plugins/Accounting/index.php:243
ERROR - 2025-07-13 16:22:05 --> [ERROR] Undefined variable $data FCPATH/plugins/Accounting/index.php:243
ERROR - 2025-07-13 16:28:02 --> [ERROR] Undefined variable $data FCPATH/plugins/Accounting/index.php:243
ERROR - 2025-07-13 16:28:04 --> [ERROR] Undefined variable $data FCPATH/plugins/Accounting/index.php:243
ERROR - 2025-07-13 16:33:02 --> [ERROR] Undefined variable $data FCPATH/plugins/Accounting/index.php:243
ERROR - 2025-07-13 16:33:04 --> [ERROR] Undefined variable $data FCPATH/plugins/Accounting/index.php:243
ERROR - 2025-07-13 16:39:02 --> [ERROR] Undefined variable $data FCPATH/plugins/Accounting/index.php:243
ERROR - 2025-07-13 16:39:04 --> [ERROR] Undefined variable $data FCPATH/plugins/Accounting/index.php:243
ERROR - 2025-07-13 16:45:02 --> [ERROR] Undefined variable $data FCPATH/plugins/Accounting/index.php:243
ERROR - 2025-07-13 16:45:04 --> [ERROR] Undefined variable $data FCPATH/plugins/Accounting/index.php:243
ERROR - 2025-07-13 16:51:02 --> [ERROR] Undefined variable $data FCPATH/plugins/Accounting/index.php:243
ERROR - 2025-07-13 16:51:04 --> [ERROR] Undefined variable $data FCPATH/plugins/Accounting/index.php:243
ERROR - 2025-07-13 16:57:02 --> [ERROR] Undefined variable $data FCPATH/plugins/Accounting/index.php:243
ERROR - 2025-07-13 16:57:04 --> [ERROR] Undefined variable $data FCPATH/plugins/Accounting/index.php:243
ERROR - 2025-07-13 17:02:02 --> [ERROR] Undefined variable $data FCPATH/plugins/Accounting/index.php:243
ERROR - 2025-07-13 17:02:04 --> [ERROR] Undefined variable $data FCPATH/plugins/Accounting/index.php:243
ERROR - 2025-07-13 17:08:02 --> [ERROR] Undefined variable $data FCPATH/plugins/Accounting/index.php:243
ERROR - 2025-07-13 17:08:04 --> [ERROR] Undefined variable $data FCPATH/plugins/Accounting/index.php:269
ERROR - 2025-07-13 17:08:04 --> [ERROR] Undefined variable $data FCPATH/plugins/Accounting/index.php:243
ERROR - 2025-07-13 17:14:04 --> [ERROR] Undefined variable $data FCPATH/plugins/Accounting/index.php:243
ERROR - 2025-07-13 17:14:06 --> [ERROR] Undefined variable $data FCPATH/plugins/Accounting/index.php:243
ERROR - 2025-07-13 17:20:02 --> [ERROR] Undefined variable $data FCPATH/plugins/Accounting/index.php:243
ERROR - 2025-07-13 17:20:04 --> [ERROR] Undefined variable $data FCPATH/plugins/Accounting/index.php:243
ERROR - 2025-07-13 17:26:01 --> [ERROR] Undefined variable $data FCPATH/plugins/Accounting/index.php:243
ERROR - 2025-07-13 17:26:03 --> [ERROR] Undefined variable $data FCPATH/plugins/Accounting/index.php:243
WARNING - 2025-07-13 17:30:04 --> [DEPRECATED] Optional parameter $id declared before required parameter $is_reminder is implicitly treated as a required parameter in APPPATH/Controllers/Events.php on line 344.
 1 SYSTEMPATH/Autoloader/Autoloader.php(317): include_once('/home3/appnaros/public_html/sistema/system/Debug/Exceptions.php')
 2 SYSTEMPATH/Autoloader/Autoloader.php(296): CodeIgniter\Autoloader\Autoloader->includeFile('/home3/appnaros/public_html/sistema/app/Controllers/Events.php')
 3 SYSTEMPATH/Autoloader/Autoloader.php(272): CodeIgniter\Autoloader\Autoloader->loadInNamespace('App\\Controllers\\Events')
 4 [internal function]: CodeIgniter\Autoloader\Autoloader->loadClass('App\\Controllers\\Events')
 5 SYSTEMPATH/CodeIgniter.php(887): class_exists('\\App\\Controllers\\Events', true)
 6 SYSTEMPATH/CodeIgniter.php(496): CodeIgniter\CodeIgniter->startController()
 7 SYSTEMPATH/CodeIgniter.php(355): CodeIgniter\CodeIgniter->handleRequest(null, Object(Config\Cache), false)
 8 SYSTEMPATH/Boot.php(325): CodeIgniter\CodeIgniter->run()
 9 SYSTEMPATH/Boot.php(67): CodeIgniter\Boot::runCodeIgniter(Object(CodeIgniter\CodeIgniter))
10 FCPATH/index.php(149): CodeIgniter\Boot::bootWeb(Object(Config\Paths))
ERROR - 2025-07-13 17:32:02 --> [ERROR] Undefined variable $data FCPATH/plugins/Accounting/index.php:243
ERROR - 2025-07-13 17:32:03 --> [ERROR] Undefined variable $data FCPATH/plugins/Accounting/index.php:243
ERROR - 2025-07-13 17:37:02 --> [ERROR] Undefined variable $data FCPATH/plugins/Accounting/index.php:243
ERROR - 2025-07-13 17:37:04 --> [ERROR] Undefined variable $data FCPATH/plugins/Accounting/index.php:269
ERROR - 2025-07-13 17:37:04 --> [ERROR] Undefined variable $data FCPATH/plugins/Accounting/index.php:243
ERROR - 2025-07-13 17:43:02 --> [ERROR] Undefined variable $data FCPATH/plugins/Accounting/index.php:243
ERROR - 2025-07-13 17:43:04 --> [ERROR] Undefined variable $data FCPATH/plugins/Accounting/index.php:243
ERROR - 2025-07-13 17:48:02 --> [ERROR] Undefined variable $data FCPATH/plugins/Accounting/index.php:243
ERROR - 2025-07-13 17:48:04 --> [ERROR] Undefined variable $data FCPATH/plugins/Accounting/index.php:243
ERROR - 2025-07-13 17:54:02 --> [ERROR] Undefined variable $data FCPATH/plugins/Accounting/index.php:243
ERROR - 2025-07-13 17:54:04 --> [ERROR] Undefined variable $data FCPATH/plugins/Accounting/index.php:243
ERROR - 2025-07-13 17:59:02 --> [ERROR] Undefined variable $data FCPATH/plugins/Accounting/index.php:243
ERROR - 2025-07-13 17:59:04 --> [ERROR] Undefined variable $data FCPATH/plugins/Accounting/index.php:243
ERROR - 2025-07-13 18:05:03 --> [ERROR] Undefined variable $data FCPATH/plugins/Accounting/index.php:243
ERROR - 2025-07-13 18:05:04 --> [ERROR] Undefined variable $data FCPATH/plugins/Accounting/index.php:243
ERROR - 2025-07-13 18:11:02 --> [ERROR] Undefined variable $data FCPATH/plugins/Accounting/index.php:243
ERROR - 2025-07-13 18:11:04 --> [ERROR] Undefined variable $data FCPATH/plugins/Accounting/index.php:243
ERROR - 2025-07-13 18:17:03 --> [ERROR] Undefined variable $data FCPATH/plugins/Accounting/index.php:243
ERROR - 2025-07-13 18:17:06 --> [ERROR] Undefined variable $data FCPATH/plugins/Accounting/index.php:243
ERROR - 2025-07-13 18:23:02 --> [ERROR] Undefined variable $data FCPATH/plugins/Accounting/index.php:243
ERROR - 2025-07-13 18:23:04 --> [ERROR] Undefined variable $data FCPATH/plugins/Accounting/index.php:243
ERROR - 2025-07-13 18:29:02 --> [ERROR] Undefined variable $data FCPATH/plugins/Accounting/index.php:243
ERROR - 2025-07-13 18:29:04 --> [ERROR] Undefined variable $data FCPATH/plugins/Accounting/index.php:243
ERROR - 2025-07-13 18:35:02 --> [ERROR] Undefined variable $data FCPATH/plugins/Accounting/index.php:243
ERROR - 2025-07-13 18:35:03 --> [ERROR] Undefined variable $data FCPATH/plugins/Accounting/index.php:269
ERROR - 2025-07-13 18:35:04 --> [ERROR] Undefined variable $data FCPATH/plugins/Accounting/index.php:243
ERROR - 2025-07-13 18:40:03 --> [ERROR] Undefined variable $data FCPATH/plugins/Accounting/index.php:243
ERROR - 2025-07-13 18:40:05 --> [ERROR] Undefined variable $data FCPATH/plugins/Accounting/index.php:243
ERROR - 2025-07-13 18:46:02 --> [ERROR] Undefined variable $data FCPATH/plugins/Accounting/index.php:243
ERROR - 2025-07-13 18:46:04 --> [ERROR] Undefined variable $data FCPATH/plugins/Accounting/index.php:243
ERROR - 2025-07-13 18:51:02 --> [ERROR] Undefined variable $data FCPATH/plugins/Accounting/index.php:243
ERROR - 2025-07-13 18:51:04 --> [ERROR] Undefined variable $data FCPATH/plugins/Accounting/index.php:243
ERROR - 2025-07-13 18:57:02 --> [ERROR] Undefined variable $data FCPATH/plugins/Accounting/index.php:243
ERROR - 2025-07-13 18:57:03 --> [ERROR] Undefined variable $data FCPATH/plugins/Accounting/index.php:243
ERROR - 2025-07-13 19:02:02 --> [ERROR] Undefined variable $data FCPATH/plugins/Accounting/index.php:243
ERROR - 2025-07-13 19:02:04 --> [ERROR] Undefined variable $data FCPATH/plugins/Accounting/index.php:243
WARNING - 2025-07-13 19:03:40 --> [DEPRECATED] Optional parameter $id declared before required parameter $is_reminder is implicitly treated as a required parameter in APPPATH/Controllers/Events.php on line 344.
 1 SYSTEMPATH/Autoloader/Autoloader.php(317): include_once('/home3/appnaros/public_html/sistema/system/Debug/Exceptions.php')
 2 SYSTEMPATH/Autoloader/Autoloader.php(296): CodeIgniter\Autoloader\Autoloader->includeFile('/home3/appnaros/public_html/sistema/app/Controllers/Events.php')
 3 SYSTEMPATH/Autoloader/Autoloader.php(272): CodeIgniter\Autoloader\Autoloader->loadInNamespace('App\\Controllers\\Events')
 4 [internal function]: CodeIgniter\Autoloader\Autoloader->loadClass('App\\Controllers\\Events')
 5 SYSTEMPATH/CodeIgniter.php(887): class_exists('\\App\\Controllers\\Events', true)
 6 SYSTEMPATH/CodeIgniter.php(496): CodeIgniter\CodeIgniter->startController()
 7 SYSTEMPATH/CodeIgniter.php(355): CodeIgniter\CodeIgniter->handleRequest(null, Object(Config\Cache), false)
 8 SYSTEMPATH/Boot.php(325): CodeIgniter\CodeIgniter->run()
 9 SYSTEMPATH/Boot.php(67): CodeIgniter\Boot::runCodeIgniter(Object(CodeIgniter\CodeIgniter))
10 FCPATH/index.php(149): CodeIgniter\Boot::bootWeb(Object(Config\Paths))
WARNING - 2025-07-13 19:04:03 --> [DEPRECATED] Optional parameter $id declared before required parameter $is_reminder is implicitly treated as a required parameter in APPPATH/Controllers/Events.php on line 344.
 1 SYSTEMPATH/Autoloader/Autoloader.php(317): include_once('/home3/appnaros/public_html/sistema/system/Debug/Exceptions.php')
 2 SYSTEMPATH/Autoloader/Autoloader.php(296): CodeIgniter\Autoloader\Autoloader->includeFile('/home3/appnaros/public_html/sistema/app/Controllers/Events.php')
 3 SYSTEMPATH/Autoloader/Autoloader.php(272): CodeIgniter\Autoloader\Autoloader->loadInNamespace('App\\Controllers\\Events')
 4 [internal function]: CodeIgniter\Autoloader\Autoloader->loadClass('App\\Controllers\\Events')
 5 SYSTEMPATH/CodeIgniter.php(887): class_exists('\\App\\Controllers\\Events', true)
 6 SYSTEMPATH/CodeIgniter.php(496): CodeIgniter\CodeIgniter->startController()
 7 SYSTEMPATH/CodeIgniter.php(355): CodeIgniter\CodeIgniter->handleRequest(null, Object(Config\Cache), false)
 8 SYSTEMPATH/Boot.php(325): CodeIgniter\CodeIgniter->run()
 9 SYSTEMPATH/Boot.php(67): CodeIgniter\Boot::runCodeIgniter(Object(CodeIgniter\CodeIgniter))
10 FCPATH/index.php(149): CodeIgniter\Boot::bootWeb(Object(Config\Paths))
WARNING - 2025-07-13 19:04:13 --> [DEPRECATED] Optional parameter $id declared before required parameter $is_reminder is implicitly treated as a required parameter in APPPATH/Controllers/Events.php on line 344.
 1 SYSTEMPATH/Autoloader/Autoloader.php(317): include_once('/home3/appnaros/public_html/sistema/system/Debug/Exceptions.php')
 2 SYSTEMPATH/Autoloader/Autoloader.php(296): CodeIgniter\Autoloader\Autoloader->includeFile('/home3/appnaros/public_html/sistema/app/Controllers/Events.php')
 3 SYSTEMPATH/Autoloader/Autoloader.php(272): CodeIgniter\Autoloader\Autoloader->loadInNamespace('App\\Controllers\\Events')
 4 [internal function]: CodeIgniter\Autoloader\Autoloader->loadClass('App\\Controllers\\Events')
 5 SYSTEMPATH/CodeIgniter.php(887): class_exists('\\App\\Controllers\\Events', true)
 6 SYSTEMPATH/CodeIgniter.php(496): CodeIgniter\CodeIgniter->startController()
 7 SYSTEMPATH/CodeIgniter.php(355): CodeIgniter\CodeIgniter->handleRequest(null, Object(Config\Cache), false)
 8 SYSTEMPATH/Boot.php(325): CodeIgniter\CodeIgniter->run()
 9 SYSTEMPATH/Boot.php(67): CodeIgniter\Boot::runCodeIgniter(Object(CodeIgniter\CodeIgniter))
10 FCPATH/index.php(149): CodeIgniter\Boot::bootWeb(Object(Config\Paths))
WARNING - 2025-07-13 19:04:15 --> [DEPRECATED] Optional parameter $id declared before required parameter $is_reminder is implicitly treated as a required parameter in APPPATH/Controllers/Events.php on line 344.
 1 SYSTEMPATH/Autoloader/Autoloader.php(317): include_once('/home3/appnaros/public_html/sistema/system/Debug/Exceptions.php')
 2 SYSTEMPATH/Autoloader/Autoloader.php(296): CodeIgniter\Autoloader\Autoloader->includeFile('/home3/appnaros/public_html/sistema/app/Controllers/Events.php')
 3 SYSTEMPATH/Autoloader/Autoloader.php(272): CodeIgniter\Autoloader\Autoloader->loadInNamespace('App\\Controllers\\Events')
 4 [internal function]: CodeIgniter\Autoloader\Autoloader->loadClass('App\\Controllers\\Events')
 5 SYSTEMPATH/CodeIgniter.php(887): class_exists('\\App\\Controllers\\Events', true)
 6 SYSTEMPATH/CodeIgniter.php(496): CodeIgniter\CodeIgniter->startController()
 7 SYSTEMPATH/CodeIgniter.php(355): CodeIgniter\CodeIgniter->handleRequest(null, Object(Config\Cache), false)
 8 SYSTEMPATH/Boot.php(325): CodeIgniter\CodeIgniter->run()
 9 SYSTEMPATH/Boot.php(67): CodeIgniter\Boot::runCodeIgniter(Object(CodeIgniter\CodeIgniter))
10 FCPATH/index.php(149): CodeIgniter\Boot::bootWeb(Object(Config\Paths))
ERROR - 2025-07-13 19:04:29 --> [ERROR] Undefined variable $data FCPATH/plugins/Accounting/index.php:269
ERROR - 2025-07-13 19:04:29 --> [ERROR] Undefined variable $data FCPATH/plugins/Accounting/index.php:243
WARNING - 2025-07-13 19:04:42 --> [DEPRECATED] Optional parameter $id declared before required parameter $is_reminder is implicitly treated as a required parameter in APPPATH/Controllers/Events.php on line 344.
 1 SYSTEMPATH/Autoloader/Autoloader.php(317): include_once('/home3/appnaros/public_html/sistema/system/Debug/Exceptions.php')
 2 SYSTEMPATH/Autoloader/Autoloader.php(296): CodeIgniter\Autoloader\Autoloader->includeFile('/home3/appnaros/public_html/sistema/app/Controllers/Events.php')
 3 SYSTEMPATH/Autoloader/Autoloader.php(272): CodeIgniter\Autoloader\Autoloader->loadInNamespace('App\\Controllers\\Events')
 4 [internal function]: CodeIgniter\Autoloader\Autoloader->loadClass('App\\Controllers\\Events')
 5 SYSTEMPATH/CodeIgniter.php(887): class_exists('\\App\\Controllers\\Events', true)
 6 SYSTEMPATH/CodeIgniter.php(496): CodeIgniter\CodeIgniter->startController()
 7 SYSTEMPATH/CodeIgniter.php(355): CodeIgniter\CodeIgniter->handleRequest(null, Object(Config\Cache), false)
 8 SYSTEMPATH/Boot.php(325): CodeIgniter\CodeIgniter->run()
 9 SYSTEMPATH/Boot.php(67): CodeIgniter\Boot::runCodeIgniter(Object(CodeIgniter\CodeIgniter))
10 FCPATH/index.php(149): CodeIgniter\Boot::bootWeb(Object(Config\Paths))
WARNING - 2025-07-13 19:04:48 --> [DEPRECATED] Optional parameter $id declared before required parameter $is_reminder is implicitly treated as a required parameter in APPPATH/Controllers/Events.php on line 344.
 1 SYSTEMPATH/Autoloader/Autoloader.php(317): include_once('/home3/appnaros/public_html/sistema/system/Debug/Exceptions.php')
 2 SYSTEMPATH/Autoloader/Autoloader.php(296): CodeIgniter\Autoloader\Autoloader->includeFile('/home3/appnaros/public_html/sistema/app/Controllers/Events.php')
 3 SYSTEMPATH/Autoloader/Autoloader.php(272): CodeIgniter\Autoloader\Autoloader->loadInNamespace('App\\Controllers\\Events')
 4 [internal function]: CodeIgniter\Autoloader\Autoloader->loadClass('App\\Controllers\\Events')
 5 SYSTEMPATH/CodeIgniter.php(887): class_exists('\\App\\Controllers\\Events', true)
 6 SYSTEMPATH/CodeIgniter.php(496): CodeIgniter\CodeIgniter->startController()
 7 SYSTEMPATH/CodeIgniter.php(355): CodeIgniter\CodeIgniter->handleRequest(null, Object(Config\Cache), false)
 8 SYSTEMPATH/Boot.php(325): CodeIgniter\CodeIgniter->run()
 9 SYSTEMPATH/Boot.php(67): CodeIgniter\Boot::runCodeIgniter(Object(CodeIgniter\CodeIgniter))
10 FCPATH/index.php(149): CodeIgniter\Boot::bootWeb(Object(Config\Paths))
WARNING - 2025-07-13 19:04:53 --> [DEPRECATED] Optional parameter $id declared before required parameter $is_reminder is implicitly treated as a required parameter in APPPATH/Controllers/Events.php on line 344.
 1 SYSTEMPATH/Autoloader/Autoloader.php(317): include_once('/home3/appnaros/public_html/sistema/system/Debug/Exceptions.php')
 2 SYSTEMPATH/Autoloader/Autoloader.php(296): CodeIgniter\Autoloader\Autoloader->includeFile('/home3/appnaros/public_html/sistema/app/Controllers/Events.php')
 3 SYSTEMPATH/Autoloader/Autoloader.php(272): CodeIgniter\Autoloader\Autoloader->loadInNamespace('App\\Controllers\\Events')
 4 [internal function]: CodeIgniter\Autoloader\Autoloader->loadClass('App\\Controllers\\Events')
 5 SYSTEMPATH/CodeIgniter.php(887): class_exists('\\App\\Controllers\\Events', true)
 6 SYSTEMPATH/CodeIgniter.php(496): CodeIgniter\CodeIgniter->startController()
 7 SYSTEMPATH/CodeIgniter.php(355): CodeIgniter\CodeIgniter->handleRequest(null, Object(Config\Cache), false)
 8 SYSTEMPATH/Boot.php(325): CodeIgniter\CodeIgniter->run()
 9 SYSTEMPATH/Boot.php(67): CodeIgniter\Boot::runCodeIgniter(Object(CodeIgniter\CodeIgniter))
10 FCPATH/index.php(149): CodeIgniter\Boot::bootWeb(Object(Config\Paths))
WARNING - 2025-07-13 19:04:55 --> [DEPRECATED] Optional parameter $id declared before required parameter $is_reminder is implicitly treated as a required parameter in APPPATH/Controllers/Events.php on line 344.
 1 SYSTEMPATH/Autoloader/Autoloader.php(317): include_once('/home3/appnaros/public_html/sistema/system/Debug/Exceptions.php')
 2 SYSTEMPATH/Autoloader/Autoloader.php(296): CodeIgniter\Autoloader\Autoloader->includeFile('/home3/appnaros/public_html/sistema/app/Controllers/Events.php')
 3 SYSTEMPATH/Autoloader/Autoloader.php(272): CodeIgniter\Autoloader\Autoloader->loadInNamespace('App\\Controllers\\Events')
 4 [internal function]: CodeIgniter\Autoloader\Autoloader->loadClass('App\\Controllers\\Events')
 5 SYSTEMPATH/CodeIgniter.php(887): class_exists('\\App\\Controllers\\Events', true)
 6 SYSTEMPATH/CodeIgniter.php(496): CodeIgniter\CodeIgniter->startController()
 7 SYSTEMPATH/CodeIgniter.php(355): CodeIgniter\CodeIgniter->handleRequest(null, Object(Config\Cache), false)
 8 SYSTEMPATH/Boot.php(325): CodeIgniter\CodeIgniter->run()
 9 SYSTEMPATH/Boot.php(67): CodeIgniter\Boot::runCodeIgniter(Object(CodeIgniter\CodeIgniter))
10 FCPATH/index.php(149): CodeIgniter\Boot::bootWeb(Object(Config\Paths))
ERROR - 2025-07-13 19:04:58 --> [ERROR] Undefined variable $data FCPATH/plugins/Accounting/index.php:269
ERROR - 2025-07-13 19:04:58 --> [ERROR] Undefined variable $data FCPATH/plugins/Accounting/index.php:243
ERROR - 2025-07-13 19:08:02 --> [ERROR] Undefined variable $data FCPATH/plugins/Accounting/index.php:243
ERROR - 2025-07-13 19:08:03 --> [ERROR] Undefined variable $data FCPATH/plugins/Accounting/index.php:243
ERROR - 2025-07-13 19:13:02 --> [ERROR] Undefined variable $data FCPATH/plugins/Accounting/index.php:243
ERROR - 2025-07-13 19:13:04 --> [ERROR] Undefined variable $data FCPATH/plugins/Accounting/index.php:243
ERROR - 2025-07-13 19:19:03 --> [ERROR] Undefined variable $data FCPATH/plugins/Accounting/index.php:243
ERROR - 2025-07-13 19:19:05 --> [ERROR] Undefined variable $data FCPATH/plugins/Accounting/index.php:269
ERROR - 2025-07-13 19:19:05 --> [ERROR] Undefined variable $data FCPATH/plugins/Accounting/index.php:243
ERROR - 2025-07-13 19:25:03 --> [ERROR] Undefined variable $data FCPATH/plugins/Accounting/index.php:243
ERROR - 2025-07-13 19:25:04 --> [ERROR] Undefined variable $data FCPATH/plugins/Accounting/index.php:243
ERROR - 2025-07-13 19:31:02 --> [ERROR] Undefined variable $data FCPATH/plugins/Accounting/index.php:243
ERROR - 2025-07-13 19:31:04 --> [ERROR] Undefined variable $data FCPATH/plugins/Accounting/index.php:243
ERROR - 2025-07-13 19:37:02 --> [ERROR] Undefined variable $data FCPATH/plugins/Accounting/index.php:243
ERROR - 2025-07-13 19:37:03 --> [ERROR] Undefined variable $data FCPATH/plugins/Accounting/index.php:269
ERROR - 2025-07-13 19:37:04 --> [ERROR] Undefined variable $data FCPATH/plugins/Accounting/index.php:243
ERROR - 2025-07-13 19:42:03 --> [ERROR] Undefined variable $data FCPATH/plugins/Accounting/index.php:243
ERROR - 2025-07-13 19:42:05 --> [ERROR] Undefined variable $data FCPATH/plugins/Accounting/index.php:243
ERROR - 2025-07-13 19:48:02 --> [ERROR] Undefined variable $data FCPATH/plugins/Accounting/index.php:243
ERROR - 2025-07-13 19:48:03 --> [ERROR] Undefined variable $data FCPATH/plugins/Accounting/index.php:243
ERROR - 2025-07-13 19:53:02 --> [ERROR] Undefined variable $data FCPATH/plugins/Accounting/index.php:243
ERROR - 2025-07-13 19:53:04 --> [ERROR] Undefined variable $data FCPATH/plugins/Accounting/index.php:243
ERROR - 2025-07-13 19:59:02 --> [ERROR] Undefined variable $data FCPATH/plugins/Accounting/index.php:243
ERROR - 2025-07-13 19:59:04 --> [ERROR] Undefined variable $data FCPATH/plugins/Accounting/index.php:243
ERROR - 2025-07-13 20:05:02 --> [ERROR] Undefined variable $data FCPATH/plugins/Accounting/index.php:243
ERROR - 2025-07-13 20:05:04 --> [ERROR] Undefined variable $data FCPATH/plugins/Accounting/index.php:243
ERROR - 2025-07-13 20:10:02 --> [ERROR] Undefined variable $data FCPATH/plugins/Accounting/index.php:243
ERROR - 2025-07-13 20:10:05 --> [ERROR] Undefined variable $data FCPATH/plugins/Accounting/index.php:243
ERROR - 2025-07-13 20:16:02 --> [ERROR] Undefined variable $data FCPATH/plugins/Accounting/index.php:243
ERROR - 2025-07-13 20:16:03 --> [ERROR] Undefined variable $data FCPATH/plugins/Accounting/index.php:243
ERROR - 2025-07-13 20:21:03 --> [ERROR] Undefined variable $data FCPATH/plugins/Accounting/index.php:243
ERROR - 2025-07-13 20:21:05 --> [ERROR] Undefined variable $data FCPATH/plugins/Accounting/index.php:243
ERROR - 2025-07-13 20:27:02 --> [ERROR] Undefined variable $data FCPATH/plugins/Accounting/index.php:243
ERROR - 2025-07-13 20:27:04 --> [ERROR] Undefined variable $data FCPATH/plugins/Accounting/index.php:243
ERROR - 2025-07-13 20:33:02 --> [ERROR] Undefined variable $data FCPATH/plugins/Accounting/index.php:243
ERROR - 2025-07-13 20:33:04 --> [ERROR] Undefined variable $data FCPATH/plugins/Accounting/index.php:243
ERROR - 2025-07-13 20:38:02 --> [ERROR] Undefined variable $data FCPATH/plugins/Accounting/index.php:243
ERROR - 2025-07-13 20:38:04 --> [ERROR] Undefined variable $data FCPATH/plugins/Accounting/index.php:269
ERROR - 2025-07-13 20:38:04 --> [ERROR] Undefined variable $data FCPATH/plugins/Accounting/index.php:269
ERROR - 2025-07-13 20:38:05 --> [ERROR] Undefined variable $data FCPATH/plugins/Accounting/index.php:243
ERROR - 2025-07-13 20:44:02 --> [ERROR] Undefined variable $data FCPATH/plugins/Accounting/index.php:243
ERROR - 2025-07-13 20:44:03 --> [ERROR] Undefined variable $data FCPATH/plugins/Accounting/index.php:243
ERROR - 2025-07-13 20:49:02 --> [ERROR] Undefined variable $data FCPATH/plugins/Accounting/index.php:243
ERROR - 2025-07-13 20:49:05 --> [ERROR] Undefined variable $data FCPATH/plugins/Accounting/index.php:243
ERROR - 2025-07-13 20:55:02 --> [ERROR] Undefined variable $data FCPATH/plugins/Accounting/index.php:243
ERROR - 2025-07-13 20:55:04 --> [ERROR] Undefined variable $data FCPATH/plugins/Accounting/index.php:243
ERROR - 2025-07-13 21:00:04 --> [ERROR] Undefined variable $data FCPATH/plugins/Accounting/index.php:243
ERROR - 2025-07-13 21:00:06 --> [ERROR] Undefined variable $data FCPATH/plugins/Accounting/index.php:243
ERROR - 2025-07-13 21:06:02 --> [ERROR] Undefined variable $data FCPATH/plugins/Accounting/index.php:243
ERROR - 2025-07-13 21:06:04 --> [ERROR] Undefined variable $data FCPATH/plugins/Accounting/index.php:243
ERROR - 2025-07-13 21:12:02 --> [ERROR] Undefined variable $data FCPATH/plugins/Accounting/index.php:243
ERROR - 2025-07-13 21:12:04 --> [ERROR] Undefined variable $data FCPATH/plugins/Accounting/index.php:243
ERROR - 2025-07-13 21:18:02 --> [ERROR] Undefined variable $data FCPATH/plugins/Accounting/index.php:243
ERROR - 2025-07-13 21:18:04 --> [ERROR] Undefined variable $data FCPATH/plugins/Accounting/index.php:243
ERROR - 2025-07-13 21:24:03 --> [ERROR] Undefined variable $data FCPATH/plugins/Accounting/index.php:243
ERROR - 2025-07-13 21:24:05 --> [ERROR] Undefined variable $data FCPATH/plugins/Accounting/index.php:243
ERROR - 2025-07-13 21:29:02 --> [ERROR] Undefined variable $data FCPATH/plugins/Accounting/index.php:243
ERROR - 2025-07-13 21:29:04 --> [ERROR] Undefined variable $data FCPATH/plugins/Accounting/index.php:243
ERROR - 2025-07-13 21:35:02 --> [ERROR] Undefined variable $data FCPATH/plugins/Accounting/index.php:243
ERROR - 2025-07-13 21:35:04 --> [ERROR] Undefined variable $data FCPATH/plugins/Accounting/index.php:269
ERROR - 2025-07-13 21:35:04 --> [ERROR] Undefined variable $data FCPATH/plugins/Accounting/index.php:243
ERROR - 2025-07-13 21:41:02 --> [ERROR] Undefined variable $data FCPATH/plugins/Accounting/index.php:243
ERROR - 2025-07-13 21:41:03 --> [ERROR] Undefined variable $data FCPATH/plugins/Accounting/index.php:243
ERROR - 2025-07-13 21:46:03 --> [ERROR] Undefined variable $data FCPATH/plugins/Accounting/index.php:243
ERROR - 2025-07-13 21:46:04 --> [ERROR] Undefined variable $data FCPATH/plugins/Accounting/index.php:243
ERROR - 2025-07-13 21:52:02 --> [ERROR] Undefined variable $data FCPATH/plugins/Accounting/index.php:243
ERROR - 2025-07-13 21:52:05 --> [ERROR] Undefined variable $data FCPATH/plugins/Accounting/index.php:243
ERROR - 2025-07-13 21:57:02 --> [ERROR] Undefined variable $data FCPATH/plugins/Accounting/index.php:243
ERROR - 2025-07-13 21:57:04 --> [ERROR] Undefined variable $data FCPATH/plugins/Accounting/index.php:243
ERROR - 2025-07-13 22:03:02 --> [ERROR] Undefined variable $data FCPATH/plugins/Accounting/index.php:243
ERROR - 2025-07-13 22:03:04 --> [ERROR] Undefined variable $data FCPATH/plugins/Accounting/index.php:243
ERROR - 2025-07-13 22:09:02 --> [ERROR] Undefined variable $data FCPATH/plugins/Accounting/index.php:243
ERROR - 2025-07-13 22:09:04 --> [ERROR] Undefined variable $data FCPATH/plugins/Accounting/index.php:243
ERROR - 2025-07-13 22:15:02 --> [ERROR] Undefined variable $data FCPATH/plugins/Accounting/index.php:243
ERROR - 2025-07-13 22:15:04 --> [ERROR] Undefined variable $data FCPATH/plugins/Accounting/index.php:243
ERROR - 2025-07-13 22:21:02 --> [ERROR] Undefined variable $data FCPATH/plugins/Accounting/index.php:243
ERROR - 2025-07-13 22:21:04 --> [ERROR] Undefined variable $data FCPATH/plugins/Accounting/index.php:243
ERROR - 2025-07-13 22:27:03 --> [ERROR] Undefined variable $data FCPATH/plugins/Accounting/index.php:243
ERROR - 2025-07-13 22:27:05 --> [ERROR] Undefined variable $data FCPATH/plugins/Accounting/index.php:243
ERROR - 2025-07-13 22:33:02 --> [ERROR] Undefined variable $data FCPATH/plugins/Accounting/index.php:243
ERROR - 2025-07-13 22:33:04 --> [ERROR] Undefined variable $data FCPATH/plugins/Accounting/index.php:243
ERROR - 2025-07-13 22:39:02 --> [ERROR] Undefined variable $data FCPATH/plugins/Accounting/index.php:243
ERROR - 2025-07-13 22:39:04 --> [ERROR] Undefined variable $data FCPATH/plugins/Accounting/index.php:269
ERROR - 2025-07-13 22:39:04 --> [ERROR] Undefined variable $data FCPATH/plugins/Accounting/index.php:243
ERROR - 2025-07-13 22:45:02 --> [ERROR] Undefined variable $data FCPATH/plugins/Accounting/index.php:243
ERROR - 2025-07-13 22:45:04 --> [ERROR] Undefined variable $data FCPATH/plugins/Accounting/index.php:243
ERROR - 2025-07-13 22:51:02 --> [ERROR] Undefined variable $data FCPATH/plugins/Accounting/index.php:243
ERROR - 2025-07-13 22:51:04 --> [ERROR] Undefined variable $data FCPATH/plugins/Accounting/index.php:243
ERROR - 2025-07-13 22:57:03 --> [ERROR] Undefined variable $data FCPATH/plugins/Accounting/index.php:243
ERROR - 2025-07-13 22:57:05 --> [ERROR] Undefined variable $data FCPATH/plugins/Accounting/index.php:243
ERROR - 2025-07-13 23:03:02 --> [ERROR] Undefined variable $data FCPATH/plugins/Accounting/index.php:243
ERROR - 2025-07-13 23:03:04 --> [ERROR] Undefined variable $data FCPATH/plugins/Accounting/index.php:243
ERROR - 2025-07-13 23:08:02 --> [ERROR] Undefined variable $data FCPATH/plugins/Accounting/index.php:243
ERROR - 2025-07-13 23:08:04 --> [ERROR] Undefined variable $data FCPATH/plugins/Accounting/index.php:243
ERROR - 2025-07-13 23:14:04 --> [ERROR] Undefined variable $data FCPATH/plugins/Accounting/index.php:243
ERROR - 2025-07-13 23:14:06 --> [ERROR] Undefined variable $data FCPATH/plugins/Accounting/index.php:243
ERROR - 2025-07-13 23:20:02 --> [ERROR] Undefined variable $data FCPATH/plugins/Accounting/index.php:243
ERROR - 2025-07-13 23:20:05 --> [ERROR] Undefined variable $data FCPATH/plugins/Accounting/index.php:243
ERROR - 2025-07-13 23:25:04 --> [ERROR] Undefined variable $data FCPATH/plugins/Accounting/index.php:243
ERROR - 2025-07-13 23:25:06 --> [ERROR] Undefined variable $data FCPATH/plugins/Accounting/index.php:243
ERROR - 2025-07-13 23:31:04 --> [ERROR] Undefined variable $data FCPATH/plugins/Accounting/index.php:243
ERROR - 2025-07-13 23:31:06 --> [ERROR] Undefined variable $data FCPATH/plugins/Accounting/index.php:243
ERROR - 2025-07-13 23:36:05 --> [ERROR] Undefined variable $data FCPATH/plugins/Accounting/index.php:243
ERROR - 2025-07-13 23:36:07 --> [ERROR] Undefined variable $data FCPATH/plugins/Accounting/index.php:269
ERROR - 2025-07-13 23:36:08 --> [ERROR] Undefined variable $data FCPATH/plugins/Accounting/index.php:243
ERROR - 2025-07-13 23:42:02 --> [ERROR] Undefined variable $data FCPATH/plugins/Accounting/index.php:243
ERROR - 2025-07-13 23:42:05 --> [ERROR] Undefined variable $data FCPATH/plugins/Accounting/index.php:243
ERROR - 2025-07-13 23:47:04 --> [ERROR] Undefined variable $data FCPATH/plugins/Accounting/index.php:243
ERROR - 2025-07-13 23:47:07 --> [ERROR] Undefined variable $data FCPATH/plugins/Accounting/index.php:243
ERROR - 2025-07-13 23:53:03 --> [ERROR] Undefined variable $data FCPATH/plugins/Accounting/index.php:243
ERROR - 2025-07-13 23:53:06 --> [ERROR] Undefined variable $data FCPATH/plugins/Accounting/index.php:243
ERROR - 2025-07-13 23:58:04 --> [ERROR] Undefined variable $data FCPATH/plugins/Accounting/index.php:243
ERROR - 2025-07-13 23:58:06 --> [ERROR] Undefined variable $data FCPATH/plugins/Accounting/index.php:243
