ERROR - 2025-02-16 00:04:03 --> [ERROR] Undefined variable $data FCPATH/plugins/Accounting/index.php:243
ERROR - 2025-02-16 00:04:06 --> [ERROR] Undefined variable $data FCPATH/plugins/Accounting/index.php:243
ERROR - 2025-02-16 00:10:03 --> [ERROR] Undefined variable $data FCPATH/plugins/Accounting/index.php:243
ERROR - 2025-02-16 00:10:07 --> [ERROR] Undefined variable $data FCPATH/plugins/Accounting/index.php:243
ERROR - 2025-02-16 00:16:03 --> [ERROR] Undefined variable $data FCPATH/plugins/Accounting/index.php:243
ERROR - 2025-02-16 00:16:08 --> [ERROR] Undefined variable $data FCPATH/plugins/Accounting/index.php:243
ERROR - 2025-02-16 00:22:03 --> [ERROR] Undefined variable $data FCPATH/plugins/Accounting/index.php:243
ERROR - 2025-02-16 00:22:07 --> [ERROR] Undefined variable $data FCPATH/plugins/Accounting/index.php:243
ERROR - 2025-02-16 00:27:03 --> [ERROR] Undefined variable $data FCPATH/plugins/Accounting/index.php:243
ERROR - 2025-02-16 00:27:06 --> [ERROR] Undefined variable $data FCPATH/plugins/Accounting/index.php:243
ERROR - 2025-02-16 00:33:03 --> [ERROR] Undefined variable $data FCPATH/plugins/Accounting/index.php:243
ERROR - 2025-02-16 00:33:06 --> [ERROR] Undefined variable $data FCPATH/plugins/Accounting/index.php:243
ERROR - 2025-02-16 00:39:03 --> [ERROR] Undefined variable $data FCPATH/plugins/Accounting/index.php:243
ERROR - 2025-02-16 00:39:06 --> [ERROR] Undefined variable $data FCPATH/plugins/Accounting/index.php:243
WARNING - 2025-02-16 00:43:56 --> [DEPRECATED] Optional parameter $id declared before required parameter $is_reminder is implicitly treated as a required parameter in APPPATH/Controllers/Events.php on line 344.
 1 SYSTEMPATH/Autoloader/Autoloader.php(317): include_once('/home2/appnaros/public_html/sistema/system/Debug/Exceptions.php')
 2 SYSTEMPATH/Autoloader/Autoloader.php(296): CodeIgniter\Autoloader\Autoloader->includeFile('/home2/appnaros/public_html/sistema/app/Controllers/Events.php')
 3 SYSTEMPATH/Autoloader/Autoloader.php(272): CodeIgniter\Autoloader\Autoloader->loadInNamespace('App\\Controllers\\Events')
 4 [internal function]: CodeIgniter\Autoloader\Autoloader->loadClass('App\\Controllers\\Events')
 5 SYSTEMPATH/CodeIgniter.php(887): class_exists('\\App\\Controllers\\Events', true)
 6 SYSTEMPATH/CodeIgniter.php(496): CodeIgniter\CodeIgniter->startController()
 7 SYSTEMPATH/CodeIgniter.php(355): CodeIgniter\CodeIgniter->handleRequest(null, Object(Config\Cache), false)
 8 SYSTEMPATH/Boot.php(325): CodeIgniter\CodeIgniter->run()
 9 SYSTEMPATH/Boot.php(67): CodeIgniter\Boot::runCodeIgniter(Object(CodeIgniter\CodeIgniter))
10 FCPATH/index.php(149): CodeIgniter\Boot::bootWeb(Object(Config\Paths))
WARNING - 2025-02-16 00:43:57 --> [DEPRECATED] Optional parameter $id declared before required parameter $is_reminder is implicitly treated as a required parameter in APPPATH/Controllers/Events.php on line 344.
 1 SYSTEMPATH/Autoloader/Autoloader.php(317): include_once('/home2/appnaros/public_html/sistema/system/Debug/Exceptions.php')
 2 SYSTEMPATH/Autoloader/Autoloader.php(296): CodeIgniter\Autoloader\Autoloader->includeFile('/home2/appnaros/public_html/sistema/app/Controllers/Events.php')
 3 SYSTEMPATH/Autoloader/Autoloader.php(272): CodeIgniter\Autoloader\Autoloader->loadInNamespace('App\\Controllers\\Events')
 4 [internal function]: CodeIgniter\Autoloader\Autoloader->loadClass('App\\Controllers\\Events')
 5 SYSTEMPATH/CodeIgniter.php(887): class_exists('\\App\\Controllers\\Events', true)
 6 SYSTEMPATH/CodeIgniter.php(496): CodeIgniter\CodeIgniter->startController()
 7 SYSTEMPATH/CodeIgniter.php(355): CodeIgniter\CodeIgniter->handleRequest(null, Object(Config\Cache), false)
 8 SYSTEMPATH/Boot.php(325): CodeIgniter\CodeIgniter->run()
 9 SYSTEMPATH/Boot.php(67): CodeIgniter\Boot::runCodeIgniter(Object(CodeIgniter\CodeIgniter))
10 FCPATH/index.php(149): CodeIgniter\Boot::bootWeb(Object(Config\Paths))
WARNING - 2025-02-16 00:44:32 --> [DEPRECATED] Optional parameter $id declared before required parameter $is_reminder is implicitly treated as a required parameter in APPPATH/Controllers/Events.php on line 344.
 1 SYSTEMPATH/Autoloader/Autoloader.php(317): include_once('/home2/appnaros/public_html/sistema/system/Debug/Exceptions.php')
 2 SYSTEMPATH/Autoloader/Autoloader.php(296): CodeIgniter\Autoloader\Autoloader->includeFile('/home2/appnaros/public_html/sistema/app/Controllers/Events.php')
 3 SYSTEMPATH/Autoloader/Autoloader.php(272): CodeIgniter\Autoloader\Autoloader->loadInNamespace('App\\Controllers\\Events')
 4 [internal function]: CodeIgniter\Autoloader\Autoloader->loadClass('App\\Controllers\\Events')
 5 SYSTEMPATH/CodeIgniter.php(887): class_exists('\\App\\Controllers\\Events', true)
 6 SYSTEMPATH/CodeIgniter.php(496): CodeIgniter\CodeIgniter->startController()
 7 SYSTEMPATH/CodeIgniter.php(355): CodeIgniter\CodeIgniter->handleRequest(null, Object(Config\Cache), false)
 8 SYSTEMPATH/Boot.php(325): CodeIgniter\CodeIgniter->run()
 9 SYSTEMPATH/Boot.php(67): CodeIgniter\Boot::runCodeIgniter(Object(CodeIgniter\CodeIgniter))
10 FCPATH/index.php(149): CodeIgniter\Boot::bootWeb(Object(Config\Paths))
ERROR - 2025-02-16 00:45:03 --> [ERROR] Undefined variable $data FCPATH/plugins/Accounting/index.php:243
ERROR - 2025-02-16 00:45:07 --> [ERROR] Undefined variable $data FCPATH/plugins/Accounting/index.php:243
ERROR - 2025-02-16 00:51:03 --> [ERROR] Undefined variable $data FCPATH/plugins/Accounting/index.php:243
ERROR - 2025-02-16 00:51:07 --> [ERROR] Undefined variable $data FCPATH/plugins/Accounting/index.php:243
ERROR - 2025-02-16 00:57:03 --> [ERROR] Undefined variable $data FCPATH/plugins/Accounting/index.php:243
ERROR - 2025-02-16 00:57:07 --> [ERROR] Undefined variable $data FCPATH/plugins/Accounting/index.php:243
ERROR - 2025-02-16 01:03:02 --> [ERROR] Undefined variable $data FCPATH/plugins/Accounting/index.php:243
ERROR - 2025-02-16 01:03:05 --> [ERROR] Undefined variable $data FCPATH/plugins/Accounting/index.php:243
WARNING - 2025-02-16 01:06:45 --> [DEPRECATED] Optional parameter $id declared before required parameter $is_reminder is implicitly treated as a required parameter in APPPATH/Controllers/Events.php on line 344.
 1 SYSTEMPATH/Autoloader/Autoloader.php(317): include_once('/home2/appnaros/public_html/sistema/system/Debug/Exceptions.php')
 2 SYSTEMPATH/Autoloader/Autoloader.php(296): CodeIgniter\Autoloader\Autoloader->includeFile('/home2/appnaros/public_html/sistema/app/Controllers/Events.php')
 3 SYSTEMPATH/Autoloader/Autoloader.php(272): CodeIgniter\Autoloader\Autoloader->loadInNamespace('App\\Controllers\\Events')
 4 [internal function]: CodeIgniter\Autoloader\Autoloader->loadClass('App\\Controllers\\Events')
 5 SYSTEMPATH/CodeIgniter.php(887): class_exists('\\App\\Controllers\\Events', true)
 6 SYSTEMPATH/CodeIgniter.php(496): CodeIgniter\CodeIgniter->startController()
 7 SYSTEMPATH/CodeIgniter.php(355): CodeIgniter\CodeIgniter->handleRequest(null, Object(Config\Cache), false)
 8 SYSTEMPATH/Boot.php(325): CodeIgniter\CodeIgniter->run()
 9 SYSTEMPATH/Boot.php(67): CodeIgniter\Boot::runCodeIgniter(Object(CodeIgniter\CodeIgniter))
10 FCPATH/index.php(149): CodeIgniter\Boot::bootWeb(Object(Config\Paths))
ERROR - 2025-02-16 01:06:54 --> [ERROR] Undefined variable $data FCPATH/plugins/Accounting/index.php:243
WARNING - 2025-02-16 01:06:56 --> [DEPRECATED] Optional parameter $id declared before required parameter $is_reminder is implicitly treated as a required parameter in APPPATH/Controllers/Events.php on line 344.
 1 SYSTEMPATH/Autoloader/Autoloader.php(317): include_once('/home2/appnaros/public_html/sistema/system/Debug/Exceptions.php')
 2 SYSTEMPATH/Autoloader/Autoloader.php(296): CodeIgniter\Autoloader\Autoloader->includeFile('/home2/appnaros/public_html/sistema/app/Controllers/Events.php')
 3 SYSTEMPATH/Autoloader/Autoloader.php(272): CodeIgniter\Autoloader\Autoloader->loadInNamespace('App\\Controllers\\Events')
 4 [internal function]: CodeIgniter\Autoloader\Autoloader->loadClass('App\\Controllers\\Events')
 5 SYSTEMPATH/CodeIgniter.php(887): class_exists('\\App\\Controllers\\Events', true)
 6 SYSTEMPATH/CodeIgniter.php(496): CodeIgniter\CodeIgniter->startController()
 7 SYSTEMPATH/CodeIgniter.php(355): CodeIgniter\CodeIgniter->handleRequest(null, Object(Config\Cache), false)
 8 SYSTEMPATH/Boot.php(325): CodeIgniter\CodeIgniter->run()
 9 SYSTEMPATH/Boot.php(67): CodeIgniter\Boot::runCodeIgniter(Object(CodeIgniter\CodeIgniter))
10 FCPATH/index.php(149): CodeIgniter\Boot::bootWeb(Object(Config\Paths))
WARNING - 2025-02-16 01:07:11 --> [DEPRECATED] Optional parameter $id declared before required parameter $is_reminder is implicitly treated as a required parameter in APPPATH/Controllers/Events.php on line 344.
 1 SYSTEMPATH/Autoloader/Autoloader.php(317): include_once('/home2/appnaros/public_html/sistema/system/Debug/Exceptions.php')
 2 SYSTEMPATH/Autoloader/Autoloader.php(296): CodeIgniter\Autoloader\Autoloader->includeFile('/home2/appnaros/public_html/sistema/app/Controllers/Events.php')
 3 SYSTEMPATH/Autoloader/Autoloader.php(272): CodeIgniter\Autoloader\Autoloader->loadInNamespace('App\\Controllers\\Events')
 4 [internal function]: CodeIgniter\Autoloader\Autoloader->loadClass('App\\Controllers\\Events')
 5 SYSTEMPATH/CodeIgniter.php(887): class_exists('\\App\\Controllers\\Events', true)
 6 SYSTEMPATH/CodeIgniter.php(496): CodeIgniter\CodeIgniter->startController()
 7 SYSTEMPATH/CodeIgniter.php(355): CodeIgniter\CodeIgniter->handleRequest(null, Object(Config\Cache), false)
 8 SYSTEMPATH/Boot.php(325): CodeIgniter\CodeIgniter->run()
 9 SYSTEMPATH/Boot.php(67): CodeIgniter\Boot::runCodeIgniter(Object(CodeIgniter\CodeIgniter))
10 FCPATH/index.php(149): CodeIgniter\Boot::bootWeb(Object(Config\Paths))
ERROR - 2025-02-16 01:07:21 --> [ERROR] Undefined variable $data FCPATH/plugins/Accounting/index.php:243
WARNING - 2025-02-16 01:07:23 --> [DEPRECATED] Optional parameter $id declared before required parameter $is_reminder is implicitly treated as a required parameter in APPPATH/Controllers/Events.php on line 344.
 1 SYSTEMPATH/Autoloader/Autoloader.php(317): include_once('/home2/appnaros/public_html/sistema/system/Debug/Exceptions.php')
 2 SYSTEMPATH/Autoloader/Autoloader.php(296): CodeIgniter\Autoloader\Autoloader->includeFile('/home2/appnaros/public_html/sistema/app/Controllers/Events.php')
 3 SYSTEMPATH/Autoloader/Autoloader.php(272): CodeIgniter\Autoloader\Autoloader->loadInNamespace('App\\Controllers\\Events')
 4 [internal function]: CodeIgniter\Autoloader\Autoloader->loadClass('App\\Controllers\\Events')
 5 SYSTEMPATH/CodeIgniter.php(887): class_exists('\\App\\Controllers\\Events', true)
 6 SYSTEMPATH/CodeIgniter.php(496): CodeIgniter\CodeIgniter->startController()
 7 SYSTEMPATH/CodeIgniter.php(355): CodeIgniter\CodeIgniter->handleRequest(null, Object(Config\Cache), false)
 8 SYSTEMPATH/Boot.php(325): CodeIgniter\CodeIgniter->run()
 9 SYSTEMPATH/Boot.php(67): CodeIgniter\Boot::runCodeIgniter(Object(CodeIgniter\CodeIgniter))
10 FCPATH/index.php(149): CodeIgniter\Boot::bootWeb(Object(Config\Paths))
WARNING - 2025-02-16 01:07:38 --> [DEPRECATED] Optional parameter $id declared before required parameter $is_reminder is implicitly treated as a required parameter in APPPATH/Controllers/Events.php on line 344.
 1 SYSTEMPATH/Autoloader/Autoloader.php(317): include_once('/home2/appnaros/public_html/sistema/system/Debug/Exceptions.php')
 2 SYSTEMPATH/Autoloader/Autoloader.php(296): CodeIgniter\Autoloader\Autoloader->includeFile('/home2/appnaros/public_html/sistema/app/Controllers/Events.php')
 3 SYSTEMPATH/Autoloader/Autoloader.php(272): CodeIgniter\Autoloader\Autoloader->loadInNamespace('App\\Controllers\\Events')
 4 [internal function]: CodeIgniter\Autoloader\Autoloader->loadClass('App\\Controllers\\Events')
 5 SYSTEMPATH/CodeIgniter.php(887): class_exists('\\App\\Controllers\\Events', true)
 6 SYSTEMPATH/CodeIgniter.php(496): CodeIgniter\CodeIgniter->startController()
 7 SYSTEMPATH/CodeIgniter.php(355): CodeIgniter\CodeIgniter->handleRequest(null, Object(Config\Cache), false)
 8 SYSTEMPATH/Boot.php(325): CodeIgniter\CodeIgniter->run()
 9 SYSTEMPATH/Boot.php(67): CodeIgniter\Boot::runCodeIgniter(Object(CodeIgniter\CodeIgniter))
10 FCPATH/index.php(149): CodeIgniter\Boot::bootWeb(Object(Config\Paths))
WARNING - 2025-02-16 01:07:57 --> [DEPRECATED] Optional parameter $id declared before required parameter $is_reminder is implicitly treated as a required parameter in APPPATH/Controllers/Events.php on line 344.
 1 SYSTEMPATH/Autoloader/Autoloader.php(317): include_once('/home2/appnaros/public_html/sistema/system/Debug/Exceptions.php')
 2 SYSTEMPATH/Autoloader/Autoloader.php(296): CodeIgniter\Autoloader\Autoloader->includeFile('/home2/appnaros/public_html/sistema/app/Controllers/Events.php')
 3 SYSTEMPATH/Autoloader/Autoloader.php(272): CodeIgniter\Autoloader\Autoloader->loadInNamespace('App\\Controllers\\Events')
 4 [internal function]: CodeIgniter\Autoloader\Autoloader->loadClass('App\\Controllers\\Events')
 5 SYSTEMPATH/CodeIgniter.php(887): class_exists('\\App\\Controllers\\Events', true)
 6 SYSTEMPATH/CodeIgniter.php(496): CodeIgniter\CodeIgniter->startController()
 7 SYSTEMPATH/CodeIgniter.php(355): CodeIgniter\CodeIgniter->handleRequest(null, Object(Config\Cache), false)
 8 SYSTEMPATH/Boot.php(325): CodeIgniter\CodeIgniter->run()
 9 SYSTEMPATH/Boot.php(67): CodeIgniter\Boot::runCodeIgniter(Object(CodeIgniter\CodeIgniter))
10 FCPATH/index.php(149): CodeIgniter\Boot::bootWeb(Object(Config\Paths))
ERROR - 2025-02-16 01:08:03 --> [ERROR] Undefined variable $data FCPATH/plugins/Accounting/index.php:243
ERROR - 2025-02-16 01:08:07 --> [ERROR] Undefined variable $data FCPATH/plugins/Accounting/index.php:243
ERROR - 2025-02-16 01:08:15 --> [ERROR] Undefined variable $data FCPATH/plugins/Accounting/index.php:243
WARNING - 2025-02-16 01:08:17 --> [DEPRECATED] Optional parameter $id declared before required parameter $is_reminder is implicitly treated as a required parameter in APPPATH/Controllers/Events.php on line 344.
 1 SYSTEMPATH/Autoloader/Autoloader.php(317): include_once('/home2/appnaros/public_html/sistema/system/Debug/Exceptions.php')
 2 SYSTEMPATH/Autoloader/Autoloader.php(296): CodeIgniter\Autoloader\Autoloader->includeFile('/home2/appnaros/public_html/sistema/app/Controllers/Events.php')
 3 SYSTEMPATH/Autoloader/Autoloader.php(272): CodeIgniter\Autoloader\Autoloader->loadInNamespace('App\\Controllers\\Events')
 4 [internal function]: CodeIgniter\Autoloader\Autoloader->loadClass('App\\Controllers\\Events')
 5 SYSTEMPATH/CodeIgniter.php(887): class_exists('\\App\\Controllers\\Events', true)
 6 SYSTEMPATH/CodeIgniter.php(496): CodeIgniter\CodeIgniter->startController()
 7 SYSTEMPATH/CodeIgniter.php(355): CodeIgniter\CodeIgniter->handleRequest(null, Object(Config\Cache), false)
 8 SYSTEMPATH/Boot.php(325): CodeIgniter\CodeIgniter->run()
 9 SYSTEMPATH/Boot.php(67): CodeIgniter\Boot::runCodeIgniter(Object(CodeIgniter\CodeIgniter))
10 FCPATH/index.php(149): CodeIgniter\Boot::bootWeb(Object(Config\Paths))
WARNING - 2025-02-16 01:08:26 --> [DEPRECATED] Optional parameter $id declared before required parameter $is_reminder is implicitly treated as a required parameter in APPPATH/Controllers/Events.php on line 344.
 1 SYSTEMPATH/Autoloader/Autoloader.php(317): include_once('/home2/appnaros/public_html/sistema/system/Debug/Exceptions.php')
 2 SYSTEMPATH/Autoloader/Autoloader.php(296): CodeIgniter\Autoloader\Autoloader->includeFile('/home2/appnaros/public_html/sistema/app/Controllers/Events.php')
 3 SYSTEMPATH/Autoloader/Autoloader.php(272): CodeIgniter\Autoloader\Autoloader->loadInNamespace('App\\Controllers\\Events')
 4 [internal function]: CodeIgniter\Autoloader\Autoloader->loadClass('App\\Controllers\\Events')
 5 SYSTEMPATH/CodeIgniter.php(887): class_exists('\\App\\Controllers\\Events', true)
 6 SYSTEMPATH/CodeIgniter.php(496): CodeIgniter\CodeIgniter->startController()
 7 SYSTEMPATH/CodeIgniter.php(355): CodeIgniter\CodeIgniter->handleRequest(null, Object(Config\Cache), false)
 8 SYSTEMPATH/Boot.php(325): CodeIgniter\CodeIgniter->run()
 9 SYSTEMPATH/Boot.php(67): CodeIgniter\Boot::runCodeIgniter(Object(CodeIgniter\CodeIgniter))
10 FCPATH/index.php(149): CodeIgniter\Boot::bootWeb(Object(Config\Paths))
ERROR - 2025-02-16 01:14:03 --> [ERROR] Undefined variable $data FCPATH/plugins/Accounting/index.php:243
ERROR - 2025-02-16 01:14:06 --> [ERROR] Undefined variable $data FCPATH/plugins/Accounting/index.php:243
ERROR - 2025-02-16 01:20:03 --> [ERROR] Undefined variable $data FCPATH/plugins/Accounting/index.php:243
ERROR - 2025-02-16 01:20:07 --> [ERROR] Undefined variable $data FCPATH/plugins/Accounting/index.php:243
ERROR - 2025-02-16 01:25:03 --> [ERROR] Undefined variable $data FCPATH/plugins/Accounting/index.php:243
ERROR - 2025-02-16 01:25:06 --> [ERROR] Undefined variable $data FCPATH/plugins/Accounting/index.php:243
ERROR - 2025-02-16 01:31:04 --> [ERROR] Undefined variable $data FCPATH/plugins/Accounting/index.php:243
ERROR - 2025-02-16 01:31:07 --> [ERROR] Undefined variable $data FCPATH/plugins/Accounting/index.php:243
ERROR - 2025-02-16 01:37:03 --> [ERROR] Undefined variable $data FCPATH/plugins/Accounting/index.php:243
ERROR - 2025-02-16 01:37:06 --> [ERROR] Undefined variable $data FCPATH/plugins/Accounting/index.php:243
ERROR - 2025-02-16 01:43:03 --> [ERROR] Undefined variable $data FCPATH/plugins/Accounting/index.php:243
ERROR - 2025-02-16 01:43:07 --> [ERROR] Undefined variable $data FCPATH/plugins/Accounting/index.php:269
ERROR - 2025-02-16 01:43:08 --> [ERROR] Undefined variable $data FCPATH/plugins/Accounting/index.php:243
ERROR - 2025-02-16 01:49:03 --> [ERROR] Undefined variable $data FCPATH/plugins/Accounting/index.php:243
ERROR - 2025-02-16 01:49:07 --> [ERROR] Undefined variable $data FCPATH/plugins/Accounting/index.php:243
ERROR - 2025-02-16 01:55:03 --> [ERROR] Undefined variable $data FCPATH/plugins/Accounting/index.php:243
ERROR - 2025-02-16 01:55:08 --> [ERROR] Undefined variable $data FCPATH/plugins/Accounting/index.php:269
ERROR - 2025-02-16 01:55:09 --> [ERROR] Undefined variable $data FCPATH/plugins/Accounting/index.php:243
ERROR - 2025-02-16 02:00:03 --> [ERROR] Undefined variable $data FCPATH/plugins/Accounting/index.php:243
ERROR - 2025-02-16 02:00:07 --> [ERROR] Undefined variable $data FCPATH/plugins/Accounting/index.php:243
ERROR - 2025-02-16 02:06:03 --> [ERROR] Undefined variable $data FCPATH/plugins/Accounting/index.php:243
ERROR - 2025-02-16 02:06:06 --> [ERROR] Undefined variable $data FCPATH/plugins/Accounting/index.php:243
ERROR - 2025-02-16 02:12:03 --> [ERROR] Undefined variable $data FCPATH/plugins/Accounting/index.php:243
ERROR - 2025-02-16 02:12:07 --> [ERROR] Undefined variable $data FCPATH/plugins/Accounting/index.php:243
ERROR - 2025-02-16 02:17:04 --> [ERROR] Undefined variable $data FCPATH/plugins/Accounting/index.php:243
ERROR - 2025-02-16 02:17:07 --> [ERROR] Undefined variable $data FCPATH/plugins/Accounting/index.php:243
ERROR - 2025-02-16 02:23:03 --> [ERROR] Undefined variable $data FCPATH/plugins/Accounting/index.php:243
ERROR - 2025-02-16 02:23:06 --> [ERROR] Undefined variable $data FCPATH/plugins/Accounting/index.php:243
ERROR - 2025-02-16 02:29:04 --> [ERROR] Undefined variable $data FCPATH/plugins/Accounting/index.php:243
ERROR - 2025-02-16 02:29:07 --> [ERROR] Undefined variable $data FCPATH/plugins/Accounting/index.php:243
ERROR - 2025-02-16 02:35:03 --> [ERROR] Undefined variable $data FCPATH/plugins/Accounting/index.php:243
ERROR - 2025-02-16 02:35:08 --> [ERROR] Undefined variable $data FCPATH/plugins/Accounting/index.php:243
ERROR - 2025-02-16 02:40:03 --> [ERROR] Undefined variable $data FCPATH/plugins/Accounting/index.php:243
ERROR - 2025-02-16 02:40:07 --> [ERROR] Undefined variable $data FCPATH/plugins/Accounting/index.php:243
ERROR - 2025-02-16 02:46:03 --> [ERROR] Undefined variable $data FCPATH/plugins/Accounting/index.php:243
ERROR - 2025-02-16 02:46:06 --> [ERROR] Undefined variable $data FCPATH/plugins/Accounting/index.php:243
ERROR - 2025-02-16 02:52:03 --> [ERROR] Undefined variable $data FCPATH/plugins/Accounting/index.php:243
ERROR - 2025-02-16 02:52:07 --> [ERROR] Undefined variable $data FCPATH/plugins/Accounting/index.php:243
ERROR - 2025-02-16 02:58:03 --> [ERROR] Undefined variable $data FCPATH/plugins/Accounting/index.php:243
ERROR - 2025-02-16 02:58:06 --> [ERROR] Undefined variable $data FCPATH/plugins/Accounting/index.php:243
ERROR - 2025-02-16 03:04:03 --> [ERROR] Undefined variable $data FCPATH/plugins/Accounting/index.php:243
ERROR - 2025-02-16 03:04:07 --> [ERROR] Undefined variable $data FCPATH/plugins/Accounting/index.php:243
ERROR - 2025-02-16 03:09:03 --> [ERROR] Undefined variable $data FCPATH/plugins/Accounting/index.php:243
ERROR - 2025-02-16 03:09:07 --> [ERROR] Undefined variable $data FCPATH/plugins/Accounting/index.php:243
ERROR - 2025-02-16 03:15:03 --> [ERROR] Undefined variable $data FCPATH/plugins/Accounting/index.php:243
ERROR - 2025-02-16 03:15:07 --> [ERROR] Undefined variable $data FCPATH/plugins/Accounting/index.php:243
ERROR - 2025-02-16 03:21:03 --> [ERROR] Undefined variable $data FCPATH/plugins/Accounting/index.php:243
ERROR - 2025-02-16 03:21:07 --> [ERROR] Undefined variable $data FCPATH/plugins/Accounting/index.php:243
ERROR - 2025-02-16 03:27:04 --> [ERROR] Undefined variable $data FCPATH/plugins/Accounting/index.php:243
ERROR - 2025-02-16 03:27:08 --> [ERROR] Undefined variable $data FCPATH/plugins/Accounting/index.php:243
ERROR - 2025-02-16 03:33:03 --> [ERROR] Undefined variable $data FCPATH/plugins/Accounting/index.php:243
ERROR - 2025-02-16 03:33:06 --> [ERROR] Undefined variable $data FCPATH/plugins/Accounting/index.php:243
ERROR - 2025-02-16 03:39:04 --> [ERROR] Undefined variable $data FCPATH/plugins/Accounting/index.php:243
ERROR - 2025-02-16 03:39:08 --> [ERROR] Undefined variable $data FCPATH/plugins/Accounting/index.php:243
ERROR - 2025-02-16 03:45:04 --> [ERROR] Undefined variable $data FCPATH/plugins/Accounting/index.php:243
ERROR - 2025-02-16 03:45:07 --> [ERROR] Undefined variable $data FCPATH/plugins/Accounting/index.php:243
ERROR - 2025-02-16 03:51:03 --> [ERROR] Undefined variable $data FCPATH/plugins/Accounting/index.php:243
ERROR - 2025-02-16 03:51:06 --> [ERROR] Undefined variable $data FCPATH/plugins/Accounting/index.php:243
ERROR - 2025-02-16 03:57:03 --> [ERROR] Undefined variable $data FCPATH/plugins/Accounting/index.php:243
ERROR - 2025-02-16 03:57:07 --> [ERROR] Undefined variable $data FCPATH/plugins/Accounting/index.php:243
ERROR - 2025-02-16 04:03:02 --> [ERROR] Undefined variable $data FCPATH/plugins/Accounting/index.php:243
ERROR - 2025-02-16 04:03:06 --> [ERROR] Undefined variable $data FCPATH/plugins/Accounting/index.php:269
ERROR - 2025-02-16 04:03:07 --> [ERROR] Undefined variable $data FCPATH/plugins/Accounting/index.php:243
ERROR - 2025-02-16 04:09:03 --> [ERROR] Undefined variable $data FCPATH/plugins/Accounting/index.php:243
ERROR - 2025-02-16 04:09:07 --> [ERROR] Undefined variable $data FCPATH/plugins/Accounting/index.php:243
ERROR - 2025-02-16 04:15:03 --> [ERROR] Undefined variable $data FCPATH/plugins/Accounting/index.php:243
ERROR - 2025-02-16 04:15:06 --> [ERROR] Undefined variable $data FCPATH/plugins/Accounting/index.php:243
ERROR - 2025-02-16 04:21:03 --> [ERROR] Undefined variable $data FCPATH/plugins/Accounting/index.php:243
ERROR - 2025-02-16 04:21:08 --> [ERROR] Undefined variable $data FCPATH/plugins/Accounting/index.php:243
ERROR - 2025-02-16 04:26:03 --> [ERROR] Undefined variable $data FCPATH/plugins/Accounting/index.php:243
ERROR - 2025-02-16 04:26:07 --> [ERROR] Undefined variable $data FCPATH/plugins/Accounting/index.php:243
ERROR - 2025-02-16 04:32:03 --> [ERROR] Undefined variable $data FCPATH/plugins/Accounting/index.php:243
ERROR - 2025-02-16 04:32:07 --> [ERROR] Undefined variable $data FCPATH/plugins/Accounting/index.php:243
ERROR - 2025-02-16 04:38:03 --> [ERROR] Undefined variable $data FCPATH/plugins/Accounting/index.php:243
ERROR - 2025-02-16 04:38:06 --> [ERROR] Undefined variable $data FCPATH/plugins/Accounting/index.php:243
ERROR - 2025-02-16 04:44:02 --> [ERROR] Undefined variable $data FCPATH/plugins/Accounting/index.php:243
ERROR - 2025-02-16 04:44:06 --> [ERROR] Undefined variable $data FCPATH/plugins/Accounting/index.php:243
ERROR - 2025-02-16 04:49:03 --> [ERROR] Undefined variable $data FCPATH/plugins/Accounting/index.php:243
ERROR - 2025-02-16 04:49:06 --> [ERROR] Undefined variable $data FCPATH/plugins/Accounting/index.php:243
ERROR - 2025-02-16 04:55:02 --> [ERROR] Undefined variable $data FCPATH/plugins/Accounting/index.php:243
ERROR - 2025-02-16 04:55:10 --> [ERROR] Undefined variable $data FCPATH/plugins/Accounting/index.php:243
ERROR - 2025-02-16 05:00:02 --> [ERROR] Undefined variable $data FCPATH/plugins/Accounting/index.php:269
ERROR - 2025-02-16 05:00:02 --> [ERROR] Undefined variable $data FCPATH/plugins/Accounting/index.php:269
ERROR - 2025-02-16 05:00:02 --> [ERROR] Undefined variable $data FCPATH/plugins/Accounting/index.php:243
ERROR - 2025-02-16 05:00:03 --> [ERROR] Undefined variable $data FCPATH/plugins/Accounting/index.php:269
ERROR - 2025-02-16 05:00:03 --> [ERROR] Undefined variable $data FCPATH/plugins/Accounting/index.php:269
ERROR - 2025-02-16 05:00:03 --> [ERROR] Undefined variable $data FCPATH/plugins/Accounting/index.php:243
ERROR - 2025-02-16 05:00:03 --> [ERROR] Undefined variable $data FCPATH/plugins/Accounting/index.php:269
ERROR - 2025-02-16 05:00:03 --> [ERROR] Undefined variable $data FCPATH/plugins/Accounting/index.php:269
ERROR - 2025-02-16 05:00:03 --> [ERROR] Undefined variable $data FCPATH/plugins/Accounting/index.php:243
ERROR - 2025-02-16 05:00:03 --> [ERROR] Undefined variable $data FCPATH/plugins/Accounting/index.php:269
ERROR - 2025-02-16 05:00:03 --> [ERROR] Undefined variable $data FCPATH/plugins/Accounting/index.php:269
ERROR - 2025-02-16 05:00:03 --> [ERROR] Undefined variable $data FCPATH/plugins/Accounting/index.php:243
ERROR - 2025-02-16 05:00:06 --> [ERROR] Undefined variable $data FCPATH/plugins/Accounting/index.php:243
ERROR - 2025-02-16 05:00:11 --> [ERROR] Undefined variable $data FCPATH/plugins/Accounting/index.php:243
ERROR - 2025-02-16 05:06:03 --> [ERROR] Undefined variable $data FCPATH/plugins/Accounting/index.php:243
ERROR - 2025-02-16 05:06:07 --> [ERROR] Undefined variable $data FCPATH/plugins/Accounting/index.php:243
ERROR - 2025-02-16 05:12:03 --> [ERROR] Undefined variable $data FCPATH/plugins/Accounting/index.php:243
ERROR - 2025-02-16 05:12:06 --> [ERROR] Undefined variable $data FCPATH/plugins/Accounting/index.php:243
ERROR - 2025-02-16 05:18:03 --> [ERROR] Undefined variable $data FCPATH/plugins/Accounting/index.php:243
ERROR - 2025-02-16 05:18:07 --> [ERROR] Undefined variable $data FCPATH/plugins/Accounting/index.php:243
ERROR - 2025-02-16 05:23:04 --> [ERROR] Undefined variable $data FCPATH/plugins/Accounting/index.php:243
ERROR - 2025-02-16 05:23:09 --> [ERROR] Undefined variable $data FCPATH/plugins/Accounting/index.php:243
ERROR - 2025-02-16 05:29:03 --> [ERROR] Undefined variable $data FCPATH/plugins/Accounting/index.php:243
ERROR - 2025-02-16 05:29:06 --> [ERROR] Undefined variable $data FCPATH/plugins/Accounting/index.php:243
ERROR - 2025-02-16 05:35:04 --> [ERROR] Undefined variable $data FCPATH/plugins/Accounting/index.php:243
ERROR - 2025-02-16 05:35:07 --> [ERROR] Undefined variable $data FCPATH/plugins/Accounting/index.php:243
ERROR - 2025-02-16 05:41:03 --> [ERROR] Undefined variable $data FCPATH/plugins/Accounting/index.php:243
ERROR - 2025-02-16 05:41:07 --> [ERROR] Undefined variable $data FCPATH/plugins/Accounting/index.php:243
ERROR - 2025-02-16 05:47:03 --> [ERROR] Undefined variable $data FCPATH/plugins/Accounting/index.php:243
ERROR - 2025-02-16 05:47:07 --> [ERROR] Undefined variable $data FCPATH/plugins/Accounting/index.php:243
ERROR - 2025-02-16 05:53:03 --> [ERROR] Undefined variable $data FCPATH/plugins/Accounting/index.php:243
ERROR - 2025-02-16 05:53:07 --> [ERROR] Undefined variable $data FCPATH/plugins/Accounting/index.php:243
ERROR - 2025-02-16 05:58:04 --> [ERROR] Undefined variable $data FCPATH/plugins/Accounting/index.php:243
ERROR - 2025-02-16 05:58:09 --> [ERROR] Undefined variable $data FCPATH/plugins/Accounting/index.php:243
ERROR - 2025-02-16 06:04:03 --> [ERROR] Undefined variable $data FCPATH/plugins/Accounting/index.php:243
ERROR - 2025-02-16 06:04:07 --> [ERROR] Undefined variable $data FCPATH/plugins/Accounting/index.php:243
ERROR - 2025-02-16 06:10:03 --> [ERROR] Undefined variable $data FCPATH/plugins/Accounting/index.php:243
ERROR - 2025-02-16 06:10:07 --> [ERROR] Undefined variable $data FCPATH/plugins/Accounting/index.php:243
ERROR - 2025-02-16 06:16:04 --> [ERROR] Undefined variable $data FCPATH/plugins/Accounting/index.php:243
ERROR - 2025-02-16 06:16:10 --> [ERROR] Undefined variable $data FCPATH/plugins/Accounting/index.php:243
ERROR - 2025-02-16 06:22:02 --> [ERROR] Undefined variable $data FCPATH/plugins/Accounting/index.php:243
ERROR - 2025-02-16 06:22:06 --> [ERROR] Undefined variable $data FCPATH/plugins/Accounting/index.php:243
ERROR - 2025-02-16 06:28:03 --> [ERROR] Undefined variable $data FCPATH/plugins/Accounting/index.php:243
ERROR - 2025-02-16 06:28:07 --> [ERROR] Undefined variable $data FCPATH/plugins/Accounting/index.php:243
ERROR - 2025-02-16 06:33:03 --> [ERROR] Undefined variable $data FCPATH/plugins/Accounting/index.php:243
ERROR - 2025-02-16 06:33:06 --> [ERROR] Undefined variable $data FCPATH/plugins/Accounting/index.php:243
ERROR - 2025-02-16 06:39:03 --> [ERROR] Undefined variable $data FCPATH/plugins/Accounting/index.php:243
ERROR - 2025-02-16 06:39:07 --> [ERROR] Undefined variable $data FCPATH/plugins/Accounting/index.php:243
ERROR - 2025-02-16 06:45:09 --> [ERROR] Undefined variable $data FCPATH/plugins/Accounting/index.php:243
ERROR - 2025-02-16 06:45:21 --> [ERROR] Undefined variable $data FCPATH/plugins/Accounting/index.php:243
ERROR - 2025-02-16 06:51:03 --> [ERROR] Undefined variable $data FCPATH/plugins/Accounting/index.php:243
ERROR - 2025-02-16 06:51:06 --> [ERROR] Undefined variable $data FCPATH/plugins/Accounting/index.php:243
ERROR - 2025-02-16 06:56:03 --> [ERROR] Undefined variable $data FCPATH/plugins/Accounting/index.php:243
ERROR - 2025-02-16 06:56:07 --> [ERROR] Undefined variable $data FCPATH/plugins/Accounting/index.php:243
ERROR - 2025-02-16 07:02:03 --> [ERROR] Undefined variable $data FCPATH/plugins/Accounting/index.php:243
ERROR - 2025-02-16 07:02:06 --> [ERROR] Undefined variable $data FCPATH/plugins/Accounting/index.php:243
ERROR - 2025-02-16 07:07:04 --> [ERROR] Undefined variable $data FCPATH/plugins/Accounting/index.php:243
ERROR - 2025-02-16 07:07:08 --> [ERROR] Undefined variable $data FCPATH/plugins/Accounting/index.php:243
ERROR - 2025-02-16 07:13:04 --> [ERROR] Undefined variable $data FCPATH/plugins/Accounting/index.php:243
ERROR - 2025-02-16 07:13:09 --> [ERROR] Undefined variable $data FCPATH/plugins/Accounting/index.php:243
ERROR - 2025-02-16 07:19:03 --> [ERROR] Undefined variable $data FCPATH/plugins/Accounting/index.php:243
ERROR - 2025-02-16 07:19:07 --> [ERROR] Undefined variable $data FCPATH/plugins/Accounting/index.php:243
ERROR - 2025-02-16 07:24:03 --> [ERROR] Undefined variable $data FCPATH/plugins/Accounting/index.php:243
ERROR - 2025-02-16 07:24:06 --> [ERROR] Undefined variable $data FCPATH/plugins/Accounting/index.php:243
ERROR - 2025-02-16 07:30:02 --> [ERROR] Undefined variable $data FCPATH/plugins/Accounting/index.php:243
ERROR - 2025-02-16 07:30:06 --> [ERROR] Undefined variable $data FCPATH/plugins/Accounting/index.php:243
ERROR - 2025-02-16 07:36:02 --> [ERROR] Undefined variable $data FCPATH/plugins/Accounting/index.php:243
ERROR - 2025-02-16 07:36:06 --> [ERROR] Undefined variable $data FCPATH/plugins/Accounting/index.php:243
ERROR - 2025-02-16 07:42:03 --> [ERROR] Undefined variable $data FCPATH/plugins/Accounting/index.php:243
ERROR - 2025-02-16 07:42:06 --> [ERROR] Undefined variable $data FCPATH/plugins/Accounting/index.php:243
ERROR - 2025-02-16 07:47:04 --> [ERROR] Undefined variable $data FCPATH/plugins/Accounting/index.php:243
ERROR - 2025-02-16 07:47:07 --> [ERROR] Undefined variable $data FCPATH/plugins/Accounting/index.php:243
ERROR - 2025-02-16 07:53:03 --> [ERROR] Undefined variable $data FCPATH/plugins/Accounting/index.php:243
ERROR - 2025-02-16 07:53:07 --> [ERROR] Undefined variable $data FCPATH/plugins/Accounting/index.php:243
ERROR - 2025-02-16 07:59:03 --> [ERROR] Undefined variable $data FCPATH/plugins/Accounting/index.php:243
ERROR - 2025-02-16 07:59:06 --> [ERROR] Undefined variable $data FCPATH/plugins/Accounting/index.php:243
ERROR - 2025-02-16 08:04:03 --> [ERROR] Undefined variable $data FCPATH/plugins/Accounting/index.php:243
ERROR - 2025-02-16 08:04:07 --> [ERROR] Undefined variable $data FCPATH/plugins/Accounting/index.php:243
ERROR - 2025-02-16 08:10:03 --> [ERROR] Undefined variable $data FCPATH/plugins/Accounting/index.php:243
ERROR - 2025-02-16 08:10:07 --> [ERROR] Undefined variable $data FCPATH/plugins/Accounting/index.php:243
ERROR - 2025-02-16 08:16:03 --> [ERROR] Undefined variable $data FCPATH/plugins/Accounting/index.php:243
ERROR - 2025-02-16 08:16:07 --> [ERROR] Undefined variable $data FCPATH/plugins/Accounting/index.php:243
ERROR - 2025-02-16 08:22:03 --> [ERROR] Undefined variable $data FCPATH/plugins/Accounting/index.php:243
ERROR - 2025-02-16 08:22:07 --> [ERROR] Undefined variable $data FCPATH/plugins/Accounting/index.php:243
ERROR - 2025-02-16 08:27:03 --> [ERROR] Undefined variable $data FCPATH/plugins/Accounting/index.php:243
ERROR - 2025-02-16 08:27:07 --> [ERROR] Undefined variable $data FCPATH/plugins/Accounting/index.php:243
ERROR - 2025-02-16 08:33:04 --> [ERROR] Undefined variable $data FCPATH/plugins/Accounting/index.php:243
ERROR - 2025-02-16 08:33:07 --> [ERROR] Undefined variable $data FCPATH/plugins/Accounting/index.php:243
ERROR - 2025-02-16 08:39:03 --> [ERROR] Undefined variable $data FCPATH/plugins/Accounting/index.php:243
ERROR - 2025-02-16 08:39:06 --> [ERROR] Undefined variable $data FCPATH/plugins/Accounting/index.php:243
ERROR - 2025-02-16 08:45:02 --> [ERROR] Undefined variable $data FCPATH/plugins/Accounting/index.php:243
ERROR - 2025-02-16 08:45:06 --> [ERROR] Undefined variable $data FCPATH/plugins/Accounting/index.php:243
ERROR - 2025-02-16 08:51:03 --> [ERROR] Undefined variable $data FCPATH/plugins/Accounting/index.php:243
ERROR - 2025-02-16 08:51:07 --> [ERROR] Undefined variable $data FCPATH/plugins/Accounting/index.php:243
ERROR - 2025-02-16 08:57:03 --> [ERROR] Undefined variable $data FCPATH/plugins/Accounting/index.php:243
ERROR - 2025-02-16 08:57:06 --> [ERROR] Undefined variable $data FCPATH/plugins/Accounting/index.php:243
ERROR - 2025-02-16 09:03:03 --> [ERROR] Undefined variable $data FCPATH/plugins/Accounting/index.php:243
ERROR - 2025-02-16 09:03:06 --> [ERROR] Undefined variable $data FCPATH/plugins/Accounting/index.php:243
ERROR - 2025-02-16 09:08:03 --> [ERROR] Undefined variable $data FCPATH/plugins/Accounting/index.php:243
ERROR - 2025-02-16 09:08:07 --> [ERROR] Undefined variable $data FCPATH/plugins/Accounting/index.php:243
ERROR - 2025-02-16 09:14:03 --> [ERROR] Undefined variable $data FCPATH/plugins/Accounting/index.php:243
ERROR - 2025-02-16 09:14:07 --> [ERROR] Undefined variable $data FCPATH/plugins/Accounting/index.php:243
ERROR - 2025-02-16 09:20:02 --> [ERROR] Undefined variable $data FCPATH/plugins/Accounting/index.php:243
ERROR - 2025-02-16 09:20:06 --> [ERROR] Undefined variable $data FCPATH/plugins/Accounting/index.php:243
ERROR - 2025-02-16 09:26:03 --> [ERROR] Undefined variable $data FCPATH/plugins/Accounting/index.php:243
ERROR - 2025-02-16 09:26:06 --> [ERROR] Undefined variable $data FCPATH/plugins/Accounting/index.php:243
ERROR - 2025-02-16 09:31:03 --> [ERROR] Undefined variable $data FCPATH/plugins/Accounting/index.php:243
ERROR - 2025-02-16 09:31:06 --> [ERROR] Undefined variable $data FCPATH/plugins/Accounting/index.php:243
ERROR - 2025-02-16 09:37:03 --> [ERROR] Undefined variable $data FCPATH/plugins/Accounting/index.php:243
ERROR - 2025-02-16 09:37:06 --> [ERROR] Undefined variable $data FCPATH/plugins/Accounting/index.php:243
ERROR - 2025-02-16 09:43:03 --> [ERROR] Undefined variable $data FCPATH/plugins/Accounting/index.php:243
ERROR - 2025-02-16 09:43:06 --> [ERROR] Undefined variable $data FCPATH/plugins/Accounting/index.php:243
ERROR - 2025-02-16 09:49:03 --> [ERROR] Undefined variable $data FCPATH/plugins/Accounting/index.php:243
ERROR - 2025-02-16 09:49:07 --> [ERROR] Undefined variable $data FCPATH/plugins/Accounting/index.php:243
ERROR - 2025-02-16 09:55:03 --> [ERROR] Undefined variable $data FCPATH/plugins/Accounting/index.php:243
ERROR - 2025-02-16 09:55:07 --> [ERROR] Undefined variable $data FCPATH/plugins/Accounting/index.php:243
ERROR - 2025-02-16 10:00:04 --> [ERROR] Undefined variable $data FCPATH/plugins/Accounting/index.php:243
ERROR - 2025-02-16 10:00:08 --> [ERROR] Undefined variable $data FCPATH/plugins/Accounting/index.php:243
ERROR - 2025-02-16 10:06:03 --> [ERROR] Undefined variable $data FCPATH/plugins/Accounting/index.php:243
ERROR - 2025-02-16 10:06:07 --> [ERROR] Undefined variable $data FCPATH/plugins/Accounting/index.php:243
ERROR - 2025-02-16 10:12:02 --> [ERROR] Undefined variable $data FCPATH/plugins/Accounting/index.php:243
ERROR - 2025-02-16 10:12:06 --> [ERROR] Undefined variable $data FCPATH/plugins/Accounting/index.php:243
ERROR - 2025-02-16 10:18:03 --> [ERROR] Undefined variable $data FCPATH/plugins/Accounting/index.php:243
ERROR - 2025-02-16 10:18:06 --> [ERROR] Undefined variable $data FCPATH/plugins/Accounting/index.php:243
ERROR - 2025-02-16 10:24:03 --> [ERROR] Undefined variable $data FCPATH/plugins/Accounting/index.php:243
ERROR - 2025-02-16 10:24:06 --> [ERROR] Undefined variable $data FCPATH/plugins/Accounting/index.php:269
ERROR - 2025-02-16 10:24:07 --> [ERROR] Undefined variable $data FCPATH/plugins/Accounting/index.php:243
ERROR - 2025-02-16 10:29:03 --> [ERROR] Undefined variable $data FCPATH/plugins/Accounting/index.php:243
ERROR - 2025-02-16 10:29:07 --> [ERROR] Undefined variable $data FCPATH/plugins/Accounting/index.php:243
ERROR - 2025-02-16 10:35:03 --> [ERROR] Undefined variable $data FCPATH/plugins/Accounting/index.php:243
ERROR - 2025-02-16 10:35:06 --> [ERROR] Undefined variable $data FCPATH/plugins/Accounting/index.php:243
ERROR - 2025-02-16 10:41:03 --> [ERROR] Undefined variable $data FCPATH/plugins/Accounting/index.php:243
ERROR - 2025-02-16 10:41:07 --> [ERROR] Undefined variable $data FCPATH/plugins/Accounting/index.php:243
ERROR - 2025-02-16 10:46:03 --> [ERROR] Undefined variable $data FCPATH/plugins/Accounting/index.php:243
ERROR - 2025-02-16 10:46:07 --> [ERROR] Undefined variable $data FCPATH/plugins/Accounting/index.php:243
ERROR - 2025-02-16 10:52:03 --> [ERROR] Undefined variable $data FCPATH/plugins/Accounting/index.php:243
ERROR - 2025-02-16 10:52:06 --> [ERROR] Undefined variable $data FCPATH/plugins/Accounting/index.php:269
ERROR - 2025-02-16 10:52:07 --> [ERROR] Undefined variable $data FCPATH/plugins/Accounting/index.php:243
ERROR - 2025-02-16 10:58:03 --> [ERROR] Undefined variable $data FCPATH/plugins/Accounting/index.php:243
ERROR - 2025-02-16 10:58:07 --> [ERROR] Undefined variable $data FCPATH/plugins/Accounting/index.php:243
ERROR - 2025-02-16 11:04:03 --> [ERROR] Undefined variable $data FCPATH/plugins/Accounting/index.php:243
ERROR - 2025-02-16 11:04:06 --> [ERROR] Undefined variable $data FCPATH/plugins/Accounting/index.php:243
ERROR - 2025-02-16 11:10:03 --> [ERROR] Undefined variable $data FCPATH/plugins/Accounting/index.php:243
ERROR - 2025-02-16 11:10:06 --> [ERROR] Undefined variable $data FCPATH/plugins/Accounting/index.php:243
ERROR - 2025-02-16 11:16:02 --> [ERROR] Undefined variable $data FCPATH/plugins/Accounting/index.php:243
ERROR - 2025-02-16 11:16:05 --> [ERROR] Undefined variable $data FCPATH/plugins/Accounting/index.php:243
ERROR - 2025-02-16 11:22:03 --> [ERROR] Undefined variable $data FCPATH/plugins/Accounting/index.php:243
ERROR - 2025-02-16 11:22:07 --> [ERROR] Undefined variable $data FCPATH/plugins/Accounting/index.php:243
ERROR - 2025-02-16 11:28:03 --> [ERROR] Undefined variable $data FCPATH/plugins/Accounting/index.php:243
ERROR - 2025-02-16 11:28:07 --> [ERROR] Undefined variable $data FCPATH/plugins/Accounting/index.php:269
ERROR - 2025-02-16 11:28:08 --> [ERROR] Undefined variable $data FCPATH/plugins/Accounting/index.php:243
ERROR - 2025-02-16 11:34:03 --> [ERROR] Undefined variable $data FCPATH/plugins/Accounting/index.php:243
ERROR - 2025-02-16 11:34:06 --> [ERROR] Undefined variable $data FCPATH/plugins/Accounting/index.php:269
ERROR - 2025-02-16 11:34:07 --> [ERROR] Undefined variable $data FCPATH/plugins/Accounting/index.php:243
ERROR - 2025-02-16 11:40:03 --> [ERROR] Undefined variable $data FCPATH/plugins/Accounting/index.php:243
ERROR - 2025-02-16 11:40:07 --> [ERROR] Undefined variable $data FCPATH/plugins/Accounting/index.php:243
ERROR - 2025-02-16 11:46:03 --> [ERROR] Undefined variable $data FCPATH/plugins/Accounting/index.php:243
ERROR - 2025-02-16 11:46:07 --> [ERROR] Undefined variable $data FCPATH/plugins/Accounting/index.php:243
ERROR - 2025-02-16 11:52:03 --> [ERROR] Undefined variable $data FCPATH/plugins/Accounting/index.php:243
ERROR - 2025-02-16 11:52:07 --> [ERROR] Undefined variable $data FCPATH/plugins/Accounting/index.php:243
ERROR - 2025-02-16 11:58:04 --> [ERROR] Undefined variable $data FCPATH/plugins/Accounting/index.php:243
ERROR - 2025-02-16 11:58:07 --> [ERROR] Undefined variable $data FCPATH/plugins/Accounting/index.php:243
ERROR - 2025-02-16 12:03:04 --> [ERROR] Undefined variable $data FCPATH/plugins/Accounting/index.php:243
ERROR - 2025-02-16 12:03:07 --> [ERROR] Undefined variable $data FCPATH/plugins/Accounting/index.php:243
ERROR - 2025-02-16 12:09:03 --> [ERROR] Undefined variable $data FCPATH/plugins/Accounting/index.php:243
ERROR - 2025-02-16 12:09:06 --> [ERROR] Undefined variable $data FCPATH/plugins/Accounting/index.php:243
ERROR - 2025-02-16 12:15:03 --> [ERROR] Undefined variable $data FCPATH/plugins/Accounting/index.php:243
ERROR - 2025-02-16 12:15:06 --> [ERROR] Undefined variable $data FCPATH/plugins/Accounting/index.php:269
ERROR - 2025-02-16 12:15:07 --> [ERROR] Undefined variable $data FCPATH/plugins/Accounting/index.php:269
ERROR - 2025-02-16 12:15:08 --> [ERROR] Undefined variable $data FCPATH/plugins/Accounting/index.php:243
ERROR - 2025-02-16 12:21:03 --> [ERROR] Undefined variable $data FCPATH/plugins/Accounting/index.php:243
ERROR - 2025-02-16 12:21:10 --> [ERROR] Undefined variable $data FCPATH/plugins/Accounting/index.php:243
ERROR - 2025-02-16 12:27:03 --> [ERROR] Undefined variable $data FCPATH/plugins/Accounting/index.php:243
ERROR - 2025-02-16 12:27:07 --> [ERROR] Undefined variable $data FCPATH/plugins/Accounting/index.php:269
ERROR - 2025-02-16 12:27:07 --> [ERROR] Undefined variable $data FCPATH/plugins/Accounting/index.php:243
ERROR - 2025-02-16 12:33:03 --> [ERROR] Undefined variable $data FCPATH/plugins/Accounting/index.php:243
ERROR - 2025-02-16 12:33:06 --> [ERROR] Undefined variable $data FCPATH/plugins/Accounting/index.php:243
ERROR - 2025-02-16 12:39:03 --> [ERROR] Undefined variable $data FCPATH/plugins/Accounting/index.php:243
ERROR - 2025-02-16 12:39:08 --> [ERROR] Undefined variable $data FCPATH/plugins/Accounting/index.php:243
ERROR - 2025-02-16 12:45:03 --> [ERROR] Undefined variable $data FCPATH/plugins/Accounting/index.php:243
ERROR - 2025-02-16 12:45:07 --> [ERROR] Undefined variable $data FCPATH/plugins/Accounting/index.php:243
ERROR - 2025-02-16 12:51:03 --> [ERROR] Undefined variable $data FCPATH/plugins/Accounting/index.php:243
ERROR - 2025-02-16 12:51:07 --> [ERROR] Undefined variable $data FCPATH/plugins/Accounting/index.php:243
ERROR - 2025-02-16 12:57:03 --> [ERROR] Undefined variable $data FCPATH/plugins/Accounting/index.php:243
ERROR - 2025-02-16 12:57:06 --> [ERROR] Undefined variable $data FCPATH/plugins/Accounting/index.php:243
ERROR - 2025-02-16 13:02:03 --> [ERROR] Undefined variable $data FCPATH/plugins/Accounting/index.php:243
ERROR - 2025-02-16 13:02:07 --> [ERROR] Undefined variable $data FCPATH/plugins/Accounting/index.php:243
ERROR - 2025-02-16 13:08:03 --> [ERROR] Undefined variable $data FCPATH/plugins/Accounting/index.php:243
ERROR - 2025-02-16 13:08:07 --> [ERROR] Undefined variable $data FCPATH/plugins/Accounting/index.php:243
ERROR - 2025-02-16 13:14:03 --> [ERROR] Undefined variable $data FCPATH/plugins/Accounting/index.php:243
ERROR - 2025-02-16 13:14:07 --> [ERROR] Undefined variable $data FCPATH/plugins/Accounting/index.php:243
ERROR - 2025-02-16 13:19:03 --> [ERROR] Undefined variable $data FCPATH/plugins/Accounting/index.php:243
ERROR - 2025-02-16 13:19:07 --> [ERROR] Undefined variable $data FCPATH/plugins/Accounting/index.php:243
ERROR - 2025-02-16 13:25:02 --> [ERROR] Undefined variable $data FCPATH/plugins/Accounting/index.php:243
ERROR - 2025-02-16 13:25:06 --> [ERROR] Undefined variable $data FCPATH/plugins/Accounting/index.php:269
ERROR - 2025-02-16 13:25:07 --> [ERROR] Undefined variable $data FCPATH/plugins/Accounting/index.php:269
ERROR - 2025-02-16 13:25:07 --> [ERROR] Undefined variable $data FCPATH/plugins/Accounting/index.php:243
ERROR - 2025-02-16 13:31:03 --> [ERROR] Undefined variable $data FCPATH/plugins/Accounting/index.php:243
ERROR - 2025-02-16 13:31:07 --> [ERROR] Undefined variable $data FCPATH/plugins/Accounting/index.php:243
ERROR - 2025-02-16 13:37:03 --> [ERROR] Undefined variable $data FCPATH/plugins/Accounting/index.php:243
ERROR - 2025-02-16 13:37:06 --> [ERROR] Undefined variable $data FCPATH/plugins/Accounting/index.php:243
ERROR - 2025-02-16 13:43:03 --> [ERROR] Undefined variable $data FCPATH/plugins/Accounting/index.php:243
ERROR - 2025-02-16 13:43:07 --> [ERROR] Undefined variable $data FCPATH/plugins/Accounting/index.php:243
ERROR - 2025-02-16 13:49:03 --> [ERROR] Undefined variable $data FCPATH/plugins/Accounting/index.php:243
ERROR - 2025-02-16 13:49:07 --> [ERROR] Undefined variable $data FCPATH/plugins/Accounting/index.php:243
ERROR - 2025-02-16 13:55:03 --> [ERROR] Undefined variable $data FCPATH/plugins/Accounting/index.php:243
ERROR - 2025-02-16 13:55:07 --> [ERROR] Undefined variable $data FCPATH/plugins/Accounting/index.php:243
ERROR - 2025-02-16 14:00:05 --> [ERROR] Undefined variable $data FCPATH/plugins/Accounting/index.php:243
ERROR - 2025-02-16 14:00:09 --> [ERROR] Undefined variable $data FCPATH/plugins/Accounting/index.php:243
ERROR - 2025-02-16 14:06:03 --> [ERROR] Undefined variable $data FCPATH/plugins/Accounting/index.php:243
ERROR - 2025-02-16 14:06:06 --> [ERROR] Undefined variable $data FCPATH/plugins/Accounting/index.php:243
ERROR - 2025-02-16 14:12:03 --> [ERROR] Undefined variable $data FCPATH/plugins/Accounting/index.php:243
ERROR - 2025-02-16 14:12:06 --> [ERROR] Undefined variable $data FCPATH/plugins/Accounting/index.php:243
ERROR - 2025-02-16 14:18:03 --> [ERROR] Undefined variable $data FCPATH/plugins/Accounting/index.php:243
ERROR - 2025-02-16 14:18:07 --> [ERROR] Undefined variable $data FCPATH/plugins/Accounting/index.php:269
ERROR - 2025-02-16 14:18:08 --> [ERROR] Undefined variable $data FCPATH/plugins/Accounting/index.php:243
ERROR - 2025-02-16 14:23:03 --> [ERROR] Undefined variable $data FCPATH/plugins/Accounting/index.php:243
ERROR - 2025-02-16 14:23:07 --> [ERROR] Undefined variable $data FCPATH/plugins/Accounting/index.php:243
ERROR - 2025-02-16 14:29:04 --> [ERROR] Undefined variable $data FCPATH/plugins/Accounting/index.php:243
ERROR - 2025-02-16 14:29:07 --> [ERROR] Undefined variable $data FCPATH/plugins/Accounting/index.php:243
ERROR - 2025-02-16 14:35:04 --> [ERROR] Undefined variable $data FCPATH/plugins/Accounting/index.php:243
ERROR - 2025-02-16 14:35:07 --> [ERROR] Undefined variable $data FCPATH/plugins/Accounting/index.php:243
ERROR - 2025-02-16 14:41:02 --> [ERROR] Undefined variable $data FCPATH/plugins/Accounting/index.php:243
ERROR - 2025-02-16 14:41:06 --> [ERROR] Undefined variable $data FCPATH/plugins/Accounting/index.php:243
ERROR - 2025-02-16 14:47:03 --> [ERROR] Undefined variable $data FCPATH/plugins/Accounting/index.php:243
ERROR - 2025-02-16 14:47:07 --> [ERROR] Undefined variable $data FCPATH/plugins/Accounting/index.php:243
ERROR - 2025-02-16 14:52:03 --> [ERROR] Undefined variable $data FCPATH/plugins/Accounting/index.php:243
ERROR - 2025-02-16 14:52:06 --> [ERROR] Undefined variable $data FCPATH/plugins/Accounting/index.php:243
ERROR - 2025-02-16 14:58:03 --> [ERROR] Undefined variable $data FCPATH/plugins/Accounting/index.php:243
ERROR - 2025-02-16 14:58:06 --> [ERROR] Undefined variable $data FCPATH/plugins/Accounting/index.php:269
ERROR - 2025-02-16 14:58:07 --> [ERROR] Undefined variable $data FCPATH/plugins/Accounting/index.php:243
ERROR - 2025-02-16 15:03:03 --> [ERROR] Undefined variable $data FCPATH/plugins/Accounting/index.php:243
ERROR - 2025-02-16 15:03:06 --> [ERROR] Undefined variable $data FCPATH/plugins/Accounting/index.php:243
ERROR - 2025-02-16 15:09:03 --> [ERROR] Undefined variable $data FCPATH/plugins/Accounting/index.php:243
ERROR - 2025-02-16 15:09:06 --> [ERROR] Undefined variable $data FCPATH/plugins/Accounting/index.php:243
ERROR - 2025-02-16 15:15:03 --> [ERROR] Undefined variable $data FCPATH/plugins/Accounting/index.php:243
ERROR - 2025-02-16 15:15:06 --> [ERROR] Undefined variable $data FCPATH/plugins/Accounting/index.php:269
ERROR - 2025-02-16 15:15:07 --> [ERROR] Undefined variable $data FCPATH/plugins/Accounting/index.php:243
ERROR - 2025-02-16 15:21:03 --> [ERROR] Undefined variable $data FCPATH/plugins/Accounting/index.php:243
ERROR - 2025-02-16 15:21:06 --> [ERROR] Undefined variable $data FCPATH/plugins/Accounting/index.php:243
ERROR - 2025-02-16 15:27:03 --> [ERROR] Undefined variable $data FCPATH/plugins/Accounting/index.php:243
ERROR - 2025-02-16 15:27:06 --> [ERROR] Undefined variable $data FCPATH/plugins/Accounting/index.php:243
ERROR - 2025-02-16 15:33:03 --> [ERROR] Undefined variable $data FCPATH/plugins/Accounting/index.php:243
ERROR - 2025-02-16 15:33:06 --> [ERROR] Undefined variable $data FCPATH/plugins/Accounting/index.php:269
ERROR - 2025-02-16 15:33:07 --> [ERROR] Undefined variable $data FCPATH/plugins/Accounting/index.php:269
ERROR - 2025-02-16 15:33:08 --> [ERROR] Undefined variable $data FCPATH/plugins/Accounting/index.php:243
ERROR - 2025-02-16 15:39:04 --> [ERROR] Undefined variable $data FCPATH/plugins/Accounting/index.php:243
ERROR - 2025-02-16 15:39:07 --> [ERROR] Undefined variable $data FCPATH/plugins/Accounting/index.php:243
ERROR - 2025-02-16 15:45:03 --> [ERROR] Undefined variable $data FCPATH/plugins/Accounting/index.php:243
ERROR - 2025-02-16 15:45:07 --> [ERROR] Undefined variable $data FCPATH/plugins/Accounting/index.php:243
ERROR - 2025-02-16 15:51:02 --> [ERROR] Undefined variable $data FCPATH/plugins/Accounting/index.php:243
ERROR - 2025-02-16 15:51:05 --> [ERROR] Undefined variable $data FCPATH/plugins/Accounting/index.php:243
ERROR - 2025-02-16 15:57:03 --> [ERROR] Undefined variable $data FCPATH/plugins/Accounting/index.php:243
ERROR - 2025-02-16 15:57:06 --> [ERROR] Undefined variable $data FCPATH/plugins/Accounting/index.php:243
ERROR - 2025-02-16 16:03:03 --> [ERROR] Undefined variable $data FCPATH/plugins/Accounting/index.php:243
ERROR - 2025-02-16 16:03:07 --> [ERROR] Undefined variable $data FCPATH/plugins/Accounting/index.php:269
ERROR - 2025-02-16 16:03:08 --> [ERROR] Undefined variable $data FCPATH/plugins/Accounting/index.php:269
ERROR - 2025-02-16 16:03:08 --> [ERROR] Undefined variable $data FCPATH/plugins/Accounting/index.php:269
ERROR - 2025-02-16 16:03:09 --> [ERROR] Undefined variable $data FCPATH/plugins/Accounting/index.php:243
ERROR - 2025-02-16 16:08:03 --> [ERROR] Undefined variable $data FCPATH/plugins/Accounting/index.php:243
ERROR - 2025-02-16 16:08:06 --> [ERROR] Undefined variable $data FCPATH/plugins/Accounting/index.php:269
ERROR - 2025-02-16 16:08:07 --> [ERROR] Undefined variable $data FCPATH/plugins/Accounting/index.php:243
ERROR - 2025-02-16 16:14:03 --> [ERROR] Undefined variable $data FCPATH/plugins/Accounting/index.php:243
ERROR - 2025-02-16 16:14:06 --> [ERROR] Undefined variable $data FCPATH/plugins/Accounting/index.php:243
ERROR - 2025-02-16 16:20:03 --> [ERROR] Undefined variable $data FCPATH/plugins/Accounting/index.php:243
ERROR - 2025-02-16 16:20:06 --> [ERROR] Undefined variable $data FCPATH/plugins/Accounting/index.php:243
ERROR - 2025-02-16 16:26:03 --> [ERROR] Undefined variable $data FCPATH/plugins/Accounting/index.php:243
ERROR - 2025-02-16 16:26:08 --> [ERROR] Undefined variable $data FCPATH/plugins/Accounting/index.php:243
ERROR - 2025-02-16 16:32:03 --> [ERROR] Undefined variable $data FCPATH/plugins/Accounting/index.php:243
ERROR - 2025-02-16 16:32:08 --> [ERROR] Undefined variable $data FCPATH/plugins/Accounting/index.php:269
ERROR - 2025-02-16 16:32:09 --> [ERROR] Undefined variable $data FCPATH/plugins/Accounting/index.php:243
ERROR - 2025-02-16 16:37:03 --> [ERROR] Undefined variable $data FCPATH/plugins/Accounting/index.php:243
ERROR - 2025-02-16 16:37:07 --> [ERROR] Undefined variable $data FCPATH/plugins/Accounting/index.php:243
ERROR - 2025-02-16 16:43:03 --> [ERROR] Undefined variable $data FCPATH/plugins/Accounting/index.php:243
ERROR - 2025-02-16 16:43:07 --> [ERROR] Undefined variable $data FCPATH/plugins/Accounting/index.php:243
ERROR - 2025-02-16 16:49:03 --> [ERROR] Undefined variable $data FCPATH/plugins/Accounting/index.php:243
ERROR - 2025-02-16 16:49:06 --> [ERROR] Undefined variable $data FCPATH/plugins/Accounting/index.php:269
ERROR - 2025-02-16 16:49:07 --> [ERROR] Undefined variable $data FCPATH/plugins/Accounting/index.php:243
ERROR - 2025-02-16 16:55:03 --> [ERROR] Undefined variable $data FCPATH/plugins/Accounting/index.php:243
ERROR - 2025-02-16 16:55:06 --> [ERROR] Undefined variable $data FCPATH/plugins/Accounting/index.php:243
ERROR - 2025-02-16 17:00:04 --> [ERROR] Undefined variable $data FCPATH/plugins/Accounting/index.php:243
ERROR - 2025-02-16 17:00:07 --> [ERROR] Undefined variable $data FCPATH/plugins/Accounting/index.php:243
ERROR - 2025-02-16 17:06:02 --> [ERROR] Undefined variable $data FCPATH/plugins/Accounting/index.php:243
ERROR - 2025-02-16 17:06:06 --> [ERROR] Undefined variable $data FCPATH/plugins/Accounting/index.php:243
ERROR - 2025-02-16 17:12:04 --> [ERROR] Undefined variable $data FCPATH/plugins/Accounting/index.php:243
ERROR - 2025-02-16 17:12:07 --> [ERROR] Undefined variable $data FCPATH/plugins/Accounting/index.php:269
ERROR - 2025-02-16 17:12:08 --> [ERROR] Undefined variable $data FCPATH/plugins/Accounting/index.php:243
ERROR - 2025-02-16 17:18:03 --> [ERROR] Undefined variable $data FCPATH/plugins/Accounting/index.php:243
ERROR - 2025-02-16 17:18:06 --> [ERROR] Undefined variable $data FCPATH/plugins/Accounting/index.php:243
ERROR - 2025-02-16 17:23:03 --> [ERROR] Undefined variable $data FCPATH/plugins/Accounting/index.php:243
ERROR - 2025-02-16 17:23:07 --> [ERROR] Undefined variable $data FCPATH/plugins/Accounting/index.php:243
ERROR - 2025-02-16 17:29:03 --> [ERROR] Undefined variable $data FCPATH/plugins/Accounting/index.php:243
ERROR - 2025-02-16 17:29:06 --> [ERROR] Undefined variable $data FCPATH/plugins/Accounting/index.php:243
ERROR - 2025-02-16 17:35:03 --> [ERROR] Undefined variable $data FCPATH/plugins/Accounting/index.php:243
ERROR - 2025-02-16 17:35:06 --> [ERROR] Undefined variable $data FCPATH/plugins/Accounting/index.php:243
ERROR - 2025-02-16 17:41:03 --> [ERROR] Undefined variable $data FCPATH/plugins/Accounting/index.php:243
ERROR - 2025-02-16 17:41:06 --> [ERROR] Undefined variable $data FCPATH/plugins/Accounting/index.php:243
ERROR - 2025-02-16 17:47:03 --> [ERROR] Undefined variable $data FCPATH/plugins/Accounting/index.php:243
ERROR - 2025-02-16 17:47:07 --> [ERROR] Undefined variable $data FCPATH/plugins/Accounting/index.php:243
ERROR - 2025-02-16 17:53:03 --> [ERROR] Undefined variable $data FCPATH/plugins/Accounting/index.php:243
ERROR - 2025-02-16 17:53:07 --> [ERROR] Undefined variable $data FCPATH/plugins/Accounting/index.php:243
ERROR - 2025-02-16 17:59:03 --> [ERROR] Undefined variable $data FCPATH/plugins/Accounting/index.php:243
ERROR - 2025-02-16 17:59:06 --> [ERROR] Undefined variable $data FCPATH/plugins/Accounting/index.php:243
ERROR - 2025-02-16 18:05:03 --> [ERROR] Undefined variable $data FCPATH/plugins/Accounting/index.php:243
ERROR - 2025-02-16 18:05:07 --> [ERROR] Undefined variable $data FCPATH/plugins/Accounting/index.php:243
ERROR - 2025-02-16 18:10:03 --> [ERROR] Undefined variable $data FCPATH/plugins/Accounting/index.php:243
ERROR - 2025-02-16 18:10:07 --> [ERROR] Undefined variable $data FCPATH/plugins/Accounting/index.php:243
ERROR - 2025-02-16 18:16:03 --> [ERROR] Undefined variable $data FCPATH/plugins/Accounting/index.php:243
ERROR - 2025-02-16 18:16:07 --> [ERROR] Undefined variable $data FCPATH/plugins/Accounting/index.php:269
ERROR - 2025-02-16 18:16:08 --> [ERROR] Undefined variable $data FCPATH/plugins/Accounting/index.php:243
ERROR - 2025-02-16 18:22:03 --> [ERROR] Undefined variable $data FCPATH/plugins/Accounting/index.php:243
ERROR - 2025-02-16 18:22:07 --> [ERROR] Undefined variable $data FCPATH/plugins/Accounting/index.php:243
ERROR - 2025-02-16 18:28:02 --> [ERROR] Undefined variable $data FCPATH/plugins/Accounting/index.php:243
ERROR - 2025-02-16 18:28:07 --> [ERROR] Undefined variable $data FCPATH/plugins/Accounting/index.php:243
ERROR - 2025-02-16 18:33:03 --> [ERROR] Undefined variable $data FCPATH/plugins/Accounting/index.php:243
ERROR - 2025-02-16 18:33:07 --> [ERROR] Undefined variable $data FCPATH/plugins/Accounting/index.php:269
ERROR - 2025-02-16 18:33:08 --> [ERROR] Undefined variable $data FCPATH/plugins/Accounting/index.php:243
ERROR - 2025-02-16 18:39:03 --> [ERROR] Undefined variable $data FCPATH/plugins/Accounting/index.php:243
ERROR - 2025-02-16 18:39:06 --> [ERROR] Undefined variable $data FCPATH/plugins/Accounting/index.php:243
ERROR - 2025-02-16 18:45:03 --> [ERROR] Undefined variable $data FCPATH/plugins/Accounting/index.php:243
ERROR - 2025-02-16 18:45:06 --> [ERROR] Undefined variable $data FCPATH/plugins/Accounting/index.php:243
ERROR - 2025-02-16 18:51:03 --> [ERROR] Undefined variable $data FCPATH/plugins/Accounting/index.php:243
ERROR - 2025-02-16 18:51:06 --> [ERROR] Undefined variable $data FCPATH/plugins/Accounting/index.php:243
ERROR - 2025-02-16 18:57:04 --> [ERROR] Undefined variable $data FCPATH/plugins/Accounting/index.php:243
ERROR - 2025-02-16 18:57:07 --> [ERROR] Undefined variable $data FCPATH/plugins/Accounting/index.php:243
ERROR - 2025-02-16 19:02:03 --> [ERROR] Undefined variable $data FCPATH/plugins/Accounting/index.php:243
ERROR - 2025-02-16 19:02:07 --> [ERROR] Undefined variable $data FCPATH/plugins/Accounting/index.php:243
ERROR - 2025-02-16 19:08:03 --> [ERROR] Undefined variable $data FCPATH/plugins/Accounting/index.php:243
ERROR - 2025-02-16 19:08:06 --> [ERROR] Undefined variable $data FCPATH/plugins/Accounting/index.php:269
ERROR - 2025-02-16 19:08:07 --> [ERROR] Undefined variable $data FCPATH/plugins/Accounting/index.php:243
ERROR - 2025-02-16 19:14:03 --> [ERROR] Undefined variable $data FCPATH/plugins/Accounting/index.php:243
ERROR - 2025-02-16 19:14:07 --> [ERROR] Undefined variable $data FCPATH/plugins/Accounting/index.php:243
ERROR - 2025-02-16 19:19:03 --> [ERROR] Undefined variable $data FCPATH/plugins/Accounting/index.php:243
ERROR - 2025-02-16 19:19:07 --> [ERROR] Undefined variable $data FCPATH/plugins/Accounting/index.php:243
ERROR - 2025-02-16 19:25:03 --> [ERROR] Undefined variable $data FCPATH/plugins/Accounting/index.php:243
ERROR - 2025-02-16 19:25:06 --> [ERROR] Undefined variable $data FCPATH/plugins/Accounting/index.php:243
ERROR - 2025-02-16 19:31:02 --> [ERROR] Undefined variable $data FCPATH/plugins/Accounting/index.php:243
ERROR - 2025-02-16 19:31:06 --> [ERROR] Undefined variable $data FCPATH/plugins/Accounting/index.php:243
ERROR - 2025-02-16 19:37:03 --> [ERROR] Undefined variable $data FCPATH/plugins/Accounting/index.php:243
ERROR - 2025-02-16 19:37:07 --> [ERROR] Undefined variable $data FCPATH/plugins/Accounting/index.php:243
ERROR - 2025-02-16 19:43:04 --> [ERROR] Undefined variable $data FCPATH/plugins/Accounting/index.php:243
ERROR - 2025-02-16 19:43:12 --> [ERROR] Undefined variable $data FCPATH/plugins/Accounting/index.php:243
ERROR - 2025-02-16 19:48:04 --> [ERROR] Undefined variable $data FCPATH/plugins/Accounting/index.php:243
ERROR - 2025-02-16 19:48:07 --> [ERROR] Undefined variable $data FCPATH/plugins/Accounting/index.php:243
ERROR - 2025-02-16 19:54:03 --> [ERROR] Undefined variable $data FCPATH/plugins/Accounting/index.php:243
ERROR - 2025-02-16 19:54:07 --> [ERROR] Undefined variable $data FCPATH/plugins/Accounting/index.php:243
ERROR - 2025-02-16 20:00:04 --> [ERROR] Undefined variable $data FCPATH/plugins/Accounting/index.php:243
ERROR - 2025-02-16 20:00:07 --> [ERROR] Undefined variable $data FCPATH/plugins/Accounting/index.php:243
ERROR - 2025-02-16 20:06:03 --> [ERROR] Undefined variable $data FCPATH/plugins/Accounting/index.php:243
ERROR - 2025-02-16 20:06:06 --> [ERROR] Undefined variable $data FCPATH/plugins/Accounting/index.php:243
ERROR - 2025-02-16 20:11:04 --> [ERROR] Undefined variable $data FCPATH/plugins/Accounting/index.php:243
ERROR - 2025-02-16 20:11:07 --> [ERROR] Undefined variable $data FCPATH/plugins/Accounting/index.php:243
ERROR - 2025-02-16 20:17:03 --> [ERROR] Undefined variable $data FCPATH/plugins/Accounting/index.php:243
ERROR - 2025-02-16 20:17:06 --> [ERROR] Undefined variable $data FCPATH/plugins/Accounting/index.php:243
ERROR - 2025-02-16 20:23:03 --> [ERROR] Undefined variable $data FCPATH/plugins/Accounting/index.php:243
ERROR - 2025-02-16 20:23:07 --> [ERROR] Undefined variable $data FCPATH/plugins/Accounting/index.php:243
ERROR - 2025-02-16 20:29:03 --> [ERROR] Undefined variable $data FCPATH/plugins/Accounting/index.php:243
ERROR - 2025-02-16 20:29:07 --> [ERROR] Undefined variable $data FCPATH/plugins/Accounting/index.php:243
ERROR - 2025-02-16 20:34:03 --> [ERROR] Undefined variable $data FCPATH/plugins/Accounting/index.php:243
ERROR - 2025-02-16 20:34:07 --> [ERROR] Undefined variable $data FCPATH/plugins/Accounting/index.php:243
ERROR - 2025-02-16 20:40:02 --> [ERROR] Undefined variable $data FCPATH/plugins/Accounting/index.php:243
ERROR - 2025-02-16 20:40:06 --> [ERROR] Undefined variable $data FCPATH/plugins/Accounting/index.php:243
ERROR - 2025-02-16 20:46:03 --> [ERROR] Undefined variable $data FCPATH/plugins/Accounting/index.php:243
ERROR - 2025-02-16 20:46:06 --> [ERROR] Undefined variable $data FCPATH/plugins/Accounting/index.php:243
ERROR - 2025-02-16 20:52:03 --> [ERROR] Undefined variable $data FCPATH/plugins/Accounting/index.php:243
ERROR - 2025-02-16 20:52:06 --> [ERROR] Undefined variable $data FCPATH/plugins/Accounting/index.php:243
ERROR - 2025-02-16 20:58:04 --> [ERROR] Undefined variable $data FCPATH/plugins/Accounting/index.php:243
ERROR - 2025-02-16 20:58:07 --> [ERROR] Undefined variable $data FCPATH/plugins/Accounting/index.php:243
ERROR - 2025-02-16 21:03:03 --> [ERROR] Undefined variable $data FCPATH/plugins/Accounting/index.php:243
ERROR - 2025-02-16 21:03:07 --> [ERROR] Undefined variable $data FCPATH/plugins/Accounting/index.php:243
ERROR - 2025-02-16 21:09:03 --> [ERROR] Undefined variable $data FCPATH/plugins/Accounting/index.php:243
ERROR - 2025-02-16 21:09:07 --> [ERROR] Undefined variable $data FCPATH/plugins/Accounting/index.php:243
ERROR - 2025-02-16 21:14:03 --> [ERROR] Undefined variable $data FCPATH/plugins/Accounting/index.php:243
ERROR - 2025-02-16 21:14:07 --> [ERROR] Undefined variable $data FCPATH/plugins/Accounting/index.php:243
ERROR - 2025-02-16 21:20:02 --> [ERROR] Undefined variable $data FCPATH/plugins/Accounting/index.php:243
ERROR - 2025-02-16 21:20:05 --> [ERROR] Undefined variable $data FCPATH/plugins/Accounting/index.php:243
ERROR - 2025-02-16 21:26:02 --> [ERROR] Undefined variable $data FCPATH/plugins/Accounting/index.php:243
ERROR - 2025-02-16 21:26:06 --> [ERROR] Undefined variable $data FCPATH/plugins/Accounting/index.php:243
ERROR - 2025-02-16 21:32:03 --> [ERROR] Undefined variable $data FCPATH/plugins/Accounting/index.php:243
ERROR - 2025-02-16 21:32:07 --> [ERROR] Undefined variable $data FCPATH/plugins/Accounting/index.php:243
ERROR - 2025-02-16 21:38:02 --> [ERROR] Undefined variable $data FCPATH/plugins/Accounting/index.php:243
ERROR - 2025-02-16 21:38:06 --> [ERROR] Undefined variable $data FCPATH/plugins/Accounting/index.php:243
ERROR - 2025-02-16 21:44:03 --> [ERROR] Undefined variable $data FCPATH/plugins/Accounting/index.php:243
ERROR - 2025-02-16 21:44:06 --> [ERROR] Undefined variable $data FCPATH/plugins/Accounting/index.php:243
ERROR - 2025-02-16 21:49:04 --> [ERROR] Undefined variable $data FCPATH/plugins/Accounting/index.php:243
ERROR - 2025-02-16 21:49:07 --> [ERROR] Undefined variable $data FCPATH/plugins/Accounting/index.php:243
ERROR - 2025-02-16 21:55:02 --> [ERROR] Undefined variable $data FCPATH/plugins/Accounting/index.php:243
ERROR - 2025-02-16 21:55:06 --> [ERROR] Undefined variable $data FCPATH/plugins/Accounting/index.php:243
ERROR - 2025-02-16 22:00:06 --> [ERROR] Undefined variable $data FCPATH/plugins/Accounting/index.php:243
ERROR - 2025-02-16 22:00:09 --> [ERROR] Undefined variable $data FCPATH/plugins/Accounting/index.php:243
ERROR - 2025-02-16 22:06:03 --> [ERROR] Undefined variable $data FCPATH/plugins/Accounting/index.php:243
ERROR - 2025-02-16 22:06:06 --> [ERROR] Undefined variable $data FCPATH/plugins/Accounting/index.php:243
ERROR - 2025-02-16 22:12:03 --> [ERROR] Undefined variable $data FCPATH/plugins/Accounting/index.php:243
ERROR - 2025-02-16 22:12:06 --> [ERROR] Undefined variable $data FCPATH/plugins/Accounting/index.php:243
ERROR - 2025-02-16 22:17:03 --> [ERROR] Undefined variable $data FCPATH/plugins/Accounting/index.php:243
ERROR - 2025-02-16 22:17:07 --> [ERROR] Undefined variable $data FCPATH/plugins/Accounting/index.php:243
ERROR - 2025-02-16 22:23:02 --> [ERROR] Undefined variable $data FCPATH/plugins/Accounting/index.php:243
ERROR - 2025-02-16 22:23:05 --> [ERROR] Undefined variable $data FCPATH/plugins/Accounting/index.php:243
ERROR - 2025-02-16 22:29:02 --> [ERROR] Undefined variable $data FCPATH/plugins/Accounting/index.php:243
ERROR - 2025-02-16 22:29:06 --> [ERROR] Undefined variable $data FCPATH/plugins/Accounting/index.php:243
ERROR - 2025-02-16 22:35:03 --> [ERROR] Undefined variable $data FCPATH/plugins/Accounting/index.php:243
ERROR - 2025-02-16 22:35:08 --> [ERROR] Undefined variable $data FCPATH/plugins/Accounting/index.php:243
ERROR - 2025-02-16 22:41:03 --> [ERROR] Undefined variable $data FCPATH/plugins/Accounting/index.php:243
ERROR - 2025-02-16 22:41:07 --> [ERROR] Undefined variable $data FCPATH/plugins/Accounting/index.php:243
ERROR - 2025-02-16 22:47:04 --> [ERROR] Undefined variable $data FCPATH/plugins/Accounting/index.php:243
ERROR - 2025-02-16 22:47:08 --> [ERROR] Undefined variable $data FCPATH/plugins/Accounting/index.php:243
ERROR - 2025-02-16 22:53:04 --> [ERROR] Undefined variable $data FCPATH/plugins/Accounting/index.php:243
ERROR - 2025-02-16 22:53:15 --> [ERROR] Undefined variable $data FCPATH/plugins/Accounting/index.php:243
ERROR - 2025-02-16 22:59:03 --> [ERROR] Undefined variable $data FCPATH/plugins/Accounting/index.php:243
ERROR - 2025-02-16 22:59:07 --> [ERROR] Undefined variable $data FCPATH/plugins/Accounting/index.php:243
ERROR - 2025-02-16 23:05:04 --> [ERROR] Undefined variable $data FCPATH/plugins/Accounting/index.php:243
ERROR - 2025-02-16 23:05:08 --> [ERROR] Undefined variable $data FCPATH/plugins/Accounting/index.php:243
ERROR - 2025-02-16 23:11:03 --> [ERROR] Undefined variable $data FCPATH/plugins/Accounting/index.php:243
ERROR - 2025-02-16 23:11:07 --> [ERROR] Undefined variable $data FCPATH/plugins/Accounting/index.php:243
ERROR - 2025-02-16 23:16:03 --> [ERROR] Undefined variable $data FCPATH/plugins/Accounting/index.php:243
ERROR - 2025-02-16 23:16:07 --> [ERROR] Undefined variable $data FCPATH/plugins/Accounting/index.php:243
ERROR - 2025-02-16 23:22:04 --> [ERROR] Undefined variable $data FCPATH/plugins/Accounting/index.php:243
ERROR - 2025-02-16 23:22:07 --> [ERROR] Undefined variable $data FCPATH/plugins/Accounting/index.php:269
ERROR - 2025-02-16 23:22:08 --> [ERROR] Undefined variable $data FCPATH/plugins/Accounting/index.php:269
ERROR - 2025-02-16 23:22:09 --> [ERROR] Undefined variable $data FCPATH/plugins/Accounting/index.php:243
ERROR - 2025-02-16 23:28:03 --> [ERROR] Undefined variable $data FCPATH/plugins/Accounting/index.php:243
ERROR - 2025-02-16 23:28:07 --> [ERROR] Undefined variable $data FCPATH/plugins/Accounting/index.php:243
ERROR - 2025-02-16 23:34:07 --> [ERROR] Undefined variable $data FCPATH/plugins/Accounting/index.php:243
ERROR - 2025-02-16 23:34:38 --> [ERROR] Undefined variable $data FCPATH/plugins/Accounting/index.php:243
ERROR - 2025-02-16 23:40:03 --> [ERROR] Undefined variable $data FCPATH/plugins/Accounting/index.php:243
ERROR - 2025-02-16 23:40:06 --> [ERROR] Undefined variable $data FCPATH/plugins/Accounting/index.php:243
ERROR - 2025-02-16 23:45:03 --> [ERROR] Undefined variable $data FCPATH/plugins/Accounting/index.php:243
ERROR - 2025-02-16 23:45:07 --> [ERROR] Undefined variable $data FCPATH/plugins/Accounting/index.php:243
ERROR - 2025-02-16 23:51:03 --> [ERROR] Undefined variable $data FCPATH/plugins/Accounting/index.php:243
ERROR - 2025-02-16 23:51:07 --> [ERROR] Undefined variable $data FCPATH/plugins/Accounting/index.php:243
ERROR - 2025-02-16 23:57:03 --> [ERROR] Undefined variable $data FCPATH/plugins/Accounting/index.php:243
ERROR - 2025-02-16 23:57:07 --> [ERROR] Undefined variable $data FCPATH/plugins/Accounting/index.php:243
